<?xml version="1.0" encoding="utf-8"?>
<TestRun id="69cc50e8-1c00-405b-8a6d-a2605d1d43e0" name="anaki@ROLEPLAY-GAMER 2026-09-13 11:02:21" runUser="ROLEPLAY-GAMER\anaki" xmlns="http://microsoft.com/schemas/VisualStudio/TeamTest/2010">
  <Times creation="2026-09-13T11:02:21.6089985+02:00" queuing="2026-09-13T11:02:21.6089988+02:00" start="2026-09-13T11:02:20.7109539+02:00" finish="2026-09-13T11:02:21.6133948+02:00" />
  <TestSettings name="default" id="ed85d057-7d3f-4f2a-98c8-d2680c1c8680">
    <Deployment runDeploymentRoot="anaki_ROLEPLAY-GAMER_2026-09-13_11_02_21" />
  </TestSettings>
  <Results>
    <UnitTestResult executionId="bb674d9e-e388-4e95-badd-81f549d6df07" testId="43d318cd-fb0f-e825-7d9a-793dca20aee4" testName="TheEnd.Tests.Renderer.SasHardwareCacheTests.BankFallbackAndChangedDoorGeometryReplaceOnlyTheHardwareBatch" computerName="ROLEPLAY-GAMER" duration="00:00:00.0006071" startTime="2026-09-13T11:02:21.5374164+02:00" endTime="2026-09-13T11:02:21.5374165+02:00" testType="13cdc9d9-ddb5-4fa4-a97d-d965ccfc6d4b" outcome="Passed" testListId="8c84fa94-04c1-424b-9868-57a2d4851a1d" relativeResultsDirectory="bb674d9e-e388-4e95-badd-81f549d6df07" />
    <UnitTestResult executionId="def9b0bd-9d32-43fc-9cd9-42341b712e53" testId="2378c0b9-dc40-622e-2dfc-bcb6d418d746" testName="TheEnd.Tests.Renderer.SasHardwareCacheTests.WarmFallbackAndDoorAnimationReuseTheSameBatch" computerName="ROLEPLAY-GAMER" duration="00:00:00.0023777" startTime="2026-09-13T11:02:21.5367787+02:00" endTime="2026-09-13T11:02:21.5367789+02:00" testType="13cdc9d9-ddb5-4fa4-a97d-d965ccfc6d4b" outcome="Passed" testListId="8c84fa94-04c1-424b-9868-57a2d4851a1d" relativeResultsDirectory="def9b0bd-9d32-43fc-9cd9-42341b712e53" />
    <UnitTestResult executionId="9aadba34-9377-4cc8-a44e-17131fb37d96" testId="14a09843-b408-3d63-3c06-e55df01f9b04" testName="TheEnd.Tests.Renderer.SasHardwareCacheTests.ReplacedSasNeverUploadsOrDrawsVectorHardware" computerName="ROLEPLAY-GAMER" duration="00:00:00.0060704" startTime="2026-09-13T11:02:21.5347311+02:00" endTime="2026-09-13T11:02:21.5347421+02:00" testType="13cdc9d9-ddb5-4fa4-a97d-d965ccfc6d4b" outcome="Passed" testListId="8c84fa94-04c1-424b-9868-57a2d4851a1d" relativeResultsDirectory="9aadba34-9377-4cc8-a44e-17131fb37d96" />
    <UnitTestResult executionId="07e72e43-69aa-4d0e-a656-ccc69aa9faa4" testId="e58a0899-cba6-c5df-a1dc-6b0a1b545d4b" testName="TheEnd.Tests.Renderer.SasHardwareCacheTests.FailedReplacementKeepsItsPreviousBatchAndCanRetry" computerName="ROLEPLAY-GAMER" duration="00:00:00.0007878" startTime="2026-09-13T11:02:21.5382419+02:00" endTime="2026-09-13T11:02:21.5382420+02:00" testType="13cdc9d9-ddb5-4fa4-a97d-d965ccfc6d4b" outcome="Passed" testListId="8c84fa94-04c1-424b-9868-57a2d4851a1d" relativeResultsDirectory="07e72e43-69aa-4d0e-a656-ccc69aa9faa4" />
  </Results>
  <TestDefinitions>
    <UnitTest name="TheEnd.Tests.Renderer.SasHardwareCacheTests.WarmFallbackAndDoorAnimationReuseTheSameBatch" storage="c:\workspace\theend\theend.tests\bin\debug\net9.0\theend.tests.dll" id="2378c0b9-dc40-622e-2dfc-bcb6d418d746">
      <Execution id="def9b0bd-9d32-43fc-9cd9-42341b712e53" />
      <TestMethod codeBase="C:\workspace\TheEnd\TheEnd.Tests\bin\Debug\net9.0\TheEnd.Tests.dll" adapterTypeName="executor://xunit/VsTestRunner2/netcoreapp" className="TheEnd.Tests.Renderer.SasHardwareCacheTests" name="WarmFallbackAndDoorAnimationReuseTheSameBatch" />
    </UnitTest>
    <UnitTest name="TheEnd.Tests.Renderer.SasHardwareCacheTests.ReplacedSasNeverUploadsOrDrawsVectorHardware" storage="c:\workspace\theend\theend.tests\bin\debug\net9.0\theend.tests.dll" id="14a09843-b408-3d63-3c06-e55df01f9b04">
      <Execution id="9aadba34-9377-4cc8-a44e-17131fb37d96" />
      <TestMethod codeBase="C:\workspace\TheEnd\TheEnd.Tests\bin\Debug\net9.0\TheEnd.Tests.dll" adapterTypeName="executor://xunit/VsTestRunner2/netcoreapp" className="TheEnd.Tests.Renderer.SasHardwareCacheTests" name="ReplacedSasNeverUploadsOrDrawsVectorHardware" />
    </UnitTest>
    <UnitTest name="TheEnd.Tests.Renderer.SasHardwareCacheTests.BankFallbackAndChangedDoorGeometryReplaceOnlyTheHardwareBatch" storage="c:\workspace\theend\theend.tests\bin\debug\net9.0\theend.tests.dll" id="43d318cd-fb0f-e825-7d9a-793dca20aee4">
      <Execution id="bb674d9e-e388-4e95-badd-81f549d6df07" />
      <TestMethod codeBase="C:\workspace\TheEnd\TheEnd.Tests\bin\Debug\net9.0\TheEnd.Tests.dll" adapterTypeName="executor://xunit/VsTestRunner2/netcoreapp" className="TheEnd.Tests.Renderer.SasHardwareCacheTests" name="BankFallbackAndChangedDoorGeometryReplaceOnlyTheHardwareBatch" />
    </UnitTest>
    <UnitTest name="TheEnd.Tests.Renderer.SasHardwareCacheTests.FailedReplacementKeepsItsPreviousBatchAndCanRetry" storage="c:\workspace\theend\theend.tests\bin\debug\net9.0\theend.tests.dll" id="e58a0899-cba6-c5df-a1dc-6b0a1b545d4b">
      <Execution id="07e72e43-69aa-4d0e-a656-ccc69aa9faa4" />
      <TestMethod codeBase="C:\workspace\TheEnd\TheEnd.Tests\bin\Debug\net9.0\TheEnd.Tests.dll" adapterTypeName="executor://xunit/VsTestRunner2/netcoreapp" className="TheEnd.Tests.Renderer.SasHardwareCacheTests" name="FailedReplacementKeepsItsPreviousBatchAndCanRetry" />
    </UnitTest>
  </TestDefinitions>
  <TestEntries>
    <TestEntry testId="43d318cd-fb0f-e825-7d9a-793dca20aee4" executionId="bb674d9e-e388-4e95-badd-81f549d6df07" testListId="8c84fa94-04c1-424b-9868-57a2d4851a1d" />
    <TestEntry testId="2378c0b9-dc40-622e-2dfc-bcb6d418d746" executionId="def9b0bd-9d32-43fc-9cd9-42341b712e53" testListId="8c84fa94-04c1-424b-9868-57a2d4851a1d" />
    <TestEntry testId="14a09843-b408-3d63-3c06-e55df01f9b04" executionId="9aadba34-9377-4cc8-a44e-17131fb37d96" testListId="8c84fa94-04c1-424b-9868-57a2d4851a1d" />
    <TestEntry testId="e58a0899-cba6-c5df-a1dc-6b0a1b545d4b" executionId="07e72e43-69aa-4d0e-a656-ccc69aa9faa4" testListId="8c84fa94-04c1-424b-9868-57a2d4851a1d" />
  </TestEntries>
  <TestLists>
    <TestList name="Les résultats ne figurent pas dans une liste" id="8c84fa94-04c1-424b-9868-57a2d4851a1d" />
    <TestList name="Tous les résultats chargés" id="19431567-8539-422a-85d7-44ee4e166bda" />
  </TestLists>
  <ResultSummary outcome="Completed">
    <Counters total="4" executed="4" passed="4" failed="0" error="0" timeout="0" aborted="0" inconclusive="0" passedButRunAborted="0" notRunnable="0" notExecuted="0" disconnected="0" warning="0" completed="0" inProgress="0" pending="0" />
    <Output>
      <StdOut>[xUnit.net 00:00:00.00] xUnit.net VSTest Adapter v2.8.2+699d445a1a (64-bit .NET 9.0.14)&#xD;
[xUnit.net 00:00:00.09]   Discovering: TheEnd.Tests&#xD;
[xUnit.net 00:00:00.46]   Discovered:  TheEnd.Tests&#xD;
[xUnit.net 00:00:00.47]   Starting:    TheEnd.Tests&#xD;
[xUnit.net 00:00:00.50]   Finished:    TheEnd.Tests&#xD;
</StdOut>
    </Output>
  </ResultSummary>
</TestRun>