<?xml version="1.0" encoding="utf-8"?>
<TestRun id="67be4f4c-d85b-4dd5-a9d6-1f3090cb5e01" name="anaki@ROLEPLAY-GAMER 2026-09-13 08:19:41" runUser="ROLEPLAY-GAMER\anaki" xmlns="http://microsoft.com/schemas/VisualStudio/TeamTest/2010">
  <Times creation="2026-09-13T08:19:41.1293891+02:00" queuing="2026-09-13T08:19:41.1293898+02:00" start="2026-09-13T08:19:39.4613708+02:00" finish="2026-09-13T08:19:41.4282802+02:00" />
  <TestSettings name="default" id="34cd2d3d-9401-43e2-b39b-6f3f584b951c">
    <Deployment runDeploymentRoot="anaki_ROLEPLAY-GAMER_2026-09-13_08_19_41" />
  </TestSettings>
  <Results>
    <UnitTestResult executionId="a343a672-989f-48e5-a77d-8da84e3794b6" testId="f369b4cc-25c0-afc0-9bc8-39be9d1d9e8d" testName="TheEnd.Tests.Renderer.FixtureModelPresentationTests.AuthoredStatesAndRotatedSizesKeepTheirPartsCentreAndPhysicalMargins(kind: Rack, canonicalWidth: 2, canonicalHeight: 1, trim: Peigne, definition: &quot;rack-technique&quot;, expectedPart: &quot;rack-2&quot;, expectedStyle: &quot;sealed&quot;, common: False, condition: Sealed, facing: West)" computerName="ROLEPLAY-GAMER" duration="00:00:00.0000227" startTime="2026-09-13T08:19:41.3196358+02:00" endTime="2026-09-13T08:19:41.3196359+02:00" testType="13cdc9d9-ddb5-4fa4-a97d-d965ccfc6d4b" outcome="Passed" testListId="8c84fa94-04c1-424b-9868-57a2d4851a1d" relativeResultsDirectory="a343a672-989f-48e5-a77d-8da84e3794b6" />
    <UnitTestResult executionId="cfab4d97-8153-410b-8234-72640f01b65b" testId="2db422f1-cd91-f850-09c3-b0dbe30a0b29" testName="TheEnd.Tests.Renderer.FixtureModelPresentationTests.AuthoredStatesAndRotatedSizesKeepTheirPartsCentreAndPhysicalMargins(kind: Station, canonicalWidth: 3, canonicalHeight: 2, trim: Peigne, definition: &quot;poste-industriel&quot;, expectedPart: &quot;station-3x2&quot;, expectedStyle: &quot;peigne-collapsed&quot;, common: False, condition: Collapsed, facing: East)" computerName="ROLEPLAY-GAMER" duration="00:00:00.0000232" startTime="2026-09-13T08:19:41.3114730+02:00" endTime="2026-09-13T08:19:41.3114731+02:00" testType="13cdc9d9-ddb5-4fa4-a97d-d965ccfc6d4b" outcome="Passed" testListId="8c84fa94-04c1-424b-9868-57a2d4851a1d" relativeResultsDirectory="cfab4d97-8153-410b-8234-72640f01b65b" />
    <UnitTestResult executionId="caf94ad0-7339-46a0-9b15-8ac1c9c9fa25" testId="298529ac-d363-d855-7972-4c9d3cbde13f" testName="TheEnd.Tests.Renderer.FixtureModelPresentationTests.AuthoredStatesAndRotatedSizesKeepTheirPartsCentreAndPhysicalMargins(kind: Table, canonicalWidth: 2, canonicalHeight: 1, trim: None, definition: &quot;table-commune&quot;, expectedPart: &quot;table&quot;, expectedStyle: &quot;short-collapsed&quot;, common: True, condition: Collapsed, facing: South)" computerName="ROLEPLAY-GAMER" duration="00:00:00.0000223" startTime="2026-09-13T08:19:41.3217800+02:00" endTime="2026-09-13T08:19:41.3217801+02:00" testType="13cdc9d9-ddb5-4fa4-a97d-d965ccfc6d4b" outcome="Passed" testListId="8c84fa94-04c1-424b-9868-57a2d4851a1d" relativeResultsDirectory="caf94ad0-7339-46a0-9b15-8ac1c9c9fa25" />
    <UnitTestResult executionId="59edeee5-ac8c-4897-b4b6-cc87b99f5357" testId="d7d3d18f-5bfa-215d-5f17-159a335ceb69" testName="TheEnd.Tests.Renderer.FixtureModelPresentationTests.AuthoredStatesAndRotatedSizesKeepTheirPartsCentreAndPhysicalMargins(kind: Station, canonicalWidth: 3, canonicalHeight: 2, trim: Dalle, definition: &quot;poste&quot;, expectedPart: &quot;station-3x2&quot;, expectedStyle: &quot;dalle-sealed&quot;, common: False, condition: Sealed, facing: West)" computerName="ROLEPLAY-GAMER" duration="00:00:00.0000232" startTime="2026-09-13T08:19:41.3096859+02:00" endTime="2026-09-13T08:19:41.3096860+02:00" testType="13cdc9d9-ddb5-4fa4-a97d-d965ccfc6d4b" outcome="Passed" testListId="8c84fa94-04c1-424b-9868-57a2d4851a1d" relativeResultsDirectory="59edeee5-ac8c-4897-b4b6-cc87b99f5357" />
    <UnitTestResult executionId="3c0fde86-44f9-43c9-8f0c-918a3b5b5650" testId="af592fea-492e-6a4f-e313-db3e4d959ebe" testName="TheEnd.Tests.Renderer.FixtureModelPresentationTests.AuthoredStatesAndRotatedSizesKeepTheirPartsCentreAndPhysicalMargins(kind: Console, canonicalWidth: 3, canonicalHeight: 1, trim: Peigne, definition: &quot;console-long&quot;, expectedPart: &quot;console-3&quot;, expectedStyle: &quot;peigne-collapsed&quot;, common: False, condition: Collapsed, facing: East)" computerName="ROLEPLAY-GAMER" duration="00:00:00.0000345" startTime="2026-09-13T08:19:41.3069941+02:00" endTime="2026-09-13T08:19:41.3069942+02:00" testType="13cdc9d9-ddb5-4fa4-a97d-d965ccfc6d4b" outcome="Passed" testListId="8c84fa94-04c1-424b-9868-57a2d4851a1d" relativeResultsDirectory="3c0fde86-44f9-43c9-8f0c-918a3b5b5650" />
    <UnitTestResult executionId="72b70c1e-0203-40d4-8501-a16f50e0ffd2" testId="318a0f7b-4e17-33cc-af61-0a28d7b8dc21" testName="TheEnd.Tests.Renderer.BedModelLayoutTests.CatalogueFamiliesKeepAllStatesAndHeadAgainstTheirFacingWall(definition: &quot;bunk-medical&quot;, expectedPart: &quot;bed-medical&quot;, condition: Sealed, facing: South)" computerName="ROLEPLAY-GAMER" duration="00:00:00.0000110" startTime="2026-09-13T08:19:41.0984410+02:00" endTime="2026-09-13T08:19:41.0984411+02:00" testType="13cdc9d9-ddb5-4fa4-a97d-d965ccfc6d4b" outcome="Passed" testListId="8c84fa94-04c1-424b-9868-57a2d4851a1d" relativeResultsDirectory="72b70c1e-0203-40d4-8501-a16f50e0ffd2" />
    <UnitTestResult executionId="1295500e-2183-493a-aae4-c9e9557cd2e8" testId="232bb963-6b3f-4848-0962-ab3a1b78342d" testName="TheEnd.Tests.Renderer.FixtureModelPresentationTests.AuthoredStatesAndRotatedSizesKeepTheirPartsCentreAndPhysicalMargins(kind: Bench, canonicalWidth: 1, canonicalHeight: 3, trim: None, definition: &quot;banc-commun-long&quot;, expectedPart: &quot;bench&quot;, expectedStyle: &quot;long-stripped&quot;, common: True, condition: Stripped, facing: North)" computerName="ROLEPLAY-GAMER" duration="00:00:00.0000236" startTime="2026-09-13T08:19:41.3101105+02:00" endTime="2026-09-13T08:19:41.3101106+02:00" testType="13cdc9d9-ddb5-4fa4-a97d-d965ccfc6d4b" outcome="Passed" testListId="8c84fa94-04c1-424b-9868-57a2d4851a1d" relativeResultsDirectory="1295500e-2183-493a-aae4-c9e9557cd2e8" />
    <UnitTestResult executionId="7f79fd33-7ea7-4ec8-9016-7cb471b208fe" testId="4fe4b2f7-f877-1836-b0a5-158283352258" testName="TheEnd.Tests.Renderer.FixtureModelPresentationTests.AuthoredStatesAndRotatedSizesKeepTheirPartsCentreAndPhysicalMargins(kind: Table, canonicalWidth: 2, canonicalHeight: 1, trim: None, definition: &quot;table-commune&quot;, expectedPart: &quot;table&quot;, expectedStyle: &quot;short-open&quot;, common: True, condition: Open, facing: South)" computerName="ROLEPLAY-GAMER" duration="00:00:00.0000224" startTime="2026-09-13T08:19:41.3218350+02:00" endTime="2026-09-13T08:19:41.3218351+02:00" testType="13cdc9d9-ddb5-4fa4-a97d-d965ccfc6d4b" outcome="Passed" testListId="8c84fa94-04c1-424b-9868-57a2d4851a1d" relativeResultsDirectory="7f79fd33-7ea7-4ec8-9016-7cb471b208fe" />
    <UnitTestResult executionId="c86ca0c1-cff2-46dc-91ce-0be96281991f" testId="138b92b4-ad03-9a72-2d71-67bed348edde" testName="TheEnd.Tests.Renderer.FixtureModelPresentationTests.AuthoredStatesAndRotatedSizesKeepTheirPartsCentreAndPhysicalMargins(kind: Bench, canonicalWidth: 1, canonicalHeight: 2, trim: None, definition: &quot;banc-commun&quot;, expectedPart: &quot;bench&quot;, expectedStyle: &quot;short-sealed&quot;, common: True, condition: Sealed, facing: East)" computerName="ROLEPLAY-GAMER" duration="00:00:00.0000227" startTime="2026-09-13T08:19:41.3144934+02:00" endTime="2026-09-13T08:19:41.3144935+02:00" testType="13cdc9d9-ddb5-4fa4-a97d-d965ccfc6d4b" outcome="Passed" testListId="8c84fa94-04c1-424b-9868-57a2d4851a1d" relativeResultsDirectory="c86ca0c1-cff2-46dc-91ce-0be96281991f" />
    <UnitTestResult executionId="e6499d32-548b-498c-9e0a-aa4d43801462" testId="1525d779-234e-8147-19b3-20099cebaebb" testName="TheEnd.Tests.Renderer.FixtureModelPresentationTests.AuthoredStatesAndRotatedSizesKeepTheirPartsCentreAndPhysicalMargins(kind: Console, canonicalWidth: 3, canonicalHeight: 1, trim: Visiere, definition: &quot;poste-controle-moteur&quot;, expectedPart: &quot;console-3&quot;, expectedStyle: &quot;visiere-sealed&quot;, common: False, condition: Sealed, facing: North)" computerName="ROLEPLAY-GAMER" duration="00:00:00.0000287" startTime="2026-09-13T08:19:41.3076777+02:00" endTime="2026-09-13T08:19:41.3076778+02:00" testType="13cdc9d9-ddb5-4fa4-a97d-d965ccfc6d4b" outcome="Passed" testListId="8c84fa94-04c1-424b-9868-57a2d4851a1d" relativeResultsDirectory="e6499d32-548b-498c-9e0a-aa4d43801462" />
    <UnitTestResult executionId="b468cc42-f837-4f63-af8e-0cf333ad2085" testId="06d51961-c471-0f26-68b1-ddb543617bb7" testName="TheEnd.Tests.Renderer.FixtureModelPresentationTests.AuthoredStatesAndRotatedSizesKeepTheirPartsCentreAndPhysicalMargins(kind: Console, canonicalWidth: 3, canonicalHeight: 1, trim: Visiere, definition: &quot;poste-controle-moteur&quot;, expectedPart: &quot;console-3&quot;, expectedStyle: &quot;visiere-sealed&quot;, common: False, condition: Sealed, facing: South)" computerName="ROLEPLAY-GAMER" duration="00:00:00.0000230" startTime="2026-09-13T08:19:41.3214026+02:00" endTime="2026-09-13T08:19:41.3214026+02:00" testType="13cdc9d9-ddb5-4fa4-a97d-d965ccfc6d4b" outcome="Passed" testListId="8c84fa94-04c1-424b-9868-57a2d4851a1d" relativeResultsDirectory="b468cc42-f837-4f63-af8e-0cf333ad2085" />
    <UnitTestResult executionId="8a09de6f-4198-4ae2-93c9-d4c9e984918f" testId="280328a6-1d10-ecc5-fb09-b86879bb96ee" testName="TheEnd.Tests.Renderer.FixtureModelPresentationTests.AuthoredStatesAndRotatedSizesKeepTheirPartsCentreAndPhysicalMargins(kind: Console, canonicalWidth: 3, canonicalHeight: 1, trim: Peigne, definition: &quot;console-long&quot;, expectedPart: &quot;console-3&quot;, expectedStyle: &quot;peigne-stripped&quot;, common: False, condition: Stripped, facing: West)" computerName="ROLEPLAY-GAMER" duration="00:00:00.0000227" startTime="2026-09-13T08:19:41.3125516+02:00" endTime="2026-09-13T08:19:41.3125516+02:00" testType="13cdc9d9-ddb5-4fa4-a97d-d965ccfc6d4b" outcome="Passed" testListId="8c84fa94-04c1-424b-9868-57a2d4851a1d" relativeResultsDirectory="8a09de6f-4198-4ae2-93c9-d4c9e984918f" />
    <UnitTestResult executionId="dd4f6603-b810-4f0a-b663-aa14d8ec3a0b" testId="99e65a88-9eb4-10be-6b4b-6519be9ab443" testName="TheEnd.Tests.Renderer.FixtureModelPresentationTests.AuthoredStatesAndRotatedSizesKeepTheirPartsCentreAndPhysicalMargins(kind: Console, canonicalWidth: 2, canonicalHeight: 1, trim: Visiere, definition: &quot;console-service&quot;, expectedPart: &quot;console-2&quot;, expectedStyle: &quot;visiere-stripped&quot;, common: False, condition: Stripped, facing: West)" computerName="ROLEPLAY-GAMER" duration="00:00:00.0000233" startTime="2026-09-13T08:19:41.3107023+02:00" endTime="2026-09-13T08:19:41.3107024+02:00" testType="13cdc9d9-ddb5-4fa4-a97d-d965ccfc6d4b" outcome="Passed" testListId="8c84fa94-04c1-424b-9868-57a2d4851a1d" relativeResultsDirectory="dd4f6603-b810-4f0a-b663-aa14d8ec3a0b" />
    <UnitTestResult executionId="2006e48f-bfe1-4746-97fb-3495edd5252d" testId="f9f16d9f-4077-cdda-7a9b-fb94b353e2b1" testName="TheEnd.Tests.Renderer.FixtureModelPresentationTests.AuthoredStatesAndRotatedSizesKeepTheirPartsCentreAndPhysicalMargins(kind: Bench, canonicalWidth: 1, canonicalHeight: 3, trim: None, definition: &quot;banc-commun-long&quot;, expectedPart: &quot;bench&quot;, expectedStyle: &quot;long-collapsed&quot;, common: True, condition: Collapsed, facing: North)" computerName="ROLEPLAY-GAMER" duration="00:00:00.0000231" startTime="2026-09-13T08:19:41.3149031+02:00" endTime="2026-09-13T08:19:41.3149032+02:00" testType="13cdc9d9-ddb5-4fa4-a97d-d965ccfc6d4b" outcome="Passed" testListId="8c84fa94-04c1-424b-9868-57a2d4851a1d" relativeResultsDirectory="2006e48f-bfe1-4746-97fb-3495edd5252d" />
    <UnitTestResult executionId="027f26a1-97cd-4872-9c1b-ac1e8f6268bf" testId="852a5403-6d7a-18f5-31b2-48adec019b64" testName="TheEnd.Tests.World.GridTests.Layers_RoundTrip_AndDefaultToVoidAndNone" computerName="ROLEPLAY-GAMER" duration="00:00:00.0001512" startTime="2026-09-13T08:19:41.1021375+02:00" endTime="2026-09-13T08:19:41.1021375+02:00" testType="13cdc9d9-ddb5-4fa4-a97d-d965ccfc6d4b" outcome="Passed" testListId="8c84fa94-04c1-424b-9868-57a2d4851a1d" relativeResultsDirectory="027f26a1-97cd-4872-9c1b-ac1e8f6268bf" />
    <UnitTestResult executionId="2444ccfa-3b06-4029-a94d-584cd35b5866" testId="b0d0ea18-1732-377f-ed9d-27a4e9815cc4" testName="TheEnd.Tests.Renderer.FixtureModelPresentationTests.AuthoredStatesAndRotatedSizesKeepTheirPartsCentreAndPhysicalMargins(kind: Table, canonicalWidth: 3, canonicalHeight: 1, trim: None, definition: &quot;table-commune-longue&quot;, expectedPart: &quot;table&quot;, expectedStyle: &quot;long-stripped&quot;, common: True, condition: Stripped, facing: South)" computerName="ROLEPLAY-GAMER" duration="00:00:00.0000339" startTime="2026-09-13T08:19:41.3063365+02:00" endTime="2026-09-13T08:19:41.3063366+02:00" testType="13cdc9d9-ddb5-4fa4-a97d-d965ccfc6d4b" outcome="Passed" testListId="8c84fa94-04c1-424b-9868-57a2d4851a1d" relativeResultsDirectory="2444ccfa-3b06-4029-a94d-584cd35b5866" />
    <UnitTestResult executionId="f3ebb3a1-71f2-45ba-8fd0-46abac1993ee" testId="b3dc3fa0-2e84-cfea-c7d9-5f315215b47b" testName="TheEnd.Tests.Renderer.FixtureModelPresentationTests.AuthoredStatesAndRotatedSizesKeepTheirPartsCentreAndPhysicalMargins(kind: Rack, canonicalWidth: 3, canonicalHeight: 1, trim: Dalle, definition: &quot;rack-archives&quot;, expectedPart: &quot;rack-3&quot;, expectedStyle: &quot;sealed&quot;, common: False, condition: Sealed, facing: East)" computerName="ROLEPLAY-GAMER" duration="00:00:00.0000289" startTime="2026-09-13T08:19:41.3080683+02:00" endTime="2026-09-13T08:19:41.3080683+02:00" testType="13cdc9d9-ddb5-4fa4-a97d-d965ccfc6d4b" outcome="Passed" testListId="8c84fa94-04c1-424b-9868-57a2d4851a1d" relativeResultsDirectory="f3ebb3a1-71f2-45ba-8fd0-46abac1993ee" />
    <UnitTestResult executionId="51209118-b7d9-49b0-83aa-f45b0eb3833b" testId="07d59811-0eb3-49b1-5275-4d1a83fd87c9" testName="TheEnd.Tests.Renderer.FixtureModelPresentationTests.AuthoredStatesAndRotatedSizesKeepTheirPartsCentreAndPhysicalMargins(kind: Console, canonicalWidth: 2, canonicalHeight: 1, trim: Dalle, definition: &quot;console&quot;, expectedPart: &quot;console-2&quot;, expectedStyle: &quot;dalle-collapsed&quot;, common: False, condition: Collapsed, facing: East)" computerName="ROLEPLAY-GAMER" duration="00:00:00.0000344" startTime="2026-09-13T08:19:41.3062111+02:00" endTime="2026-09-13T08:19:41.3062112+02:00" testType="13cdc9d9-ddb5-4fa4-a97d-d965ccfc6d4b" outcome="Passed" testListId="8c84fa94-04c1-424b-9868-57a2d4851a1d" relativeResultsDirectory="51209118-b7d9-49b0-83aa-f45b0eb3833b" />
    <UnitTestResult executionId="fdfab4ae-3ada-4b24-b4a1-25c8555ff187" testId="a22fa97a-d60c-cdb7-184a-bc52ba6b9c5b" testName="TheEnd.Tests.Renderer.WaterPresentationClockTests.CaptureOverridePersistsThroughObservedFramesUntilCleared" computerName="ROLEPLAY-GAMER" duration="00:00:00.0003764" startTime="2026-09-13T08:19:41.0916810+02:00" endTime="2026-09-13T08:19:41.0916811+02:00" testType="13cdc9d9-ddb5-4fa4-a97d-d965ccfc6d4b" outcome="Passed" testListId="8c84fa94-04c1-424b-9868-57a2d4851a1d" relativeResultsDirectory="fdfab4ae-3ada-4b24-b4a1-25c8555ff187" />
    <UnitTestResult executionId="137c8ca9-60f6-4cea-aa9f-b705ffe1bedf" testId="79df1630-f63a-42c8-2798-9e32a0e2c9de" testName="TheEnd.Tests.Renderer.FixtureModelPresentationTests.AuthoredStatesAndRotatedSizesKeepTheirPartsCentreAndPhysicalMargins(kind: Table, canonicalWidth: 2, canonicalHeight: 1, trim: None, definition: &quot;table-commune&quot;, expectedPart: &quot;table&quot;, expectedStyle: &quot;short-sealed&quot;, common: True, condition: Sealed, facing: East)" computerName="ROLEPLAY-GAMER" duration="00:00:00.0000231" startTime="2026-09-13T08:19:41.3119674+02:00" endTime="2026-09-13T08:19:41.3119675+02:00" testType="13cdc9d9-ddb5-4fa4-a97d-d965ccfc6d4b" outcome="Passed" testListId="8c84fa94-04c1-424b-9868-57a2d4851a1d" relativeResultsDirectory="137c8ca9-60f6-4cea-aa9f-b705ffe1bedf" />
    <UnitTestResult executionId="5c02809c-d56c-4bf9-97f1-e071b9802df0" testId="828cda27-bb32-a46b-3457-e9ff6189510a" testName="TheEnd.Tests.Renderer.BedModelLayoutTests.CatalogueFamiliesKeepAllStatesAndHeadAgainstTheirFacingWall(definition: &quot;bunk-medical&quot;, expectedPart: &quot;bed-medical&quot;, condition: Open, facing: South)" computerName="ROLEPLAY-GAMER" duration="00:00:00.0000179" startTime="2026-09-13T08:19:41.0954041+02:00" endTime="2026-09-13T08:19:41.0954041+02:00" testType="13cdc9d9-ddb5-4fa4-a97d-d965ccfc6d4b" outcome="Passed" testListId="8c84fa94-04c1-424b-9868-57a2d4851a1d" relativeResultsDirectory="5c02809c-d56c-4bf9-97f1-e071b9802df0" />
    <UnitTestResult executionId="bdfaef0f-b7bb-4fe0-bd13-62cd92c7b82b" testId="4463cc41-7aca-0b4b-4503-6bd4687b8165" testName="TheEnd.Tests.Renderer.SpriteWaterGpuCacheTests.RevisitKeepsTheSameCpuSurfaceAndGpuBuffers" computerName="ROLEPLAY-GAMER" duration="00:00:00.0091245" startTime="2026-09-13T08:19:41.0782203+02:00" endTime="2026-09-13T08:19:41.0782204+02:00" testType="13cdc9d9-ddb5-4fa4-a97d-d965ccfc6d4b" outcome="Passed" testListId="8c84fa94-04c1-424b-9868-57a2d4851a1d" relativeResultsDirectory="bdfaef0f-b7bb-4fe0-bd13-62cd92c7b82b" />
    <UnitTestResult executionId="70533bac-6726-409b-b892-f5a2cc7f2b97" testId="8df9c75b-da36-d02f-927c-3db7d8129f53" testName="TheEnd.Tests.Renderer.FixtureModelPresentationTests.AuthoredStatesAndRotatedSizesKeepTheirPartsCentreAndPhysicalMargins(kind: Console, canonicalWidth: 3, canonicalHeight: 1, trim: Peigne, definition: &quot;console-long&quot;, expectedPart: &quot;console-3&quot;, expectedStyle: &quot;peigne-stripped&quot;, common: False, condition: Stripped, facing: East)" computerName="ROLEPLAY-GAMER" duration="00:00:00.0000229" startTime="2026-09-13T08:19:41.3159287+02:00" endTime="2026-09-13T08:19:41.3159288+02:00" testType="13cdc9d9-ddb5-4fa4-a97d-d965ccfc6d4b" outcome="Passed" testListId="8c84fa94-04c1-424b-9868-57a2d4851a1d" relativeResultsDirectory="70533bac-6726-409b-b892-f5a2cc7f2b97" />
    <UnitTestResult executionId="1cb6ec99-e582-42b1-9de4-09c26fd14d8d" testId="709c0854-8a8a-b697-490a-cd94d765b995" testName="TheEnd.Tests.Renderer.FixtureModelPresentationTests.AuthoredStatesAndRotatedSizesKeepTheirPartsCentreAndPhysicalMargins(kind: Bench, canonicalWidth: 1, canonicalHeight: 3, trim: None, definition: &quot;banc-commun-long&quot;, expectedPart: &quot;bench&quot;, expectedStyle: &quot;long-open&quot;, common: True, condition: Open, facing: East)" computerName="ROLEPLAY-GAMER" duration="00:00:00.0000229" startTime="2026-09-13T08:19:41.3085858+02:00" endTime="2026-09-13T08:19:41.3085858+02:00" testType="13cdc9d9-ddb5-4fa4-a97d-d965ccfc6d4b" outcome="Passed" testListId="8c84fa94-04c1-424b-9868-57a2d4851a1d" relativeResultsDirectory="1cb6ec99-e582-42b1-9de4-09c26fd14d8d" />
    <UnitTestResult executionId="a37e8e22-f105-4a4c-962a-dbea5e1d4a77" testId="0356e5f1-2a72-e68c-081b-7541dfb3996d" testName="TheEnd.Tests.Renderer.FixtureModelPresentationTests.AuthoredStatesAndRotatedSizesKeepTheirPartsCentreAndPhysicalMargins(kind: Console, canonicalWidth: 2, canonicalHeight: 1, trim: Peigne, definition: &quot;console&quot;, expectedPart: &quot;console-2&quot;, expectedStyle: &quot;peigne-open&quot;, common: False, condition: Open, facing: East)" computerName="ROLEPLAY-GAMER" duration="00:00:00.0000227" startTime="2026-09-13T08:19:41.3096190+02:00" endTime="2026-09-13T08:19:41.3096191+02:00" testType="13cdc9d9-ddb5-4fa4-a97d-d965ccfc6d4b" outcome="Passed" testListId="8c84fa94-04c1-424b-9868-57a2d4851a1d" relativeResultsDirectory="a37e8e22-f105-4a4c-962a-dbea5e1d4a77" />
    <UnitTestResult executionId="4e96cafa-212f-41f4-b338-83c1ccca98e3" testId="bfcdc2d9-e2b6-93ef-06c1-67a12839b47e" testName="TheEnd.Tests.Renderer.FixtureModelPresentationTests.AuthoredStatesAndRotatedSizesKeepTheirPartsCentreAndPhysicalMargins(kind: Station, canonicalWidth: 4, canonicalHeight: 3, trim: Dalle, definition: &quot;poste-central&quot;, expectedPart: &quot;station-4x3&quot;, expectedStyle: &quot;dalle-open&quot;, common: False, condition: Open, facing: South)" computerName="ROLEPLAY-GAMER" duration="00:00:00.0000238" startTime="2026-09-13T08:19:41.3182394+02:00" endTime="2026-09-13T08:19:41.3182395+02:00" testType="13cdc9d9-ddb5-4fa4-a97d-d965ccfc6d4b" outcome="Passed" testListId="8c84fa94-04c1-424b-9868-57a2d4851a1d" relativeResultsDirectory="4e96cafa-212f-41f4-b338-83c1ccca98e3" />
    <UnitTestResult executionId="537a4b99-b442-4353-b509-e5871f5a439c" testId="9691d6ca-a01f-12bc-39c8-993e6ba6952d" testName="TheEnd.Tests.Renderer.FixtureModelPresentationTests.AuthoredStatesAndRotatedSizesKeepTheirPartsCentreAndPhysicalMargins(kind: Table, canonicalWidth: 3, canonicalHeight: 1, trim: None, definition: &quot;table-commune-longue&quot;, expectedPart: &quot;table&quot;, expectedStyle: &quot;long-open&quot;, common: True, condition: Open, facing: West)" computerName="ROLEPLAY-GAMER" duration="00:00:00.0000222" startTime="2026-09-13T08:19:41.3209032+02:00" endTime="2026-09-13T08:19:41.3209033+02:00" testType="13cdc9d9-ddb5-4fa4-a97d-d965ccfc6d4b" outcome="Passed" testListId="8c84fa94-04c1-424b-9868-57a2d4851a1d" relativeResultsDirectory="537a4b99-b442-4353-b509-e5871f5a439c" />
    <UnitTestResult executionId="33e98440-06b1-44ed-806a-b6ebe774ac5e" testId="0bc7cd0d-2716-7714-f56c-4c58073d6374" testName="TheEnd.Tests.Renderer.FixtureModelPresentationTests.AuthoredStatesAndRotatedSizesKeepTheirPartsCentreAndPhysicalMargins(kind: Rack, canonicalWidth: 2, canonicalHeight: 1, trim: Peigne, definition: &quot;rack-technique&quot;, expectedPart: &quot;rack-2&quot;, expectedStyle: &quot;collapsed&quot;, common: False, condition: Collapsed, facing: East)" computerName="ROLEPLAY-GAMER" duration="00:00:00.0000227" startTime="2026-09-13T08:19:41.3154672+02:00" endTime="2026-09-13T08:19:41.3154673+02:00" testType="13cdc9d9-ddb5-4fa4-a97d-d965ccfc6d4b" outcome="Passed" testListId="8c84fa94-04c1-424b-9868-57a2d4851a1d" relativeResultsDirectory="33e98440-06b1-44ed-806a-b6ebe774ac5e" />
    <UnitTestResult executionId="c1f94437-d505-4e9b-9078-e55b71b7c9ab" testId="fc4146d0-808d-f15f-5334-fa934317bd03" testName="TheEnd.Tests.Renderer.FixtureModelPresentationTests.AuthoredStatesAndRotatedSizesKeepTheirPartsCentreAndPhysicalMargins(kind: Console, canonicalWidth: 3, canonicalHeight: 1, trim: Dalle, definition: &quot;comptoir-service&quot;, expectedPart: &quot;console-3&quot;, expectedStyle: &quot;dalle-collapsed&quot;, common: False, condition: Collapsed, facing: West)" computerName="ROLEPLAY-GAMER" duration="00:00:00.0000238" startTime="2026-09-13T08:19:41.3213152+02:00" endTime="2026-09-13T08:19:41.3213153+02:00" testType="13cdc9d9-ddb5-4fa4-a97d-d965ccfc6d4b" outcome="Passed" testListId="8c84fa94-04c1-424b-9868-57a2d4851a1d" relativeResultsDirectory="c1f94437-d505-4e9b-9078-e55b71b7c9ab" />
    <UnitTestResult executionId="d1b2ca3c-e83e-4b06-b45e-81d8071a920a" testId="3f936da4-ece1-b15c-d660-345bd3301ca1" testName="TheEnd.Tests.Renderer.FixtureModelPresentationTests.AuthoredStatesAndRotatedSizesKeepTheirPartsCentreAndPhysicalMargins(kind: Station, canonicalWidth: 3, canonicalHeight: 2, trim: Peigne, definition: &quot;poste-industriel&quot;, expectedPart: &quot;station-3x2&quot;, expectedStyle: &quot;peigne-open&quot;, common: False, condition: Open, facing: West)" computerName="ROLEPLAY-GAMER" duration="00:00:00.0000227" startTime="2026-09-13T08:19:41.3129404+02:00" endTime="2026-09-13T08:19:41.3129404+02:00" testType="13cdc9d9-ddb5-4fa4-a97d-d965ccfc6d4b" outcome="Passed" testListId="8c84fa94-04c1-424b-9868-57a2d4851a1d" relativeResultsDirectory="d1b2ca3c-e83e-4b06-b45e-81d8071a920a" />
    <UnitTestResult executionId="8de91a2a-a50b-4c87-bc90-07961b07bf44" testId="40577487-9623-f18e-29c0-65f8f7317ff1" testName="TheEnd.Tests.Renderer.BedModelLayoutTests.CatalogueFamiliesKeepAllStatesAndHeadAgainstTheirFacingWall(definition: &quot;table-examen&quot;, expectedPart: &quot;exam&quot;, condition: Sealed, facing: South)" computerName="ROLEPLAY-GAMER" duration="00:00:00.0000290" startTime="2026-09-13T08:19:41.0965119+02:00" endTime="2026-09-13T08:19:41.0965120+02:00" testType="13cdc9d9-ddb5-4fa4-a97d-d965ccfc6d4b" outcome="Passed" testListId="8c84fa94-04c1-424b-9868-57a2d4851a1d" relativeResultsDirectory="8de91a2a-a50b-4c87-bc90-07961b07bf44" />
    <UnitTestResult executionId="a4e2d81e-e1e4-4ac3-9870-9a8cdf51ddf0" testId="ac4674e2-1c17-1e8d-bdf8-b56602547cc6" testName="TheEnd.Tests.Renderer.BedModelLayoutTests.CatalogueFamiliesKeepAllStatesAndHeadAgainstTheirFacingWall(definition: &quot;bunk-medical&quot;, expectedPart: &quot;bed-medical&quot;, condition: Sealed, facing: West)" computerName="ROLEPLAY-GAMER" duration="00:00:00.0000109" startTime="2026-09-13T08:19:41.1003720+02:00" endTime="2026-09-13T08:19:41.1003721+02:00" testType="13cdc9d9-ddb5-4fa4-a97d-d965ccfc6d4b" outcome="Passed" testListId="8c84fa94-04c1-424b-9868-57a2d4851a1d" relativeResultsDirectory="a4e2d81e-e1e4-4ac3-9870-9a8cdf51ddf0" />
    <UnitTestResult executionId="ef4ad413-2693-4bcc-91ca-e01a5431d7f6" testId="6b45c3c5-0409-0be8-a345-a58d7d32c8e3" testName="TheEnd.Tests.Renderer.FixtureModelPresentationTests.SpecializedCatalogObjectsKeepTheirExistingSkin(id: &quot;filtre-vestibule&quot;)" computerName="ROLEPLAY-GAMER" duration="00:00:00.0005977" startTime="2026-09-13T08:19:41.3417049+02:00" endTime="2026-09-13T08:19:41.3417051+02:00" testType="13cdc9d9-ddb5-4fa4-a97d-d965ccfc6d4b" outcome="Passed" testListId="8c84fa94-04c1-424b-9868-57a2d4851a1d" relativeResultsDirectory="ef4ad413-2693-4bcc-91ca-e01a5431d7f6" />
    <UnitTestResult executionId="09f505da-17fd-43b9-9fd4-477f981262a6" testId="9229fffb-69c5-3bbf-c0fd-0b72f7c5c08a" testName="TheEnd.Tests.Renderer.FixtureModelPresentationTests.AuthoredStatesAndRotatedSizesKeepTheirPartsCentreAndPhysicalMargins(kind: Console, canonicalWidth: 2, canonicalHeight: 1, trim: Dalle, definition: &quot;console&quot;, expectedPart: &quot;console-2&quot;, expectedStyle: &quot;dalle-open&quot;, common: False, condition: Open, facing: South)" computerName="ROLEPLAY-GAMER" duration="00:00:00.0000236" startTime="2026-09-13T08:19:41.3224400+02:00" endTime="2026-09-13T08:19:41.3224401+02:00" testType="13cdc9d9-ddb5-4fa4-a97d-d965ccfc6d4b" outcome="Passed" testListId="8c84fa94-04c1-424b-9868-57a2d4851a1d" relativeResultsDirectory="09f505da-17fd-43b9-9fd4-477f981262a6" />
    <UnitTestResult executionId="34cfa40f-7b5f-4ac3-8859-37372e29eac2" testId="793286b3-ae3f-2836-e836-f8f502927c15" testName="TheEnd.Tests.Renderer.FixtureModelPresentationTests.AuthoredStatesAndRotatedSizesKeepTheirPartsCentreAndPhysicalMargins(kind: Table, canonicalWidth: 3, canonicalHeight: 1, trim: None, definition: &quot;table-commune-longue&quot;, expectedPart: &quot;table&quot;, expectedStyle: &quot;long-collapsed&quot;, common: True, condition: Collapsed, facing: North)" computerName="ROLEPLAY-GAMER" duration="00:00:00.0000227" startTime="2026-09-13T08:19:41.3174512+02:00" endTime="2026-09-13T08:19:41.3174513+02:00" testType="13cdc9d9-ddb5-4fa4-a97d-d965ccfc6d4b" outcome="Passed" testListId="8c84fa94-04c1-424b-9868-57a2d4851a1d" relativeResultsDirectory="34cfa40f-7b5f-4ac3-8859-37372e29eac2" />
    <UnitTestResult executionId="3b3f77fb-24a9-4a66-8fcf-77b2a9bb0052" testId="11f6ab78-9d45-a87b-db4e-6541f9ae0675" testName="TheEnd.Tests.Renderer.FixtureModelPresentationTests.UnsupportedSizesTrimsAndStatesCannotSuppressTheVectorObject" computerName="ROLEPLAY-GAMER" duration="00:00:00.0010796" startTime="2026-09-13T08:19:41.3519490+02:00" endTime="2026-09-13T08:19:41.3519491+02:00" testType="13cdc9d9-ddb5-4fa4-a97d-d965ccfc6d4b" outcome="Passed" testListId="8c84fa94-04c1-424b-9868-57a2d4851a1d" relativeResultsDirectory="3b3f77fb-24a9-4a66-8fcf-77b2a9bb0052" />
    <UnitTestResult executionId="1bc76748-2a2b-4187-a64c-db3715f0e4c8" testId="1ddad697-5cd1-00ae-db84-117bb77e5031" testName="TheEnd.Tests.Renderer.FixtureModelPresentationTests.AuthoredStatesAndRotatedSizesKeepTheirPartsCentreAndPhysicalMargins(kind: Console, canonicalWidth: 2, canonicalHeight: 1, trim: Peigne, definition: &quot;console&quot;, expectedPart: &quot;console-2&quot;, expectedStyle: &quot;peigne-sealed&quot;, common: False, condition: Sealed, facing: South)" computerName="ROLEPLAY-GAMER" duration="00:00:00.0000227" startTime="2026-09-13T08:19:41.3190517+02:00" endTime="2026-09-13T08:19:41.3190518+02:00" testType="13cdc9d9-ddb5-4fa4-a97d-d965ccfc6d4b" outcome="Passed" testListId="8c84fa94-04c1-424b-9868-57a2d4851a1d" relativeResultsDirectory="1bc76748-2a2b-4187-a64c-db3715f0e4c8" />
    <UnitTestResult executionId="52d9a152-112b-42d3-a09a-37be8aba59f4" testId="bed4e7cd-5838-3a0f-ca1b-0abbee6e542a" testName="TheEnd.Tests.Renderer.FixtureModelPresentationTests.AuthoredStatesAndRotatedSizesKeepTheirPartsCentreAndPhysicalMargins(kind: Console, canonicalWidth: 2, canonicalHeight: 1, trim: Visiere, definition: &quot;console-service&quot;, expectedPart: &quot;console-2&quot;, expectedStyle: &quot;visiere-open&quot;, common: False, condition: Open, facing: West)" computerName="ROLEPLAY-GAMER" duration="00:00:00.0000249" startTime="2026-09-13T08:19:41.3143630+02:00" endTime="2026-09-13T08:19:41.3143631+02:00" testType="13cdc9d9-ddb5-4fa4-a97d-d965ccfc6d4b" outcome="Passed" testListId="8c84fa94-04c1-424b-9868-57a2d4851a1d" relativeResultsDirectory="52d9a152-112b-42d3-a09a-37be8aba59f4" />
    <UnitTestResult executionId="1402fa90-6e0a-4696-9ae4-6f75d86b954c" testId="19d0c470-3e6b-9712-436d-783bf12c99b0" testName="TheEnd.Tests.Renderer.FixtureModelPresentationTests.AuthoredStatesAndRotatedSizesKeepTheirPartsCentreAndPhysicalMargins(kind: Station, canonicalWidth: 3, canonicalHeight: 2, trim: Dalle, definition: &quot;poste&quot;, expectedPart: &quot;station-3x2&quot;, expectedStyle: &quot;dalle-sealed&quot;, common: False, condition: Sealed, facing: South)" computerName="ROLEPLAY-GAMER" duration="00:00:00.0000232" startTime="2026-09-13T08:19:41.3087010+02:00" endTime="2026-09-13T08:19:41.3087010+02:00" testType="13cdc9d9-ddb5-4fa4-a97d-d965ccfc6d4b" outcome="Passed" testListId="8c84fa94-04c1-424b-9868-57a2d4851a1d" relativeResultsDirectory="1402fa90-6e0a-4696-9ae4-6f75d86b954c" />
    <UnitTestResult executionId="b45fdc03-5b71-487d-82b1-f4f86daececf" testId="d6ae3dba-ead0-d9ae-8d85-c3f6dfce2991" testName="TheEnd.Tests.Renderer.WaterSkinTests.WaterCache_RevisitsReusePublishedContoursAndGpu_AndEvictLeastRecentDeck" computerName="ROLEPLAY-GAMER" duration="00:00:00.0009067" startTime="2026-09-13T08:19:41.2595029+02:00" endTime="2026-09-13T08:19:41.2595032+02:00" testType="13cdc9d9-ddb5-4fa4-a97d-d965ccfc6d4b" outcome="Passed" testListId="8c84fa94-04c1-424b-9868-57a2d4851a1d" relativeResultsDirectory="b45fdc03-5b71-487d-82b1-f4f86daececf" />
    <UnitTestResult executionId="81387a57-d920-46c6-afa7-a45d188aa81b" testId="cdb382c8-2f6a-3b65-875a-39abb91bfd32" testName="TheEnd.Tests.Renderer.FixtureModelPresentationTests.AuthoredStatesAndRotatedSizesKeepTheirPartsCentreAndPhysicalMargins(kind: Table, canonicalWidth: 2, canonicalHeight: 1, trim: None, definition: &quot;table-commune&quot;, expectedPart: &quot;table&quot;, expectedStyle: &quot;short-sealed&quot;, common: True, condition: Sealed, facing: West)" computerName="ROLEPLAY-GAMER" duration="00:00:00.0000231" startTime="2026-09-13T08:19:41.3070471+02:00" endTime="2026-09-13T08:19:41.3070472+02:00" testType="13cdc9d9-ddb5-4fa4-a97d-d965ccfc6d4b" outcome="Passed" testListId="8c84fa94-04c1-424b-9868-57a2d4851a1d" relativeResultsDirectory="81387a57-d920-46c6-afa7-a45d188aa81b" />
    <UnitTestResult executionId="952cac56-bdc9-4a47-a447-39082b542a96" testId="7e1ef8f2-c3a2-9ab7-aa3b-ce7eef67d1c7" testName="TheEnd.Tests.Renderer.FixtureModelPresentationTests.AuthoredStatesAndRotatedSizesKeepTheirPartsCentreAndPhysicalMargins(kind: Bench, canonicalWidth: 1, canonicalHeight: 3, trim: None, definition: &quot;banc-commun-long&quot;, expectedPart: &quot;bench&quot;, expectedStyle: &quot;long-open&quot;, common: True, condition: Open, facing: South)" computerName="ROLEPLAY-GAMER" duration="00:00:00.0000230" startTime="2026-09-13T08:19:41.3081119+02:00" endTime="2026-09-13T08:19:41.3081119+02:00" testType="13cdc9d9-ddb5-4fa4-a97d-d965ccfc6d4b" outcome="Passed" testListId="8c84fa94-04c1-424b-9868-57a2d4851a1d" relativeResultsDirectory="952cac56-bdc9-4a47-a447-39082b542a96" />
    <UnitTestResult executionId="3ac3407d-e4da-40ae-8279-a92da4c61f3a" testId="69ca5485-f90b-e905-7cd1-701c917d4fd3" testName="TheEnd.Tests.Renderer.FixtureModelPresentationTests.AuthoredStatesAndRotatedSizesKeepTheirPartsCentreAndPhysicalMargins(kind: Station, canonicalWidth: 3, canonicalHeight: 2, trim: Dalle, definition: &quot;poste-scientifique&quot;, expectedPart: &quot;station-3x2&quot;, expectedStyle: &quot;dalle-stripped&quot;, common: False, condition: Stripped, facing: South)" computerName="ROLEPLAY-GAMER" duration="00:00:00.0000230" startTime="2026-09-13T08:19:41.3110495+02:00" endTime="2026-09-13T08:19:41.3110495+02:00" testType="13cdc9d9-ddb5-4fa4-a97d-d965ccfc6d4b" outcome="Passed" testListId="8c84fa94-04c1-424b-9868-57a2d4851a1d" relativeResultsDirectory="3ac3407d-e4da-40ae-8279-a92da4c61f3a" />
    <UnitTestResult executionId="2d98a4c8-000f-414c-80f1-1734281e9356" testId="258002ec-cecf-53b9-9537-456341be3f48" testName="TheEnd.Tests.Renderer.FixtureModelPresentationTests.AuthoredStatesAndRotatedSizesKeepTheirPartsCentreAndPhysicalMargins(kind: Table, canonicalWidth: 3, canonicalHeight: 1, trim: None, definition: &quot;table-commune-longue&quot;, expectedPart: &quot;table&quot;, expectedStyle: &quot;long-stripped&quot;, common: True, condition: Stripped, facing: North)" computerName="ROLEPLAY-GAMER" duration="00:00:00.0000215" startTime="2026-09-13T08:19:41.3097287+02:00" endTime="2026-09-13T08:19:41.3097287+02:00" testType="13cdc9d9-ddb5-4fa4-a97d-d965ccfc6d4b" outcome="Passed" testListId="8c84fa94-04c1-424b-9868-57a2d4851a1d" relativeResultsDirectory="2d98a4c8-000f-414c-80f1-1734281e9356" />
    <UnitTestResult executionId="a928e7b5-0cd5-4148-8998-bf663a7e6c87" testId="8c43f2c8-3052-574b-a852-5bef7ab23329" testName="TheEnd.Tests.Renderer.FixtureModelPresentationTests.AuthoredStatesAndRotatedSizesKeepTheirPartsCentreAndPhysicalMargins(kind: Console, canonicalWidth: 3, canonicalHeight: 1, trim: Peigne, definition: &quot;console-long&quot;, expectedPart: &quot;console-3&quot;, expectedStyle: &quot;peigne-sealed&quot;, common: False, condition: Sealed, facing: East)" computerName="ROLEPLAY-GAMER" duration="00:00:00.0000379" startTime="2026-09-13T08:19:41.3159606+02:00" endTime="2026-09-13T08:19:41.3159607+02:00" testType="13cdc9d9-ddb5-4fa4-a97d-d965ccfc6d4b" outcome="Passed" testListId="8c84fa94-04c1-424b-9868-57a2d4851a1d" relativeResultsDirectory="a928e7b5-0cd5-4148-8998-bf663a7e6c87" />
    <UnitTestResult executionId="2d7100a7-f7ef-4c98-b142-e79f2c73cbfb" testId="85c27d2b-4bcb-865a-d27a-8363cfc9fd20" testName="TheEnd.Tests.Renderer.FixtureModelPresentationTests.AuthoredStatesAndRotatedSizesKeepTheirPartsCentreAndPhysicalMargins(kind: Console, canonicalWidth: 3, canonicalHeight: 1, trim: Visiere, definition: &quot;poste-controle-moteur&quot;, expectedPart: &quot;console-3&quot;, expectedStyle: &quot;visiere-stripped&quot;, common: False, condition: Stripped, facing: East)" computerName="ROLEPLAY-GAMER" duration="00:00:00.0000231" startTime="2026-09-13T08:19:41.3181510+02:00" endTime="2026-09-13T08:19:41.3181511+02:00" testType="13cdc9d9-ddb5-4fa4-a97d-d965ccfc6d4b" outcome="Passed" testListId="8c84fa94-04c1-424b-9868-57a2d4851a1d" relativeResultsDirectory="2d7100a7-f7ef-4c98-b142-e79f2c73cbfb" />
    <UnitTestResult executionId="c2e836a0-500d-4172-8d4e-c280fdf3001e" testId="3452feeb-636e-d51a-dbfd-3fd1ea7b8e68" testName="TheEnd.Tests.Renderer.FixtureModelPresentationTests.AuthoredStatesAndRotatedSizesKeepTheirPartsCentreAndPhysicalMargins(kind: Console, canonicalWidth: 3, canonicalHeight: 1, trim: Visiere, definition: &quot;poste-controle-moteur&quot;, expectedPart: &quot;console-3&quot;, expectedStyle: &quot;visiere-collapsed&quot;, common: False, condition: Collapsed, facing: South)" computerName="ROLEPLAY-GAMER" duration="00:00:00.0000238" startTime="2026-09-13T08:19:41.3129650+02:00" endTime="2026-09-13T08:19:41.3129651+02:00" testType="13cdc9d9-ddb5-4fa4-a97d-d965ccfc6d4b" outcome="Passed" testListId="8c84fa94-04c1-424b-9868-57a2d4851a1d" relativeResultsDirectory="c2e836a0-500d-4172-8d4e-c280fdf3001e" />
    <UnitTestResult executionId="4e940eaa-3718-4c7d-8b89-309b11b965a5" testId="00132902-e546-1880-f7f9-968b3ecb2a49" testName="TheEnd.Tests.Renderer.SpriteWaterPuddleTests.AConnectedNaturalBankKeepsTheWholePoolInTheAcceptedLakeProfile" computerName="ROLEPLAY-GAMER" duration="00:00:00.0002761" startTime="2026-09-13T08:19:41.1829862+02:00" endTime="2026-09-13T08:19:41.1829865+02:00" testType="13cdc9d9-ddb5-4fa4-a97d-d965ccfc6d4b" outcome="Passed" testListId="8c84fa94-04c1-424b-9868-57a2d4851a1d" relativeResultsDirectory="4e940eaa-3718-4c7d-8b89-309b11b965a5" />
    <UnitTestResult executionId="fbb2e076-636a-4ed6-a379-3374ba777ea3" testId="0ccee9e0-1040-765c-bec2-91ab9d1330b1" testName="TheEnd.Tests.Renderer.FixtureModelPresentationTests.AuthoredStatesAndRotatedSizesKeepTheirPartsCentreAndPhysicalMargins(kind: Table, canonicalWidth: 2, canonicalHeight: 1, trim: None, definition: &quot;table-commune&quot;, expectedPart: &quot;table&quot;, expectedStyle: &quot;short-stripped&quot;, common: True, condition: Stripped, facing: East)" computerName="ROLEPLAY-GAMER" duration="00:00:00.0000226" startTime="2026-09-13T08:19:41.3153994+02:00" endTime="2026-09-13T08:19:41.3153994+02:00" testType="13cdc9d9-ddb5-4fa4-a97d-d965ccfc6d4b" outcome="Passed" testListId="8c84fa94-04c1-424b-9868-57a2d4851a1d" relativeResultsDirectory="fbb2e076-636a-4ed6-a379-3374ba777ea3" />
    <UnitTestResult executionId="cd4624d9-e94f-485a-a8c5-54a0c303d49a" testId="e54e456f-16c8-8ce5-5e9a-7da96292f639" testName="TheEnd.Tests.Renderer.FixtureModelPresentationTests.AuthoredStatesAndRotatedSizesKeepTheirPartsCentreAndPhysicalMargins(kind: Console, canonicalWidth: 3, canonicalHeight: 1, trim: Visiere, definition: &quot;poste-controle-moteur&quot;, expectedPart: &quot;console-3&quot;, expectedStyle: &quot;visiere-sealed&quot;, common: False, condition: Sealed, facing: West)" computerName="ROLEPLAY-GAMER" duration="00:00:00.0000234" startTime="2026-09-13T08:19:41.3258243+02:00" endTime="2026-09-13T08:19:41.3258243+02:00" testType="13cdc9d9-ddb5-4fa4-a97d-d965ccfc6d4b" outcome="Passed" testListId="8c84fa94-04c1-424b-9868-57a2d4851a1d" relativeResultsDirectory="cd4624d9-e94f-485a-a8c5-54a0c303d49a" />
    <UnitTestResult executionId="5526dc1e-2c8b-400b-aa39-fe8ababb9e92" testId="482d0a2d-cd0a-79c0-1080-f64b1f5907c7" testName="TheEnd.Tests.Renderer.BedModelLayoutTests.CatalogueFamiliesKeepAllStatesAndHeadAgainstTheirFacingWall(definition: &quot;table-examen&quot;, expectedPart: &quot;exam&quot;, condition: Sealed, facing: East)" computerName="ROLEPLAY-GAMER" duration="00:00:00.0000093" startTime="2026-09-13T08:19:41.0995714+02:00" endTime="2026-09-13T08:19:41.0995714+02:00" testType="13cdc9d9-ddb5-4fa4-a97d-d965ccfc6d4b" outcome="Passed" testListId="8c84fa94-04c1-424b-9868-57a2d4851a1d" relativeResultsDirectory="5526dc1e-2c8b-400b-aa39-fe8ababb9e92" />
    <UnitTestResult executionId="92fb9fe4-d678-4501-9281-bac0a06dd214" testId="7ae60f1a-3542-9baf-3de5-45141e405607" testName="TheEnd.Tests.Renderer.FixtureModelPresentationTests.AuthoredStatesAndRotatedSizesKeepTheirPartsCentreAndPhysicalMargins(kind: Table, canonicalWidth: 3, canonicalHeight: 1, trim: None, definition: &quot;table-commune-longue&quot;, expectedPart: &quot;table&quot;, expectedStyle: &quot;long-open&quot;, common: True, condition: Open, facing: North)" computerName="ROLEPLAY-GAMER" duration="00:00:00.0000223" startTime="2026-09-13T08:19:41.3212936+02:00" endTime="2026-09-13T08:19:41.3212937+02:00" testType="13cdc9d9-ddb5-4fa4-a97d-d965ccfc6d4b" outcome="Passed" testListId="8c84fa94-04c1-424b-9868-57a2d4851a1d" relativeResultsDirectory="92fb9fe4-d678-4501-9281-bac0a06dd214" />
    <UnitTestResult executionId="e3242b89-55ab-460b-9095-4b7a454b5e5d" testId="6fff1521-59d9-57d5-54da-814a6930d0c5" testName="TheEnd.Tests.Renderer.FixtureModelPresentationTests.AuthoredStatesAndRotatedSizesKeepTheirPartsCentreAndPhysicalMargins(kind: Rack, canonicalWidth: 2, canonicalHeight: 1, trim: Peigne, definition: &quot;rack-technique&quot;, expectedPart: &quot;rack-2&quot;, expectedStyle: &quot;stripped&quot;, common: False, condition: Stripped, facing: North)" computerName="ROLEPLAY-GAMER" duration="00:00:00.0000224" startTime="2026-09-13T08:19:41.3080910+02:00" endTime="2026-09-13T08:19:41.3080910+02:00" testType="13cdc9d9-ddb5-4fa4-a97d-d965ccfc6d4b" outcome="Passed" testListId="8c84fa94-04c1-424b-9868-57a2d4851a1d" relativeResultsDirectory="e3242b89-55ab-460b-9095-4b7a454b5e5d" />
    <UnitTestResult executionId="026e35d0-a30b-4d1b-a45d-16b30bde6074" testId="78adef6c-9dbb-e3e8-87c5-a2ec3ea5a12d" testName="TheEnd.Tests.Renderer.FixtureModelPresentationTests.AuthoredStatesAndRotatedSizesKeepTheirPartsCentreAndPhysicalMargins(kind: Console, canonicalWidth: 3, canonicalHeight: 1, trim: Peigne, definition: &quot;console-long&quot;, expectedPart: &quot;console-3&quot;, expectedStyle: &quot;peigne-sealed&quot;, common: False, condition: Sealed, facing: West)" computerName="ROLEPLAY-GAMER" duration="00:00:00.0000229" startTime="2026-09-13T08:19:41.3134021+02:00" endTime="2026-09-13T08:19:41.3134022+02:00" testType="13cdc9d9-ddb5-4fa4-a97d-d965ccfc6d4b" outcome="Passed" testListId="8c84fa94-04c1-424b-9868-57a2d4851a1d" relativeResultsDirectory="026e35d0-a30b-4d1b-a45d-16b30bde6074" />
    <UnitTestResult executionId="abba78d7-947d-4448-a34c-57a4732654a2" testId="0e860789-55c3-478b-32ea-1759281717ec" testName="TheEnd.Tests.Renderer.FixtureModelPresentationTests.AuthoredStatesAndRotatedSizesKeepTheirPartsCentreAndPhysicalMargins(kind: Console, canonicalWidth: 2, canonicalHeight: 1, trim: Visiere, definition: &quot;console-service&quot;, expectedPart: &quot;console-2&quot;, expectedStyle: &quot;visiere-open&quot;, common: False, condition: Open, facing: North)" computerName="ROLEPLAY-GAMER" duration="00:00:00.0000218" startTime="2026-09-13T08:19:41.3145149+02:00" endTime="2026-09-13T08:19:41.3145149+02:00" testType="13cdc9d9-ddb5-4fa4-a97d-d965ccfc6d4b" outcome="Passed" testListId="8c84fa94-04c1-424b-9868-57a2d4851a1d" relativeResultsDirectory="abba78d7-947d-4448-a34c-57a4732654a2" />
    <UnitTestResult executionId="f780ba43-f429-47e0-9f7e-c1bbb76b655c" testId="a994c296-5aaa-63aa-9b12-1ac57981b75f" testName="TheEnd.Tests.Renderer.BedModelLayoutTests.CatalogueFamiliesKeepAllStatesAndHeadAgainstTheirFacingWall(definition: &quot;bunk-medical&quot;, expectedPart: &quot;bed-medical&quot;, condition: Open, facing: North)" computerName="ROLEPLAY-GAMER" duration="00:00:00.0000082" startTime="2026-09-13T08:19:41.0987894+02:00" endTime="2026-09-13T08:19:41.0987895+02:00" testType="13cdc9d9-ddb5-4fa4-a97d-d965ccfc6d4b" outcome="Passed" testListId="8c84fa94-04c1-424b-9868-57a2d4851a1d" relativeResultsDirectory="f780ba43-f429-47e0-9f7e-c1bbb76b655c" />
    <UnitTestResult executionId="c79376e3-2f5b-4818-b9a8-d661fae32a0d" testId="cb5b3163-34c2-72af-4dd4-6c150f27a495" testName="TheEnd.Tests.Renderer.SpriteElevatorPresentationTests.ManualOrMissingOrDisabledModelsLeaveAllVectorCellsAvailable" computerName="ROLEPLAY-GAMER" duration="00:00:00.0052593" startTime="2026-09-13T08:19:41.0997111+02:00" endTime="2026-09-13T08:19:41.0997112+02:00" testType="13cdc9d9-ddb5-4fa4-a97d-d965ccfc6d4b" outcome="Passed" testListId="8c84fa94-04c1-424b-9868-57a2d4851a1d" relativeResultsDirectory="c79376e3-2f5b-4818-b9a8-d661fae32a0d" />
    <UnitTestResult executionId="38c3e2a7-7bf7-4ee8-9c87-721af0c4c100" testId="84c2724f-6fa7-cb62-5dc0-2cd94284dae7" testName="TheEnd.Tests.Renderer.FixtureModelPresentationTests.AuthoredStatesAndRotatedSizesKeepTheirPartsCentreAndPhysicalMargins(kind: Bench, canonicalWidth: 1, canonicalHeight: 2, trim: None, definition: &quot;banc-commun&quot;, expectedPart: &quot;bench&quot;, expectedStyle: &quot;short-open&quot;, common: True, condition: Open, facing: South)" computerName="ROLEPLAY-GAMER" duration="00:00:00.0000220" startTime="2026-09-13T08:19:41.3150234+02:00" endTime="2026-09-13T08:19:41.3150235+02:00" testType="13cdc9d9-ddb5-4fa4-a97d-d965ccfc6d4b" outcome="Passed" testListId="8c84fa94-04c1-424b-9868-57a2d4851a1d" relativeResultsDirectory="38c3e2a7-7bf7-4ee8-9c87-721af0c4c100" />
    <UnitTestResult executionId="5aa2b2c7-349d-4cd3-b5ac-515f1db4ea87" testId="e85b1328-124f-f2e4-dfd1-5100ffc40f64" testName="TheEnd.Tests.Renderer.FixtureModelPresentationTests.AuthoredStatesAndRotatedSizesKeepTheirPartsCentreAndPhysicalMargins(kind: Console, canonicalWidth: 3, canonicalHeight: 1, trim: Dalle, definition: &quot;comptoir-service&quot;, expectedPart: &quot;console-3&quot;, expectedStyle: &quot;dalle-collapsed&quot;, common: False, condition: Collapsed, facing: North)" computerName="ROLEPLAY-GAMER" duration="00:00:00.0006477" startTime="2026-09-13T08:19:41.3060765+02:00" endTime="2026-09-13T08:19:41.3060768+02:00" testType="13cdc9d9-ddb5-4fa4-a97d-d965ccfc6d4b" outcome="Passed" testListId="8c84fa94-04c1-424b-9868-57a2d4851a1d" relativeResultsDirectory="5aa2b2c7-349d-4cd3-b5ac-515f1db4ea87" />
    <UnitTestResult executionId="6bb1bc8e-a4fb-4d05-a10c-4a09a5080fc3" testId="7fda40ac-3077-3311-983e-356ea6302f1a" testName="TheEnd.Tests.Renderer.FixtureModelPresentationTests.AuthoredStatesAndRotatedSizesKeepTheirPartsCentreAndPhysicalMargins(kind: Station, canonicalWidth: 3, canonicalHeight: 2, trim: Dalle, definition: &quot;poste-scientifique&quot;, expectedPart: &quot;station-3x2&quot;, expectedStyle: &quot;dalle-sealed&quot;, common: False, condition: Sealed, facing: North)" computerName="ROLEPLAY-GAMER" duration="00:00:00.0000219" startTime="2026-09-13T08:19:41.3101333+02:00" endTime="2026-09-13T08:19:41.3101334+02:00" testType="13cdc9d9-ddb5-4fa4-a97d-d965ccfc6d4b" outcome="Passed" testListId="8c84fa94-04c1-424b-9868-57a2d4851a1d" relativeResultsDirectory="6bb1bc8e-a4fb-4d05-a10c-4a09a5080fc3" />
    <UnitTestResult executionId="96b13bb7-300b-4c73-be4b-ca890164f2fe" testId="48448da4-c478-52aa-ca91-c2a4d9882e32" testName="TheEnd.Tests.Renderer.SpriteWaterPuddleTests.FloorLeaksDoNotTurnTurquoiseWhenTheyGrowPastAnArbitrarySize" computerName="ROLEPLAY-GAMER" duration="00:00:00.0018065" startTime="2026-09-13T08:19:41.1848433+02:00" endTime="2026-09-13T08:19:41.1848436+02:00" testType="13cdc9d9-ddb5-4fa4-a97d-d965ccfc6d4b" outcome="Passed" testListId="8c84fa94-04c1-424b-9868-57a2d4851a1d" relativeResultsDirectory="96b13bb7-300b-4c73-be4b-ca890164f2fe" />
    <UnitTestResult executionId="e3cf4ce8-f046-431c-9880-fd7726cca451" testId="722866f6-2f0e-d2ec-5938-3d8f9d6c8ddd" testName="TheEnd.Tests.Renderer.FixtureModelPresentationTests.AuthoredStatesAndRotatedSizesKeepTheirPartsCentreAndPhysicalMargins(kind: Station, canonicalWidth: 3, canonicalHeight: 2, trim: Peigne, definition: &quot;poste-industriel&quot;, expectedPart: &quot;station-3x2&quot;, expectedStyle: &quot;peigne-collapsed&quot;, common: False, condition: Collapsed, facing: North)" computerName="ROLEPLAY-GAMER" duration="00:00:00.0000227" startTime="2026-09-13T08:19:41.3126189+02:00" endTime="2026-09-13T08:19:41.3126189+02:00" testType="13cdc9d9-ddb5-4fa4-a97d-d965ccfc6d4b" outcome="Passed" testListId="8c84fa94-04c1-424b-9868-57a2d4851a1d" relativeResultsDirectory="e3cf4ce8-f046-431c-9880-fd7726cca451" />
    <UnitTestResult executionId="5836c6a8-1ac7-4cb6-94c1-81317cee88be" testId="4c4f057d-e5e7-9288-cdd9-28b64b5086e8" testName="TheEnd.Tests.Renderer.FixtureModelPresentationTests.AuthoredStatesAndRotatedSizesKeepTheirPartsCentreAndPhysicalMargins(kind: Bench, canonicalWidth: 1, canonicalHeight: 2, trim: None, definition: &quot;banc-commun&quot;, expectedPart: &quot;bench&quot;, expectedStyle: &quot;short-sealed&quot;, common: True, condition: Sealed, facing: West)" computerName="ROLEPLAY-GAMER" duration="00:00:00.0000225" startTime="2026-09-13T08:19:41.3101766+02:00" endTime="2026-09-13T08:19:41.3101767+02:00" testType="13cdc9d9-ddb5-4fa4-a97d-d965ccfc6d4b" outcome="Passed" testListId="8c84fa94-04c1-424b-9868-57a2d4851a1d" relativeResultsDirectory="5836c6a8-1ac7-4cb6-94c1-81317cee88be" />
    <UnitTestResult executionId="788a7dd0-90f1-4b79-8dd5-f69723b82f35" testId="4091e7a8-ab7f-c88e-6644-dd469af58b8d" testName="TheEnd.Tests.Renderer.FixtureModelPresentationTests.AuthoredStatesAndRotatedSizesKeepTheirPartsCentreAndPhysicalMargins(kind: Bench, canonicalWidth: 1, canonicalHeight: 3, trim: None, definition: &quot;banc-commun-long&quot;, expectedPart: &quot;bench&quot;, expectedStyle: &quot;long-sealed&quot;, common: True, condition: Sealed, facing: East)" computerName="ROLEPLAY-GAMER" duration="00:00:00.0000282" startTime="2026-09-13T08:19:41.3208812+02:00" endTime="2026-09-13T08:19:41.3208812+02:00" testType="13cdc9d9-ddb5-4fa4-a97d-d965ccfc6d4b" outcome="Passed" testListId="8c84fa94-04c1-424b-9868-57a2d4851a1d" relativeResultsDirectory="788a7dd0-90f1-4b79-8dd5-f69723b82f35" />
    <UnitTestResult executionId="39c41c6e-ee7d-44f5-9083-b34f43a226ec" testId="fe7a3568-1982-715d-031b-48f7d29c7e11" testName="TheEnd.Tests.Renderer.FixtureModelPresentationTests.AuthoredStatesAndRotatedSizesKeepTheirPartsCentreAndPhysicalMargins(kind: Console, canonicalWidth: 2, canonicalHeight: 1, trim: Dalle, definition: &quot;console&quot;, expectedPart: &quot;console-2&quot;, expectedStyle: &quot;dalle-stripped&quot;, common: False, condition: Stripped, facing: South)" computerName="ROLEPLAY-GAMER" duration="00:00:00.0000217" startTime="2026-09-13T08:19:41.3218814+02:00" endTime="2026-09-13T08:19:41.3218815+02:00" testType="13cdc9d9-ddb5-4fa4-a97d-d965ccfc6d4b" outcome="Passed" testListId="8c84fa94-04c1-424b-9868-57a2d4851a1d" relativeResultsDirectory="39c41c6e-ee7d-44f5-9083-b34f43a226ec" />
    <UnitTestResult executionId="dea53e73-1a24-4b21-bcef-047b94f2f700" testId="b8d3af3e-e3ec-474c-b2ec-3048f3a7728f" testName="TheEnd.Tests.Renderer.FixtureModelPresentationTests.AuthoredStatesAndRotatedSizesKeepTheirPartsCentreAndPhysicalMargins(kind: Console, canonicalWidth: 2, canonicalHeight: 1, trim: Dalle, definition: &quot;console&quot;, expectedPart: &quot;console-2&quot;, expectedStyle: &quot;dalle-sealed&quot;, common: False, condition: Sealed, facing: North)" computerName="ROLEPLAY-GAMER" duration="00:00:00.0000234" startTime="2026-09-13T08:19:41.3212232+02:00" endTime="2026-09-13T08:19:41.3212233+02:00" testType="13cdc9d9-ddb5-4fa4-a97d-d965ccfc6d4b" outcome="Passed" testListId="8c84fa94-04c1-424b-9868-57a2d4851a1d" relativeResultsDirectory="dea53e73-1a24-4b21-bcef-047b94f2f700" />
    <UnitTestResult executionId="56a15991-0e91-4b3d-b2d2-f1ea27ec124e" testId="1f9f23b6-5dc4-c087-deb1-66fe419165b8" testName="TheEnd.Tests.Renderer.FixtureModelPresentationTests.AuthoredStatesAndRotatedSizesKeepTheirPartsCentreAndPhysicalMargins(kind: Bench, canonicalWidth: 1, canonicalHeight: 2, trim: None, definition: &quot;banc-commun&quot;, expectedPart: &quot;bench&quot;, expectedStyle: &quot;short-collapsed&quot;, common: True, condition: Collapsed, facing: West)" computerName="ROLEPLAY-GAMER" duration="00:00:00.0000233" startTime="2026-09-13T08:19:41.3119438+02:00" endTime="2026-09-13T08:19:41.3119438+02:00" testType="13cdc9d9-ddb5-4fa4-a97d-d965ccfc6d4b" outcome="Passed" testListId="8c84fa94-04c1-424b-9868-57a2d4851a1d" relativeResultsDirectory="56a15991-0e91-4b3d-b2d2-f1ea27ec124e" />
    <UnitTestResult executionId="3e27cd68-9589-4bb6-82ea-30c6d647ac20" testId="d5e9e17d-e2e2-f88d-06e3-0ee2762332a1" testName="TheEnd.Tests.Renderer.FixtureModelPresentationTests.AuthoredStatesAndRotatedSizesKeepTheirPartsCentreAndPhysicalMargins(kind: Console, canonicalWidth: 2, canonicalHeight: 1, trim: Peigne, definition: &quot;console&quot;, expectedPart: &quot;console-2&quot;, expectedStyle: &quot;peigne-open&quot;, common: False, condition: Open, facing: West)" computerName="ROLEPLAY-GAMER" duration="00:00:00.0000230" startTime="2026-09-13T08:19:41.3218584+02:00" endTime="2026-09-13T08:19:41.3218586+02:00" testType="13cdc9d9-ddb5-4fa4-a97d-d965ccfc6d4b" outcome="Passed" testListId="8c84fa94-04c1-424b-9868-57a2d4851a1d" relativeResultsDirectory="3e27cd68-9589-4bb6-82ea-30c6d647ac20" />
    <UnitTestResult executionId="1f1a53cd-9409-4d1c-9238-433bfbff0a17" testId="3c98cf56-d994-5926-e43a-8b12c909ce0f" testName="TheEnd.Tests.Renderer.FixtureModelPresentationTests.AuthoredStatesAndRotatedSizesKeepTheirPartsCentreAndPhysicalMargins(kind: Rack, canonicalWidth: 1, canonicalHeight: 1, trim: None, definition: &quot;rack-short&quot;, expectedPart: &quot;rack-1&quot;, expectedStyle: &quot;open&quot;, common: False, condition: Open, facing: West)" computerName="ROLEPLAY-GAMER" duration="00:00:00.0000227" startTime="2026-09-13T08:19:41.3196572+02:00" endTime="2026-09-13T08:19:41.3196573+02:00" testType="13cdc9d9-ddb5-4fa4-a97d-d965ccfc6d4b" outcome="Passed" testListId="8c84fa94-04c1-424b-9868-57a2d4851a1d" relativeResultsDirectory="1f1a53cd-9409-4d1c-9238-433bfbff0a17" />
    <UnitTestResult executionId="4e3ed843-603f-463a-b9c9-7aaa8db43496" testId="e4c1ffd6-4ce1-28c5-a5d0-74515ec476df" testName="TheEnd.Tests.Renderer.FixtureModelPresentationTests.AuthoredStatesAndRotatedSizesKeepTheirPartsCentreAndPhysicalMargins(kind: Rack, canonicalWidth: 1, canonicalHeight: 1, trim: None, definition: &quot;rack-short&quot;, expectedPart: &quot;rack-1&quot;, expectedStyle: &quot;sealed&quot;, common: False, condition: Sealed, facing: South)" computerName="ROLEPLAY-GAMER" duration="00:00:00.0000348" startTime="2026-09-13T08:19:41.3062726+02:00" endTime="2026-09-13T08:19:41.3062727+02:00" testType="13cdc9d9-ddb5-4fa4-a97d-d965ccfc6d4b" outcome="Passed" testListId="8c84fa94-04c1-424b-9868-57a2d4851a1d" relativeResultsDirectory="4e3ed843-603f-463a-b9c9-7aaa8db43496" />
    <UnitTestResult executionId="2f0ae42f-b439-44c9-b6ca-b7936f613dce" testId="4cce7211-dd3d-5afa-9a9f-007a0b76a6e2" testName="TheEnd.Tests.Renderer.FixtureModelPresentationTests.AuthoredStatesAndRotatedSizesKeepTheirPartsCentreAndPhysicalMargins(kind: Station, canonicalWidth: 4, canonicalHeight: 3, trim: Dalle, definition: &quot;poste-central&quot;, expectedPart: &quot;station-4x3&quot;, expectedStyle: &quot;dalle-sealed&quot;, common: False, condition: Sealed, facing: West)" computerName="ROLEPLAY-GAMER" duration="00:00:00.0000272" startTime="2026-09-13T08:19:41.3077219+02:00" endTime="2026-09-13T08:19:41.3077220+02:00" testType="13cdc9d9-ddb5-4fa4-a97d-d965ccfc6d4b" outcome="Passed" testListId="8c84fa94-04c1-424b-9868-57a2d4851a1d" relativeResultsDirectory="2f0ae42f-b439-44c9-b6ca-b7936f613dce" />
    <UnitTestResult executionId="5c77a616-5e86-40b8-9f32-8e2a491a2793" testId="7531de4d-eb03-2abd-4979-7f3fc201893f" testName="TheEnd.Tests.Renderer.FixtureModelPresentationTests.AuthoredStatesAndRotatedSizesKeepTheirPartsCentreAndPhysicalMargins(kind: Station, canonicalWidth: 3, canonicalHeight: 2, trim: Peigne, definition: &quot;poste-industriel&quot;, expectedPart: &quot;station-3x2&quot;, expectedStyle: &quot;peigne-open&quot;, common: False, condition: Open, facing: East)" computerName="ROLEPLAY-GAMER" duration="00:00:00.0000225" startTime="2026-09-13T08:19:41.3144712+02:00" endTime="2026-09-13T08:19:41.3144712+02:00" testType="13cdc9d9-ddb5-4fa4-a97d-d965ccfc6d4b" outcome="Passed" testListId="8c84fa94-04c1-424b-9868-57a2d4851a1d" relativeResultsDirectory="5c77a616-5e86-40b8-9f32-8e2a491a2793" />
    <UnitTestResult executionId="6bbf9143-588e-4e48-b9f9-7e4d353a88f2" testId="e62eae2f-8349-40a9-a4dc-64dae8af741b" testName="TheEnd.Tests.Renderer.FixtureModelPresentationTests.AuthoredStatesAndRotatedSizesKeepTheirPartsCentreAndPhysicalMargins(kind: Console, canonicalWidth: 2, canonicalHeight: 1, trim: Dalle, definition: &quot;console&quot;, expectedPart: &quot;console-2&quot;, expectedStyle: &quot;dalle-stripped&quot;, common: False, condition: Stripped, facing: North)" computerName="ROLEPLAY-GAMER" duration="00:00:00.0000307" startTime="2026-09-13T08:19:41.3259112+02:00" endTime="2026-09-13T08:19:41.3259112+02:00" testType="13cdc9d9-ddb5-4fa4-a97d-d965ccfc6d4b" outcome="Passed" testListId="8c84fa94-04c1-424b-9868-57a2d4851a1d" relativeResultsDirectory="6bbf9143-588e-4e48-b9f9-7e4d353a88f2" />
    <UnitTestResult executionId="f8b76917-0901-42bc-94b6-525fdeba93aa" testId="eeabe152-5e7b-e50b-caeb-dbec3c0a16b8" testName="TheEnd.Tests.Renderer.FixtureModelPresentationTests.AuthoredStatesAndRotatedSizesKeepTheirPartsCentreAndPhysicalMargins(kind: Console, canonicalWidth: 2, canonicalHeight: 1, trim: Peigne, definition: &quot;console&quot;, expectedPart: &quot;console-2&quot;, expectedStyle: &quot;peigne-stripped&quot;, common: False, condition: Stripped, facing: East)" computerName="ROLEPLAY-GAMER" duration="00:00:00.0000227" startTime="2026-09-13T08:19:41.3196140+02:00" endTime="2026-09-13T08:19:41.3196141+02:00" testType="13cdc9d9-ddb5-4fa4-a97d-d965ccfc6d4b" outcome="Passed" testListId="8c84fa94-04c1-424b-9868-57a2d4851a1d" relativeResultsDirectory="f8b76917-0901-42bc-94b6-525fdeba93aa" />
    <UnitTestResult executionId="a8eb289a-1604-47e1-b2cf-7404d73a0e21" testId="bbe95bdf-b8e1-8d83-d4c6-ac0fbf08f179" testName="TheEnd.Tests.Renderer.FixtureModelPresentationTests.AuthoredStatesAndRotatedSizesKeepTheirPartsCentreAndPhysicalMargins(kind: Rack, canonicalWidth: 3, canonicalHeight: 1, trim: Dalle, definition: &quot;rack-archives&quot;, expectedPart: &quot;rack-3&quot;, expectedStyle: &quot;open&quot;, common: False, condition: Open, facing: West)" computerName="ROLEPLAY-GAMER" duration="00:00:00.0000213" startTime="2026-09-13T08:19:41.3071791+02:00" endTime="2026-09-13T08:19:41.3071792+02:00" testType="13cdc9d9-ddb5-4fa4-a97d-d965ccfc6d4b" outcome="Passed" testListId="8c84fa94-04c1-424b-9868-57a2d4851a1d" relativeResultsDirectory="a8eb289a-1604-47e1-b2cf-7404d73a0e21" />
    <UnitTestResult executionId="fc40c430-c108-4b11-aebc-dbce205cc8b6" testId="21369d1d-7004-875b-ecce-bbb105b04037" testName="TheEnd.Tests.Renderer.SpriteWaterPuddleTests.ASharedSpatialChunkKeepsLakeAndPuddleBatchesSeparateWithoutChangingTheirGeometry" computerName="ROLEPLAY-GAMER" duration="00:00:00.0290800" startTime="2026-09-13T08:19:41.1826640+02:00" endTime="2026-09-13T08:19:41.1826643+02:00" testType="13cdc9d9-ddb5-4fa4-a97d-d965ccfc6d4b" outcome="Passed" testListId="8c84fa94-04c1-424b-9868-57a2d4851a1d" relativeResultsDirectory="fc40c430-c108-4b11-aebc-dbce205cc8b6" />
    <UnitTestResult executionId="4bb487b4-bbd8-475e-a931-a2885916e081" testId="639af225-e497-2120-4f25-5c687c877de5" testName="TheEnd.Tests.Renderer.BedModelLayoutTests.CatalogueFamiliesKeepAllStatesAndHeadAgainstTheirFacingWall(definition: &quot;bunk&quot;, expectedPart: &quot;bed&quot;, condition: Open, facing: North)" computerName="ROLEPLAY-GAMER" duration="00:00:00.0000185" startTime="2026-09-13T08:19:41.0975418+02:00" endTime="2026-09-13T08:19:41.0975418+02:00" testType="13cdc9d9-ddb5-4fa4-a97d-d965ccfc6d4b" outcome="Passed" testListId="8c84fa94-04c1-424b-9868-57a2d4851a1d" relativeResultsDirectory="4bb487b4-bbd8-475e-a931-a2885916e081" />
    <UnitTestResult executionId="ea34a78d-adb9-4152-9b3d-0b656fbb08d0" testId="ad0edb5b-b4d6-edf2-8f71-4cbc3d051f9c" testName="TheEnd.Tests.Renderer.BedModelLayoutTests.UnsupportedDimensionsDefinitionsAndStatesStayAvailableForVectorFallback" computerName="ROLEPLAY-GAMER" duration="00:00:00.0005237" startTime="2026-09-13T08:19:41.1007009+02:00" endTime="2026-09-13T08:19:41.1007009+02:00" testType="13cdc9d9-ddb5-4fa4-a97d-d965ccfc6d4b" outcome="Passed" testListId="8c84fa94-04c1-424b-9868-57a2d4851a1d" relativeResultsDirectory="ea34a78d-adb9-4152-9b3d-0b656fbb08d0" />
    <UnitTestResult executionId="65395cb0-6cae-4501-baf7-1c85a856b6e6" testId="04dbe80a-809e-b0cc-ba81-e020141e322c" testName="TheEnd.Tests.Renderer.WaterSkinTests.GridWaterStamp_IgnoresWallsAtmosphereAndOtherLeaks_ButTracksWaterEdges" computerName="ROLEPLAY-GAMER" duration="00:00:00.0041284" startTime="2026-09-13T08:19:41.2853808+02:00" endTime="2026-09-13T08:19:41.2853812+02:00" testType="13cdc9d9-ddb5-4fa4-a97d-d965ccfc6d4b" outcome="Passed" testListId="8c84fa94-04c1-424b-9868-57a2d4851a1d" relativeResultsDirectory="65395cb0-6cae-4501-baf7-1c85a856b6e6" />
    <UnitTestResult executionId="d26022b4-0413-44b0-acb8-9dcbddba30a9" testId="c994b6a6-ebaa-913e-04c7-13de86b7906b" testName="TheEnd.Tests.Renderer.FixtureModelPresentationTests.AuthoredStatesAndRotatedSizesKeepTheirPartsCentreAndPhysicalMargins(kind: Console, canonicalWidth: 3, canonicalHeight: 1, trim: Dalle, definition: &quot;comptoir-service&quot;, expectedPart: &quot;console-3&quot;, expectedStyle: &quot;dalle-collapsed&quot;, common: False, condition: Collapsed, facing: East)" computerName="ROLEPLAY-GAMER" duration="00:00:00.0000230" startTime="2026-09-13T08:19:41.3139358+02:00" endTime="2026-09-13T08:19:41.3139358+02:00" testType="13cdc9d9-ddb5-4fa4-a97d-d965ccfc6d4b" outcome="Passed" testListId="8c84fa94-04c1-424b-9868-57a2d4851a1d" relativeResultsDirectory="d26022b4-0413-44b0-acb8-9dcbddba30a9" />
    <UnitTestResult executionId="0edb95b2-364f-47d7-bbe9-6b0ed16b6dfa" testId="f61ea780-72eb-d3b1-9a05-8c3f777b01e8" testName="TheEnd.Tests.Renderer.BedModelLayoutTests.CatalogueFamiliesKeepAllStatesAndHeadAgainstTheirFacingWall(definition: &quot;bunk&quot;, expectedPart: &quot;bed&quot;, condition: Sealed, facing: East)" computerName="ROLEPLAY-GAMER" duration="00:00:00.0000095" startTime="2026-09-13T08:19:41.1005747+02:00" endTime="2026-09-13T08:19:41.1005747+02:00" testType="13cdc9d9-ddb5-4fa4-a97d-d965ccfc6d4b" outcome="Passed" testListId="8c84fa94-04c1-424b-9868-57a2d4851a1d" relativeResultsDirectory="0edb95b2-364f-47d7-bbe9-6b0ed16b6dfa" />
    <UnitTestResult executionId="7b33273e-3df5-4662-b6f9-552139464fe3" testId="0f727a5a-6044-3950-24b0-9ad304918c11" testName="TheEnd.Tests.Renderer.FixtureModelPresentationTests.AuthoredStatesAndRotatedSizesKeepTheirPartsCentreAndPhysicalMargins(kind: Rack, canonicalWidth: 1, canonicalHeight: 1, trim: None, definition: &quot;rack-short&quot;, expectedPart: &quot;rack-1&quot;, expectedStyle: &quot;sealed&quot;, common: False, condition: Sealed, facing: West)" computerName="ROLEPLAY-GAMER" duration="00:00:00.0000229" startTime="2026-09-13T08:19:41.3095497+02:00" endTime="2026-09-13T08:19:41.3095498+02:00" testType="13cdc9d9-ddb5-4fa4-a97d-d965ccfc6d4b" outcome="Passed" testListId="8c84fa94-04c1-424b-9868-57a2d4851a1d" relativeResultsDirectory="7b33273e-3df5-4662-b6f9-552139464fe3" />
    <UnitTestResult executionId="57ce14ba-d1a7-45f2-b66e-e416865bf843" testId="8c91e2f1-52e0-7742-e20b-bdea45a4ab73" testName="TheEnd.Tests.Renderer.FixtureModelPresentationTests.AuthoredStatesAndRotatedSizesKeepTheirPartsCentreAndPhysicalMargins(kind: Station, canonicalWidth: 4, canonicalHeight: 3, trim: Dalle, definition: &quot;poste-central&quot;, expectedPart: &quot;station-4x3&quot;, expectedStyle: &quot;dalle-stripped&quot;, common: False, condition: Stripped, facing: North)" computerName="ROLEPLAY-GAMER" duration="00:00:00.0000358" startTime="2026-09-13T08:19:41.3191622+02:00" endTime="2026-09-13T08:19:41.3191623+02:00" testType="13cdc9d9-ddb5-4fa4-a97d-d965ccfc6d4b" outcome="Passed" testListId="8c84fa94-04c1-424b-9868-57a2d4851a1d" relativeResultsDirectory="57ce14ba-d1a7-45f2-b66e-e416865bf843" />
    <UnitTestResult executionId="88504038-ee4b-4096-b855-1cb3f2dea38d" testId="538b50b2-aa99-e5e1-378d-dd6656e52278" testName="TheEnd.Tests.Renderer.FixtureModelPresentationTests.AuthoredStatesAndRotatedSizesKeepTheirPartsCentreAndPhysicalMargins(kind: Station, canonicalWidth: 4, canonicalHeight: 3, trim: Dalle, definition: &quot;poste-central&quot;, expectedPart: &quot;station-4x3&quot;, expectedStyle: &quot;dalle-stripped&quot;, common: False, condition: Stripped, facing: East)" computerName="ROLEPLAY-GAMER" duration="00:00:00.0000234" startTime="2026-09-13T08:19:41.3100886+02:00" endTime="2026-09-13T08:19:41.3100887+02:00" testType="13cdc9d9-ddb5-4fa4-a97d-d965ccfc6d4b" outcome="Passed" testListId="8c84fa94-04c1-424b-9868-57a2d4851a1d" relativeResultsDirectory="88504038-ee4b-4096-b855-1cb3f2dea38d" />
    <UnitTestResult executionId="85aafc7a-b47e-4d0f-9814-ed05cf2c6c6a" testId="c6f35f1c-3bc0-96ec-5676-9c86ca23d7eb" testName="TheEnd.Tests.Renderer.FixtureModelPresentationTests.AuthoredStatesAndRotatedSizesKeepTheirPartsCentreAndPhysicalMargins(kind: Table, canonicalWidth: 3, canonicalHeight: 1, trim: None, definition: &quot;table-commune-longue&quot;, expectedPart: &quot;table&quot;, expectedStyle: &quot;long-sealed&quot;, common: True, condition: Sealed, facing: East)" computerName="ROLEPLAY-GAMER" duration="00:00:00.0000226" startTime="2026-09-13T08:19:41.3219434+02:00" endTime="2026-09-13T08:19:41.3219435+02:00" testType="13cdc9d9-ddb5-4fa4-a97d-d965ccfc6d4b" outcome="Passed" testListId="8c84fa94-04c1-424b-9868-57a2d4851a1d" relativeResultsDirectory="85aafc7a-b47e-4d0f-9814-ed05cf2c6c6a" />
    <UnitTestResult executionId="42c0221e-2e2e-4ad7-a3a8-a96732b459bf" testId="e6060d40-18e5-9742-ee21-04d8d0c5c982" testName="TheEnd.Tests.Renderer.FixtureModelPresentationTests.AuthoredStatesAndRotatedSizesKeepTheirPartsCentreAndPhysicalMargins(kind: Station, canonicalWidth: 3, canonicalHeight: 2, trim: Dalle, definition: &quot;poste-scientifique&quot;, expectedPart: &quot;station-3x2&quot;, expectedStyle: &quot;dalle-open&quot;, common: False, condition: Open, facing: South)" computerName="ROLEPLAY-GAMER" duration="00:00:00.0000225" startTime="2026-09-13T08:19:41.3075628+02:00" endTime="2026-09-13T08:19:41.3075629+02:00" testType="13cdc9d9-ddb5-4fa4-a97d-d965ccfc6d4b" outcome="Passed" testListId="8c84fa94-04c1-424b-9868-57a2d4851a1d" relativeResultsDirectory="42c0221e-2e2e-4ad7-a3a8-a96732b459bf" />
    <UnitTestResult executionId="7ceffc9d-7542-4826-ab93-12dde971d2fc" testId="e0ee8965-5d09-322e-241d-2b8be2e5555f" testName="TheEnd.Tests.Renderer.SpriteWaterMotionTests.FinerShoreVerticesShareTheInteriorEdgesMotion" computerName="ROLEPLAY-GAMER" duration="00:00:00.0003843" startTime="2026-09-13T08:19:41.1021113+02:00" endTime="2026-09-13T08:19:41.1021114+02:00" testType="13cdc9d9-ddb5-4fa4-a97d-d965ccfc6d4b" outcome="Passed" testListId="8c84fa94-04c1-424b-9868-57a2d4851a1d" relativeResultsDirectory="7ceffc9d-7542-4826-ab93-12dde971d2fc" />
    <UnitTestResult executionId="e1fef39f-fc02-4adb-b54d-4a3c679225ee" testId="8266fe5e-4971-dff2-d59e-bc8acbff2b05" testName="TheEnd.Tests.World.GridTests.IsWalkable_ALeakBlocks_WithoutErasingTheFloor" computerName="ROLEPLAY-GAMER" duration="00:00:00.0001287" startTime="2026-09-13T08:19:41.1021727+02:00" endTime="2026-09-13T08:19:41.1021727+02:00" testType="13cdc9d9-ddb5-4fa4-a97d-d965ccfc6d4b" outcome="Passed" testListId="8c84fa94-04c1-424b-9868-57a2d4851a1d" relativeResultsDirectory="e1fef39f-fc02-4adb-b54d-4a3c679225ee" />
    <UnitTestResult executionId="f254bc6d-9e77-4948-b300-bfa868875b96" testId="cb598782-16d7-6432-e816-891d12c38e07" testName="TheEnd.Tests.Renderer.SpriteWaterGpuCacheTests.GpuVertexCarriesUnchangedPositionOpacityAndPrecomputedWavePhases" computerName="ROLEPLAY-GAMER" duration="00:00:00.0155324" startTime="2026-09-13T08:19:41.1026268+02:00" endTime="2026-09-13T08:19:41.1026268+02:00" testType="13cdc9d9-ddb5-4fa4-a97d-d965ccfc6d4b" outcome="Passed" testListId="8c84fa94-04c1-424b-9868-57a2d4851a1d" relativeResultsDirectory="f254bc6d-9e77-4948-b300-bfa868875b96" />
    <UnitTestResult executionId="633f63e6-23c9-4889-a31e-ece480efa21a" testId="2ac4b885-ff45-97e1-8df6-5858a664afbc" testName="TheEnd.Tests.Renderer.FixtureModelPresentationTests.AuthoredStatesAndRotatedSizesKeepTheirPartsCentreAndPhysicalMargins(kind: Console, canonicalWidth: 2, canonicalHeight: 1, trim: Peigne, definition: &quot;console&quot;, expectedPart: &quot;console-2&quot;, expectedStyle: &quot;peigne-open&quot;, common: False, condition: Open, facing: North)" computerName="ROLEPLAY-GAMER" duration="00:00:00.0000227" startTime="2026-09-13T08:19:41.3124564+02:00" endTime="2026-09-13T08:19:41.3124565+02:00" testType="13cdc9d9-ddb5-4fa4-a97d-d965ccfc6d4b" outcome="Passed" testListId="8c84fa94-04c1-424b-9868-57a2d4851a1d" relativeResultsDirectory="633f63e6-23c9-4889-a31e-ece480efa21a" />
    <UnitTestResult executionId="9de4d06e-dba0-4197-aa74-af8270f28e1c" testId="4f0c37c5-d516-4b6a-55fb-2899ecc700a5" testName="TheEnd.Tests.Renderer.FixtureModelPresentationTests.AuthoredStatesAndRotatedSizesKeepTheirPartsCentreAndPhysicalMargins(kind: Console, canonicalWidth: 2, canonicalHeight: 1, trim: Peigne, definition: &quot;console&quot;, expectedPart: &quot;console-2&quot;, expectedStyle: &quot;peigne-collapsed&quot;, common: False, condition: Collapsed, facing: West)" computerName="ROLEPLAY-GAMER" duration="00:00:00.0000233" startTime="2026-09-13T08:19:41.3120797+02:00" endTime="2026-09-13T08:19:41.3120798+02:00" testType="13cdc9d9-ddb5-4fa4-a97d-d965ccfc6d4b" outcome="Passed" testListId="8c84fa94-04c1-424b-9868-57a2d4851a1d" relativeResultsDirectory="9de4d06e-dba0-4197-aa74-af8270f28e1c" />
    <UnitTestResult executionId="667d8ae2-c4e5-49e2-b14f-8c5606a4f8ae" testId="746b9c74-2c21-a961-9151-7b3279d16f1d" testName="TheEnd.Tests.Renderer.FixtureModelPresentationTests.AuthoredStatesAndRotatedSizesKeepTheirPartsCentreAndPhysicalMargins(kind: Console, canonicalWidth: 3, canonicalHeight: 1, trim: Peigne, definition: &quot;console-long&quot;, expectedPart: &quot;console-3&quot;, expectedStyle: &quot;peigne-sealed&quot;, common: False, condition: Sealed, facing: South)" computerName="ROLEPLAY-GAMER" duration="00:00:00.0000231" startTime="2026-09-13T08:19:41.3121010+02:00" endTime="2026-09-13T08:19:41.3121011+02:00" testType="13cdc9d9-ddb5-4fa4-a97d-d965ccfc6d4b" outcome="Passed" testListId="8c84fa94-04c1-424b-9868-57a2d4851a1d" relativeResultsDirectory="667d8ae2-c4e5-49e2-b14f-8c5606a4f8ae" />
    <UnitTestResult executionId="8642ed33-b901-4ad9-92cf-f7acba129eb2" testId="db96ad73-c43f-cbab-e178-8185cb32e76a" testName="TheEnd.Tests.Renderer.FixtureModelPresentationTests.AuthoredStatesAndRotatedSizesKeepTheirPartsCentreAndPhysicalMargins(kind: Station, canonicalWidth: 3, canonicalHeight: 2, trim: Dalle, definition: &quot;poste-scientifique&quot;, expectedPart: &quot;station-3x2&quot;, expectedStyle: &quot;dalle-open&quot;, common: False, condition: Open, facing: West)" computerName="ROLEPLAY-GAMER" duration="00:00:00.0000230" startTime="2026-09-13T08:19:41.3224181+02:00" endTime="2026-09-13T08:19:41.3224182+02:00" testType="13cdc9d9-ddb5-4fa4-a97d-d965ccfc6d4b" outcome="Passed" testListId="8c84fa94-04c1-424b-9868-57a2d4851a1d" relativeResultsDirectory="8642ed33-b901-4ad9-92cf-f7acba129eb2" />
    <UnitTestResult executionId="f9a58f3f-c8d7-4101-9640-f878490bc0ab" testId="9276bd04-4678-fd50-075e-cc129b2a48ab" testName="TheEnd.Tests.Renderer.SpriteInteriorGroundTests.CollapsedInfrastructureHasARealGapBetweenItsCutEnds(family: Cable)" computerName="ROLEPLAY-GAMER" duration="00:00:00.0018470" startTime="2026-09-13T08:19:41.1033865+02:00" endTime="2026-09-13T08:19:41.1033866+02:00" testType="13cdc9d9-ddb5-4fa4-a97d-d965ccfc6d4b" outcome="Passed" testListId="8c84fa94-04c1-424b-9868-57a2d4851a1d" relativeResultsDirectory="f9a58f3f-c8d7-4101-9640-f878490bc0ab" />
    <UnitTestResult executionId="e70eb1eb-af9e-4207-b403-640b03cd2533" testId="7fdf8de0-a5e1-e67b-189c-5f06396bf057" testName="TheEnd.Tests.Renderer.FixtureModelPresentationTests.AuthoredStatesAndRotatedSizesKeepTheirPartsCentreAndPhysicalMargins(kind: Station, canonicalWidth: 3, canonicalHeight: 2, trim: Dalle, definition: &quot;poste&quot;, expectedPart: &quot;station-3x2&quot;, expectedStyle: &quot;dalle-open&quot;, common: False, condition: Open, facing: South)" computerName="ROLEPLAY-GAMER" duration="00:00:00.0000233" startTime="2026-09-13T08:19:41.3182757+02:00" endTime="2026-09-13T08:19:41.3182757+02:00" testType="13cdc9d9-ddb5-4fa4-a97d-d965ccfc6d4b" outcome="Passed" testListId="8c84fa94-04c1-424b-9868-57a2d4851a1d" relativeResultsDirectory="e70eb1eb-af9e-4207-b403-640b03cd2533" />
    <UnitTestResult executionId="1474bfe4-f144-4a35-9260-4ba5ff576fcd" testId="169ca28d-b52a-4c07-e234-ea48f846da81" testName="TheEnd.Tests.Renderer.FixtureModelPresentationTests.AuthoredStatesAndRotatedSizesKeepTheirPartsCentreAndPhysicalMargins(kind: Console, canonicalWidth: 3, canonicalHeight: 1, trim: Peigne, definition: &quot;console-long&quot;, expectedPart: &quot;console-3&quot;, expectedStyle: &quot;peigne-stripped&quot;, common: False, condition: Stripped, facing: South)" computerName="ROLEPLAY-GAMER" duration="00:00:00.0000239" startTime="2026-09-13T08:19:41.3225352+02:00" endTime="2026-09-13T08:19:41.3225352+02:00" testType="13cdc9d9-ddb5-4fa4-a97d-d965ccfc6d4b" outcome="Passed" testListId="8c84fa94-04c1-424b-9868-57a2d4851a1d" relativeResultsDirectory="1474bfe4-f144-4a35-9260-4ba5ff576fcd" />
    <UnitTestResult executionId="5213121c-220f-4ef9-91cf-7cc25ed08c0f" testId="c4c8e1a4-b6b8-02f8-2371-5e111d9d3544" testName="TheEnd.Tests.Renderer.WaterSkinTests.MainBasin_HasASeparateParallelInnerShoreline" computerName="ROLEPLAY-GAMER" duration="00:00:00.0166312" startTime="2026-09-13T08:19:41.1329243+02:00" endTime="2026-09-13T08:19:41.1329245+02:00" testType="13cdc9d9-ddb5-4fa4-a97d-d965ccfc6d4b" outcome="Passed" testListId="8c84fa94-04c1-424b-9868-57a2d4851a1d" relativeResultsDirectory="5213121c-220f-4ef9-91cf-7cc25ed08c0f" />
    <UnitTestResult executionId="b5e96483-8aee-4ed0-a612-e0af1680d42e" testId="1e069f01-a075-dba8-8f1c-ebcc740ef19d" testName="TheEnd.Tests.Renderer.FixtureModelPresentationTests.AuthoredStatesAndRotatedSizesKeepTheirPartsCentreAndPhysicalMargins(kind: Bench, canonicalWidth: 1, canonicalHeight: 3, trim: None, definition: &quot;banc-commun-long&quot;, expectedPart: &quot;bench&quot;, expectedStyle: &quot;long-sealed&quot;, common: True, condition: Sealed, facing: South)" computerName="ROLEPLAY-GAMER" duration="00:00:00.0000220" startTime="2026-09-13T08:19:41.3129891+02:00" endTime="2026-09-13T08:19:41.3129891+02:00" testType="13cdc9d9-ddb5-4fa4-a97d-d965ccfc6d4b" outcome="Passed" testListId="8c84fa94-04c1-424b-9868-57a2d4851a1d" relativeResultsDirectory="b5e96483-8aee-4ed0-a612-e0af1680d42e" />
    <UnitTestResult executionId="a0c43049-4ee2-4649-a5b3-86c43773db80" testId="482831c8-46db-585f-e18e-aec3223b70cd" testName="TheEnd.Tests.Renderer.FixtureModelPresentationTests.AuthoredStatesAndRotatedSizesKeepTheirPartsCentreAndPhysicalMargins(kind: Station, canonicalWidth: 3, canonicalHeight: 2, trim: Dalle, definition: &quot;poste&quot;, expectedPart: &quot;station-3x2&quot;, expectedStyle: &quot;dalle-stripped&quot;, common: False, condition: Stripped, facing: West)" computerName="ROLEPLAY-GAMER" duration="00:00:00.0000302" startTime="2026-09-13T08:19:41.3266368+02:00" endTime="2026-09-13T08:19:41.3266369+02:00" testType="13cdc9d9-ddb5-4fa4-a97d-d965ccfc6d4b" outcome="Passed" testListId="8c84fa94-04c1-424b-9868-57a2d4851a1d" relativeResultsDirectory="a0c43049-4ee2-4649-a5b3-86c43773db80" />
    <UnitTestResult executionId="8b170474-9eca-465c-a99e-ddf378859516" testId="3c461946-5808-2c7c-8ee1-6041ea05bd49" testName="TheEnd.Tests.Renderer.SpriteWaterPuddleTests.SmallWaterUsesItsGroundContextInsteadOfBecomingAMiniatureLakeOrPuddleBySize(ground: Grass, puddle: False)" computerName="ROLEPLAY-GAMER" duration="00:00:00.0000218" startTime="2026-09-13T08:19:41.1538485+02:00" endTime="2026-09-13T08:19:41.1538486+02:00" testType="13cdc9d9-ddb5-4fa4-a97d-d965ccfc6d4b" outcome="Passed" testListId="8c84fa94-04c1-424b-9868-57a2d4851a1d" relativeResultsDirectory="8b170474-9eca-465c-a99e-ddf378859516" />
    <UnitTestResult executionId="ea3fb4f2-d04b-421d-8e3a-cca4ac6635dc" testId="c28d738c-8336-3dc5-7f78-e7864f966a64" testName="TheEnd.Tests.Renderer.FixtureModelPresentationTests.AuthoredStatesAndRotatedSizesKeepTheirPartsCentreAndPhysicalMargins(kind: Table, canonicalWidth: 2, canonicalHeight: 1, trim: None, definition: &quot;table-commune&quot;, expectedPart: &quot;table&quot;, expectedStyle: &quot;short-collapsed&quot;, common: True, condition: Collapsed, facing: East)" computerName="ROLEPLAY-GAMER" duration="00:00:00.0000230" startTime="2026-09-13T08:19:41.3158331+02:00" endTime="2026-09-13T08:19:41.3158332+02:00" testType="13cdc9d9-ddb5-4fa4-a97d-d965ccfc6d4b" outcome="Passed" testListId="8c84fa94-04c1-424b-9868-57a2d4851a1d" relativeResultsDirectory="ea3fb4f2-d04b-421d-8e3a-cca4ac6635dc" />
    <UnitTestResult executionId="17215e69-6143-4c76-813b-d83615fb24de" testId="dc642146-8bf1-3129-515d-3c0e3c95a00e" testName="TheEnd.Tests.Renderer.FixtureModelPresentationTests.AuthoredStatesAndRotatedSizesKeepTheirPartsCentreAndPhysicalMargins(kind: Bench, canonicalWidth: 1, canonicalHeight: 3, trim: None, definition: &quot;banc-commun-long&quot;, expectedPart: &quot;bench&quot;, expectedStyle: &quot;long-stripped&quot;, common: True, condition: Stripped, facing: South)" computerName="ROLEPLAY-GAMER" duration="00:00:00.0000227" startTime="2026-09-13T08:19:41.3087659+02:00" endTime="2026-09-13T08:19:41.3087660+02:00" testType="13cdc9d9-ddb5-4fa4-a97d-d965ccfc6d4b" outcome="Passed" testListId="8c84fa94-04c1-424b-9868-57a2d4851a1d" relativeResultsDirectory="17215e69-6143-4c76-813b-d83615fb24de" />
    <UnitTestResult executionId="ab83366a-6317-4cf1-979b-a1c024962579" testId="fae28593-b468-a1e4-9ef7-c205c32143ad" testName="TheEnd.Tests.Renderer.FixtureModelPresentationTests.AuthoredStatesAndRotatedSizesKeepTheirPartsCentreAndPhysicalMargins(kind: Station, canonicalWidth: 3, canonicalHeight: 2, trim: Dalle, definition: &quot;poste-scientifique&quot;, expectedPart: &quot;station-3x2&quot;, expectedStyle: &quot;dalle-stripped&quot;, common: False, condition: Stripped, facing: North)" computerName="ROLEPLAY-GAMER" duration="00:00:00.0000233" startTime="2026-09-13T08:19:41.3202378+02:00" endTime="2026-09-13T08:19:41.3202378+02:00" testType="13cdc9d9-ddb5-4fa4-a97d-d965ccfc6d4b" outcome="Passed" testListId="8c84fa94-04c1-424b-9868-57a2d4851a1d" relativeResultsDirectory="ab83366a-6317-4cf1-979b-a1c024962579" />
    <UnitTestResult executionId="074b61e5-1283-434a-ae1a-398f13e5619c" testId="28b93515-9389-68de-cc2b-63b5d91b5fc4" testName="TheEnd.Tests.Renderer.FixtureModelPresentationTests.AuthoredStatesAndRotatedSizesKeepTheirPartsCentreAndPhysicalMargins(kind: Rack, canonicalWidth: 2, canonicalHeight: 1, trim: Peigne, definition: &quot;rack-technique&quot;, expectedPart: &quot;rack-2&quot;, expectedStyle: &quot;open&quot;, common: False, condition: Open, facing: East)" computerName="ROLEPLAY-GAMER" duration="00:00:00.0000227" startTime="2026-09-13T08:19:41.3070690+02:00" endTime="2026-09-13T08:19:41.3070691+02:00" testType="13cdc9d9-ddb5-4fa4-a97d-d965ccfc6d4b" outcome="Passed" testListId="8c84fa94-04c1-424b-9868-57a2d4851a1d" relativeResultsDirectory="074b61e5-1283-434a-ae1a-398f13e5619c" />
[...]
    <TestEntry testId="2aec84e8-5bee-a546-a0c7-410fb348df1b" executionId="a2c387d8-0c5b-465a-862c-e57bbab486f6" testListId="8c84fa94-04c1-424b-9868-57a2d4851a1d" />
    <TestEntry testId="cb1b4f05-1b4b-83e2-5fed-0d9441db28c8" executionId="6cb80480-1229-4a78-a22a-d41a42943952" testListId="8c84fa94-04c1-424b-9868-57a2d4851a1d" />
    <TestEntry testId="b7610800-79ed-b899-980a-e9775c4311b2" executionId="77917599-54d8-455f-a5d6-a2dbc0c76eee" testListId="8c84fa94-04c1-424b-9868-57a2d4851a1d" />
    <TestEntry testId="e3d240a8-b97a-a3e3-e67f-7024ea424807" executionId="d18abf72-c0a7-4f8b-9206-3dd090906e8f" testListId="8c84fa94-04c1-424b-9868-57a2d4851a1d" />
    <TestEntry testId="42c3d199-f7eb-4fcf-cc82-b3ed4e8a5ea0" executionId="55ec5880-37c8-46d0-922b-941bc3163c03" testListId="8c84fa94-04c1-424b-9868-57a2d4851a1d" />
    <TestEntry testId="56f894fb-da6d-7863-34ca-373ba58c19bd" executionId="a303cfe0-152c-4245-916d-005df85462b9" testListId="8c84fa94-04c1-424b-9868-57a2d4851a1d" />
    <TestEntry testId="bd60d590-8e93-a755-e760-168fd0a232bb" executionId="c6b391c5-fc2d-44ca-bf9c-7291bf80267a" testListId="8c84fa94-04c1-424b-9868-57a2d4851a1d" />
    <TestEntry testId="ca44d058-3ec1-f060-81eb-f1bdc62c99c4" executionId="7af805a3-e86f-471e-b159-62e54ec97e35" testListId="8c84fa94-04c1-424b-9868-57a2d4851a1d" />
    <TestEntry testId="4d9f1ef9-25b8-013c-4f46-abae819c58e0" executionId="cf3504b3-4790-4278-9d1f-298f6f3c3c3b" testListId="8c84fa94-04c1-424b-9868-57a2d4851a1d" />
    <TestEntry testId="34141b08-23ff-de2b-eb3b-d08199f8a269" executionId="0c8d5e20-ac30-4d61-93c0-e92a16c43522" testListId="8c84fa94-04c1-424b-9868-57a2d4851a1d" />
    <TestEntry testId="3ca3e5d9-cd38-60ed-f3cf-45e654bc4c38" executionId="7252ce68-0426-423b-a607-105c7e8a17cc" testListId="8c84fa94-04c1-424b-9868-57a2d4851a1d" />
    <TestEntry testId="d0c58b2d-b24d-83e8-12d1-04387de8a746" executionId="fab060a7-09b4-473b-af57-de706f6460be" testListId="8c84fa94-04c1-424b-9868-57a2d4851a1d" />
    <TestEntry testId="27e39f28-5399-5951-65e1-3f52ec0e90ba" executionId="24faa27d-8ce2-48cc-8a74-6864cdf9432c" testListId="8c84fa94-04c1-424b-9868-57a2d4851a1d" />
    <TestEntry testId="fbb3ab3d-caf7-7e89-9c00-99f3d51b6971" executionId="d8d23244-eedb-4a47-b302-273ab3422106" testListId="8c84fa94-04c1-424b-9868-57a2d4851a1d" />
    <TestEntry testId="a73422bb-d918-36e5-94b4-230bf2f3ac5e" executionId="c077b0bf-82cd-498f-977b-f4efd2ab719d" testListId="8c84fa94-04c1-424b-9868-57a2d4851a1d" />
    <TestEntry testId="bb081a59-8d62-0dad-7731-49e01cc76735" executionId="527c2ede-edd1-47b8-8aed-f10444d66915" testListId="8c84fa94-04c1-424b-9868-57a2d4851a1d" />
    <TestEntry testId="d05df94c-da87-9691-eed3-3c105f35457d" executionId="d11ff364-be13-4689-ad3e-a7ba85dc3f03" testListId="8c84fa94-04c1-424b-9868-57a2d4851a1d" />
    <TestEntry testId="bffa7723-a9b2-bb78-06e6-8922019d8dee" executionId="468b0142-e800-4057-9bea-3838f8c20379" testListId="8c84fa94-04c1-424b-9868-57a2d4851a1d" />
    <TestEntry testId="35093ab8-8d3f-955f-7633-0837c47f4011" executionId="f1f797ef-1742-4d13-8fb3-41a694761bf5" testListId="8c84fa94-04c1-424b-9868-57a2d4851a1d" />
    <TestEntry testId="21258f2c-6fb1-e82a-4237-bb0f03f718c8" executionId="16b9a9ca-156c-4be3-9e02-4a461d91b7c6" testListId="8c84fa94-04c1-424b-9868-57a2d4851a1d" />
    <TestEntry testId="b304dadb-6351-3472-f420-0da5be926bf6" executionId="d8e31316-fcf6-4592-8606-c2ad51fa7d14" testListId="8c84fa94-04c1-424b-9868-57a2d4851a1d" />
    <TestEntry testId="99f6afa2-e3c2-6c63-eea3-1b4e42b8191a" executionId="f810f6a2-afb2-4789-8ac8-a14ca320be9f" testListId="8c84fa94-04c1-424b-9868-57a2d4851a1d" />
    <TestEntry testId="5fe49490-c7d7-2498-f2c5-68eda53d8bba" executionId="f104373c-7b23-4bd5-9db1-51a45f42cafd" testListId="8c84fa94-04c1-424b-9868-57a2d4851a1d" />
    <TestEntry testId="4d773c57-aea3-753c-78b3-021174ecd8fe" executionId="911af901-9eae-4fa3-8351-a2fb85cc5af1" testListId="8c84fa94-04c1-424b-9868-57a2d4851a1d" />
    <TestEntry testId="46abb514-b765-5943-60c7-0b32dbd3bd32" executionId="8eb0e463-3b98-4e47-850f-1c35697e295f" testListId="8c84fa94-04c1-424b-9868-57a2d4851a1d" />
    <TestEntry testId="f6e84470-6cf7-7d82-4512-a20a680635d3" executionId="65de3064-9552-46f9-a805-c2c16c5454e4" testListId="8c84fa94-04c1-424b-9868-57a2d4851a1d" />
    <TestEntry testId="1a31dec9-b4d4-041d-faab-5aea5c1f10fa" executionId="8cf59f00-c914-4697-89cd-75a98bd21271" testListId="8c84fa94-04c1-424b-9868-57a2d4851a1d" />
    <TestEntry testId="6dab77cc-d282-9dc8-a4c5-2a63ed7e7540" executionId="de106d57-ee27-4cc9-b069-06de61f66c0a" testListId="8c84fa94-04c1-424b-9868-57a2d4851a1d" />
    <TestEntry testId="b2020d8c-8347-a749-2131-69c6f80ebe05" executionId="d58dc177-479d-4c3c-a00a-ac3468a6da47" testListId="8c84fa94-04c1-424b-9868-57a2d4851a1d" />
    <TestEntry testId="91088a42-956c-e75f-fefc-607c6868f8c3" executionId="d5f8d883-29f6-46ae-9011-cf3a277b702c" testListId="8c84fa94-04c1-424b-9868-57a2d4851a1d" />
    <TestEntry testId="0730d945-fc66-f0e7-3eaf-5768080bd0bc" executionId="7f1f6abc-c67e-4e93-835f-66f86d9b3f69" testListId="8c84fa94-04c1-424b-9868-57a2d4851a1d" />
    <TestEntry testId="6a024f87-0d1d-e09c-a19e-5cc0142a5c09" executionId="ec687e7f-029d-4162-a1ec-07fa12265a6f" testListId="8c84fa94-04c1-424b-9868-57a2d4851a1d" />
    <TestEntry testId="a700dd08-e0d5-3bc0-8818-2337b6bffdc2" executionId="1bd8a9ef-0c8f-4c4b-903f-658591d5461f" testListId="8c84fa94-04c1-424b-9868-57a2d4851a1d" />
    <TestEntry testId="75762647-650f-0e60-4b92-36efb0f88d77" executionId="1fa4eadd-9601-4bb0-8970-b2ccd167fa4b" testListId="8c84fa94-04c1-424b-9868-57a2d4851a1d" />
    <TestEntry testId="29e39488-1a9d-2f35-92a6-1417561bd079" executionId="02718680-5d02-464d-8fbe-4973af1070d5" testListId="8c84fa94-04c1-424b-9868-57a2d4851a1d" />
    <TestEntry testId="2d7f1519-0791-f91a-0889-cc76ede49330" executionId="151e03b2-4371-442b-9c37-de4a00dd9975" testListId="8c84fa94-04c1-424b-9868-57a2d4851a1d" />
    <TestEntry testId="8c9688e4-3ebe-d985-2727-fabf29d19dd6" executionId="edd0bebd-3062-444e-8db3-95969145d12b" testListId="8c84fa94-04c1-424b-9868-57a2d4851a1d" />
    <TestEntry testId="6a34d2e0-8ebe-0920-0aa0-e8a31205c7a2" executionId="8fc5d534-93f3-47b1-9ca6-00dc4363155e" testListId="8c84fa94-04c1-424b-9868-57a2d4851a1d" />
    <TestEntry testId="a0501dc5-7079-bdfd-cce2-947e7c85ab3a" executionId="25e9e292-f477-4ac0-85c1-c55b8d9ab82f" testListId="8c84fa94-04c1-424b-9868-57a2d4851a1d" />
    <TestEntry testId="05b01df2-965d-d76e-1129-a3a4224ba293" executionId="bcbfd6ad-6df0-4f62-a297-01ab78bbf5bc" testListId="8c84fa94-04c1-424b-9868-57a2d4851a1d" />
    <TestEntry testId="25cd6062-3034-d5cd-bcf9-b1b514212766" executionId="1b1f113a-b195-4734-a6ab-f98601e72ba2" testListId="8c84fa94-04c1-424b-9868-57a2d4851a1d" />
    <TestEntry testId="1d459288-4d5c-47bd-916a-3ec8d748e8d2" executionId="ac50c707-24d1-4034-a15d-5e315949ff5a" testListId="8c84fa94-04c1-424b-9868-57a2d4851a1d" />
    <TestEntry testId="1697e3ef-91f2-7501-5191-dfcec3a23d44" executionId="a1776fcb-a918-4dd3-805e-ec0e5bfcb905" testListId="8c84fa94-04c1-424b-9868-57a2d4851a1d" />
    <TestEntry testId="a9346de0-0c1a-89cb-ac31-3f9ecc2cf0f9" executionId="d52848a3-c27b-4665-a6df-d7d0ed0b1cf6" testListId="8c84fa94-04c1-424b-9868-57a2d4851a1d" />
    <TestEntry testId="4dd64ecb-a2ed-d620-24fa-5d1356379934" executionId="407cc464-54b1-45d1-a6f9-c7c587e5d3f1" testListId="8c84fa94-04c1-424b-9868-57a2d4851a1d" />
    <TestEntry testId="15d6fdbe-b77a-5a32-a948-26efdc13f5f9" executionId="9db940d0-87f1-42f7-8b7b-7b0d024a97cd" testListId="8c84fa94-04c1-424b-9868-57a2d4851a1d" />
    <TestEntry testId="f9850ffb-3b85-a477-25cf-1a45d7b82c7b" executionId="42d626b3-5076-43b7-80e3-19f5e8950965" testListId="8c84fa94-04c1-424b-9868-57a2d4851a1d" />
    <TestEntry testId="42749ab0-96b8-ad60-fb92-07c64ad0240f" executionId="4e347144-08b8-45ec-9a0a-ee6ac1c8ace4" testListId="8c84fa94-04c1-424b-9868-57a2d4851a1d" />
    <TestEntry testId="80b71752-4062-4bf3-9915-2157306dc25c" executionId="9d75ee4b-2649-4ff9-b5e1-90e51c252695" testListId="8c84fa94-04c1-424b-9868-57a2d4851a1d" />
    <TestEntry testId="5a2b9194-9510-9c09-054a-f2c0ce9d44eb" executionId="678c196f-03ce-4688-b51f-3d89bd2cfc42" testListId="8c84fa94-04c1-424b-9868-57a2d4851a1d" />
    <TestEntry testId="e0f652c6-fbbf-72ab-d2d1-547320cd0b95" executionId="fea5f1de-8504-4ac8-85b2-6f1ad6e14edf" testListId="8c84fa94-04c1-424b-9868-57a2d4851a1d" />
    <TestEntry testId="ea523787-eb87-0eca-1017-3c2651d910e3" executionId="3d7c1ee5-1122-4688-851e-8b1ff575d9fb" testListId="8c84fa94-04c1-424b-9868-57a2d4851a1d" />
    <TestEntry testId="0b911a3c-5d51-36f8-bf7a-327f192404c0" executionId="611c8cd5-07ff-4ed4-9598-ae818b714c6e" testListId="8c84fa94-04c1-424b-9868-57a2d4851a1d" />
    <TestEntry testId="8363096d-3845-4805-aaf3-6b0efd6e629c" executionId="bb3cc70a-5a3c-4d20-a217-4b09624052e5" testListId="8c84fa94-04c1-424b-9868-57a2d4851a1d" />
    <TestEntry testId="37c42a8a-8d36-6155-6c80-7f6a9b737a97" executionId="5b2ee443-067a-45ae-8f6f-75c4cb519340" testListId="8c84fa94-04c1-424b-9868-57a2d4851a1d" />
    <TestEntry testId="5ce8ed6b-45b4-65d5-50a3-cda25c9732fa" executionId="48a1f40d-a3b2-4c62-ba5e-0ba90c221a03" testListId="8c84fa94-04c1-424b-9868-57a2d4851a1d" />
    <TestEntry testId="d3c372dc-5488-0ed4-3ae1-ef1f819d34f8" executionId="f1038968-4eaa-4859-b856-288db9d653de" testListId="8c84fa94-04c1-424b-9868-57a2d4851a1d" />
    <TestEntry testId="acf01baa-405d-dcf0-4d9c-64a1e63418d9" executionId="9c674d2e-06ef-4ca1-9571-2db4e541565f" testListId="8c84fa94-04c1-424b-9868-57a2d4851a1d" />
    <TestEntry testId="4a3fa041-7dbb-4506-0888-5c4dc945f39b" executionId="da6f6aa6-47be-464b-9c4a-389c9dce6a3a" testListId="8c84fa94-04c1-424b-9868-57a2d4851a1d" />
    <TestEntry testId="1fe058d3-0a8e-8bfc-18b7-f0021975642e" executionId="db1812e5-277c-4a33-bf41-11aedecf1f96" testListId="8c84fa94-04c1-424b-9868-57a2d4851a1d" />
    <TestEntry testId="f750ac08-76f1-19e2-ea02-1c2d11608b9d" executionId="a2983753-9d56-4a7c-bc57-295449ec2643" testListId="8c84fa94-04c1-424b-9868-57a2d4851a1d" />
    <TestEntry testId="d9c7c813-665d-d5d1-dd96-cf6fd871737d" executionId="d99b8660-60c0-466a-b420-cf80e634d435" testListId="8c84fa94-04c1-424b-9868-57a2d4851a1d" />
    <TestEntry testId="0f9e754a-7b56-0efb-791d-3f70d25e79f0" executionId="08b70da3-65c7-4082-a915-5f777ce365f0" testListId="8c84fa94-04c1-424b-9868-57a2d4851a1d" />
    <TestEntry testId="601b1a2c-7207-beae-31ad-e65a21feefcb" executionId="52177225-7fe3-454d-8111-639b90bdf2a8" testListId="8c84fa94-04c1-424b-9868-57a2d4851a1d" />
    <TestEntry testId="923d0866-c6a5-1a56-e5d6-71944ec3839f" executionId="4c74d47d-c0d1-4c0e-8157-c8e2224c61be" testListId="8c84fa94-04c1-424b-9868-57a2d4851a1d" />
    <TestEntry testId="cfd76b2f-30fc-6047-ee4e-90ddcc487487" executionId="16983979-96a3-42f2-9294-02a8c862bd31" testListId="8c84fa94-04c1-424b-9868-57a2d4851a1d" />
    <TestEntry testId="6a819f01-da10-d28b-f16c-bfa9bce6d734" executionId="021404a6-636f-43e8-969a-0adb3ef66944" testListId="8c84fa94-04c1-424b-9868-57a2d4851a1d" />
    <TestEntry testId="40f33c45-e220-6a0b-3784-df01263b4c69" executionId="f41ef883-f6ac-4c73-a877-bc2c6b306b1c" testListId="8c84fa94-04c1-424b-9868-57a2d4851a1d" />
    <TestEntry testId="ad95dcef-d7a3-934c-b5e4-65ed722b7d15" executionId="72c87d69-6988-4521-977e-842df194aa23" testListId="8c84fa94-04c1-424b-9868-57a2d4851a1d" />
    <TestEntry testId="0e552cf4-bf38-38d4-d75b-2afb66541026" executionId="afa09a80-ae0a-4d00-993f-7bbe6035d118" testListId="8c84fa94-04c1-424b-9868-57a2d4851a1d" />
    <TestEntry testId="f8040f2b-4cae-c393-8997-e96163dd0070" executionId="039d4d79-69d0-4154-ab66-668df6a8066c" testListId="8c84fa94-04c1-424b-9868-57a2d4851a1d" />
    <TestEntry testId="a9523c44-a630-ef2b-84dd-de3f152cf870" executionId="3b915fda-2d21-418b-a5f2-6f5d16fa8a44" testListId="8c84fa94-04c1-424b-9868-57a2d4851a1d" />
    <TestEntry testId="f551925d-872c-7ec1-78eb-538cecb8e841" executionId="d0684bcb-14cd-436a-9534-9cb0a29a974f" testListId="8c84fa94-04c1-424b-9868-57a2d4851a1d" />
    <TestEntry testId="7ba2a7a6-00ab-5f13-b5f7-39923a05c1ee" executionId="447733a6-2d9f-4ce6-affb-ab260989f65d" testListId="8c84fa94-04c1-424b-9868-57a2d4851a1d" />
    <TestEntry testId="179b6ec9-b82f-f7e8-58b1-cbdce53be59f" executionId="0ebbc58b-da76-4218-b0d5-e2287ba75f7e" testListId="8c84fa94-04c1-424b-9868-57a2d4851a1d" />
    <TestEntry testId="5c78a4fd-09ce-8c3e-c602-68e33fd81b7c" executionId="650aca53-44f6-4678-946a-ac1648700df7" testListId="8c84fa94-04c1-424b-9868-57a2d4851a1d" />
    <TestEntry testId="b29d9621-e931-c935-3f29-681342310c7d" executionId="9d336ec2-e868-41ac-a5dd-30320857ca5b" testListId="8c84fa94-04c1-424b-9868-57a2d4851a1d" />
    <TestEntry testId="c5c5d28f-7e57-4320-a2a1-03eded92ac3d" executionId="98c6de2a-3c52-454c-a7ff-43886b31ebe4" testListId="8c84fa94-04c1-424b-9868-57a2d4851a1d" />
    <TestEntry testId="cf485904-6e47-e716-839b-8c7473ef2802" executionId="01592f4c-a0c7-4bcc-8a9a-30934cbde849" testListId="8c84fa94-04c1-424b-9868-57a2d4851a1d" />
    <TestEntry testId="5e62f01e-007e-d6f4-e9a5-94cf2b40b55a" executionId="629e11f7-8c1f-43b7-a191-69f752f93c81" testListId="8c84fa94-04c1-424b-9868-57a2d4851a1d" />
    <TestEntry testId="a9beb1eb-52d8-8abe-11d4-d4fe794a481d" executionId="3a4dab4f-9d73-47f1-a626-5454443840e8" testListId="8c84fa94-04c1-424b-9868-57a2d4851a1d" />
    <TestEntry testId="11dfc5ec-0d96-ef0e-9459-46b4ec69219a" executionId="d57bcc62-1f1f-4f5c-8326-f608ab0b4475" testListId="8c84fa94-04c1-424b-9868-57a2d4851a1d" />
    <TestEntry testId="de5cb934-5a58-3dd8-e4e3-75124152985f" executionId="589e5d90-ca4e-46cb-be8b-5787a9a7a686" testListId="8c84fa94-04c1-424b-9868-57a2d4851a1d" />
    <TestEntry testId="f9d5ee5e-43f1-648e-c8f8-47d668083093" executionId="b5b4d6a3-70a6-4f68-a7cf-26214486c2fd" testListId="8c84fa94-04c1-424b-9868-57a2d4851a1d" />
    <TestEntry testId="0b23a9a3-1123-e554-5e14-b1f5be721de7" executionId="ad1547f3-fd9a-4258-81a5-29a6b435a146" testListId="8c84fa94-04c1-424b-9868-57a2d4851a1d" />
    <TestEntry testId="0f1c1a9d-89d0-dcb6-962b-c15b450d6179" executionId="3a5a3fd5-30fe-4f7f-af25-142fe145a686" testListId="8c84fa94-04c1-424b-9868-57a2d4851a1d" />
    <TestEntry testId="3f3c5d21-ee93-64e7-0232-ff7048af4ad1" executionId="09494ee7-7025-4d53-940d-ce6ea5716042" testListId="8c84fa94-04c1-424b-9868-57a2d4851a1d" />
    <TestEntry testId="c4e484ef-6e4e-4692-2654-99c5545b778a" executionId="260a4f61-313b-4a0d-af80-55e89253735c" testListId="8c84fa94-04c1-424b-9868-57a2d4851a1d" />
    <TestEntry testId="c1b8883f-d2fb-18c6-92e6-6495b0dab248" executionId="1951fa1a-1171-4811-94f3-90d59cfb12d2" testListId="8c84fa94-04c1-424b-9868-57a2d4851a1d" />
    <TestEntry testId="8c253486-7b2a-6b83-0e14-352f51e7b4fd" executionId="d89b76be-a3c5-4039-9e23-4d757994dd54" testListId="8c84fa94-04c1-424b-9868-57a2d4851a1d" />
    <TestEntry testId="38a202ed-3bea-d898-a1fa-fe4baeeca81f" executionId="21931778-54da-4f6a-b06f-d92cbaf6d872" testListId="8c84fa94-04c1-424b-9868-57a2d4851a1d" />
    <TestEntry testId="d9c79558-b0c0-acd7-d20c-bab1626844fa" executionId="26b133d5-6f69-459a-96a7-ecceefe885f5" testListId="8c84fa94-04c1-424b-9868-57a2d4851a1d" />
    <TestEntry testId="530c45da-68d5-ea60-d83a-29403b59eb96" executionId="80add703-5b51-4099-a6e9-1f7a4f43ea6d" testListId="8c84fa94-04c1-424b-9868-57a2d4851a1d" />
    <TestEntry testId="a7363481-4661-9fd5-a5d8-2bcf8a9140a2" executionId="af03d9cf-460b-4702-b348-4e8f9f1be175" testListId="8c84fa94-04c1-424b-9868-57a2d4851a1d" />
    <TestEntry testId="3b371911-4831-2784-ebaf-dd421f23e838" executionId="dd84a3af-10c2-4a4a-bffb-b1104c768166" testListId="8c84fa94-04c1-424b-9868-57a2d4851a1d" />
    <TestEntry testId="7a4a8ff4-5e7c-9ffe-71dd-b41342880e8d" executionId="eb0d7c90-2ff7-4456-9148-cb21f1440234" testListId="8c84fa94-04c1-424b-9868-57a2d4851a1d" />
    <TestEntry testId="254bbb02-1482-3fc7-0b32-30187321536f" executionId="c8da520c-e5e5-4828-bd4e-0259e2344d42" testListId="8c84fa94-04c1-424b-9868-57a2d4851a1d" />
    <TestEntry testId="032451d8-5a91-b7e0-eec9-2aa7cd435b11" executionId="b8b5c9b4-d6bd-446b-b495-d67dc02e0d5e" testListId="8c84fa94-04c1-424b-9868-57a2d4851a1d" />
    <TestEntry testId="d36eee39-6647-0af9-f699-555d4161aeb2" executionId="1a22ed6b-c5e1-433f-b77d-599cdccc3871" testListId="8c84fa94-04c1-424b-9868-57a2d4851a1d" />
    <TestEntry testId="2a035fa5-3aa4-af96-e749-fb79488e49a8" executionId="933639df-ffe8-4ca6-8af4-46be30e51ff0" testListId="8c84fa94-04c1-424b-9868-57a2d4851a1d" />
    <TestEntry testId="df9a048e-7927-a8f5-38cf-9a37b4bc8ee6" executionId="39218719-ec55-4d48-8820-daf8ef15267f" testListId="8c84fa94-04c1-424b-9868-57a2d4851a1d" />
    <TestEntry testId="f6921d1f-4a99-dac2-3412-18617e9b1cec" executionId="f5d10e64-c7f8-4dcd-a554-93f79465dcfe" testListId="8c84fa94-04c1-424b-9868-57a2d4851a1d" />
    <TestEntry testId="9966991d-49d3-bfbc-9ab6-35c46d44ed76" executionId="4fedbfbe-80cb-46b8-a294-3d319f3e542e" testListId="8c84fa94-04c1-424b-9868-57a2d4851a1d" />
    <TestEntry testId="01be51ae-db69-eba4-4a07-e81eccaf6be3" executionId="64170271-b6af-4bfa-b8bc-d3bfe5ebbcbf" testListId="8c84fa94-04c1-424b-9868-57a2d4851a1d" />
    <TestEntry testId="09dac862-73a2-f4aa-6fb9-3e6d8da53f98" executionId="ed7b055e-8f37-4f1c-8bc4-1d160d7e382d" testListId="8c84fa94-04c1-424b-9868-57a2d4851a1d" />
    <TestEntry testId="a327a5e0-4ea8-d945-222f-27d72a3524af" executionId="917de253-e728-4fd4-aab7-4d48e68c5e03" testListId="8c84fa94-04c1-424b-9868-57a2d4851a1d" />
    <TestEntry testId="8c5eff48-9d15-3fe0-f07a-d44830cbeff2" executionId="875a0e24-f10e-4fd2-af5a-5d9e977d703f" testListId="8c84fa94-04c1-424b-9868-57a2d4851a1d" />
    <TestEntry testId="f8564d11-851f-1aec-fd38-0846ef044d92" executionId="f1f8e67b-2251-4d9f-8609-a9cf32d2fb48" testListId="8c84fa94-04c1-424b-9868-57a2d4851a1d" />
    <TestEntry testId="fd4b7712-5c89-9fec-00e0-39fc0637aa09" executionId="a192e7a3-d39f-44f7-85f8-27d5d15e63ac" testListId="8c84fa94-04c1-424b-9868-57a2d4851a1d" />
    <TestEntry testId="77df817b-9777-b9a4-27f7-1a26a2bcce50" executionId="c2ad4649-719e-446f-9239-1c5cda49979c" testListId="8c84fa94-04c1-424b-9868-57a2d4851a1d" />
    <TestEntry testId="b4bb936a-83cf-859b-7608-65f07e8397f5" executionId="af08d441-631e-480c-95fb-666d4ce68a92" testListId="8c84fa94-04c1-424b-9868-57a2d4851a1d" />
    <TestEntry testId="7f6d97a4-d2df-a67d-0368-ea8ebdd5e24c" executionId="060c4397-4884-4784-9312-545481da3485" testListId="8c84fa94-04c1-424b-9868-57a2d4851a1d" />
    <TestEntry testId="8b6d58c3-c2bc-a9f5-75ab-42d01fa79a8b" executionId="7f9a9187-9b72-48a4-bc58-e8d11787e8b8" testListId="8c84fa94-04c1-424b-9868-57a2d4851a1d" />
    <TestEntry testId="f16734e9-b67e-92f4-6da0-b8b9ac1fb361" executionId="12355f68-d67d-4522-a7ee-03477f992d77" testListId="8c84fa94-04c1-424b-9868-57a2d4851a1d" />
  </TestEntries>
  <TestLists>
    <TestList name="Les résultats ne figurent pas dans une liste" id="8c84fa94-04c1-424b-9868-57a2d4851a1d" />
    <TestList name="Tous les résultats chargés" id="19431567-8539-422a-85d7-44ee4e166bda" />
  </TestLists>
  <ResultSummary outcome="Completed">
    <Counters total="418" executed="418" passed="418" failed="0" error="0" timeout="0" aborted="0" inconclusive="0" passedButRunAborted="0" notRunnable="0" notExecuted="0" disconnected="0" warning="0" completed="0" inProgress="0" pending="0" />
    <Output>
      <StdOut>[xUnit.net 00:00:00.00] xUnit.net VSTest Adapter v2.8.2+699d445a1a (64-bit .NET 9.0.14)&#xD;
[xUnit.net 00:00:00.17]   Discovering: TheEnd.Tests&#xD;
[xUnit.net 00:00:00.85]   Discovered:  TheEnd.Tests&#xD;
[xUnit.net 00:00:00.87]   Starting:    TheEnd.Tests&#xD;
\u001b[1m[08:19:41]\u001b[0m \u001b[38;2;255;80;80m\u001b[1m[ERROR]\u001b[0m Water surface could not rebuild; the last compatible pool stays active.&#xD;
System.InvalidOperationException: synthetic water contour failure&#xD;
[xUnit.net 00:00:01.22]   Finished:    TheEnd.Tests&#xD;
</StdOut>
    </Output>
  </ResultSummary>
</TestRun>