<?xml version="1.0" encoding="utf-8"?>
<TestRun id="22aaa8b6-0abb-4472-b1d8-04b394fef1af" name="anaki@ROLEPLAY-GAMER 2026-09-13 12:27:42" runUser="ROLEPLAY-GAMER\anaki" xmlns="http://microsoft.com/schemas/VisualStudio/TeamTest/2010">
  <Times creation="2026-09-13T12:27:42.2167541+02:00" queuing="2026-09-13T12:27:42.2167544+02:00" start="2026-09-13T12:27:41.3903499+02:00" finish="2026-09-13T12:27:43.1686622+02:00" />
  <TestSettings name="default" id="044fb8d9-c1c2-49b8-b08a-1d863d8c832e">
    <Deployment runDeploymentRoot="anaki_ROLEPLAY-GAMER_2026-09-13_12_27_42" />
  </TestSettings>
  <Results>
    <UnitTestResult executionId="b92f200c-7cca-487d-a421-8d3ab203fc00" testId="606c63ee-d154-9d65-b643-c1cbe514f6e7" testName="TheEnd.Tests.Input.WallGestureInputTests.OneCellGap_KeepsTheOriginalCarrierTangent" computerName="ROLEPLAY-GAMER" duration="00:00:00.0007254" startTime="2026-09-13T12:27:42.2549995+02:00" endTime="2026-09-13T12:27:42.2549996+02:00" testType="13cdc9d9-ddb5-4fa4-a97d-d965ccfc6d4b" outcome="Passed" testListId="8c84fa94-04c1-424b-9868-57a2d4851a1d" relativeResultsDirectory="b92f200c-7cca-487d-a421-8d3ab203fc00" />
    <UnitTestResult executionId="0bb50df6-22fd-43f2-b5e6-f790c73a5dd1" testId="8ef846f4-0eb0-e749-ef3e-de117a2c9aec" testName="TheEnd.Tests.Input.ActorModelInteractionTests.HeadAboveTheOldSquareCanBeSelectedOnlyInModelMode(rig: &quot;theend:rig/female-v2&quot;, cellSize: 48)" computerName="ROLEPLAY-GAMER" duration="00:00:00.6369449" startTime="2026-09-13T12:27:42.8200158+02:00" endTime="2026-09-13T12:27:42.8200161+02:00" testType="13cdc9d9-ddb5-4fa4-a97d-d965ccfc6d4b" outcome="Passed" testListId="8c84fa94-04c1-424b-9868-57a2d4851a1d" relativeResultsDirectory="0bb50df6-22fd-43f2-b5e6-f790c73a5dd1" />
    <UnitTestResult executionId="c7ba7fe0-980c-4288-b6b9-5d45255b49f7" testId="7716791a-b1d5-a2c3-5ad4-0f938fe61270" testName="TheEnd.Tests.UI.MoveOrderContextMenuTests.CurrentCellAndOutOfBoundsDestinationsStayInformativeWithoutACommand(x: 1, y: 2, reason: &quot;ui.orders.move.already-here&quot;)" computerName="ROLEPLAY-GAMER" duration="00:00:00.0055614" startTime="2026-09-13T12:27:42.2628353+02:00" endTime="2026-09-13T12:27:42.2628353+02:00" testType="13cdc9d9-ddb5-4fa4-a97d-d965ccfc6d4b" outcome="Passed" testListId="8c84fa94-04c1-424b-9868-57a2d4851a1d" relativeResultsDirectory="c7ba7fe0-980c-4288-b6b9-5d45255b49f7" />
    <UnitTestResult executionId="66b4b7ff-932d-427d-b943-ead5c5d01141" testId="6e965fb5-763a-6b59-55c2-7860590b4894" testName="TheEnd.Tests.UI.MoveOrderContextMenuTests.CurrentCellAndOutOfBoundsDestinationsStayInformativeWithoutACommand(x: -1, y: 2, reason: &quot;ui.orders.move.unreachable&quot;)" computerName="ROLEPLAY-GAMER" duration="00:00:00.0007626" startTime="2026-09-13T12:27:42.2650321+02:00" endTime="2026-09-13T12:27:42.2650321+02:00" testType="13cdc9d9-ddb5-4fa4-a97d-d965ccfc6d4b" outcome="Passed" testListId="8c84fa94-04c1-424b-9868-57a2d4851a1d" relativeResultsDirectory="66b4b7ff-932d-427d-b943-ead5c5d01141" />
    <UnitTestResult executionId="76a276f5-ccdc-478d-96fb-d57ce9363714" testId="c2ba35ec-95b7-6a98-bf04-dac878b6cad1" testName="TheEnd.Tests.UI.GameHudLayoutPolicyTests.HitRegionsFollowEveryArrangedPanel(width: 1366, height: 768, scale: 1,25)" computerName="ROLEPLAY-GAMER" duration="00:00:00.0000459" startTime="2026-09-13T12:27:42.2057364+02:00" endTime="2026-09-13T12:27:42.2057364+02:00" testType="13cdc9d9-ddb5-4fa4-a97d-d965ccfc6d4b" outcome="Passed" testListId="8c84fa94-04c1-424b-9868-57a2d4851a1d" relativeResultsDirectory="76a276f5-ccdc-478d-96fb-d57ce9363714" />
    <UnitTestResult executionId="6886f263-e4c9-495f-81a1-f088a8440985" testId="8bb70063-16da-be33-ca58-f113959867d3" testName="TheEnd.Tests.UI.VoiceBubbleLayoutTests.ScreenEdgesRetainWholeTextWhenOnlyTheSpeakersCentreIsVisible(x: 615, y: 25)" computerName="ROLEPLAY-GAMER" duration="00:00:00.0003213" startTime="2026-09-13T12:27:42.2721915+02:00" endTime="2026-09-13T12:27:42.2721916+02:00" testType="13cdc9d9-ddb5-4fa4-a97d-d965ccfc6d4b" outcome="Passed" testListId="8c84fa94-04c1-424b-9868-57a2d4851a1d" relativeResultsDirectory="6886f263-e4c9-495f-81a1-f088a8440985" />
    <UnitTestResult executionId="c3993a6e-8745-41d3-b046-71f7a675d9f4" testId="0be602a2-f6dc-0d7e-2a39-2608ca7d4c8c" testName="TheEnd.Tests.UI.CriticalAttentionTests.BreakReopensAlertAndRecoveryContinuesTheAcknowledgedEpisode" computerName="ROLEPLAY-GAMER" duration="00:00:00.0011689" startTime="2026-09-13T12:27:42.2743837+02:00" endTime="2026-09-13T12:27:42.2743838+02:00" testType="13cdc9d9-ddb5-4fa4-a97d-d965ccfc6d4b" outcome="Passed" testListId="8c84fa94-04c1-424b-9868-57a2d4851a1d" relativeResultsDirectory="c3993a6e-8745-41d3-b046-71f7a675d9f4" />
    <UnitTestResult executionId="c5a8d88a-04dc-4603-9dcb-79e4e571853b" testId="c3ee106e-665b-cf85-8434-c9a91eaf15ad" testName="TheEnd.Tests.UI.VoiceBubbleLayoutTests.AnOffscreenSpeakerDoesNotProduceADetachedBubble(x: 400, y: -0,100000001)" computerName="ROLEPLAY-GAMER" duration="00:00:00.0000039" startTime="2026-09-13T12:27:42.2738482+02:00" endTime="2026-09-13T12:27:42.2738482+02:00" testType="13cdc9d9-ddb5-4fa4-a97d-d965ccfc6d4b" outcome="Passed" testListId="8c84fa94-04c1-424b-9868-57a2d4851a1d" relativeResultsDirectory="c5a8d88a-04dc-4603-9dcb-79e4e571853b" />
    <UnitTestResult executionId="af0764a6-0fb8-434e-8ab7-ef550de92156" testId="98d5570a-f53d-baa4-dd09-8bc572a4a655" testName="TheEnd.Tests.Input.WallToolDeckBoundsTests.TheProducerRefusesAClosedRingThatLeavesTheDeck" computerName="ROLEPLAY-GAMER" duration="00:00:00.0004095" startTime="2026-09-13T12:27:42.2532430+02:00" endTime="2026-09-13T12:27:42.2532430+02:00" testType="13cdc9d9-ddb5-4fa4-a97d-d965ccfc6d4b" outcome="Passed" testListId="8c84fa94-04c1-424b-9868-57a2d4851a1d" relativeResultsDirectory="af0764a6-0fb8-434e-8ab7-ef550de92156" />
    <UnitTestResult executionId="8c9a40ab-6ea9-4c28-abe3-36cf799311c9" testId="e13cda9a-bc58-49c1-4f9d-41dd032e48d9" testName="TheEnd.Tests.UI.EpithetHudTests.EveryEpithetActionRemainsReachableThroughTheMeasuredDossierScroll(width: 1280, height: 800, scale: 1)" computerName="ROLEPLAY-GAMER" duration="00:00:00.0008345" startTime="2026-09-13T12:27:42.2773886+02:00" endTime="2026-09-13T12:27:42.2773886+02:00" testType="13cdc9d9-ddb5-4fa4-a97d-d965ccfc6d4b" outcome="Passed" testListId="8c84fa94-04c1-424b-9868-57a2d4851a1d" relativeResultsDirectory="8c9a40ab-6ea9-4c28-abe3-36cf799311c9" />
    <UnitTestResult executionId="bb1490ee-f2f6-49e1-b66c-de34638a2e9f" testId="d27f5a5d-d4a5-9994-d572-d22e7411ffd6" testName="TheEnd.Tests.UI.GameHudLayoutPolicyTests.HitRegionsFollowEveryArrangedPanel(width: 3440, height: 1440, scale: 1,25)" computerName="ROLEPLAY-GAMER" duration="00:00:00.0000843" startTime="2026-09-13T12:27:42.2056921+02:00" endTime="2026-09-13T12:27:42.2056921+02:00" testType="13cdc9d9-ddb5-4fa4-a97d-d965ccfc6d4b" outcome="Passed" testListId="8c84fa94-04c1-424b-9868-57a2d4851a1d" relativeResultsDirectory="bb1490ee-f2f6-49e1-b66c-de34638a2e9f" />
    <UnitTestResult executionId="13fe1fd6-a21d-4854-8917-1b657a35ca65" testId="b229e970-5036-2272-e54e-6d03db433321" testName="TheEnd.Tests.UI.CharacterHudInputTests.GameInputArrangeWithoutFocusPreservationLeavesCameraAloneDuringResize" computerName="ROLEPLAY-GAMER" duration="00:00:00.0004159" startTime="2026-09-13T12:27:42.2910989+02:00" endTime="2026-09-13T12:27:42.2910993+02:00" testType="13cdc9d9-ddb5-4fa4-a97d-d965ccfc6d4b" outcome="Passed" testListId="8c84fa94-04c1-424b-9868-57a2d4851a1d" relativeResultsDirectory="13fe1fd6-a21d-4854-8917-1b657a35ca65" />
    <UnitTestResult executionId="82944dee-3ce9-4759-bbff-a626391b055a" testId="02b68116-f275-6499-d66f-5f0685cbee9f" testName="TheEnd.Tests.UI.GameHudLayoutPolicyTests.CriticalSurfacesNeverOverlap(width: 3840, height: 2160, scale: 1,25)" computerName="ROLEPLAY-GAMER" duration="00:00:00.0000282" startTime="2026-09-13T12:27:42.2463566+02:00" endTime="2026-09-13T12:27:42.2463566+02:00" testType="13cdc9d9-ddb5-4fa4-a97d-d965ccfc6d4b" outcome="Passed" testListId="8c84fa94-04c1-424b-9868-57a2d4851a1d" relativeResultsDirectory="82944dee-3ce9-4759-bbff-a626391b055a" />
    <UnitTestResult executionId="228f0e6c-db79-4144-917c-8e3a8ddf74a1" testId="07777d7a-6d8e-05bf-0584-7f8e1ee560ed" testName="TheEnd.Tests.UI.UiDisplaySettingsTests.UiScale_AcceptsMultiplierOrPercentageInsideTheSupportedEnvelope(value: null, expected: 1)" computerName="ROLEPLAY-GAMER" duration="00:00:00.0000219" startTime="2026-09-13T12:27:42.2503143+02:00" endTime="2026-09-13T12:27:42.2503144+02:00" testType="13cdc9d9-ddb5-4fa4-a97d-d965ccfc6d4b" outcome="Passed" testListId="8c84fa94-04c1-424b-9868-57a2d4851a1d" relativeResultsDirectory="228f0e6c-db79-4144-917c-8e3a8ddf74a1" />
    <UnitTestResult executionId="c1ef4b0b-09cd-44d4-8368-f12079ff16cb" testId="1b36f61c-3b48-127c-8e52-c11cd9df464e" testName="TheEnd.Tests.UI.GameHudLayoutPolicyTests.EverySurfaceStaysInsideTheViewport(width: 2560, height: 1440, scale: 1,5)" computerName="ROLEPLAY-GAMER" duration="00:00:00.0000397" startTime="2026-09-13T12:27:42.2068860+02:00" endTime="2026-09-13T12:27:42.2068861+02:00" testType="13cdc9d9-ddb5-4fa4-a97d-d965ccfc6d4b" outcome="Passed" testListId="8c84fa94-04c1-424b-9868-57a2d4851a1d" relativeResultsDirectory="c1ef4b0b-09cd-44d4-8368-f12079ff16cb" />
    <UnitTestResult executionId="2078d356-acb7-41a1-b211-1ba54a964446" testId="180ebfd9-aa3c-948c-3691-53eba5efcf49" testName="TheEnd.Tests.UI.UiLocalizationTests.FirstLaunchUsesSupportedSystemLanguageOrEnglish(culture: &quot;fr-FR&quot;, expected: &quot;fr&quot;)" computerName="ROLEPLAY-GAMER" duration="00:00:00.0004862" startTime="2026-09-13T12:27:42.2662250+02:00" endTime="2026-09-13T12:27:42.2662251+02:00" testType="13cdc9d9-ddb5-4fa4-a97d-d965ccfc6d4b" outcome="Passed" testListId="8c84fa94-04c1-424b-9868-57a2d4851a1d" relativeResultsDirectory="2078d356-acb7-41a1-b211-1ba54a964446" />
    <UnitTestResult executionId="c5e50263-9de7-4f9e-8e2c-b7ad34bd16af" testId="e6eddab4-5873-65f8-8755-beeaae5d2acf" testName="TheEnd.Tests.UI.DisplaySettingsHudTests.FailedSaveKeepsTheLiveChoiceAndReportsItInThePanel" computerName="ROLEPLAY-GAMER" duration="00:00:00.0168248" startTime="2026-09-13T12:27:42.2898643+02:00" endTime="2026-09-13T12:27:42.2898644+02:00" testType="13cdc9d9-ddb5-4fa4-a97d-d965ccfc6d4b" outcome="Passed" testListId="8c84fa94-04c1-424b-9868-57a2d4851a1d" relativeResultsDirectory="c5e50263-9de7-4f9e-8e2c-b7ad34bd16af" />
    <UnitTestResult executionId="68ae1fe1-18fb-4a3c-b313-1fafd010f12d" testId="f5796e38-2443-36a2-4906-9c3be2d766b1" testName="TheEnd.Tests.UI.CharacterLabelCacheTests.LoadingAnEmptyWorldReleasesThePreviousRosterBeforeAnyLabelIsRequested" computerName="ROLEPLAY-GAMER" duration="00:00:00.0004404" startTime="2026-09-13T12:27:42.2649733+02:00" endTime="2026-09-13T12:27:42.2649734+02:00" testType="13cdc9d9-ddb5-4fa4-a97d-d965ccfc6d4b" outcome="Passed" testListId="8c84fa94-04c1-424b-9868-57a2d4851a1d" relativeResultsDirectory="68ae1fe1-18fb-4a3c-b313-1fafd010f12d" />
    <UnitTestResult executionId="0928132d-0a72-4b9f-b0c6-9b951099c8b8" testId="1b2c7a69-ab02-36ab-5431-ed13ddf3ef2c" testName="TheEnd.Tests.UI.VoicePresentationStateTests.ProjectionAndPlacementNeverMutateTheCanonicalEventsOrExposeAWritableLineList" computerName="ROLEPLAY-GAMER" duration="00:00:00.0010328" startTime="2026-09-13T12:27:43.1134675+02:00" endTime="2026-09-13T12:27:43.1134676+02:00" testType="13cdc9d9-ddb5-4fa4-a97d-d965ccfc6d4b" outcome="Passed" testListId="8c84fa94-04c1-424b-9868-57a2d4851a1d" relativeResultsDirectory="0928132d-0a72-4b9f-b0c6-9b951099c8b8" />
    <UnitTestResult executionId="03018f01-5ddb-4a08-a173-4d51d43fa5c5" testId="27787a8d-8150-f30e-e309-0df49254ca82" testName="TheEnd.Tests.UI.JournalHudTests.EveryEventBeyond128RemainsReachableInBoundedWindows" computerName="ROLEPLAY-GAMER" duration="00:00:00.0012696" startTime="2026-09-13T12:27:42.2789205+02:00" endTime="2026-09-13T12:27:42.2789206+02:00" testType="13cdc9d9-ddb5-4fa4-a97d-d965ccfc6d4b" outcome="Passed" testListId="8c84fa94-04c1-424b-9868-57a2d4851a1d" relativeResultsDirectory="03018f01-5ddb-4a08-a173-4d51d43fa5c5" />
    <UnitTestResult executionId="16371b21-611e-4131-b07c-1f2f8d979a98" testId="5b6127d0-c07f-1b86-cf7a-ecc9acb728ed" testName="TheEnd.Tests.UI.GameHudLayoutPolicyTests.PanelWidthsStayUnderTheirAuthoredMaximum(width: 3840, height: 2160, scale: 1,25)" computerName="ROLEPLAY-GAMER" duration="00:00:00.0000061" startTime="2026-09-13T12:27:42.2324476+02:00" endTime="2026-09-13T12:27:42.2324476+02:00" testType="13cdc9d9-ddb5-4fa4-a97d-d965ccfc6d4b" outcome="Passed" testListId="8c84fa94-04c1-424b-9868-57a2d4851a1d" relativeResultsDirectory="16371b21-611e-4131-b07c-1f2f8d979a98" />
    <UnitTestResult executionId="58174c17-f744-414e-9238-abaaf2ebbdc5" testId="fac9083c-7bb2-6619-92fa-572ac4e81c97" testName="TheEnd.Tests.UI.HudActionMapTests.EveryInteractiveControlMapsToADeviceIndependentAction(target: 6, expected: 5)" computerName="ROLEPLAY-GAMER" duration="00:00:00.0000009" startTime="2026-09-13T12:27:42.2513102+02:00" endTime="2026-09-13T12:27:42.2513103+02:00" testType="13cdc9d9-ddb5-4fa4-a97d-d965ccfc6d4b" outcome="Passed" testListId="8c84fa94-04c1-424b-9868-57a2d4851a1d" relativeResultsDirectory="58174c17-f744-414e-9238-abaaf2ebbdc5" />
    <UnitTestResult executionId="80a52674-e8b2-4d6a-8f59-7aa6037f20d6" testId="fd3630df-e99c-a1d3-24cd-a00e3f732259" testName="TheEnd.Tests.UI.CharacterHudInputTests.KeyboardActivationCancelsOnlyTheExactSoulPointerCapture" computerName="ROLEPLAY-GAMER" duration="00:00:00.0006824" startTime="2026-09-13T12:27:42.3122707+02:00" endTime="2026-09-13T12:27:42.3122708+02:00" testType="13cdc9d9-ddb5-4fa4-a97d-d965ccfc6d4b" outcome="Passed" testListId="8c84fa94-04c1-424b-9868-57a2d4851a1d" relativeResultsDirectory="80a52674-e8b2-4d6a-8f59-7aa6037f20d6" />
    <UnitTestResult executionId="269328f2-3391-4557-9aa5-b376a769e0a5" testId="935b8824-01d4-2622-edaa-c673d0294ed2" testName="TheEnd.Tests.UI.DisplaySettingsHudTests.ExplicitSettingsRemainInMemoryWithoutCreatingPreferenceFiles" computerName="ROLEPLAY-GAMER" duration="00:00:00.0002128" startTime="2026-09-13T12:27:42.3131704+02:00" endTime="2026-09-13T12:27:42.3131705+02:00" testType="13cdc9d9-ddb5-4fa4-a97d-d965ccfc6d4b" outcome="Passed" testListId="8c84fa94-04c1-424b-9868-57a2d4851a1d" relativeResultsDirectory="269328f2-3391-4557-9aa5-b376a769e0a5" />
    <UnitTestResult executionId="782d9b4e-a76a-4a28-821f-71b4c4e2112c" testId="9ccdedc5-47ac-74bc-87f3-f0296336a6c0" testName="TheEnd.Tests.UI.UiLocalizationTests.FirstLaunchUsesSupportedSystemLanguageOrEnglish(culture: &quot;en-US&quot;, expected: &quot;en&quot;)" computerName="ROLEPLAY-GAMER" duration="00:00:00.0001403" startTime="2026-09-13T12:27:42.2666208+02:00" endTime="2026-09-13T12:27:42.2666208+02:00" testType="13cdc9d9-ddb5-4fa4-a97d-d965ccfc6d4b" outcome="Passed" testListId="8c84fa94-04c1-424b-9868-57a2d4851a1d" relativeResultsDirectory="782d9b4e-a76a-4a28-821f-71b4c4e2112c" />
    <UnitTestResult executionId="580d62c1-2792-482a-a391-31cfae7456aa" testId="9a5996b5-a873-95a9-028d-9b0a07772635" testName="TheEnd.Tests.UI.CryopodContextMenuTests.OnlyASealedPodWithItsLivingDormantCanOfferTheAction(fault: &quot;founder&quot;)" computerName="ROLEPLAY-GAMER" duration="00:00:00.0006650" startTime="2026-09-13T12:27:42.2677818+02:00" endTime="2026-09-13T12:27:42.2677818+02:00" testType="13cdc9d9-ddb5-4fa4-a97d-d965ccfc6d4b" outcome="Passed" testListId="8c84fa94-04c1-424b-9868-57a2d4851a1d" relativeResultsDirectory="580d62c1-2792-482a-a391-31cfae7456aa" />
    <UnitTestResult executionId="dc8b171a-3ddb-41b9-878a-6eff3c0cb0ec" testId="65e78afd-6c6c-104b-49bb-6591ca78c13e" testName="TheEnd.Tests.UI.VoiceBubbleTextTests.ExplicitLineBreaksAndBlankLinesCountTowardTheThreeLineLimit(source: &quot;one\ntwo\nthree\n&quot;, fits: False, lines: 3)" computerName="ROLEPLAY-GAMER" duration="00:00:00.0000260" startTime="2026-09-13T12:27:42.2682402+02:00" endTime="2026-09-13T12:27:42.2682402+02:00" testType="13cdc9d9-ddb5-4fa4-a97d-d965ccfc6d4b" outcome="Passed" testListId="8c84fa94-04c1-424b-9868-57a2d4851a1d" relativeResultsDirectory="dc8b171a-3ddb-41b9-878a-6eff3c0cb0ec" />
    <UnitTestResult executionId="cd109aeb-e693-488a-be53-ba2cb0699d7f" testId="403cc831-7f82-1525-0f01-e629edbfbd18" testName="TheEnd.Tests.Localization.LocalizedTextTests.OfficialLanguagesHaveTheSameKeysAndNamedArguments" computerName="ROLEPLAY-GAMER" duration="00:00:00.0201192" startTime="2026-09-13T12:27:42.3431713+02:00" endTime="2026-09-13T12:27:42.3431715+02:00" testType="13cdc9d9-ddb5-4fa4-a97d-d965ccfc6d4b" outcome="Passed" testListId="8c84fa94-04c1-424b-9868-57a2d4851a1d" relativeResultsDirectory="cd109aeb-e693-488a-be53-ba2cb0699d7f" />
    <UnitTestResult executionId="e976a556-b745-4d7e-8f3a-a4c6f46ecc31" testId="3bd4c688-35ad-d99b-2557-bfebb82ed99d" testName="TheEnd.Tests.UI.VoiceBubbleTextTests.MeasuredWrapPreservesWholeWordsAtEveryUiScale(scale: 1,5)" computerName="ROLEPLAY-GAMER" duration="00:00:00.0001736" startTime="2026-09-13T12:27:42.2717191+02:00" endTime="2026-09-13T12:27:42.2717191+02:00" testType="13cdc9d9-ddb5-4fa4-a97d-d965ccfc6d4b" outcome="Passed" testListId="8c84fa94-04c1-424b-9868-57a2d4851a1d" relativeResultsDirectory="e976a556-b745-4d7e-8f3a-a4c6f46ecc31" />
    <UnitTestResult executionId="4e3de3f8-8af0-4390-86b8-780fdcb9a56a" testId="8908402e-ddb6-70e4-c09b-94f195275b06" testName="TheEnd.Tests.UI.VoicePresentationStateTests.StandaloneOrUnrelatedDiscussionsDoNotShortenEachOther(firstConversation: 0, secondConversation: 0)" computerName="ROLEPLAY-GAMER" duration="00:00:00.0002675" startTime="2026-09-13T12:27:43.1182184+02:00" endTime="2026-09-13T12:27:43.1182185+02:00" testType="13cdc9d9-ddb5-4fa4-a97d-d965ccfc6d4b" outcome="Passed" testListId="8c84fa94-04c1-424b-9868-57a2d4851a1d" relativeResultsDirectory="4e3de3f8-8af0-4390-86b8-780fdcb9a56a" />
    <UnitTestResult executionId="762502eb-2ed3-4c32-8cce-343590fb2356" testId="593a100d-b75a-7aa1-85eb-809ec7828460" testName="TheEnd.Tests.Input.KeyboardCameraPanTests.InvalidOrStoppedElapsedTimeCannotMoveTheCamera(elapsed: 0)" computerName="ROLEPLAY-GAMER" duration="00:00:00.0000062" startTime="2026-09-13T12:27:42.2030707+02:00" endTime="2026-09-13T12:27:42.2030708+02:00" testType="13cdc9d9-ddb5-4fa4-a97d-d965ccfc6d4b" outcome="Passed" testListId="8c84fa94-04c1-424b-9868-57a2d4851a1d" relativeResultsDirectory="762502eb-2ed3-4c32-8cce-343590fb2356" />
    <UnitTestResult executionId="29d633b5-4abb-4d85-b376-e0c5c135a847" testId="e0d482f1-8859-2b3f-61fb-0d0e513233ab" testName="TheEnd.Tests.UI.VoiceBubbleGeometryTests.InsetThoughtDotsRejectInvalidInsets(bubbleInset: 0, actorInset: -1)" computerName="ROLEPLAY-GAMER" duration="00:00:00.0000089" startTime="2026-09-13T12:27:42.2721319+02:00" endTime="2026-09-13T12:27:42.2721319+02:00" testType="13cdc9d9-ddb5-4fa4-a97d-d965ccfc6d4b" outcome="Passed" testListId="8c84fa94-04c1-424b-9868-57a2d4851a1d" relativeResultsDirectory="29d633b5-4abb-4d85-b376-e0c5c135a847" />
    <UnitTestResult executionId="cec9fd59-fac8-46af-8353-fdafc8f2890a" testId="5a6fbdd3-e14d-e46b-aac4-04c07207de58" testName="TheEnd.Tests.Input.GameActionControllerTests.PauseAndIncrementalActionsUseTheSharedTimeController" computerName="ROLEPLAY-GAMER" duration="00:00:00.0001931" startTime="2026-09-13T12:27:42.2521713+02:00" endTime="2026-09-13T12:27:42.2521713+02:00" testType="13cdc9d9-ddb5-4fa4-a97d-d965ccfc6d4b" outcome="Passed" testListId="8c84fa94-04c1-424b-9868-57a2d4851a1d" relativeResultsDirectory="cec9fd59-fac8-46af-8353-fdafc8f2890a" />
    <UnitTestResult executionId="4831b2ac-03d6-49de-aad8-453c334b784c" testId="3b69c944-5dc4-8c34-aa6a-f93eec7fbc71" testName="TheEnd.Tests.UI.GameHudLayoutPolicyTests.PanelWidthsStayUnderTheirAuthoredMaximum(width: 1280, height: 720, scale: 1,25)" computerName="ROLEPLAY-GAMER" duration="00:00:00.0000028" startTime="2026-09-13T12:27:42.2326769+02:00" endTime="2026-09-13T12:27:42.2326770+02:00" testType="13cdc9d9-ddb5-4fa4-a97d-d965ccfc6d4b" outcome="Passed" testListId="8c84fa94-04c1-424b-9868-57a2d4851a1d" relativeResultsDirectory="4831b2ac-03d6-49de-aad8-453c334b784c" />
    <UnitTestResult executionId="34b52215-b734-4096-82b3-b7e1bb83b220" testId="31d40ce7-b343-ab1e-3300-5b70b2ab9b48" testName="TheEnd.Tests.UI.NarrativeTextTests.MissingNamesAreResolvedOnlyFromTheSuppliedDossier" computerName="ROLEPLAY-GAMER" duration="00:00:00.0020530" startTime="2026-09-13T12:27:42.2650820+02:00" endTime="2026-09-13T12:27:42.2650821+02:00" testType="13cdc9d9-ddb5-4fa4-a97d-d965ccfc6d4b" outcome="Passed" testListId="8c84fa94-04c1-424b-9868-57a2d4851a1d" relativeResultsDirectory="34b52215-b734-4096-82b3-b7e1bb83b220" />
    <UnitTestResult executionId="2832fc42-e5a8-4ae8-a568-cfa820b82355" testId="3f1fa6de-2803-919c-1135-df6691ebb986" testName="TheEnd.Tests.UI.VoiceBubbleGeometryTests.HighlightedTokensReserveTheDrawnSquareWithoutAddingAnotherMargin(cellSize: 48, uiScale: 1, expectedSelectionHalfExtent: 30,7199993, expectedWidth: 61,4399986)" computerName="ROLEPLAY-GAMER" duration="00:00:00.0000020" startTime="2026-09-13T12:27:42.2654799+02:00" endTime="2026-09-13T12:27:42.2654799+02:00" testType="13cdc9d9-ddb5-4fa4-a97d-d965ccfc6d4b" outcome="Passed" testListId="8c84fa94-04c1-424b-9868-57a2d4851a1d" relativeResultsDirectory="2832fc42-e5a8-4ae8-a568-cfa820b82355" />
    <UnitTestResult executionId="2b1dce65-e666-427b-8a51-113912b045d5" testId="49125535-dec5-76ef-f9ba-2394e7b4aa45" testName="TheEnd.Tests.UI.NarrativeGameInputTests.DraggingAWindowTransfersKeyboardScrollingAndKeyboardOpenBringsJournalForward" computerName="ROLEPLAY-GAMER" duration="00:00:00.0069540" startTime="2026-09-13T12:27:42.4363720+02:00" endTime="2026-09-13T12:27:42.4363722+02:00" testType="13cdc9d9-ddb5-4fa4-a97d-d965ccfc6d4b" outcome="Passed" testListId="8c84fa94-04c1-424b-9868-57a2d4851a1d" relativeResultsDirectory="2b1dce65-e666-427b-8a51-113912b045d5" />
    <UnitTestResult executionId="8078f06e-76c5-441c-9eb8-3320b91f8c4a" testId="93a9394f-e020-c80c-2da8-1b541ff9c79b" testName="TheEnd.Tests.UI.SocialPresentationStateTests.RealPromotionCanFlourishWithoutWaitingForAnotherProximityEntry" computerName="ROLEPLAY-GAMER" duration="00:00:00.0002910" startTime="2026-09-13T12:27:43.1049725+02:00" endTime="2026-09-13T12:27:43.1049726+02:00" testType="13cdc9d9-ddb5-4fa4-a97d-d965ccfc6d4b" outcome="Passed" testListId="8c84fa94-04c1-424b-9868-57a2d4851a1d" relativeResultsDirectory="8078f06e-76c5-441c-9eb8-3320b91f8c4a" />
    <UnitTestResult executionId="6409eb88-0fbb-4831-9670-baef5f203b50" testId="ab85d8a8-595a-b1ab-c498-6e4e91592643" testName="TheEnd.Tests.UI.HudActionMapTests.EveryInteractiveControlMapsToADeviceIndependentAction(target: 8, expected: 7)" computerName="ROLEPLAY-GAMER" duration="00:00:00.0000006" startTime="2026-09-13T12:27:42.2513328+02:00" endTime="2026-09-13T12:27:42.2513329+02:00" testType="13cdc9d9-ddb5-4fa4-a97d-d965ccfc6d4b" outcome="Passed" testListId="8c84fa94-04c1-424b-9868-57a2d4851a1d" relativeResultsDirectory="6409eb88-0fbb-4831-9670-baef5f203b50" />
    <UnitTestResult executionId="fcec5ecf-381e-46f4-8c1c-11eaecf88363" testId="3d2d520c-add5-b9a1-7b89-7a005352f1db" testName="TheEnd.Tests.UI.SocialPresentationStateTests.OnlyALivingVisibleStrongEdgeTellsItsEntryIntoProximity(kind: &quot;lost&quot;, expected: False)" computerName="ROLEPLAY-GAMER" duration="00:00:00.0001218" startTime="2026-09-13T12:27:43.1036847+02:00" endTime="2026-09-13T12:27:43.1036856+02:00" testType="13cdc9d9-ddb5-4fa4-a97d-d965ccfc6d4b" outcome="Passed" testListId="8c84fa94-04c1-424b-9868-57a2d4851a1d" relativeResultsDirectory="fcec5ecf-381e-46f4-8c1c-11eaecf88363" />
    <UnitTestResult executionId="6455611c-b100-422f-a615-c9a5114c3574" testId="56de1255-0d26-c3b7-146d-e3019cb6f4c1" testName="TheEnd.Tests.UI.UiTypographyContentTests.DefinitionsSelectRealBundledFacesWithoutSyntheticStyling(definitionName: &quot;UI-Regular.spritefont&quot;, faceName: &quot;SourceSans3-Medium.ttf&quot;, expectedWeight: 500, expectedItalic: False)" computerName="ROLEPLAY-GAMER" duration="00:00:00.0004937" startTime="2026-09-13T12:27:42.2253601+02:00" endTime="2026-09-13T12:27:42.2253602+02:00" testType="13cdc9d9-ddb5-4fa4-a97d-d965ccfc6d4b" outcome="Passed" testListId="8c84fa94-04c1-424b-9868-57a2d4851a1d" relativeResultsDirectory="6455611c-b100-422f-a615-c9a5114c3574" />
    <UnitTestResult executionId="8321e615-9cc3-4064-8a95-12d61b400d61" testId="a00d38de-f4cd-8cd8-3348-b3246ff670f7" testName="TheEnd.Tests.UI.VoiceBubbleTextTests.AParagraphNeedingAFourthWrappedLineStaysJournalOnly" computerName="ROLEPLAY-GAMER" duration="00:00:00.0001494" startTime="2026-09-13T12:27:42.2726167+02:00" endTime="2026-09-13T12:27:42.2726168+02:00" testType="13cdc9d9-ddb5-4fa4-a97d-d965ccfc6d4b" outcome="Passed" testListId="8c84fa94-04c1-424b-9868-57a2d4851a1d" relativeResultsDirectory="8321e615-9cc3-4064-8a95-12d61b400d61" />
    <UnitTestResult executionId="40da31ea-5a64-4f10-9e2a-9f07e7ee19d4" testId="4276a572-5ddd-822b-f9b2-93001a398412" testName="TheEnd.Tests.UI.GameHudLayoutPolicyTests.EverySurfaceStaysInsideTheViewport(width: 3840, height: 2160, scale: 2)" computerName="ROLEPLAY-GAMER" duration="00:00:00.0002570" startTime="2026-09-13T12:27:42.2066160+02:00" endTime="2026-09-13T12:27:42.2066161+02:00" testType="13cdc9d9-ddb5-4fa4-a97d-d965ccfc6d4b" outcome="Passed" testListId="8c84fa94-04c1-424b-9868-57a2d4851a1d" relativeResultsDirectory="40da31ea-5a64-4f10-9e2a-9f07e7ee19d4" />
    <UnitTestResult executionId="ec202dd7-5d4f-4a1c-a79c-310f80f62bf6" testId="8c4140a3-04f1-eb38-5782-e2b710b37621" testName="TheEnd.Tests.Input.TimeControllerTests.AConcreteSpeedCanBeSelectedWhilePaused(speed: 5)" computerName="ROLEPLAY-GAMER" duration="00:00:00.0000059" startTime="2026-09-13T12:27:42.2030586+02:00" endTime="2026-09-13T12:27:42.2030586+02:00" testType="13cdc9d9-ddb5-4fa4-a97d-d965ccfc6d4b" outcome="Passed" testListId="8c84fa94-04c1-424b-9868-57a2d4851a1d" relativeResultsDirectory="ec202dd7-5d4f-4a1c-a79c-310f80f62bf6" />
    <UnitTestResult executionId="cd35dc22-68d6-46a6-b526-7c7c6b8044d5" testId="70c80bed-32ac-4163-eaaf-0c51da7bde41" testName="TheEnd.Tests.Input.TimeControllerTests.AConcreteSpeedCanBeSelectedWhilePaused(speed: 1)" computerName="ROLEPLAY-GAMER" duration="00:00:00.0002559" startTime="2026-09-13T12:27:42.2022423+02:00" endTime="2026-09-13T12:27:42.2022424+02:00" testType="13cdc9d9-ddb5-4fa4-a97d-d965ccfc6d4b" outcome="Passed" testListId="8c84fa94-04c1-424b-9868-57a2d4851a1d" relativeResultsDirectory="cd35dc22-68d6-46a6-b526-7c7c6b8044d5" />
    <UnitTestResult executionId="a1643148-d02f-43b3-897d-48e937aaf180" testId="5aef3e6a-4651-3866-9ea7-21aa1b2c524e" testName="TheEnd.Tests.UI.UiTypographyContentTests.EveryDefinitionBakesTheUiPunctuationItClaimsToDisplay(definitionName: &quot;UI-Regular.spritefont&quot;)" computerName="ROLEPLAY-GAMER" duration="00:00:00.0002290" startTime="2026-09-13T12:27:42.2481865+02:00" endTime="2026-09-13T12:27:42.2481865+02:00" testType="13cdc9d9-ddb5-4fa4-a97d-d965ccfc6d4b" outcome="Passed" testListId="8c84fa94-04c1-424b-9868-57a2d4851a1d" relativeResultsDirectory="a1643148-d02f-43b3-897d-48e937aaf180" />
    <UnitTestResult executionId="8f9aa968-3919-49f2-91ea-bd919230bcec" testId="160c96de-be07-cad1-37e8-ea5656d1dedb" testName="TheEnd.Tests.UI.NarrativeGameInputTests.ClickingOutsideTheCryopodContextConsumesTheGestureWithoutSelectingOrOrdering" computerName="ROLEPLAY-GAMER" duration="00:00:00.0169103" startTime="2026-09-13T12:27:42.4792943+02:00" endTime="2026-09-13T12:27:42.4792945+02:00" testType="13cdc9d9-ddb5-4fa4-a97d-d965ccfc6d4b" outcome="Passed" testListId="8c84fa94-04c1-424b-9868-57a2d4851a1d" relativeResultsDirectory="8f9aa968-3919-49f2-91ea-bd919230bcec" />
    <UnitTestResult executionId="0c69629c-b56e-46af-8a1f-14a15bb6a25c" testId="06476c06-aae9-75f5-95e7-8e5d0cb17a1f" testName="TheEnd.Tests.Localization.LocalizedTextTests.InvalidPackFailsWithAUsefulDiagnostic(json: &quot;{\&quot;sample.bad\&quot;:42}&quot;)" computerName="ROLEPLAY-GAMER" duration="00:00:00.0046856" startTime="2026-09-13T12:27:42.2801432+02:00" endTime="2026-09-13T12:27:42.2801433+02:00" testType="13cdc9d9-ddb5-4fa4-a97d-d965ccfc6d4b" outcome="Passed" testListId="8c84fa94-04c1-424b-9868-57a2d4851a1d" relativeResultsDirectory="0c69629c-b56e-46af-8a1f-14a15bb6a25c" />
    <UnitTestResult executionId="9e86d143-91a8-4835-ae68-3e7a62bfdf13" testId="a9e3edd0-c399-950d-10a4-8fea44a43db8" testName="TheEnd.Tests.UI.VoiceBubbleLayoutTests.MovingNeighboursCanPassBehindTheBubbleWithoutMovingIt" computerName="ROLEPLAY-GAMER" duration="00:00:00.0011201" startTime="2026-09-13T12:27:42.2777153+02:00" endTime="2026-09-13T12:27:42.2777153+02:00" testType="13cdc9d9-ddb5-4fa4-a97d-d965ccfc6d4b" outcome="Passed" testListId="8c84fa94-04c1-424b-9868-57a2d4851a1d" relativeResultsDirectory="9e86d143-91a8-4835-ae68-3e7a62bfdf13" />
    <UnitTestResult executionId="6486f96d-83c9-4a97-b705-524a8a2791ee" testId="4e04bba7-f6bb-b127-86c5-24f355760fe9" testName="TheEnd.Tests.UI.LocalizedPresentationTests.JournalRetranslatesKnownSpeechButPreservesMissingTranslationsAndNames" computerName="ROLEPLAY-GAMER" duration="00:00:00.0073875" startTime="2026-09-13T12:27:42.2637476+02:00" endTime="2026-09-13T12:27:42.2637477+02:00" testType="13cdc9d9-ddb5-4fa4-a97d-d965ccfc6d4b" outcome="Passed" testListId="8c84fa94-04c1-424b-9868-57a2d4851a1d" relativeResultsDirectory="6486f96d-83c9-4a97-b705-524a8a2791ee" />
    <UnitTestResult executionId="721f9b57-2cfc-4e7b-b960-6713b03a1493" testId="801176c1-0261-37c9-4e71-76ea71ff9675" testName="TheEnd.Tests.Input.TimeControllerTests.AConcreteSpeedCanBeSelectedWhilePaused(speed: 3)" computerName="ROLEPLAY-GAMER" duration="00:00:00.0000043" startTime="2026-09-13T12:27:42.2031024+02:00" endTime="2026-09-13T12:27:42.2031024+02:00" testType="13cdc9d9-ddb5-4fa4-a97d-d965ccfc6d4b" outcome="Passed" testListId="8c84fa94-04c1-424b-9868-57a2d4851a1d" relativeResultsDirectory="721f9b57-2cfc-4e7b-b960-6713b03a1493" />
    <UnitTestResult executionId="db20d5cf-1231-4231-884a-e52a27ebcfd8" testId="2933e44c-05ee-f688-db92-9ce685c91874" testName="TheEnd.Tests.UI.CharacterDossierContentTests.EquivalentVisibleValuesDoNotReflowAcrossOneHundredFreshSnapshots" computerName="ROLEPLAY-GAMER" duration="00:00:00.0061678" startTime="2026-09-13T12:27:42.3186740+02:00" endTime="2026-09-13T12:27:42.3186742+02:00" testType="13cdc9d9-ddb5-4fa4-a97d-d965ccfc6d4b" outcome="Passed" testListId="8c84fa94-04c1-424b-9868-57a2d4851a1d" relativeResultsDirectory="db20d5cf-1231-4231-884a-e52a27ebcfd8" />
    <UnitTestResult executionId="119cb800-f076-4edf-8b1c-cfa57b4ed8ea" testId="83a04576-0dda-6073-9407-fac7a7f53e9c" testName="TheEnd.Tests.Input.DeckCameraMemoryTests.RememberedDeckRestoresIntoTheCurrentReadableArea" computerName="ROLEPLAY-GAMER" duration="00:00:00.0002898" startTime="2026-09-13T12:27:42.2035678+02:00" endTime="2026-09-13T12:27:42.2035680+02:00" testType="13cdc9d9-ddb5-4fa4-a97d-d965ccfc6d4b" outcome="Passed" testListId="8c84fa94-04c1-424b-9868-57a2d4851a1d" relativeResultsDirectory="119cb800-f076-4edf-8b1c-cfa57b4ed8ea" />
    <UnitTestResult executionId="d5dd8bc4-1490-48cb-8ae2-c239b8da103e" testId="79fe8873-41d4-d701-a90d-c2d8102da6a2" testName="TheEnd.Tests.UI.GameHudLayoutPolicyTests.HitRegionsFollowEveryArrangedPanel(width: 1920, height: 1080, scale: 1,5)" computerName="ROLEPLAY-GAMER" duration="00:00:00.0000291" startTime="2026-09-13T12:27:42.2051402+02:00" endTime="2026-09-13T12:27:42.2051402+02:00" testType="13cdc9d9-ddb5-4fa4-a97d-d965ccfc6d4b" outcome="Passed" testListId="8c84fa94-04c1-424b-9868-57a2d4851a1d" relativeResultsDirectory="d5dd8bc4-1490-48cb-8ae2-c239b8da103e" />
    <UnitTestResult executionId="35b452d8-f606-4b0e-9b10-5d3cc3c0f127" testId="9999fe34-fe28-2c6f-4e64-619664b51a66" testName="TheEnd.Tests.UI.VoiceBubbleLayoutTests.ReadableTextFitsTheMinimumViewportAtEveryUiScale(scale: 1)" computerName="ROLEPLAY-GAMER" duration="00:00:00.0001722" startTime="2026-09-13T12:27:42.2767754+02:00" endTime="2026-09-13T12:27:42.2767754+02:00" testType="13cdc9d9-ddb5-4fa4-a97d-d965ccfc6d4b" outcome="Passed" testListId="8c84fa94-04c1-424b-9868-57a2d4851a1d" relativeResultsDirectory="35b452d8-f606-4b0e-9b10-5d3cc3c0f127" />
    <UnitTestResult executionId="6d37174a-79c4-4da9-ab54-da6274dc9589" testId="c9cb7d8a-1a90-80df-e900-58eb73971269" testName="TheEnd.Tests.UI.CharacterHudInputTests.GameInputPanelOpeningAndClosingKeepsTheCameraFixed(closeWithEscape: False)" computerName="ROLEPLAY-GAMER" duration="00:00:00.0007024" startTime="2026-09-13T12:27:42.2880771+02:00" endTime="2026-09-13T12:27:42.2880772+02:00" testType="13cdc9d9-ddb5-4fa4-a97d-d965ccfc6d4b" outcome="Passed" testListId="8c84fa94-04c1-424b-9868-57a2d4851a1d" relativeResultsDirectory="6d37174a-79c4-4da9-ab54-da6274dc9589" />
    <UnitTestResult executionId="7c16ed3b-4db5-4111-b52b-b5d83f158aef" testId="ee9d6af8-c8ab-ab0e-4d0f-d8d359e62908" testName="TheEnd.Tests.Input.PlayerSelectionTests.ContainedPersonLeavesTheHitToTheirFixtureAndCannotReceiveOrders" computerName="ROLEPLAY-GAMER" duration="00:00:00.0008613" startTime="2026-09-13T12:27:42.2560028+02:00" endTime="2026-09-13T12:27:42.2560029+02:00" testType="13cdc9d9-ddb5-4fa4-a97d-d965ccfc6d4b" outcome="Passed" testListId="8c84fa94-04c1-424b-9868-57a2d4851a1d" relativeResultsDirectory="7c16ed3b-4db5-4111-b52b-b5d83f158aef" />
    <UnitTestResult executionId="cdd6be1b-d306-4c9f-a4e4-5437b045f9aa" testId="11d94cef-12d2-c492-9254-9f68dc6a83ab" testName="TheEnd.Tests.UI.GameHudLayoutPolicyTests.PanelWidthsStayUnderTheirAuthoredMaximum(width: 1366, height: 768, scale: 1)" computerName="ROLEPLAY-GAMER" duration="00:00:00.0000031" startTime="2026-09-13T12:27:42.2327806+02:00" endTime="2026-09-13T12:27:42.2327807+02:00" testType="13cdc9d9-ddb5-4fa4-a97d-d965ccfc6d4b" outcome="Passed" testListId="8c84fa94-04c1-424b-9868-57a2d4851a1d" relativeResultsDirectory="cdd6be1b-d306-4c9f-a4e4-5437b045f9aa" />
    <UnitTestResult executionId="bf21d8f6-0636-4693-9b03-ff6da0518fe5" testId="67340b33-8757-20d6-a9b6-0b7a58068a1f" testName="TheEnd.Tests.UI.CryopodContextMenuTests.InvalidSelectionCannotOfferAnOpening(state: &quot;fixture&quot;)" computerName="ROLEPLAY-GAMER" duration="00:00:00.0606042" startTime="2026-09-13T12:27:42.2531685+02:00" endTime="2026-09-13T12:27:42.2531685+02:00" testType="13cdc9d9-ddb5-4fa4-a97d-d965ccfc6d4b" outcome="Passed" testListId="8c84fa94-04c1-424b-9868-57a2d4851a1d" relativeResultsDirectory="bf21d8f6-0636-4693-9b03-ff6da0518fe5" />
    <UnitTestResult executionId="55e2e1fb-b39f-49ca-9a71-241bb4624830" testId="3d32b822-9a88-e997-57e8-547ab0d9ec3b" testName="TheEnd.Tests.Input.KeyboardCameraPanTests.OppositeKeysCancelAndReleaseOrSuppressionDiscardsTheFractionalRemainder" computerName="ROLEPLAY-GAMER" duration="00:00:00.0002331" startTime="2026-09-13T12:27:42.2063713+02:00" endTime="2026-09-13T12:27:42.2063714+02:00" testType="13cdc9d9-ddb5-4fa4-a97d-d965ccfc6d4b" outcome="Passed" testListId="8c84fa94-04c1-424b-9868-57a2d4851a1d" relativeResultsDirectory="55e2e1fb-b39f-49ca-9a71-241bb4624830" />
    <UnitTestResult executionId="36d858c4-f625-42dd-a026-37f839228bcc" testId="1ad6f10c-8f4f-8869-6a9a-e5afdfdc8cb8" testName="TheEnd.Tests.UI.OrderContextInputTests.AnUnavailableSelectionCannotOpenAMovementMenu(state: &quot;dead&quot;)" computerName="ROLEPLAY-GAMER" duration="00:00:00.0162986" startTime="2026-09-13T12:27:42.3897334+02:00" endTime="2026-09-13T12:27:42.3897336+02:00" testType="13cdc9d9-ddb5-4fa4-a97d-d965ccfc6d4b" outcome="Passed" testListId="8c84fa94-04c1-424b-9868-57a2d4851a1d" relativeResultsDirectory="36d858c4-f625-42dd-a026-37f839228bcc" />
    <UnitTestResult executionId="36c2be0c-d959-4bc0-8c80-509e699dd50f" testId="a97e9cd2-4abd-f019-b7e1-a7d68f8ddf5c" testName="TheEnd.Tests.UI.NarrativeGameInputTests.ZqsdPansWhilePausedWithoutArmingTheWallTool" computerName="ROLEPLAY-GAMER" duration="00:00:00.0065346" startTime="2026-09-13T12:27:42.4546924+02:00" endTime="2026-09-13T12:27:42.4546928+02:00" testType="13cdc9d9-ddb5-4fa4-a97d-d965ccfc6d4b" outcome="Passed" testListId="8c84fa94-04c1-424b-9868-57a2d4851a1d" relativeResultsDirectory="36c2be0c-d959-4bc0-8c80-509e699dd50f" />
    <UnitTestResult executionId="99b3a207-a4d9-467b-a796-12e65605b0ae" testId="99893417-0bca-63b3-9928-1c6b08967fcc" testName="TheEnd.Tests.UI.HudActionMapTests.EveryInteractiveControlMapsToADeviceIndependentAction(target: 1, expected: 8)" computerName="ROLEPLAY-GAMER" duration="00:00:00.0005233" startTime="2026-09-13T12:27:42.2512580+02:00" endTime="2026-09-13T12:27:42.2512580+02:00" testType="13cdc9d9-ddb5-4fa4-a97d-d965ccfc6d4b" outcome="Passed" testListId="8c84fa94-04c1-424b-9868-57a2d4851a1d" relativeResultsDirectory="99b3a207-a4d9-467b-a796-12e65605b0ae" />
    <UnitTestResult executionId="053a921b-e82f-4d44-9613-c2c78d42b943" testId="3b766c5e-36b5-d7ce-fbb6-ce184370c0c1" testName="TheEnd.Tests.UI.GameHudLayoutPolicyTests.CriticalSurfacesNeverOverlap(width: 3440, height: 1440, scale: 1)" computerName="ROLEPLAY-GAMER" duration="00:00:00.0000220" startTime="2026-09-13T12:27:42.2462222+02:00" endTime="2026-09-13T12:27:42.2462222+02:00" testType="13cdc9d9-ddb5-4fa4-a97d-d965ccfc6d4b" outcome="Passed" testListId="8c84fa94-04c1-424b-9868-57a2d4851a1d" relativeResultsDirectory="053a921b-e82f-4d44-9613-c2c78d42b943" />
    <UnitTestResult executionId="ab3d7c5a-2de0-4124-893e-f08d99f3fc15" testId="52fb8ac6-91d7-24c6-61be-c9c21f1165ce" testName="TheEnd.Tests.Systems.InputSystemTests.PlayerCannotOverrideAColonistsPersistedCryoExit" computerName="ROLEPLAY-GAMER" duration="00:00:00.0019505" startTime="2026-09-13T12:27:42.2530973+02:00" endTime="2026-09-13T12:27:42.2530974+02:00" testType="13cdc9d9-ddb5-4fa4-a97d-d965ccfc6d4b" outcome="Passed" testListId="8c84fa94-04c1-424b-9868-57a2d4851a1d" relativeResultsDirectory="ab3d7c5a-2de0-4124-893e-f08d99f3fc15" />
    <UnitTestResult executionId="816f6e35-c97a-482a-8e3d-850cd8e391c5" testId="dcce8404-ec0d-544c-a95c-cec231b88772" testName="TheEnd.Tests.UI.VoiceBubbleLayoutTests.StablePlacementDoesNotAllocatePerFrame" computerName="ROLEPLAY-GAMER" duration="00:00:00.0009817" startTime="2026-09-13T12:27:42.2744516+02:00" endTime="2026-09-13T12:27:42.2744516+02:00" testType="13cdc9d9-ddb5-4fa4-a97d-d965ccfc6d4b" outcome="Passed" testListId="8c84fa94-04c1-424b-9868-57a2d4851a1d" relativeResultsDirectory="816f6e35-c97a-482a-8e3d-850cd8e391c5" />
    <UnitTestResult executionId="d38f8d2d-bb31-45d8-ac0f-b37c763954cb" testId="278b7805-805e-7927-48db-023b3ca238fd" testName="TheEnd.Tests.UI.OrderContextInputTests.RightClickOnlyOffersTheOrderAndOneConfirmedClickQueuesExactlyOneMove(width: 1280, height: 720, scale: 2)" computerName="ROLEPLAY-GAMER" duration="00:00:00.0058454" startTime="2026-09-13T12:27:42.4338040+02:00" endTime="2026-09-13T12:27:42.4338043+02:00" testType="13cdc9d9-ddb5-4fa4-a97d-d965ccfc6d4b" outcome="Passed" testListId="8c84fa94-04c1-424b-9868-57a2d4851a1d" relativeResultsDirectory="d38f8d2d-bb31-45d8-ac0f-b37c763954cb" />
    <UnitTestResult executionId="c2f463a2-f87b-4907-8d5b-07a289ebe55d" testId="aa5041aa-4fd4-2804-71cf-a6c3ff7773aa" testName="TheEnd.Tests.UI.OrderContextInputTests.MovingTheCameraAndPointerCannotRetargetTheOpenOrder" computerName="ROLEPLAY-GAMER" duration="00:00:00.0068577" startTime="2026-09-13T12:27:42.4656894+02:00" endTime="2026-09-13T12:27:42.4656896+02:00" testType="13cdc9d9-ddb5-4fa4-a97d-d965ccfc6d4b" outcome="Passed" testListId="8c84fa94-04c1-424b-9868-57a2d4851a1d" relativeResultsDirectory="c2f463a2-f87b-4907-8d5b-07a289ebe55d" />
    <UnitTestResult executionId="f41cceac-f30e-4286-97e6-eeca90257b66" testId="0fba7fd0-0b88-eda7-3aa9-fb9d55a0e4db" testName="TheEnd.Tests.UI.UiTypographyContentTests.UiFacesBakeNearTheirRuntimeSize(definitionName: &quot;UI-Light.spritefont&quot;, expectedSize: 18)" computerName="ROLEPLAY-GAMER" duration="00:00:00.0004576" startTime="2026-09-13T12:27:42.2493954+02:00" endTime="2026-09-13T12:27:42.2493955+02:00" testType="13cdc9d9-ddb5-4fa4-a97d-d965ccfc6d4b" outcome="Passed" testListId="8c84fa94-04c1-424b-9868-57a2d4851a1d" relativeResultsDirectory="f41cceac-f30e-4286-97e6-eeca90257b66" />
    <UnitTestResult executionId="93b056d2-5f65-4258-80ce-ce2e286ddfec" testId="14e83fda-8251-2dd4-3b6d-5d7ff6631fd8" testName="TheEnd.Tests.UI.CharacterHudInputTests.InspectorCloseAndDossierStayDistinctAtEverySupportedScale(width: 1920, height: 1080, scale: 1)" computerName="ROLEPLAY-GAMER" duration="00:00:00.0000200" startTime="2026-09-13T12:27:42.2555604+02:00" endTime="2026-09-13T12:27:42.2555605+02:00" testType="13cdc9d9-ddb5-4fa4-a97d-d965ccfc6d4b" outcome="Passed" testListId="8c84fa94-04c1-424b-9868-57a2d4851a1d" relativeResultsDirectory="93b056d2-5f65-4258-80ce-ce2e286ddfec" />
    <UnitTestResult executionId="8876897b-65e7-4d5e-9e19-dfc223dc6d5d" testId="19c0fabf-247e-22cd-cb2e-c7aece7e05e5" testName="TheEnd.Tests.UI.FixtureInspectorContentTests.VacatedCryopodRetainsProvenanceWithoutAFalseLivingOccupant" computerName="ROLEPLAY-GAMER" duration="00:00:00.0018651" startTime="2026-09-13T12:27:42.2525291+02:00" endTime="2026-09-13T12:27:42.2525292+02:00" testType="13cdc9d9-ddb5-4fa4-a97d-d965ccfc6d4b" outcome="Passed" testListId="8c84fa94-04c1-424b-9868-57a2d4851a1d" relativeResultsDirectory="8876897b-65e7-4d5e-9e19-dfc223dc6d5d" />
    <UnitTestResult executionId="9bf063da-3551-48f2-8251-a3caf7645d31" testId="cc664e01-6ae5-a0d2-edfe-a868882fa48e" testName="TheEnd.Tests.UI.NarrativeGameInputTests.SettingsFocusAndScaleClickSurviveResizeWithoutTransferringAHeldPress" computerName="ROLEPLAY-GAMER" duration="00:00:00.0062771" startTime="2026-09-13T12:27:42.4856150+02:00" endTime="2026-09-13T12:27:42.4856151+02:00" testType="13cdc9d9-ddb5-4fa4-a97d-d965ccfc6d4b" outcome="Passed" testListId="8c84fa94-04c1-424b-9868-57a2d4851a1d" relativeResultsDirectory="9bf063da-3551-48f2-8251-a3caf7645d31" />
    <UnitTestResult executionId="f4c5f353-65cc-4d17-a1f3-32e0da9c5ebc" testId="a2e269fb-2748-f318-b839-5693ed3604ae" testName="TheEnd.Tests.UI.VoiceBubbleLayoutTests.ScreenEdgesRetainWholeTextWhenOnlyTheSpeakersCentreIsVisible(x: 639, y: 1)" computerName="ROLEPLAY-GAMER" duration="00:00:00.0000072" startTime="2026-09-13T12:27:42.2731817+02:00" endTime="2026-09-13T12:27:42.2731817+02:00" testType="13cdc9d9-ddb5-4fa4-a97d-d965ccfc6d4b" outcome="Passed" testListId="8c84fa94-04c1-424b-9868-57a2d4851a1d" relativeResultsDirectory="f4c5f353-65cc-4d17-a1f3-32e0da9c5ebc" />
    <UnitTestResult executionId="17e5666b-50fb-4dbd-bc71-933790565f2d" testId="894efdd5-f3fd-b789-0d67-d51cd98e10da" testName="TheEnd.Tests.UI.VoiceBubbleGeometryTests.ActorBoundsCoverTheFullSquareIncludingItsCentredBorder(cellSize: 48)" computerName="ROLEPLAY-GAMER" duration="00:00:00.0000079" startTime="2026-09-13T12:27:42.2662662+02:00" endTime="2026-09-13T12:27:42.2662663+02:00" testType="13cdc9d9-ddb5-4fa4-a97d-d965ccfc6d4b" outcome="Passed" testListId="8c84fa94-04c1-424b-9868-57a2d4851a1d" relativeResultsDirectory="17e5666b-50fb-4dbd-bc71-933790565f2d" />
    <UnitTestResult executionId="a75c5c1c-34d6-4623-abdf-7c252aa140ec" testId="a071ed18-929c-3de7-d931-df49e9c00d75" testName="TheEnd.Tests.UI.OrderContextInputTests.AnActorWhoBecomesUnavailableCannotReceiveThePreviouslyOfferedOrder(state: &quot;turned&quot;)" computerName="ROLEPLAY-GAMER" duration="00:00:00.0078680" startTime="2026-09-13T12:27:42.4217675+02:00" endTime="2026-09-13T12:27:42.4217677+02:00" testType="13cdc9d9-ddb5-4fa4-a97d-d965ccfc6d4b" outcome="Passed" testListId="8c84fa94-04c1-424b-9868-57a2d4851a1d" relativeResultsDirectory="a75c5c1c-34d6-4623-abdf-7c252aa140ec" />
    <UnitTestResult executionId="3d1a0d85-e73a-4c66-9907-caf4e1f54312" testId="3df96d7b-bad8-a31a-4944-1b770d46c1b0" testName="TheEnd.Tests.UI.VoiceBubbleTextTests.ReusingATextSlotStartsTheNewUtteranceWithAFreshAnchor" computerName="ROLEPLAY-GAMER" duration="00:00:00.0123294" startTime="2026-09-13T12:27:42.2670039+02:00" endTime="2026-09-13T12:27:42.2670039+02:00" testType="13cdc9d9-ddb5-4fa4-a97d-d965ccfc6d4b" outcome="Passed" testListId="8c84fa94-04c1-424b-9868-57a2d4851a1d" relativeResultsDirectory="3d1a0d85-e73a-4c66-9907-caf4e1f54312" />
    <UnitTestResult executionId="a4f00cbc-81d1-4ef6-a0fc-45a1bfc86df6" testId="344ec68e-349a-fe61-b047-7118082133d9" testName="TheEnd.Tests.UI.GameHudLayoutPolicyTests.CriticalSurfacesNeverOverlap(width: 3840, height: 2160, scale: 2)" computerName="ROLEPLAY-GAMER" duration="00:00:00.0004796" startTime="2026-09-13T12:27:42.2453080+02:00" endTime="2026-09-13T12:27:42.2453081+02:00" testType="13cdc9d9-ddb5-4fa4-a97d-d965ccfc6d4b" outcome="Passed" testListId="8c84fa94-04c1-424b-9868-57a2d4851a1d" relativeResultsDirectory="a4f00cbc-81d1-4ef6-a0fc-45a1bfc86df6" />
    <UnitTestResult executionId="b7bfdcd0-4d77-4943-8e7d-fdc7447b5855" testId="5c7b0a59-5259-394b-9296-570a2f655f96" testName="TheEnd.Tests.UI.JournalHudTests.TextIsMeasuredOnlyOnChangesAndLongEntriesRemainComplete" computerName="ROLEPLAY-GAMER" duration="00:00:00.0069881" startTime="2026-09-13T12:27:42.2766845+02:00" endTime="2026-09-13T12:27:42.2766845+02:00" testType="13cdc9d9-ddb5-4fa4-a97d-d965ccfc6d4b" outcome="Passed" testListId="8c84fa94-04c1-424b-9868-57a2d4851a1d" relativeResultsDirectory="b7bfdcd0-4d77-4943-8e7d-fdc7447b5855" />
    <UnitTestResult executionId="0d836162-09c0-4c6c-98c8-a01410bbe26b" testId="73791863-cb86-feec-64c2-fc1e2dfc8f58" testName="TheEnd.Tests.UI.VoiceBubbleGeometryTests.OutlinedThoughtTextKeepsSymmetricOpticalPadding" computerName="ROLEPLAY-GAMER" duration="00:00:00.0009154" startTime="2026-09-13T12:27:42.2669686+02:00" endTime="2026-09-13T12:27:42.2669686+02:00" testType="13cdc9d9-ddb5-4fa4-a97d-d965ccfc6d4b" outcome="Passed" testListId="8c84fa94-04c1-424b-9868-57a2d4851a1d" relativeResultsDirectory="0d836162-09c0-4c6c-98c8-a01410bbe26b" />
    <UnitTestResult executionId="029e2951-9cb4-4612-aeb1-791a97108e1d" testId="a56cb70a-407a-532b-a527-0f7ff2838e88" testName="TheEnd.Tests.UI.NarrativeGameInputTests.CriticalNavigationClosesSettingsSelectsAndCentersThePersonWithoutAnOrder" computerName="ROLEPLAY-GAMER" duration="00:00:00.0097152" startTime="2026-09-13T12:27:42.4198839+02:00" endTime="2026-09-13T12:27:42.4198841+02:00" testType="13cdc9d9-ddb5-4fa4-a97d-d965ccfc6d4b" outcome="Passed" testListId="8c84fa94-04c1-424b-9868-57a2d4851a1d" relativeResultsDirectory="029e2951-9cb4-4612-aeb1-791a97108e1d" />
    <UnitTestResult executionId="a09b174c-bc41-45de-a5e6-4968e67a4c9d" testId="8c7ab53e-4375-15e3-06ac-c5c982e8ecf9" testName="TheEnd.Tests.UI.GameHudLayoutPolicyTests.NonPositiveInputsAreRejected(width: 1280, height: 0, scale: 1)" computerName="ROLEPLAY-GAMER" duration="00:00:00.0002258" startTime="2026-09-13T12:27:42.2488780+02:00" endTime="2026-09-13T12:27:42.2488780+02:00" testType="13cdc9d9-ddb5-4fa4-a97d-d965ccfc6d4b" outcome="Passed" testListId="8c84fa94-04c1-424b-9868-57a2d4851a1d" relativeResultsDirectory="a09b174c-bc41-45de-a5e6-4968e67a4c9d" />
    <UnitTestResult executionId="7593d6db-7b36-4bda-bc66-a807d1928ef4" testId="39538d4e-1572-035b-ab17-e5d161315c56" testName="TheEnd.Tests.UI.OrderContextInputTests.ChangingTheViewedDeckInvalidatesTheMenuRatherThanReusingTheSameCoordinates" computerName="ROLEPLAY-GAMER" duration="00:00:00.0057653" startTime="2026-09-13T12:27:42.5740840+02:00" endTime="2026-09-13T12:27:42.5740841+02:00" testType="13cdc9d9-ddb5-4fa4-a97d-d965ccfc6d4b" outcome="Passed" testListId="8c84fa94-04c1-424b-9868-57a2d4851a1d" relativeResultsDirectory="7593d6db-7b36-4bda-bc66-a807d1928ef4" />
    <UnitTestResult executionId="6612e102-92d1-428f-842b-57143666f047" testId="d72d71f1-081c-4317-f310-55195a82f351" testName="TheEnd.Tests.Localization.LocalizedRoomNamesTests.EveryDomeLobeKeepsItsPersistedTypeAndRetranslatesWithoutChangingThePlan" computerName="ROLEPLAY-GAMER" duration="00:00:00.0212516" startTime="2026-09-13T12:27:42.2703934+02:00" endTime="2026-09-13T12:27:42.2703934+02:00" testType="13cdc9d9-ddb5-4fa4-a97d-d965ccfc6d4b" outcome="Passed" testListId="8c84fa94-04c1-424b-9868-57a2d4851a1d" relativeResultsDirectory="6612e102-92d1-428f-842b-57143666f047" />
    <UnitTestResult executionId="65ee843e-6e89-465c-92a3-1a575e66df44" testId="9c05b709-b94d-04b6-375e-24ea41376596" testName="TheEnd.Tests.Input.ActorModelInteractionTests.ClickAndSpeechFollowTheSameInFlightStepAsTheModel" computerName="ROLEPLAY-GAMER" duration="00:00:00.0024235" startTime="2026-09-13T12:27:42.8253715+02:00" endTime="2026-09-13T12:27:42.8253716+02:00" testType="13cdc9d9-ddb5-4fa4-a97d-d965ccfc6d4b" outcome="Passed" testListId="8c84fa94-04c1-424b-9868-57a2d4851a1d" relativeResultsDirectory="65ee843e-6e89-465c-92a3-1a575e66df44" />
    <UnitTestResult executionId="fe2e3125-83da-4790-83e3-547c6b3151f7" testId="29696a9e-9f9f-0349-de53-e2e6ebc3c320" testName="TheEnd.Tests.Input.KeyboardCameraPanTests.HeldKeysMoveTheWorldFocusInTheRequestedDirection(key: S, x: 0, y: 1)" computerName="ROLEPLAY-GAMER" duration="00:00:00.0000069" startTime="2026-09-13T12:27:42.2054131+02:00" endTime="2026-09-13T12:27:42.2054132+02:00" testType="13cdc9d9-ddb5-4fa4-a97d-d965ccfc6d4b" outcome="Passed" testListId="8c84fa94-04c1-424b-9868-57a2d4851a1d" relativeResultsDirectory="fe2e3125-83da-4790-83e3-547c6b3151f7" />
    <UnitTestResult executionId="4667c000-aa6b-41a4-812d-0f827ac16d91" testId="147e7215-d0db-4845-91d3-b8f245e2bcd4" testName="TheEnd.Tests.UI.GameHudLayoutPolicyTests.HitRegionsFollowEveryArrangedPanel(width: 1920, height: 1080, scale: 1)" computerName="ROLEPLAY-GAMER" duration="00:00:00.0000303" startTime="2026-09-13T12:27:42.2051903+02:00" endTime="2026-09-13T12:27:42.2051903+02:00" testType="13cdc9d9-ddb5-4fa4-a97d-d965ccfc6d4b" outcome="Passed" testListId="8c84fa94-04c1-424b-9868-57a2d4851a1d" relativeResultsDirectory="4667c000-aa6b-41a4-812d-0f827ac16d91" />
    <UnitTestResult executionId="47ceb28c-c9d8-4c03-9baa-f8ff3e7e0b11" testId="8815aa85-ecfe-1cc5-b862-71775c5111f9" testName="TheEnd.Tests.UI.VoicePresentationStateTests.OneSoulReplacesItsBubbleOnlyAtEqualOrHigherPriority(first: Discussion, next: Pensee, replaces: False)" computerName="ROLEPLAY-GAMER" duration="00:00:00.0001789" startTime="2026-09-13T12:27:43.1146900+02:00" endTime="2026-09-13T12:27:43.1146901+02:00" testType="13cdc9d9-ddb5-4fa4-a97d-d965ccfc6d4b" outcome="Passed" testListId="8c84fa94-04c1-424b-9868-57a2d4851a1d" relativeResultsDirectory="47ceb28c-c9d8-4c03-9baa-f8ff3e7e0b11" />
    <UnitTestResult executionId="a66013d3-1855-4f1d-982c-ad0ecf682184" testId="da22384b-90cd-7fd9-d04b-8acd60dd6583" testName="TheEnd.Tests.UI.DisplaySettingsHudTests.ScaleChangesReflowControlsWithoutOverlappingAndRetainKeyboardAccess(width: 1920, height: 1080, scale: 1)" computerName="ROLEPLAY-GAMER" duration="00:00:00.0001744" startTime="2026-09-13T12:27:42.2739208+02:00" endTime="2026-09-13T12:27:42.2739209+02:00" testType="13cdc9d9-ddb5-4fa4-a97d-d965ccfc6d4b" outcome="Passed" testListId="8c84fa94-04c1-424b-9868-57a2d4851a1d" relativeResultsDirectory="a66013d3-1855-4f1d-982c-ad0ecf682184" />
    <UnitTestResult executionId="0970c14a-465f-4f54-9760-3af47f8814cc" testId="b07f5383-e275-a80e-7b56-ea1cb1350b00" testName="TheEnd.Tests.UI.VoiceBubbleTextTests.StableFramesReuseTheSameLinesWithoutAllocating(source: &quot;extraordinarilylongunbrokenword&quot;, width: 40)" computerName="ROLEPLAY-GAMER" duration="00:00:00.0047565" startTime="2026-09-13T12:27:42.2563176+02:00" endTime="2026-09-13T12:27:42.2563177+02:00" testType="13cdc9d9-ddb5-4fa4-a97d-d965ccfc6d4b" outcome="Passed" testListId="8c84fa94-04c1-424b-9868-57a2d4851a1d" relativeResultsDirectory="0970c14a-465f-4f54-9760-3af47f8814cc" />
    <UnitTestResult executionId="b86a96c8-d548-4ef7-b238-b4f07d5c8e12" testId="d7c7b28a-a778-2530-e629-2eacfed8b365" testName="TheEnd.Tests.UI.UiLocalizationTests.SavedLanguageWinsOverSystemAndCaptureOverrideDoesNotReplaceIt" computerName="ROLEPLAY-GAMER" duration="00:00:00.0220592" startTime="2026-09-13T12:27:42.3149659+02:00" endTime="2026-09-13T12:27:42.3149660+02:00" testType="13cdc9d9-ddb5-4fa4-a97d-d965ccfc6d4b" outcome="Passed" testListId="8c84fa94-04c1-424b-9868-57a2d4851a1d" relativeResultsDirectory="b86a96c8-d548-4ef7-b238-b4f07d5c8e12" />
    <UnitTestResult executionId="46369925-8017-4ef9-bbb9-9f1415ca3465" testId="213a1b5d-bbcd-c952-8961-12a4283adfb9" testName="TheEnd.Tests.UI.CriticalAttentionTests.AlertAndAcknowledgementUseDistinctContainedHitRegions(width: 3440, height: 1440, scale: 1,5)" computerName="ROLEPLAY-GAMER" duration="00:00:00.0009962" startTime="2026-09-13T12:27:42.2731051+02:00" endTime="2026-09-13T12:27:42.2731052+02:00" testType="13cdc9d9-ddb5-4fa4-a97d-d965ccfc6d4b" outcome="Passed" testListId="8c84fa94-04c1-424b-9868-57a2d4851a1d" relativeResultsDirectory="46369925-8017-4ef9-bbb9-9f1415ca3465" />
    <UnitTestResult executionId="12f9c399-fba8-4b0d-b1ce-7b57585018d8" testId="514d2245-501c-de32-1e74-bf48f6d5e93b" testName="TheEnd.Tests.UI.OrderContextInputTests.AnUnavailableSelectionCannotOpenAMovementMenu(state: &quot;other-deck&quot;)" computerName="ROLEPLAY-GAMER" duration="00:00:00.0141546" startTime="2026-09-13T12:27:42.3594750+02:00" endTime="2026-09-13T12:27:42.3594754+02:00" testType="13cdc9d9-ddb5-4fa4-a97d-d965ccfc6d4b" outcome="Passed" testListId="8c84fa94-04c1-424b-9868-57a2d4851a1d" relativeResultsDirectory="12f9c399-fba8-4b0d-b1ce-7b57585018d8" />
    <UnitTestResult executionId="c4c9b9f6-d0e1-4479-bc0d-554b8e8c6095" testId="6df161f4-381a-c36b-46b6-3af813447127" testName="TheEnd.Tests.UI.EpithetHudTests.RosterReservesASeparateTitleRowAndKeepsThePortraitAndStateRows" computerName="ROLEPLAY-GAMER" duration="00:00:00.0002194" startTime="2026-09-13T12:27:42.2893392+02:00" endTime="2026-09-13T12:27:42.2893393+02:00" testType="13cdc9d9-ddb5-4fa4-a97d-d965ccfc6d4b" outcome="Passed" testListId="8c84fa94-04c1-424b-9868-57a2d4851a1d" relativeResultsDirectory="c4c9b9f6-d0e1-4479-bc0d-554b8e8c6095" />
    <UnitTestResult executionId="82526909-3c60-408f-9bd2-957b5ad08d01" testId="f6b1f192-af74-1342-60bd-43b5e6c703c0" testName="TheEnd.Tests.UI.GameHudLayoutPolicyTests.CriticalSurfacesNeverOverlap(width: 1280, height: 720, scale: 1)" computerName="ROLEPLAY-GAMER" duration="00:00:00.0000302" startTime="2026-09-13T12:27:42.2471454+02:00" endTime="2026-09-13T12:27:42.2471454+02:00" testType="13cdc9d9-ddb5-4fa4-a97d-d965ccfc6d4b" outcome="Passed" testListId="8c84fa94-04c1-424b-9868-57a2d4851a1d" relativeResultsDirectory="82526909-3c60-408f-9bd2-957b5ad08d01" />
    <UnitTestResult executionId="20b6eacb-7d1b-4616-b21f-048c8648d148" testId="99dcd5da-f037-e6e9-8544-892aa4ef0f57" testName="TheEnd.Tests.UI.GameHudLayoutPolicyTests.EverySurfaceStaysInsideTheViewport(width: 1280, height: 800, scale: 2)" computerName="ROLEPLAY-GAMER" duration="00:00:00.0000383" startTime="2026-09-13T12:27:42.2088250+02:00" endTime="2026-09-13T12:27:42.2088251+02:00" testType="13cdc9d9-ddb5-4fa4-a97d-d965ccfc6d4b" outcome="Passed" testListId="8c84fa94-04c1-424b-9868-57a2d4851a1d" relativeResultsDirectory="20b6eacb-7d1b-4616-b21f-048c8648d148" />
    <UnitTestResult executionId="0fd8bb56-f241-4546-800a-11bd588fb1ab" testId="bccd0575-88d5-9857-6cd5-ec7b0c934c58" testName="TheEnd.Tests.UI.GameHudLayoutPolicyTests.PanelWidthsStayUnderTheirAuthoredMaximum(width: 2560, height: 1080, scale: 1,25)" computerName="ROLEPLAY-GAMER" duration="00:00:00.0000035" startTime="2026-09-13T12:27:42.2255953+02:00" endTime="2026-09-13T12:27:42.2255953+02:00" testType="13cdc9d9-ddb5-4fa4-a97d-d965ccfc6d4b" outcome="Passed" testListId="8c84fa94-04c1-424b-9868-57a2d4851a1d" relativeResultsDirectory="0fd8bb56-f241-4546-800a-11bd588fb1ab" />
    <UnitTestResult executionId="6209f0fe-280c-487e-b611-0d35b6a5994c" testId="2c471fc4-f6c4-98a2-d121-e0f75baa66a7" testName="TheEnd.Tests.UI.GameHudLayoutPolicyTests.EverySurfaceStaysInsideTheViewport(width: 3840, height: 2160, scale: 1,5)" computerName="ROLEPLAY-GAMER" duration="00:00:00.0000326" startTime="2026-09-13T12:27:42.2248884+02:00" endTime="2026-09-13T12:27:42.2248885+02:00" testType="13cdc9d9-ddb5-4fa4-a97d-d965ccfc6d4b" outcome="Passed" testListId="8c84fa94-04c1-424b-9868-57a2d4851a1d" relativeResultsDirectory="6209f0fe-280c-487e-b611-0d35b6a5994c" />
    <UnitTestResult executionId="f3d58300-e601-4547-8922-6e3184fe2b48" testId="44db66ed-fb6e-cc40-adde-6086b432e87f" testName="TheEnd.Tests.UI.VoiceBubbleLayoutTests.ScreenEdgesRetainWholeTextWhenOnlyTheSpeakersCentreIsVisible(x: 1, y: 1)" computerName="ROLEPLAY-GAMER" duration="00:00:00.0000080" startTime="2026-09-13T12:27:42.2730545+02:00" endTime="2026-09-13T12:27:42.2730545+02:00" testType="13cdc9d9-ddb5-4fa4-a97d-d965ccfc6d4b" outcome="Passed" testListId="8c84fa94-04c1-424b-9868-57a2d4851a1d" relativeResultsDirectory="f3d58300-e601-4547-8922-6e3184fe2b48" />
    <UnitTestResult executionId="eb50542c-a70f-4cab-9508-b384a9bad610" testId="a12e43c4-1651-467c-29ce-2998ad199e8f" testName="TheEnd.Tests.UI.VoiceBubbleLayoutTests.AThoughtHasThreeDistinctDotsClearOfTheTextAndToken" computerName="ROLEPLAY-GAMER" duration="00:00:00.0003169" startTime="2026-09-13T12:27:42.2797352+02:00" endTime="2026-09-13T12:27:42.2797353+02:00" testType="13cdc9d9-ddb5-4fa4-a97d-d965ccfc6d4b" outcome="Passed" testListId="8c84fa94-04c1-424b-9868-57a2d4851a1d" relativeResultsDirectory="eb50542c-a70f-4cab-9508-b384a9bad610" />
    <UnitTestResult executionId="76c09ff7-960b-45db-94de-5e72fe3a8125" testId="85b76ab9-6432-cb2a-ee84-a0c4ff5dfc92" testName="TheEnd.Tests.UI.VoiceBubbleLayoutTests.AnOffscreenSpeakerDoesNotProduceADetachedBubble(x: 400, y: 600)" computerName="ROLEPLAY-GAMER" duration="00:00:00.0002937" startTime="2026-09-13T12:27:42.2735493+02:00" endTime="2026-09-13T12:27:42.2735493+02:00" testType="13cdc9d9-ddb5-4fa4-a97d-d965ccfc6d4b" outcome="Passed" testListId="8c84fa94-04c1-424b-9868-57a2d4851a1d" relativeResultsDirectory="76c09ff7-960b-45db-94de-5e72fe3a8125" />
    <UnitTestResult executionId="54a8e80d-7ca6-4538-b509-aac728f53176" testId="e7e35f37-aab3-c4af-335d-9229319716de" testName="TheEnd.Tests.Pathfinding.AStarTests.ALockedDoorOnTheOnlyWay_CutsIt" computerName="ROLEPLAY-GAMER" duration="00:00:00.0013904" startTime="2026-09-13T12:27:42.2550646+02:00" endTime="2026-09-13T12:27:42.2550647+02:00" testType="13cdc9d9-ddb5-4fa4-a97d-d965ccfc6d4b" outcome="Passed" testListId="8c84fa94-04c1-424b-9868-57a2d4851a1d" relativeResultsDirectory="54a8e80d-7ca6-4538-b509-aac728f53176" />
    <UnitTestResult executionId="ba64fc2f-47ff-44f4-b4f3-37a081719737" testId="6c748834-3308-a4f7-0222-3a2b2dc5aac4" testName="TheEnd.Tests.UI.GameHudLayoutPolicyTests.PanelWidthsStayUnderTheirAuthoredMaximum(width: 1280, height: 720, scale: 1,5)" computerName="ROLEPLAY-GAMER" duration="00:00:00.0000030" startTime="2026-09-13T12:27:42.2451652+02:00" endTime="2026-09-13T12:27:42.2451653+02:00" testType="13cdc9d9-ddb5-4fa4-a97d-d965ccfc6d4b" outcome="Passed" testListId="8c84fa94-04c1-424b-9868-57a2d4851a1d" relativeResultsDirectory="ba64fc2f-47ff-44f4-b4f3-37a081719737" />
    <UnitTestResult executionId="98d3e154-563a-459f-8e98-1abae0c714c3" testId="b56e58c7-a7c7-fde2-7aab-445db129c888" testName="TheEnd.Tests.UI.GameHudLayoutPolicyTests.PanelWidthsStayUnderTheirAuthoredMaximum(width: 3840, height: 2160, scale: 1)" computerName="ROLEPLAY-GAMER" duration="00:00:00.0000031" startTime="2026-09-13T12:27:42.2256757+02:00" endTime="2026-09-13T12:27:42.2256757+02:00" testType="13cdc9d9-ddb5-4fa4-a97d-d965ccfc6d4b" outcome="Passed" testListId="8c84fa94-04c1-424b-9868-57a2d4851a1d" relativeResultsDirectory="98d3e154-563a-459f-8e98-1abae0c714c3" />
    <UnitTestResult executionId="dad7573d-a6b9-4258-98c0-f8207689b5b2" testId="02a6e8b4-748e-539b-f122-b587409cd152" testName="TheEnd.Tests.UI.CharacterHudInputTests.InspectorCloseAndDossierStayDistinctAtEverySupportedScale(width: 640, height: 480, scale: 2)" computerName="ROLEPLAY-GAMER" duration="00:00:00.0000206" startTime="2026-09-13T12:27:42.2556143+02:00" endTime="2026-09-13T12:27:42.2556143+02:00" testType="13cdc9d9-ddb5-4fa4-a97d-d965ccfc6d4b" outcome="Passed" testListId="8c84fa94-04c1-424b-9868-57a2d4851a1d" relativeResultsDirectory="dad7573d-a6b9-4258-98c0-f8207689b5b2" />
    <UnitTestResult executionId="a9921f1a-72d7-4abd-acd8-b6503215e689" testId="5b1b7147-f958-7cc7-cae6-820e3ef6e9e3" testName="TheEnd.Tests.Input.GameActionControllerTests.DirectSpeedActionsSelectTheRequestedSpeed(actionValue: 3, speed: 1)" computerName="ROLEPLAY-GAMER" duration="00:00:00.0000337" startTime="2026-09-13T12:27:42.2520373+02:00" endTime="2026-09-13T12:27:42.2520374+02:00" testType="13cdc9d9-ddb5-4fa4-a97d-d965ccfc6d4b" outcome="Passed" testListId="8c84fa94-04c1-424b-9868-57a2d4851a1d" relativeResultsDirectory="a9921f1a-72d7-4abd-acd8-b6503215e689" />
    <UnitTestResult executionId="1466e55d-71ed-4e07-b5da-67ba167f963f" testId="769d3c3b-ec48-28c5-7de3-a89880d53358" testName="TheEnd.Tests.UI.GameHudLayoutPolicyTests.CriticalSurfacesNeverOverlap(width: 1280, height: 800, scale: 2)" computerName="ROLEPLAY-GAMER" duration="00:00:00.0002276" startTime="2026-09-13T12:27:42.2453343+02:00" endTime="2026-09-13T12:27:42.2453344+02:00" testType="13cdc9d9-ddb5-4fa4-a97d-d965ccfc6d4b" outcome="Passed" testListId="8c84fa94-04c1-424b-9868-57a2d4851a1d" relativeResultsDirectory="1466e55d-71ed-4e07-b5da-67ba167f963f" />
    <UnitTestResult executionId="3a690e71-415b-4091-9b2d-591c0094a1ee" testId="6e00a990-cfa5-0740-fcb8-9ed10be5be17" testName="TheEnd.Tests.Input.KeyboardCameraPanTests.FractionalPixelsKeepTheSameDistanceAtThirtySixtyAndOneFortyFourFramesPerSecond" computerName="ROLEPLAY-GAMER" duration="00:00:00.0005864" startTime="2026-09-13T12:27:42.2252745+02:00" endTime="2026-09-13T12:27:42.2252745+02:00" testType="13cdc9d9-ddb5-4fa4-a97d-d965ccfc6d4b" outcome="Passed" testListId="8c84fa94-04c1-424b-9868-57a2d4851a1d" relativeResultsDirectory="3a690e71-415b-4091-9b2d-591c0094a1ee" />
    <UnitTestResult executionId="87c93ce3-e354-4b8d-8c6e-f95d83d9ae7c" testId="3f9ce041-be44-e06b-b53a-4136efddab16" testName="TheEnd.Tests.UI.LocalizedPresentationTests.InspectorRetranslatesTheSameSnapshotAndKeepsStorageContents" computerName="ROLEPLAY-GAMER" duration="00:00:00.0004926" startTime="2026-09-13T12:27:42.2722310+02:00" endTime="2026-09-13T12:27:42.2722311+02:00" testType="13cdc9d9-ddb5-4fa4-a97d-d965ccfc6d4b" outcome="Passed" testListId="8c84fa94-04c1-424b-9868-57a2d4851a1d" relativeResultsDirectory="87c93ce3-e354-4b8d-8c6e-f95d83d9ae7c" />
    <UnitTestResult executionId="5830b230-1887-4c12-9cfd-509de21d5d4b" testId="76301402-ad38-31f6-87c4-e378dd4c8921" testName="TheEnd.Tests.UI.GameHudLayoutPolicyTests.OutputDensityAndRequestedScaleProduceABoundedEffectiveScale(height: 1440, requested: 1, expected: 1,25)" computerName="ROLEPLAY-GAMER" duration="00:00:00.0000474" startTime="2026-09-13T12:27:42.2482077+02:00" endTime="2026-09-13T12:27:42.2482078+02:00" testType="13cdc9d9-ddb5-4fa4-a97d-d965ccfc6d4b" outcome="Passed" testListId="8c84fa94-04c1-424b-9868-57a2d4851a1d" relativeResultsDirectory="5830b230-1887-4c12-9cfd-509de21d5d4b" />
    <UnitTestResult executionId="461ee828-7a37-4b9d-a4ba-a2535e5383f3" testId="f1b5daf6-e890-94d6-031e-23b020f73236" testName="TheEnd.Tests.UI.VoiceBubbleGeometryTests.TailEndpointsStayOnBothPerimetersWhenTheSafeAreaForcesOverlap" computerName="ROLEPLAY-GAMER" duration="00:00:00.0004045" startTime="2026-09-13T12:27:42.2775610+02:00" endTime="2026-09-13T12:27:42.2775611+02:00" testType="13cdc9d9-ddb5-4fa4-a97d-d965ccfc6d4b" outcome="Passed" testListId="8c84fa94-04c1-424b-9868-57a2d4851a1d" relativeResultsDirectory="461ee828-7a37-4b9d-a4ba-a2535e5383f3" />
    <UnitTestResult executionId="42c93c09-c9e2-4ccc-965e-38f23d307295" testId="a5b7a738-dbee-2021-61ef-d460487e9f44" testName="TheEnd.Tests.UI.EpithetHudTests.RememberedDeadPersonRetainsTheDisplayedTitleAndPinActions" computerName="ROLEPLAY-GAMER" duration="00:00:00.0017476" startTime="2026-09-13T12:27:42.2788393+02:00" endTime="2026-09-13T12:27:42.2788394+02:00" testType="13cdc9d9-ddb5-4fa4-a97d-d965ccfc6d4b" outcome="Passed" testListId="8c84fa94-04c1-424b-9868-57a2d4851a1d" relativeResultsDirectory="42c93c09-c9e2-4ccc-965e-38f23d307295" />
    <UnitTestResult executionId="0d0c5266-b1a8-4ddc-99c5-9a3e21ec6d27" testId="61c8f875-1191-9864-4633-fb11c796c23d" testName="TheEnd.Tests.UI.GameHudLayoutPolicyTests.HitRegionsFollowEveryArrangedPanel(width: 3840, height: 2160, scale: 1,5)" computerName="ROLEPLAY-GAMER" duration="00:00:00.0000443" startTime="2026-09-13T12:27:42.2057530+02:00" endTime="2026-09-13T12:27:42.2057530+02:00" testType="13cdc9d9-ddb5-4fa4-a97d-d965ccfc6d4b" outcome="Passed" testListId="8c84fa94-04c1-424b-9868-57a2d4851a1d" relativeResultsDirectory="0d0c5266-b1a8-4ddc-99c5-9a3e21ec6d27" />
    <UnitTestResult executionId="a5af0bf1-c16a-426f-acf3-acb6fa73e112" testId="8c9eea7d-616c-7cc9-0c3c-fc14928d41b0" testName="TheEnd.Tests.UI.HudActionMapTests.EveryInteractiveControlMapsToADeviceIndependentAction(target: 5, expected: 4)" computerName="ROLEPLAY-GAMER" duration="00:00:00.0000007" startTime="2026-09-13T12:27:42.2513558+02:00" endTime="2026-09-13T12:27:42.2513558+02:00" testType="13cdc9d9-ddb5-4fa4-a97d-d965ccfc6d4b" outcome="Passed" testListId="8c84fa94-04c1-424b-9868-57a2d4851a1d" relativeResultsDirectory="a5af0bf1-c16a-426f-acf3-acb6fa73e112" />
    <UnitTestResult executionId="f3269767-52a9-4cea-8e0c-76b779c1759c" testId="38e5cf0b-b265-0947-0ab0-d51a34b7681e" testName="TheEnd.Tests.UI.GameHudLayoutPolicyTests.PanelWidthsStayUnderTheirAuthoredMaximum(width: 1920, height: 1080, scale: 1,5)" computerName="ROLEPLAY-GAMER" duration="00:00:00.0000030" startTime="2026-09-13T12:27:42.2336280+02:00" endTime="2026-09-13T12:27:42.2336280+02:00" testType="13cdc9d9-ddb5-4fa4-a97d-d965ccfc6d4b" outcome="Passed" testListId="8c84fa94-04c1-424b-9868-57a2d4851a1d" relativeResultsDirectory="f3269767-52a9-4cea-8e0c-76b779c1759c" />
    <UnitTestResult executionId="5718c9be-f977-4abc-b454-86b22bc0866f" testId="bd5afb40-e7e1-bc5a-a06a-89ab8d1cad65" testName="TheEnd.Tests.UI.GameHudLayoutPolicyTests.EverySurfaceStaysInsideTheViewport(width: 1920, height: 1080, scale: 1,25)" computerName="ROLEPLAY-GAMER" duration="00:00:00.0000765" startTime="2026-09-13T12:27:42.2066475+02:00" endTime="2026-09-13T12:27:42.2066475+02:00" testType="13cdc9d9-ddb5-4fa4-a97d-d965ccfc6d4b" outcome="Passed" testListId="8c84fa94-04c1-424b-9868-57a2d4851a1d" relativeResultsDirectory="5718c9be-f977-4abc-b454-86b22bc0866f" />
    <UnitTestResult executionId="820b7742-ff63-4649-a2cd-56387d8cda40" testId="c14671df-13ec-cfbc-cd74-e8fb2ba47847" testName="TheEnd.Tests.Input.TimeControllerTests.EverySupportedSpeedCanBeTheInitialRequest(speed: 2)" computerName="ROLEPLAY-GAMER" duration="00:00:00.0000049" startTime="2026-09-13T12:27:42.2045568+02:00" endTime="2026-09-13T12:27:42.2045568+02:00" testType="13cdc9d9-ddb5-4fa4-a97d-d965ccfc6d4b" outcome="Passed" testListId="8c84fa94-04c1-424b-9868-57a2d4851a1d" relativeResultsDirectory="820b7742-ff63-4649-a2cd-56387d8cda40" />
    <UnitTestResult executionId="6de2605a-25d1-4237-a8f6-b177edfc4440" testId="3aecc6ec-08d1-4ba8-37cc-884a225ca9bd" testName="TheEnd.Tests.UI.VoicePresentationStateTests.FirstObservationSkipsHistoryAndAlreadyRecordedSpeechThenBorrowsNewCanonicalWords" computerName="ROLEPLAY-GAMER" duration="00:00:00.0002267" startTime="2026-09-13T12:27:43.1236663+02:00" endTime="2026-09-13T12:27:43.1236664+02:00" testType="13cdc9d9-ddb5-4fa4-a97d-d965ccfc6d4b" outcome="Passed" testListId="8c84fa94-04c1-424b-9868-57a2d4851a1d" relativeResultsDirectory="6de2605a-25d1-4237-a8f6-b177edfc4440" />
    <UnitTestResult executionId="123f3824-253f-4b13-ba3d-f753c37fe00c" testId="07212586-48e0-5b4a-f27a-39dd6f13c21a" testName="TheEnd.Tests.UI.CharacterHudInputTests.GaugeHoverCoversTheLabelAndMeterWithoutChangingCardSelection(width: 1920, height: 1080, scale: 1)" computerName="ROLEPLAY-GAMER" duration="00:00:00.0002470" startTime="2026-09-13T12:27:42.3016837+02:00" endTime="2026-09-13T12:27:42.3016838+02:00" testType="13cdc9d9-ddb5-4fa4-a97d-d965ccfc6d4b" outcome="Passed" testListId="8c84fa94-04c1-424b-9868-57a2d4851a1d" relativeResultsDirectory="123f3824-253f-4b13-ba3d-f753c37fe00c" />
    <UnitTestResult executionId="60c7186e-ecc1-433b-a584-e585da182ad1" testId="362f60f3-e560-0e7c-830e-c4ade55cca53" testName="TheEnd.Tests.UI.HudInteractionStateTests.DisabledDeckButtonConsumesPointerButCannotCaptureOrFocus" computerName="ROLEPLAY-GAMER" duration="00:00:00.0001394" startTime="2026-09-13T12:27:42.2476336+02:00" endTime="2026-09-13T12:27:42.2476336+02:00" testType="13cdc9d9-ddb5-4fa4-a97d-d965ccfc6d4b" outcome="Passed" testListId="8c84fa94-04c1-424b-9868-57a2d4851a1d" relativeResultsDirectory="60c7186e-ecc1-433b-a584-e585da182ad1" />
    <UnitTestResult executionId="c698d849-b4aa-4db7-ba2c-8bd5c1454fb0" testId="dacbf473-6ad0-713a-fa72-e6b8a483bf70" testName="TheEnd.Tests.UI.GameHudLayoutPolicyTests.EverySurfaceStaysInsideTheViewport(width: 1280, height: 720, scale: 1,25)" computerName="ROLEPLAY-GAMER" duration="00:00:00.0000505" startTime="2026-09-13T12:27:42.2066835+02:00" endTime="2026-09-13T12:27:42.2066835+02:00" testType="13cdc9d9-ddb5-4fa4-a97d-d965ccfc6d4b" outcome="Passed" testListId="8c84fa94-04c1-424b-9868-57a2d4851a1d" relativeResultsDirectory="c698d849-b4aa-4db7-ba2c-8bd5c1454fb0" />
    <UnitTestResult executionId="b5c41ba6-df0f-461e-b4fd-8ffd480fa347" testId="f76ac3fa-ba36-ce0d-34b1-32ebd40a7184" testName="TheEnd.Tests.Input.PlayerSelectionTests.ActorWinsOverFixtureAtTheSameScreenPoint" computerName="ROLEPLAY-GAMER" duration="00:00:00.0001555" startTime="2026-09-13T12:27:42.2550759+02:00" endTime="2026-09-13T12:27:42.2550760+02:00" testType="13cdc9d9-ddb5-4fa4-a97d-d965ccfc6d4b" outcome="Passed" testListId="8c84fa94-04c1-424b-9868-57a2d4851a1d" relativeResultsDirectory="b5c41ba6-df0f-461e-b4fd-8ffd480fa347" />
    <UnitTestResult executionId="ebabfdbc-afbe-46d4-a745-0575dbf0634a" testId="3a0a1b89-41fe-f904-c921-8897f7c56371" testName="TheEnd.Tests.UI.JournalHudTests.AppendingDoesNotMoveAnOlderPage" computerName="ROLEPLAY-GAMER" duration="00:00:00.0006655" startTime="2026-09-13T12:27:42.2937699+02:00" endTime="2026-09-13T12:27:42.2937700+02:00" testType="13cdc9d9-ddb5-4fa4-a97d-d965ccfc6d4b" outcome="Passed" testListId="8c84fa94-04c1-424b-9868-57a2d4851a1d" relativeResultsDirectory="ebabfdbc-afbe-46d4-a745-0575dbf0634a" />
    <UnitTestResult executionId="a3781998-86e1-4024-b47b-a32e1f0bcc9d" testId="df5019dd-cd7a-d6f0-167a-6dfd43569a14" testName="TheEnd.Tests.UI.CryopodContextMenuTests.OnlyASealedPodWithItsLivingDormantCanOfferTheAction(fault: &quot;wrong-provenance&quot;)" computerName="ROLEPLAY-GAMER" duration="00:00:00.0070394" startTime="2026-09-13T12:27:42.2658054+02:00" endTime="2026-09-13T12:27:42.2658054+02:00" testType="13cdc9d9-ddb5-4fa4-a97d-d965ccfc6d4b" outcome="Passed" testListId="8c84fa94-04c1-424b-9868-57a2d4851a1d" relativeResultsDirectory="a3781998-86e1-4024-b47b-a32e1f0bcc9d" />
    <UnitTestResult executionId="15c7ac85-2e6f-4736-8d4f-310465ab0c3d" testId="67aa3cdb-9020-2681-7b83-b8d2be61532d" testName="TheEnd.Tests.UI.NarrativeTextTests.BothSurfacesPreserveExactSpeechAndItsAddressee(thought: True, expected: &quot;Pensée de Ada Vale : « Tu es là. »&quot;)" computerName="ROLEPLAY-GAMER" duration="00:00:00.0154557" startTime="2026-09-13T12:27:42.2560667+02:00" endTime="2026-09-13T12:27:42.2560667+02:00" testType="13cdc9d9-ddb5-4fa4-a97d-d965ccfc6d4b" outcome="Passed" testListId="8c84fa94-04c1-424b-9868-57a2d4851a1d" relativeResultsDirectory="15c7ac85-2e6f-4736-8d4f-310465ab0c3d" />
    <UnitTestResult executionId="4ff355ab-e55f-4a99-b1fe-3b2a3109787d" testId="beae0e26-670c-c8a0-d7c3-4e6f9d90b5eb" testName="TheEnd.Tests.UI.CharacterHudInputTests.InspectorCloseAndDossierStayDistinctAtEverySupportedScale(width: 960, height: 540, scale: 2)" computerName="ROLEPLAY-GAMER" duration="00:00:00.0054617" startTime="2026-09-13T12:27:42.2551685+02:00" endTime="2026-09-13T12:27:42.2551685+02:00" testType="13cdc9d9-ddb5-4fa4-a97d-d965ccfc6d4b" outcome="Passed" testListId="8c84fa94-04c1-424b-9868-57a2d4851a1d" relativeResultsDirectory="4ff355ab-e55f-4a99-b1fe-3b2a3109787d" />
    <UnitTestResult executionId="20da17fd-a987-449a-ad0c-09981772caaa" testId="0e9936ae-64d9-6960-2ab1-76f3139cd68b" testName="TheEnd.Tests.Pathfinding.AStarTests.ANonBlockingFixture_RemainsTraversable" computerName="ROLEPLAY-GAMER" duration="00:00:00.0002561" startTime="2026-09-13T12:27:42.2634353+02:00" endTime="2026-09-13T12:27:42.2634354+02:00" testType="13cdc9d9-ddb5-4fa4-a97d-d965ccfc6d4b" outcome="Passed" testListId="8c84fa94-04c1-424b-9868-57a2d4851a1d" relativeResultsDirectory="20da17fd-a987-449a-ad0c-09981772caaa" />
    <UnitTestResult executionId="3f30a2c8-8d07-4f99-8982-68aaf39f94e0" testId="47c8262c-52ee-be0f-a55c-ff4232525f62" testName="TheEnd.Tests.UI.SessionMenuStateTests.SettingsReturnToTheirEntryPage(inSession: True, expectedValue: 2)" computerName="ROLEPLAY-GAMER" duration="00:00:00.0001665" startTime="2026-09-13T12:27:42.2509031+02:00" endTime="2026-09-13T12:27:42.2509031+02:00" testType="13cdc9d9-ddb5-4fa4-a97d-d965ccfc6d4b" outcome="Passed" testListId="8c84fa94-04c1-424b-9868-57a2d4851a1d" relativeResultsDirectory="3f30a2c8-8d07-4f99-8982-68aaf39f94e0" />
    <UnitTestResult executionId="118230c9-7e09-43b2-8f26-82577c1c3d31" testId="e087b9e2-2d0b-51bf-f6b3-120c46a91fd8" testName="TheEnd.Tests.UI.GameHudLayoutPolicyTests.HitRegionsFollowEveryArrangedPanel(width: 2560, height: 1440, scale: 1,5)" computerName="ROLEPLAY-GAMER" duration="00:00:00.0085515" startTime="2026-09-13T12:27:42.1968292+02:00" endTime="2026-09-13T12:27:42.1968293+02:00" testType="13cdc9d9-ddb5-4fa4-a97d-d965ccfc6d4b" outcome="Passed" testListId="8c84fa94-04c1-424b-9868-57a2d4851a1d" relativeResultsDirectory="118230c9-7e09-43b2-8f26-82577c1c3d31" />
    <UnitTestResult executionId="3ea4ad5d-4c63-41b0-8fb7-2cc7c5589353" testId="18612241-4146-5c42-0f42-67aacaedc7ff" testName="TheEnd.Tests.UI.HudInteractionStateTests.ShiftTabFromNoFocusStartsAtTheLastEnabledControl" computerName="ROLEPLAY-GAMER" duration="00:00:00.0000500" startTime="2026-09-13T12:27:42.2476019+02:00" endTime="2026-09-13T12:27:42.2476019+02:00" testType="13cdc9d9-ddb5-4fa4-a97d-d965ccfc6d4b" outcome="Passed" testListId="8c84fa94-04c1-424b-9868-57a2d4851a1d" relativeResultsDirectory="3ea4ad5d-4c63-41b0-8fb7-2cc7c5589353" />
    <UnitTestResult executionId="2bc0fbc3-474e-4fbf-8158-a70d5d86d44e" testId="59743ccd-a947-5fc0-05d0-70524c0600ed" testName="TheEnd.Tests.UI.NarrativeTextTests.UnknownTechnicalEventsNeverExposeTheirIdentifiersOrPayload" computerName="ROLEPLAY-GAMER" duration="00:00:00.0521514" startTime="2026-09-13T12:27:42.2516984+02:00" endTime="2026-09-13T12:27:42.2516985+02:00" testType="13cdc9d9-ddb5-4fa4-a97d-d965ccfc6d4b" outcome="Passed" testListId="8c84fa94-04c1-424b-9868-57a2d4851a1d" relativeResultsDirectory="2bc0fbc3-474e-4fbf-8158-a70d5d86d44e" />
    <UnitTestResult executionId="66f6e265-cea8-407e-abbc-2e6fac3b9002" testId="4c8a9ead-a95e-0a04-ebea-bf0698ba34a5" testName="TheEnd.Tests.UI.VoiceBubbleTextTests.ActualGlyphAdvancesDecideWhetherAWideWordFits" computerName="ROLEPLAY-GAMER" duration="00:00:00.0000827" startTime="2026-09-13T12:27:42.2726626+02:00" endTime="2026-09-13T12:27:42.2726626+02:00" testType="13cdc9d9-ddb5-4fa4-a97d-d965ccfc6d4b" outcome="Passed" testListId="8c84fa94-04c1-424b-9868-57a2d4851a1d" relativeResultsDirectory="66f6e265-cea8-407e-abbc-2e6fac3b9002" />
    <UnitTestResult executionId="32ddf448-5b39-4aa3-aa1f-5212bd7dd9f7" testId="9fff7fbf-e9b6-c66a-f03d-d7745765e9ee" testName="TheEnd.Tests.UI.GameHudLayoutPolicyTests.EverySurfaceStaysInsideTheViewport(width: 3840, height: 2160, scale: 1)" computerName="ROLEPLAY-GAMER" duration="00:00:00.0000324" startTime="2026-09-13T12:27:42.2249041+02:00" endTime="2026-09-13T12:27:42.2249041+02:00" testType="13cdc9d9-ddb5-4fa4-a97d-d965ccfc6d4b" outcome="Passed" testListId="8c84fa94-04c1-424b-9868-57a2d4851a1d" relativeResultsDirectory="32ddf448-5b39-4aa3-aa1f-5212bd7dd9f7" />
    <UnitTestResult executionId="b81d8ace-6c02-4bf8-8f30-e3450c9af094" testId="a6bb6b4b-737d-49e1-5b93-519ae4134cbc" testName="TheEnd.Tests.Input.TimeControllerTests.EmergencyForcesNormalSpeedWithoutChangingPause(paused: True)" computerName="ROLEPLAY-GAMER" duration="00:00:00.0002604" startTime="2026-09-13T12:27:42.2060348+02:00" endTime="2026-09-13T12:27:42.2060348+02:00" testType="13cdc9d9-ddb5-4fa4-a97d-d965ccfc6d4b" outcome="Passed" testListId="8c84fa94-04c1-424b-9868-57a2d4851a1d" relativeResultsDirectory="b81d8ace-6c02-4bf8-8f30-e3450c9af094" />
    <UnitTestResult executionId="8e9076f2-8d63-4424-85c0-7703c7a9d65b" testId="0a570b51-8a2c-86e1-a332-43a1395fa5c6" testName="TheEnd.Tests.Localization.LocalizedTextTests.InvalidPackFailsWithAUsefulDiagnostic(json: &quot;{\&quot;sample.same\&quot;:\&quot;A\&quot;,\&quot;sample.same\&quot;:\&quot;B\&quot;}&quot;)" computerName="ROLEPLAY-GAMER" duration="00:00:00.0114153" startTime="2026-09-13T12:27:42.2665921+02:00" endTime="2026-09-13T12:27:42.2665922+02:00" testType="13cdc9d9-ddb5-4fa4-a97d-d965ccfc6d4b" outcome="Passed" testListId="8c84fa94-04c1-424b-9868-57a2d4851a1d" relativeResultsDirectory="8e9076f2-8d63-4424-85c0-7703c7a9d65b" />
    <UnitTestResult executionId="acbc1aa1-5b60-43b4-94d7-8749df1478a8" testId="7181e146-1b49-3313-3d97-3f0342031af0" testName="TheEnd.Tests.UI.GameHudLayoutPolicyTests.PanelWidthsStayUnderTheirAuthoredMaximum(width: 1280, height: 720, scale: 1)" computerName="ROLEPLAY-GAMER" duration="00:00:00.0000030" startTime="2026-09-13T12:27:42.2334939+02:00" endTime="2026-09-13T12:27:42.2334940+02:00" testType="13cdc9d9-ddb5-4fa4-a97d-d965ccfc6d4b" outcome="Passed" testListId="8c84fa94-04c1-424b-9868-57a2d4851a1d" relativeResultsDirectory="acbc1aa1-5b60-43b4-94d7-8749df1478a8" />
    <UnitTestResult executionId="f11e0c0b-912a-453d-8efd-99885ce95bad" testId="0d0a1777-dc80-1de5-7bdc-a7322e096021" testName="TheEnd.Tests.UI.VoiceBubbleGeometryTests.HighlightedTokensReserveTheDrawnSquareWithoutAddingAnotherMargin(cellSize: 48, uiScale: 2, expectedSelectionHalfExtent: 30,7199993, expectedWidth: 72)" computerName="ROLEPLAY-GAMER" duration="00:00:00.0000090" startTime="2026-09-13T12:27:42.2654558+02:00" endTime="2026-09-13T12:27:42.2654559+02:00" testType="13cdc9d9-ddb5-4fa4-a97d-d965ccfc6d4b" outcome="Passed" testListId="8c84fa94-04c1-424b-9868-57a2d4851a1d" relativeResultsDirectory="f11e0c0b-912a-453d-8efd-99885ce95bad" />
    <UnitTestResult executionId="71400371-5504-4269-b33c-69ca3b91970d" testId="488956b2-a627-9f3e-6a40-b305eab26383" testName="TheEnd.Tests.UI.CharacterHudInputTests.GameInputDisplayResizePreservesFocusWithEveryPanelState(width: 3440, height: 1440, inspector: True, dossier: True)" computerName="ROLEPLAY-GAMER" duration="00:00:00.0002802" startTime="2026-09-13T12:27:42.2898216+02:00" endTime="2026-09-13T12:27:42.2898217+02:00" testType="13cdc9d9-ddb5-4fa4-a97d-d965ccfc6d4b" outcome="Passed" testListId="8c84fa94-04c1-424b-9868-57a2d4851a1d" relativeResultsDirectory="71400371-5504-4269-b33c-69ca3b91970d" />
    <UnitTestResult executionId="01ec64a8-11a2-4a30-b95d-a0d0e84e407c" testId="59c356b6-f79a-3c38-f6d3-0872896cb212" testName="TheEnd.Tests.UI.GameHudLayoutPolicyTests.PanelWidthsStayUnderTheirAuthoredMaximum(width: 3440, height: 1440, scale: 2)" computerName="ROLEPLAY-GAMER" duration="00:00:00.0000029" startTime="2026-09-13T12:27:42.2335963+02:00" endTime="2026-09-13T12:27:42.2335964+02:00" testType="13cdc9d9-ddb5-4fa4-a97d-d965ccfc6d4b" outcome="Passed" testListId="8c84fa94-04c1-424b-9868-57a2d4851a1d" relativeResultsDirectory="01ec64a8-11a2-4a30-b95d-a0d0e84e407c" />
[...]
    <TestEntry testId="e3eec974-0784-0c2e-14db-7e95169f9876" executionId="cabe7972-7f96-422d-9898-1a50b0b5a673" testListId="8c84fa94-04c1-424b-9868-57a2d4851a1d" />
    <TestEntry testId="68682529-14ba-0889-1dd4-1043423ebd18" executionId="25910194-dc10-42e5-ba52-db3a0eb6d72f" testListId="8c84fa94-04c1-424b-9868-57a2d4851a1d" />
    <TestEntry testId="dc908d38-d4b3-10ad-4015-5c93cd7093cc" executionId="6131e283-0751-467d-88c0-525c655b58bb" testListId="8c84fa94-04c1-424b-9868-57a2d4851a1d" />
    <TestEntry testId="33d86b32-0b3b-8858-eef1-40753a0b630b" executionId="fcfbbe42-297f-46ee-9911-1ae44c4baa16" testListId="8c84fa94-04c1-424b-9868-57a2d4851a1d" />
    <TestEntry testId="68c53315-3fbf-fdf3-4df0-68fe3d84400d" executionId="3d1fe239-1273-42d3-8af8-5ef90ca4e02d" testListId="8c84fa94-04c1-424b-9868-57a2d4851a1d" />
    <TestEntry testId="6ce9e19a-39a2-41d6-f7d6-f6947ee6dbc1" executionId="2da6c960-b66c-4226-a2a2-cfb6aad88026" testListId="8c84fa94-04c1-424b-9868-57a2d4851a1d" />
    <TestEntry testId="551b34e3-a69b-504f-67d4-cb367725f262" executionId="1235ea11-e754-478a-a9d6-f1ebabd5bcd4" testListId="8c84fa94-04c1-424b-9868-57a2d4851a1d" />
    <TestEntry testId="cebd2878-6d57-ea53-bdaa-5c69c76d6ddb" executionId="3e0798ef-fa6b-4ddc-b1aa-3165a2f9a502" testListId="8c84fa94-04c1-424b-9868-57a2d4851a1d" />
    <TestEntry testId="6a8f5264-a8b7-81cb-0cac-a2d1eef42575" executionId="46e90a45-4cbd-4fd9-a569-5ee595434981" testListId="8c84fa94-04c1-424b-9868-57a2d4851a1d" />
    <TestEntry testId="3e832efe-3a93-40d7-88b0-a390c66fc594" executionId="54f528a3-241c-4945-8101-a879afc2879e" testListId="8c84fa94-04c1-424b-9868-57a2d4851a1d" />
    <TestEntry testId="6ebcbb5c-d282-0028-f4b8-3beb59140082" executionId="e4309dfc-feab-481e-8beb-59f7a4e68f87" testListId="8c84fa94-04c1-424b-9868-57a2d4851a1d" />
    <TestEntry testId="7e339b8a-90c4-4882-0447-fb18eaa301d4" executionId="bf0cf020-87b3-4613-80ac-a089ca0b2ecf" testListId="8c84fa94-04c1-424b-9868-57a2d4851a1d" />
    <TestEntry testId="526913ae-a6e9-61cd-ad8f-0188b96c3e8a" executionId="25816571-9a52-4102-a644-721a2b0a6485" testListId="8c84fa94-04c1-424b-9868-57a2d4851a1d" />
    <TestEntry testId="8e7dac41-077c-f42b-5edd-ceaa6796bb0a" executionId="616c5c4f-bdd0-44e5-be7e-d1bd818f5945" testListId="8c84fa94-04c1-424b-9868-57a2d4851a1d" />
    <TestEntry testId="1d33682f-9d7b-0c34-f6be-d3848dc5c48f" executionId="678ff420-89d7-452f-81a6-430f9dd3e156" testListId="8c84fa94-04c1-424b-9868-57a2d4851a1d" />
    <TestEntry testId="29731d5f-2c0b-d5ba-d97e-bf1486d20f08" executionId="c846aa22-2746-4d3c-ba06-533c99e6408b" testListId="8c84fa94-04c1-424b-9868-57a2d4851a1d" />
    <TestEntry testId="5f5c56a4-e285-86e1-7b5c-48e4f5a8405a" executionId="62d98126-da12-4320-b8fd-e4e3fa694da1" testListId="8c84fa94-04c1-424b-9868-57a2d4851a1d" />
    <TestEntry testId="dfde6c9e-9fa0-2c4b-0ca8-b11823f369f3" executionId="c1a758fc-7753-4e59-b3b3-b2ac594b3077" testListId="8c84fa94-04c1-424b-9868-57a2d4851a1d" />
    <TestEntry testId="611d4aa2-a4cd-fa24-20dc-7f1a19d85ed9" executionId="5f8a0899-5c93-4782-a81b-83c6b81d881b" testListId="8c84fa94-04c1-424b-9868-57a2d4851a1d" />
    <TestEntry testId="308c48af-c295-7e04-752f-d633ee3b09b1" executionId="440d5aa6-3961-40ad-9e54-c1daa9fc4157" testListId="8c84fa94-04c1-424b-9868-57a2d4851a1d" />
    <TestEntry testId="c3deda22-8b56-187c-491e-b0e6db4b602a" executionId="e885e3ce-4ba7-43a8-a5e7-f9d70765535f" testListId="8c84fa94-04c1-424b-9868-57a2d4851a1d" />
    <TestEntry testId="9a9e74a8-acab-16b4-0744-9e5ca7c7083f" executionId="32b73ca8-4801-48b0-86bc-f39ac5fc2b10" testListId="8c84fa94-04c1-424b-9868-57a2d4851a1d" />
    <TestEntry testId="ebbb79dc-09e9-63c1-bf03-5b5cc387f38d" executionId="c32fd1f2-7402-4ae3-b7ae-9b86003a7b67" testListId="8c84fa94-04c1-424b-9868-57a2d4851a1d" />
    <TestEntry testId="27b883d3-8ac7-9379-76c5-814a69f13d15" executionId="779e26c3-fc7b-4651-a7ff-33bae1786fd0" testListId="8c84fa94-04c1-424b-9868-57a2d4851a1d" />
    <TestEntry testId="f0892c43-85ad-f4b0-4075-34503dd1295c" executionId="72d025cd-d92e-4e61-ac9b-7ad7814947c3" testListId="8c84fa94-04c1-424b-9868-57a2d4851a1d" />
    <TestEntry testId="c52042cd-9ea2-5dc8-901a-d74bb0e1f92f" executionId="854b43fd-0974-46ea-946d-389c03ee75ce" testListId="8c84fa94-04c1-424b-9868-57a2d4851a1d" />
    <TestEntry testId="19f66c16-684b-90f5-8e76-66313436276b" executionId="a7a9dc3c-b0d9-47b2-8b1c-2b6d5e173178" testListId="8c84fa94-04c1-424b-9868-57a2d4851a1d" />
    <TestEntry testId="6e5c194f-667f-c7bb-7bae-d8edf081e59b" executionId="72755e47-7acc-4dd7-ac15-83433e498116" testListId="8c84fa94-04c1-424b-9868-57a2d4851a1d" />
    <TestEntry testId="5095e024-99ac-7e4d-d306-a9a8cd321e3d" executionId="5903ca5d-4356-432e-94e0-ff0acd489a37" testListId="8c84fa94-04c1-424b-9868-57a2d4851a1d" />
    <TestEntry testId="7371884f-b93c-69f3-7b9c-f8204c53c55d" executionId="60cffc81-2f8f-479a-a874-dc0b3421723e" testListId="8c84fa94-04c1-424b-9868-57a2d4851a1d" />
    <TestEntry testId="752f3cde-3581-d686-386a-a871af43cf32" executionId="aa049255-b2cf-4674-a0be-00320ed76ec1" testListId="8c84fa94-04c1-424b-9868-57a2d4851a1d" />
    <TestEntry testId="fadce87e-6e5e-73bc-5ae4-a5dec7b1a21d" executionId="5e9d70da-1f87-4b0c-9671-844b24d46c9e" testListId="8c84fa94-04c1-424b-9868-57a2d4851a1d" />
    <TestEntry testId="46039848-258b-067f-6d6d-072d34e6051e" executionId="990f64a5-2a98-49e3-9238-f4df8cefdc81" testListId="8c84fa94-04c1-424b-9868-57a2d4851a1d" />
    <TestEntry testId="5c6907ad-06b8-17d4-886a-743452d3d793" executionId="d2de587c-dedc-4aae-98a8-6efe9ceef6de" testListId="8c84fa94-04c1-424b-9868-57a2d4851a1d" />
    <TestEntry testId="9664ecaf-07dd-684d-59aa-7495ee5302f6" executionId="75e70ce2-4f58-4e71-b5f8-a58c24c6f727" testListId="8c84fa94-04c1-424b-9868-57a2d4851a1d" />
    <TestEntry testId="6ee9caa8-1ce8-7669-b828-271ca4e5d16b" executionId="7f345195-d78c-41e1-bd44-9a2cdb12006b" testListId="8c84fa94-04c1-424b-9868-57a2d4851a1d" />
    <TestEntry testId="77630f8f-3fd2-73f7-9102-3df9223ccd71" executionId="42621879-9b3f-4157-adce-81d0c27182ac" testListId="8c84fa94-04c1-424b-9868-57a2d4851a1d" />
    <TestEntry testId="36a911c4-b796-5aa5-817d-7659bb118cca" executionId="f19f98bb-73d6-4d75-8096-5d28380acf7e" testListId="8c84fa94-04c1-424b-9868-57a2d4851a1d" />
    <TestEntry testId="3c8c17ec-ab9f-3de1-5b7a-dc9dd8b24c0a" executionId="568b624d-9516-4a87-a4e0-02e8ba6c08cc" testListId="8c84fa94-04c1-424b-9868-57a2d4851a1d" />
    <TestEntry testId="091a9a74-6940-e689-a878-23e97e9d926d" executionId="ebcde964-68e8-41a8-b7b1-069bbf89d921" testListId="8c84fa94-04c1-424b-9868-57a2d4851a1d" />
    <TestEntry testId="0fc9caeb-1da4-79f6-b102-e71dbe16cd5e" executionId="aed926c0-37bf-4730-84d4-795b93031142" testListId="8c84fa94-04c1-424b-9868-57a2d4851a1d" />
    <TestEntry testId="41d85f9c-b321-b659-84a6-fd051a28f8a8" executionId="e929878f-aa3d-4fcb-aa6f-b0d798615494" testListId="8c84fa94-04c1-424b-9868-57a2d4851a1d" />
    <TestEntry testId="26bdf109-a636-32df-9d1d-311bdb4b17b9" executionId="a62db525-94fa-4b5b-a5c4-1049bff71a9f" testListId="8c84fa94-04c1-424b-9868-57a2d4851a1d" />
    <TestEntry testId="160b1322-ba6d-4a02-8361-2a9d6c2e9d63" executionId="ab893125-51e1-4cc2-93aa-aa3530203726" testListId="8c84fa94-04c1-424b-9868-57a2d4851a1d" />
    <TestEntry testId="df568c75-e0de-3acb-169b-73e31e360a94" executionId="fe28eb51-f2f2-4620-916c-7484a347f7d7" testListId="8c84fa94-04c1-424b-9868-57a2d4851a1d" />
    <TestEntry testId="cde8fc0f-ae20-fe90-cc06-0fd4bfc36361" executionId="4fde44bc-9d1f-41ec-b178-5a7026010625" testListId="8c84fa94-04c1-424b-9868-57a2d4851a1d" />
    <TestEntry testId="970414e4-00e0-befd-5c79-84f8f42da93d" executionId="b398c651-6201-4dea-b716-eabb6b522238" testListId="8c84fa94-04c1-424b-9868-57a2d4851a1d" />
    <TestEntry testId="9032dd44-5b62-9afa-7c89-80dcab9e79f8" executionId="a20b269d-09a7-4aba-bb73-7ddda4769f31" testListId="8c84fa94-04c1-424b-9868-57a2d4851a1d" />
    <TestEntry testId="d3d2e380-5c9a-cbcb-5e25-d79c617ea41e" executionId="11aa1fa6-af7f-4055-9b37-e8aaa1703ebe" testListId="8c84fa94-04c1-424b-9868-57a2d4851a1d" />
    <TestEntry testId="6ced96c0-3c84-8889-c3f7-3c91520e0d70" executionId="69889499-0214-4e17-a137-71d5b35a8324" testListId="8c84fa94-04c1-424b-9868-57a2d4851a1d" />
    <TestEntry testId="5cd46c86-d49a-907e-eff6-90a862ae00a2" executionId="1401baaa-479e-4d79-9b41-03ee3d9220aa" testListId="8c84fa94-04c1-424b-9868-57a2d4851a1d" />
    <TestEntry testId="6b01320a-51f3-a0cf-e042-24fc4965eacd" executionId="d05f2b2e-6879-4b9b-ae1d-719907b4ead5" testListId="8c84fa94-04c1-424b-9868-57a2d4851a1d" />
    <TestEntry testId="0472f1d1-7f82-a0c9-195f-437c21ed3f66" executionId="380bc4a3-6ac8-468d-a6ec-323b494c01d0" testListId="8c84fa94-04c1-424b-9868-57a2d4851a1d" />
    <TestEntry testId="b46e4295-0dbc-cd47-6426-38986ba1d3b1" executionId="1b76d5c3-7067-4c08-8250-a672abfcc18c" testListId="8c84fa94-04c1-424b-9868-57a2d4851a1d" />
    <TestEntry testId="61eb45f0-d480-62fd-9f69-c75f4fb9b3ea" executionId="67e067ab-db0b-443a-96f9-0e2280fe493b" testListId="8c84fa94-04c1-424b-9868-57a2d4851a1d" />
    <TestEntry testId="3ca4f5ee-62ca-b044-b820-db5fb4337c7c" executionId="4185e9e2-d14e-44c5-89be-56645c91a2d7" testListId="8c84fa94-04c1-424b-9868-57a2d4851a1d" />
    <TestEntry testId="2c26d051-c8ef-544b-05a3-21251ba4f494" executionId="e154fa7b-8734-46c0-a892-74ed6eb1b7cc" testListId="8c84fa94-04c1-424b-9868-57a2d4851a1d" />
    <TestEntry testId="24f2b1f1-7640-ef0c-d6d3-0d36c98ec6ac" executionId="2d6435fe-6004-4f11-b18b-fd62eb8b1774" testListId="8c84fa94-04c1-424b-9868-57a2d4851a1d" />
    <TestEntry testId="f4828ba3-26d7-b37c-2fc8-cad64385fa14" executionId="b74f0de6-085b-47b1-8f11-3621d46cfd02" testListId="8c84fa94-04c1-424b-9868-57a2d4851a1d" />
    <TestEntry testId="dd0a698a-9a20-1f82-331e-c59a3785d3be" executionId="946bdd51-d155-44c3-85c9-c7d83970b479" testListId="8c84fa94-04c1-424b-9868-57a2d4851a1d" />
    <TestEntry testId="7661ac11-e033-ae2b-d724-43c5c980b55b" executionId="630b3c23-f6e7-4452-b4bd-b140b2e73668" testListId="8c84fa94-04c1-424b-9868-57a2d4851a1d" />
    <TestEntry testId="12d6486f-29cb-2ba6-a72b-7e09f3e4b2be" executionId="efe36ae5-8e7e-400b-9fa1-f9697e29b7fb" testListId="8c84fa94-04c1-424b-9868-57a2d4851a1d" />
    <TestEntry testId="124075f6-d984-5702-abdf-64914160d6c9" executionId="927e079c-9a03-47a0-ab65-5b4bf15aec7e" testListId="8c84fa94-04c1-424b-9868-57a2d4851a1d" />
    <TestEntry testId="85257ab4-78ae-4832-60cc-2af3a10ce6ad" executionId="9e1355fd-c251-4e40-9f49-d441cc6a54d2" testListId="8c84fa94-04c1-424b-9868-57a2d4851a1d" />
    <TestEntry testId="2077bc1e-fee1-5391-feaf-909d1a4fbfcd" executionId="2c2a379e-113a-453f-bacb-24b9f5df70c7" testListId="8c84fa94-04c1-424b-9868-57a2d4851a1d" />
    <TestEntry testId="88ec8d6c-6583-e1c8-9ab0-e554b2322a9f" executionId="291a6089-9668-4ae2-a69c-b2279ce9cdc2" testListId="8c84fa94-04c1-424b-9868-57a2d4851a1d" />
    <TestEntry testId="386ae88b-59cc-a4d8-1544-cf3eeed37bf2" executionId="82419380-8a70-481b-8167-c5bcc88ce9d6" testListId="8c84fa94-04c1-424b-9868-57a2d4851a1d" />
    <TestEntry testId="d6deb3e7-d105-235e-d21a-979a521dbb6f" executionId="96b29365-6890-41d8-b02b-d97e0c7cbadc" testListId="8c84fa94-04c1-424b-9868-57a2d4851a1d" />
    <TestEntry testId="f0d34213-d689-b71a-c40d-254e3459ef8e" executionId="a036d621-1d87-4df4-beac-733444473b1b" testListId="8c84fa94-04c1-424b-9868-57a2d4851a1d" />
    <TestEntry testId="447dce51-0efd-2483-bf3d-96a4d31e2b28" executionId="dc972eb4-60eb-40f1-83bf-24030c4c10bb" testListId="8c84fa94-04c1-424b-9868-57a2d4851a1d" />
    <TestEntry testId="e0418cdb-58d8-c103-70a9-a264bbbe47cb" executionId="ca735d98-1988-42d4-b4ba-0cbf2099c2b4" testListId="8c84fa94-04c1-424b-9868-57a2d4851a1d" />
    <TestEntry testId="08d5ae6c-297d-f8f2-fea6-5fd5e13d41ef" executionId="8d8d61f3-bcbf-4de6-9bf2-8d65ce781f3a" testListId="8c84fa94-04c1-424b-9868-57a2d4851a1d" />
    <TestEntry testId="548dcd8a-2e87-9ba8-9784-7b9acf010481" executionId="306197ec-f161-4185-940a-3e92e1bbf0e8" testListId="8c84fa94-04c1-424b-9868-57a2d4851a1d" />
    <TestEntry testId="2aead7ab-38a1-ee9f-175f-bdcc94d1a351" executionId="1ac436a4-4f25-4960-9fba-719367372a81" testListId="8c84fa94-04c1-424b-9868-57a2d4851a1d" />
    <TestEntry testId="cbd9b010-d9c8-a460-ce52-51314fef7a24" executionId="d9d9bad8-1ed0-4fdb-adbf-06b6ea9d5a8b" testListId="8c84fa94-04c1-424b-9868-57a2d4851a1d" />
    <TestEntry testId="940c7766-0a9d-54f5-5382-2e4cc96fef94" executionId="fd9633e1-0e06-48de-a3ce-783fd7b43346" testListId="8c84fa94-04c1-424b-9868-57a2d4851a1d" />
    <TestEntry testId="034d83f5-eb5d-cbf3-4cba-4716909592e8" executionId="bbccc169-ca1f-4443-aa9d-7853a14bc107" testListId="8c84fa94-04c1-424b-9868-57a2d4851a1d" />
    <TestEntry testId="112c5425-7d69-0f36-c3d8-ee4bc3c6a97f" executionId="ecb5687d-8d5b-47aa-b29b-8ce52f39d7e3" testListId="8c84fa94-04c1-424b-9868-57a2d4851a1d" />
    <TestEntry testId="497971f2-305d-4be1-94a9-b876f35d7fa9" executionId="ef988f73-6a5c-4e50-9c32-683b09c6b21c" testListId="8c84fa94-04c1-424b-9868-57a2d4851a1d" />
    <TestEntry testId="e99104ed-1dc3-c351-3a16-fb72466b511e" executionId="45dffb07-db9b-4ed0-8620-c156de5b0953" testListId="8c84fa94-04c1-424b-9868-57a2d4851a1d" />
    <TestEntry testId="3cca5cf7-a087-96de-ce18-8841c6000558" executionId="93914da2-d66b-4281-aca8-5960a02633bb" testListId="8c84fa94-04c1-424b-9868-57a2d4851a1d" />
    <TestEntry testId="3ea9d8ce-54c0-65a3-7b87-08f1e32c783c" executionId="d9048435-df27-4a75-8890-57fd7e750a52" testListId="8c84fa94-04c1-424b-9868-57a2d4851a1d" />
    <TestEntry testId="cef5159b-ab33-8e28-1331-974e8df6ecc2" executionId="cf5a0ef4-43a6-4d67-8657-2c100fead773" testListId="8c84fa94-04c1-424b-9868-57a2d4851a1d" />
  </TestEntries>
  <TestLists>
    <TestList name="Les résultats ne figurent pas dans une liste" id="8c84fa94-04c1-424b-9868-57a2d4851a1d" />
    <TestList name="Tous les résultats chargés" id="19431567-8539-422a-85d7-44ee4e166bda" />
  </TestLists>
  <ResultSummary outcome="Completed">
    <Counters total="702" executed="702" passed="702" failed="0" error="0" timeout="0" aborted="0" inconclusive="0" passedButRunAborted="0" notRunnable="0" notExecuted="0" disconnected="0" warning="0" completed="0" inProgress="0" pending="0" />
    <Output>
      <StdOut>[xUnit.net 00:00:00.00] xUnit.net VSTest Adapter v2.8.2+699d445a1a (64-bit .NET 9.0.14)&#xD;
[xUnit.net 00:00:00.08]   Discovering: TheEnd.Tests&#xD;
[xUnit.net 00:00:00.44]   Discovered:  TheEnd.Tests&#xD;
[xUnit.net 00:00:00.46]   Starting:    TheEnd.Tests&#xD;
\u001b[1m[12:27:42]\u001b[0m \u001b[38;2;255;80;80m\u001b[1m[ERROR]\u001b[0m The world could not be loaded from C:\Users\anaki\AppData\Local\Temp\theend-save-b47607cf792b4a25abc3734112dd24f3\world.json; the running game is unchanged.&#xD;
Newtonsoft.Json.JsonReaderException: Unexpected character encountered while parsing value: i. Path '', line 0, position 0.&#xD;
   at Newtonsoft.Json.JsonTextReader.ParseValue()&#xD;
   at Newtonsoft.Json.JsonTextReader.Read()&#xD;
   at Newtonsoft.Json.JsonReader.ReadAndMoveToContent()&#xD;
   at Newtonsoft.Json.JsonReader.ReadForType(JsonContract contract, Boolean hasConverter)&#xD;
   at Newtonsoft.Json.Serialization.JsonSerializerInternalReader.Deserialize(JsonReader reader, Type objectType, Boolean checkAdditionalContent)&#xD;
   at Newtonsoft.Json.JsonSerializer.DeserializeInternal(JsonReader reader, Type objectType)&#xD;
   at Newtonsoft.Json.JsonSerializer.Deserialize(JsonReader reader, Type objectType)&#xD;
   at Newtonsoft.Json.JsonConvert.DeserializeObject(String value, Type type, JsonSerializerSettings settings)&#xD;
   at Newtonsoft.Json.JsonConvert.DeserializeObject[T](String value, JsonSerializerSettings settings)&#xD;
   at Newtonsoft.Json.JsonConvert.DeserializeObject[T](String value)&#xD;
   at TheEnd.Core.Persistence.WorldSerializer.Prepare(String json) in C:\workspace\TheEnd\TheEnd.Core\Persistence\WorldSerializer.cs:line 100&#xD;
   at TheEnd.Core.Persistence.WorldSerializer.Load(String json) in C:\workspace\TheEnd\TheEnd.Core\Persistence\WorldSerializer.cs:line 88&#xD;
   at TheEnd.Client.Input.WorldFileStorage.LoadIfPresent() in C:\workspace\TheEnd\TheEnd.Client\Input\WorldFileStorage.cs:line 78&#xD;
\u001b[1m[12:27:42]\u001b[0m \u001b[38;2;255;200;0m\u001b[1m[WARNING]\u001b[0m Corruption stirred at (36,17), in room 0.&#xD;
\u001b[1m[12:27:42]\u001b[0m \u001b[38;2;255;200;0m\u001b[1m[WARNING]\u001b[0m Corruption stirred at (36,17), in room 0.&#xD;
\u001b[1m[12:27:42]\u001b[0m \u001b[38;2;255;80;80m\u001b[1m[ERROR]\u001b[0m The world could not be saved to C:\Users\anaki\AppData\Local\Temp\theend-save-c840b5f6551c4bee9a1ff71a54582386\world.json.&#xD;
System.InvalidOperationException: Colonist 0:0 has no structured identity.&#xD;
   at TheEnd.Core.Persistence.WorldSerializer.ValidateColonistIdentities(ComponentManager components, AvatarCatalog avatarCatalog) in C:\workspace\TheEnd\TheEnd.Core\Persistence\WorldSerializer.cs:line 286&#xD;
   at TheEnd.Core.Persistence.WorldSerializer.Save() in C:\workspace\TheEnd\TheEnd.Core\Persistence\WorldSerializer.cs:line 47&#xD;
   at TheEnd.Client.Input.WorldFileStorage.Save() in C:\workspace\TheEnd\TheEnd.Client\Input\WorldFileStorage.cs:line 29&#xD;
\u001b[1m[12:27:42]\u001b[0m \u001b[38;2;255;80;80m\u001b[1m[ERROR]\u001b[0m The world could not be saved to C:\Users\anaki\AppData\Local\Temp\theend-save-49fe2854ae8641a5b6db33f551f245fa\world.json.&#xD;
System.IO.IOException: Publication refused&#xD;
   at TheEnd.Tests.Input.WorldFileStorageTests.&lt;&gt;c__DisplayClass4_0.&lt;Save_FailedPublicationPreservesTheOldSave_CleansTemporaryFile_AndCanRetry&gt;b__0(String temporary, String destination) in C:\workspace\TheEnd\TheEnd.Tests\Input\WorldFileStorageTests.cs:line 78&#xD;
   at TheEnd.Client.Input.WorldFileStorage.Save() in C:\workspace\TheEnd\TheEnd.Client\Input\WorldFileStorage.cs:line 39&#xD;
\u001b[1m[12:27:42]\u001b[0m \u001b[38;2;255;80;80m\u001b[1m[ERROR]\u001b[0m The world could not be saved to C:\Users\anaki\AppData\Local\Temp\theend-save-df34658e77044b32864797344a40ebcc\missing\world.json.&#xD;
System.IO.DirectoryNotFoundException: Could not find a part of the path 'C:\Users\anaki\AppData\Local\Temp\theend-save-df34658e77044b32864797344a40ebcc\missing\.world-save-2994b4088fc0428699d9411c42f5ea1d.tmp'.&#xD;
   at Microsoft.Win32.SafeHandles.SafeFileHandle.CreateFile(String fullPath, FileMode mode, FileAccess access, FileShare share, FileOptions options)&#xD;
   at Microsoft.Win32.SafeHandles.SafeFileHandle.Open(String fullPath, FileMode mode, FileAccess access, FileShare share, FileOptions options, Int64 preallocationSize, Nullable`1 unixCreateMode)&#xD;
   at System.IO.File.OpenHandle(String path, FileMode mode, FileAccess access, FileShare share, FileOptions options, Int64 preallocationSize)&#xD;
   at System.IO.File.WriteToFile(String path, FileMode mode, ReadOnlySpan`1 contents, Encoding encoding)&#xD;
   at System.IO.File.WriteAllText(String path, String contents, Encoding encoding)&#xD;
   at TheEnd.Client.Input.WorldFileStorage.Save() in C:\workspace\TheEnd\TheEnd.Client\Input\WorldFileStorage.cs:line 35&#xD;
\u001b[1m[12:27:42]\u001b[0m \u001b[38;2;255;200;0m\u001b[1m[WARNING]\u001b[0m Corruption stirred at (36,17), in room 0.&#xD;
\u001b[1m[12:27:42]\u001b[0m \u001b[38;2;255;200;0m\u001b[1m[WARNING]\u001b[0m Corruption stirred at (36,17), in room 0.&#xD;
\u001b[1m[12:27:42]\u001b[0m \u001b[38;2;255;200;0m\u001b[1m[WARNING]\u001b[0m Corruption stirred at (36,17), in room 0.&#xD;
\u001b[1m[12:27:42]\u001b[0m \u001b[38;2;255;200;0m\u001b[1m[WARNING]\u001b[0m Corruption stirred at (36,17), in room 0.&#xD;
\u001b[1m[12:27:42]\u001b[0m \u001b[38;2;255;200;0m\u001b[1m[WARNING]\u001b[0m Corruption stirred at (36,17), in room 0.&#xD;
[xUnit.net 00:00:01.43]   Finished:    TheEnd.Tests&#xD;
</StdOut>
    </Output>
  </ResultSummary>
</TestRun>