<?xml version="1.0" encoding="utf-8"?>
<TestRun id="50cd18b6-1654-4099-8190-4dc7c3e17b30" name="anaki@ROLEPLAY-GAMER 2026-09-13 12:40:03" runUser="ROLEPLAY-GAMER\anaki" xmlns="http://microsoft.com/schemas/VisualStudio/TeamTest/2010">
  <Times creation="2026-09-13T12:40:03.1613857+02:00" queuing="2026-09-13T12:40:03.1613865+02:00" start="2026-09-13T12:40:02.3400086+02:00" finish="2026-09-13T12:40:04.1139237+02:00" />
  <TestSettings name="default" id="e7c729e5-ae53-4572-a7ce-7f445931b850">
    <Deployment runDeploymentRoot="anaki_ROLEPLAY-GAMER_2026-09-13_12_40_03" />
  </TestSettings>
  <Results>
    <UnitTestResult executionId="b81bb927-359a-4136-88aa-87c23254a2d1" testId="f0d34213-d689-b71a-c40d-254e3459ef8e" testName="TheEnd.Tests.UI.VoiceRuntimePresentationTests.RealVoiceKeepsTheSameLedgerAndJournalWithOrWithoutVisibleBubbles(language: &quot;fr&quot;)" computerName="ROLEPLAY-GAMER" duration="00:00:00.6384430" startTime="2026-09-13T12:40:03.7675852+02:00" endTime="2026-09-13T12:40:03.7675854+02:00" testType="13cdc9d9-ddb5-4fa4-a97d-d965ccfc6d4b" outcome="Passed" testListId="8c84fa94-04c1-424b-9868-57a2d4851a1d" relativeResultsDirectory="b81bb927-359a-4136-88aa-87c23254a2d1" />
    <UnitTestResult executionId="af37e0c8-38db-4dba-b326-3f0c6bbb2a23" testId="548dcd8a-2e87-9ba8-9784-7b9acf010481" testName="TheEnd.Tests.UI.OrderContextInputTests.AnActorWhoBecomesUnavailableCannotReceiveThePreviouslyOfferedOrder(state: &quot;cryo&quot;)" computerName="ROLEPLAY-GAMER" duration="00:00:00.0114448" startTime="2026-09-13T12:40:03.3434962+02:00" endTime="2026-09-13T12:40:03.3434964+02:00" testType="13cdc9d9-ddb5-4fa4-a97d-d965ccfc6d4b" outcome="Passed" testListId="8c84fa94-04c1-424b-9868-57a2d4851a1d" relativeResultsDirectory="af37e0c8-38db-4dba-b326-3f0c6bbb2a23" />
    <UnitTestResult executionId="9e184844-5300-477b-b0c9-5ad08cc40204" testId="08d5ae6c-297d-f8f2-fea6-5fd5e13d41ef" testName="TheEnd.Tests.UI.VoiceBubbleGeometryTests.InsetThoughtDotsRejectNonFiniteEndpoints" computerName="ROLEPLAY-GAMER" duration="00:00:00.0038626" startTime="2026-09-13T12:40:03.1412764+02:00" endTime="2026-09-13T12:40:03.1412764+02:00" testType="13cdc9d9-ddb5-4fa4-a97d-d965ccfc6d4b" outcome="Passed" testListId="8c84fa94-04c1-424b-9868-57a2d4851a1d" relativeResultsDirectory="9e184844-5300-477b-b0c9-5ad08cc40204" />
    <UnitTestResult executionId="8722f48d-050f-49c6-90ef-fc3cd65f5212" testId="44db66ed-fb6e-cc40-adde-6086b432e87f" testName="TheEnd.Tests.UI.VoiceBubbleLayoutTests.ScreenEdgesRetainWholeTextWhenOnlyTheSpeakersCentreIsVisible(x: 1, y: 1)" computerName="ROLEPLAY-GAMER" duration="00:00:00.0000068" startTime="2026-09-13T12:40:03.1504313+02:00" endTime="2026-09-13T12:40:03.1504314+02:00" testType="13cdc9d9-ddb5-4fa4-a97d-d965ccfc6d4b" outcome="Passed" testListId="8c84fa94-04c1-424b-9868-57a2d4851a1d" relativeResultsDirectory="8722f48d-050f-49c6-90ef-fc3cd65f5212" />
    <UnitTestResult executionId="de18b3ad-2dfa-4a4c-8749-b08280627cde" testId="baeaa1f3-e0ea-a7c2-3d4a-d0d1062650b7" testName="TheEnd.Tests.Input.TimeControllerTests.EverySupportedSpeedCanBeTheInitialRequest(speed: 1)" computerName="ROLEPLAY-GAMER" duration="00:00:00.0000028" startTime="2026-09-13T12:40:03.2149161+02:00" endTime="2026-09-13T12:40:03.2149161+02:00" testType="13cdc9d9-ddb5-4fa4-a97d-d965ccfc6d4b" outcome="Passed" testListId="8c84fa94-04c1-424b-9868-57a2d4851a1d" relativeResultsDirectory="de18b3ad-2dfa-4a4c-8749-b08280627cde" />
    <UnitTestResult executionId="4633f011-c0a1-4631-9ba9-6fe4c8ed27c9" testId="cb473b07-23a7-316e-5b9c-f197e4395dca" testName="TheEnd.Tests.UI.SessionMenuStateTests.DestructiveSessionActionsRequireConfirmationAndCanBeCancelled(value: 7)" computerName="ROLEPLAY-GAMER" duration="00:00:00.0002076" startTime="2026-09-13T12:40:03.1484348+02:00" endTime="2026-09-13T12:40:03.1484348+02:00" testType="13cdc9d9-ddb5-4fa4-a97d-d965ccfc6d4b" outcome="Passed" testListId="8c84fa94-04c1-424b-9868-57a2d4851a1d" relativeResultsDirectory="4633f011-c0a1-4631-9ba9-6fe4c8ed27c9" />
    <UnitTestResult executionId="82c5e5cf-e03a-42e4-830d-a1c6436fa8b5" testId="2ceab3eb-185c-294f-5a62-264c2d24f9cb" testName="TheEnd.Tests.UI.CriticalAttentionTests.RecoveryAboveThresholdDuringBreakDoesNotAnnounceTheSameBreakTwice" computerName="ROLEPLAY-GAMER" duration="00:00:00.0009070" startTime="2026-09-13T12:40:03.2225823+02:00" endTime="2026-09-13T12:40:03.2225824+02:00" testType="13cdc9d9-ddb5-4fa4-a97d-d965ccfc6d4b" outcome="Passed" testListId="8c84fa94-04c1-424b-9868-57a2d4851a1d" relativeResultsDirectory="82c5e5cf-e03a-42e4-830d-a1c6436fa8b5" />
    <UnitTestResult executionId="62177e77-8d02-4e0d-b5ff-9b76d4600a7f" testId="a0133631-5b3d-cca7-8229-eb094b8fdc71" testName="TheEnd.Tests.Input.ActorModelInteractionTests.HeadAboveTheOldSquareCanBeSelectedOnlyInModelMode(rig: &quot;theend:rig/female-v2&quot;, cellSize: 32)" computerName="ROLEPLAY-GAMER" duration="00:00:00.0003906" startTime="2026-09-13T12:40:03.7714848+02:00" endTime="2026-09-13T12:40:03.7714848+02:00" testType="13cdc9d9-ddb5-4fa4-a97d-d965ccfc6d4b" outcome="Passed" testListId="8c84fa94-04c1-424b-9868-57a2d4851a1d" relativeResultsDirectory="62177e77-8d02-4e0d-b5ff-9b76d4600a7f" />
    <UnitTestResult executionId="e1171b7a-d429-4119-b09d-5e228037e25d" testId="b92cf1ee-28b3-4f7c-aa72-0763d1f70b57" testName="TheEnd.Tests.UI.VoiceBubbleTextTests.ExplicitLineBreaksAndBlankLinesCountTowardTheThreeLineLimit(source: &quot;one\n\nthree&quot;, fits: True, lines: 3)" computerName="ROLEPLAY-GAMER" duration="00:00:00.0000209" startTime="2026-09-13T12:40:03.1537208+02:00" endTime="2026-09-13T12:40:03.1537208+02:00" testType="13cdc9d9-ddb5-4fa4-a97d-d965ccfc6d4b" outcome="Passed" testListId="8c84fa94-04c1-424b-9868-57a2d4851a1d" relativeResultsDirectory="e1171b7a-d429-4119-b09d-5e228037e25d" />
    <UnitTestResult executionId="13f7b91e-53ff-4c33-87b8-52446024ad07" testId="332735e1-4a6b-56d9-9341-97dfa717b261" testName="TheEnd.Tests.UI.CriticalAttentionTests.AlertAndAcknowledgementUseDistinctContainedHitRegions(width: 1280, height: 720, scale: 2)" computerName="ROLEPLAY-GAMER" duration="00:00:00.0010783" startTime="2026-09-13T12:40:03.2198512+02:00" endTime="2026-09-13T12:40:03.2198512+02:00" testType="13cdc9d9-ddb5-4fa4-a97d-d965ccfc6d4b" outcome="Passed" testListId="8c84fa94-04c1-424b-9868-57a2d4851a1d" relativeResultsDirectory="13f7b91e-53ff-4c33-87b8-52446024ad07" />
    <UnitTestResult executionId="080f0a67-3b98-4641-a123-3f15dbf5f9f6" testId="c6bed597-d0e9-1008-acf2-7310ff1db410" testName="TheEnd.Tests.UI.GameHudLayoutPolicyTests.EverySurfaceStaysInsideTheViewport(width: 2560, height: 1440, scale: 1)" computerName="ROLEPLAY-GAMER" duration="00:00:00.0000455" startTime="2026-09-13T12:40:03.1925550+02:00" endTime="2026-09-13T12:40:03.1925550+02:00" testType="13cdc9d9-ddb5-4fa4-a97d-d965ccfc6d4b" outcome="Passed" testListId="8c84fa94-04c1-424b-9868-57a2d4851a1d" relativeResultsDirectory="080f0a67-3b98-4641-a123-3f15dbf5f9f6" />
    <UnitTestResult executionId="66efd30e-22b9-4c41-ab68-c11f158252d4" testId="041e2063-8cce-2ae6-696a-c5b9cfaf05fe" testName="TheEnd.Tests.UI.SocialPresentationStateTests.FlourishBorrowsTheExactNewLedgerFact(type: &quot;relation-soured&quot;, kind: &quot;Soured&quot;)" computerName="ROLEPLAY-GAMER" duration="00:00:00.0004190" startTime="2026-09-13T12:40:04.0503764+02:00" endTime="2026-09-13T12:40:04.0503765+02:00" testType="13cdc9d9-ddb5-4fa4-a97d-d965ccfc6d4b" outcome="Passed" testListId="8c84fa94-04c1-424b-9868-57a2d4851a1d" relativeResultsDirectory="66efd30e-22b9-4c41-ab68-c11f158252d4" />
    <UnitTestResult executionId="c81b533c-2559-43cf-8374-c1e78d7cf796" testId="344ec68e-349a-fe61-b047-7118082133d9" testName="TheEnd.Tests.UI.GameHudLayoutPolicyTests.CriticalSurfacesNeverOverlap(width: 3840, height: 2160, scale: 2)" computerName="ROLEPLAY-GAMER" duration="00:00:00.0007955" startTime="2026-09-13T12:40:03.1969596+02:00" endTime="2026-09-13T12:40:03.1969597+02:00" testType="13cdc9d9-ddb5-4fa4-a97d-d965ccfc6d4b" outcome="Passed" testListId="8c84fa94-04c1-424b-9868-57a2d4851a1d" relativeResultsDirectory="c81b533c-2559-43cf-8374-c1e78d7cf796" />
    <UnitTestResult executionId="23e5e75d-526f-4bf6-8835-fbd044a81dd9" testId="fb4a3686-bbb9-bb4c-680a-d83a72fd0119" testName="TheEnd.Tests.UI.GameHudLayoutPolicyTests.PanelWidthsStayUnderTheirAuthoredMaximum(width: 2560, height: 1080, scale: 1,5)" computerName="ROLEPLAY-GAMER" duration="00:00:00.0000039" startTime="2026-09-13T12:40:03.1953977+02:00" endTime="2026-09-13T12:40:03.1953977+02:00" testType="13cdc9d9-ddb5-4fa4-a97d-d965ccfc6d4b" outcome="Passed" testListId="8c84fa94-04c1-424b-9868-57a2d4851a1d" relativeResultsDirectory="23e5e75d-526f-4bf6-8835-fbd044a81dd9" />
    <UnitTestResult executionId="b5b9bde4-bc27-4106-8f90-0721093075e6" testId="62e117a8-4259-e172-2327-d266cbf3c241" testName="TheEnd.Tests.Input.TimeControllerTests.EverySupportedSpeedCanBeTheInitialRequest(speed: 5)" computerName="ROLEPLAY-GAMER" duration="00:00:00.0001210" startTime="2026-09-13T12:40:03.2148895+02:00" endTime="2026-09-13T12:40:03.2148896+02:00" testType="13cdc9d9-ddb5-4fa4-a97d-d965ccfc6d4b" outcome="Passed" testListId="8c84fa94-04c1-424b-9868-57a2d4851a1d" relativeResultsDirectory="b5b9bde4-bc27-4106-8f90-0721093075e6" />
    <UnitTestResult executionId="111bcc04-1581-4d73-b7d8-38684359f98f" testId="36107306-657b-cf55-653c-32fc02290619" testName="TheEnd.Tests.UI.VoiceBubbleTextTests.ExplicitLineBreaksAndBlankLinesCountTowardTheThreeLineLimit(source: &quot;one\r\ntwo\r\nthree&quot;, fits: True, lines: 3)" computerName="ROLEPLAY-GAMER" duration="00:00:00.0024127" startTime="2026-09-13T12:40:03.1536705+02:00" endTime="2026-09-13T12:40:03.1536705+02:00" testType="13cdc9d9-ddb5-4fa4-a97d-d965ccfc6d4b" outcome="Passed" testListId="8c84fa94-04c1-424b-9868-57a2d4851a1d" relativeResultsDirectory="111bcc04-1581-4d73-b7d8-38684359f98f" />
    <UnitTestResult executionId="d1ef79f7-550f-47b7-bea6-fc4bcfe33419" testId="417083ab-87ac-07c0-60de-e60cbeda6b86" testName="TheEnd.Tests.UI.CharacterHudInputTests.InspectorCloseAndDossierStayDistinctAtEverySupportedScale(width: 1280, height: 720, scale: 2)" computerName="ROLEPLAY-GAMER" duration="00:00:00.0000362" startTime="2026-09-13T12:40:03.2183487+02:00" endTime="2026-09-13T12:40:03.2183488+02:00" testType="13cdc9d9-ddb5-4fa4-a97d-d965ccfc6d4b" outcome="Passed" testListId="8c84fa94-04c1-424b-9868-57a2d4851a1d" relativeResultsDirectory="d1ef79f7-550f-47b7-bea6-fc4bcfe33419" />
    <UnitTestResult executionId="8e7f467c-34a6-4db3-9996-7fb2e1900925" testId="034d83f5-eb5d-cbf3-4cba-4716909592e8" testName="TheEnd.Tests.Input.WallToolDeckBoundsTests.ACircleWellInside_StaysOnTheDeck" computerName="ROLEPLAY-GAMER" duration="00:00:00.0001961" startTime="2026-09-13T12:40:03.2124381+02:00" endTime="2026-09-13T12:40:03.2124382+02:00" testType="13cdc9d9-ddb5-4fa4-a97d-d965ccfc6d4b" outcome="Passed" testListId="8c84fa94-04c1-424b-9868-57a2d4851a1d" relativeResultsDirectory="8e7f467c-34a6-4db3-9996-7fb2e1900925" />
    <UnitTestResult executionId="8452b92d-e017-4ce6-81a3-c6cda56ed913" testId="cfec01e4-ee01-b279-6d35-a93636803abb" testName="TheEnd.Tests.UI.JournalHudTests.LayoutKeepsReadingAndControlsInsideViewport(width: 1280, height: 720, scale: 2)" computerName="ROLEPLAY-GAMER" duration="00:00:00.0003408" startTime="2026-09-13T12:40:03.2236265+02:00" endTime="2026-09-13T12:40:03.2236265+02:00" testType="13cdc9d9-ddb5-4fa4-a97d-d965ccfc6d4b" outcome="Passed" testListId="8c84fa94-04c1-424b-9868-57a2d4851a1d" relativeResultsDirectory="8452b92d-e017-4ce6-81a3-c6cda56ed913" />
    <UnitTestResult executionId="0794c883-1f0d-4012-98bf-71e5e61b9d16" testId="a8e9e888-1314-e0b6-2623-fe1277d5b8b2" testName="TheEnd.Tests.UI.UiLocalizationTests.InvalidSavedLanguageUsesDeviceDefaultsWithoutChangingProcessCulture(json: &quot;{\&quot;language\&quot;:42}&quot;)" computerName="ROLEPLAY-GAMER" duration="00:00:00.0036548" startTime="2026-09-13T12:40:03.2235610+02:00" endTime="2026-09-13T12:40:03.2235611+02:00" testType="13cdc9d9-ddb5-4fa4-a97d-d965ccfc6d4b" outcome="Passed" testListId="8c84fa94-04c1-424b-9868-57a2d4851a1d" relativeResultsDirectory="0794c883-1f0d-4012-98bf-71e5e61b9d16" />
    <UnitTestResult executionId="a0f7c727-eb38-4884-a896-0c9f00980431" testId="3041d546-168e-04ad-d91b-7fbe7635c1a7" testName="TheEnd.Tests.UI.MoveOrderContextMenuTests.AnOldContextCannotMoveToTheNewContextsDestination" computerName="ROLEPLAY-GAMER" duration="00:00:00.0036803" startTime="2026-09-13T12:40:03.2233371+02:00" endTime="2026-09-13T12:40:03.2233372+02:00" testType="13cdc9d9-ddb5-4fa4-a97d-d965ccfc6d4b" outcome="Passed" testListId="8c84fa94-04c1-424b-9868-57a2d4851a1d" relativeResultsDirectory="a0f7c727-eb38-4884-a896-0c9f00980431" />
    <UnitTestResult executionId="4f4c0734-aaea-425d-988d-4daae7355ce6" testId="9b770a1e-d01c-d6f9-ab59-3f3e831e460c" testName="TheEnd.Tests.Input.GameActionControllerTests.DirectSpeedActionsSelectTheRequestedSpeed(actionValue: 4, speed: 2)" computerName="ROLEPLAY-GAMER" duration="00:00:00.0002651" startTime="2026-09-13T12:40:03.1758779+02:00" endTime="2026-09-13T12:40:03.1758780+02:00" testType="13cdc9d9-ddb5-4fa4-a97d-d965ccfc6d4b" outcome="Passed" testListId="8c84fa94-04c1-424b-9868-57a2d4851a1d" relativeResultsDirectory="4f4c0734-aaea-425d-988d-4daae7355ce6" />
    <UnitTestResult executionId="e0ea7c55-5cde-4e40-ab1b-10635ef958dc" testId="07212586-48e0-5b4a-f27a-39dd6f13c21a" testName="TheEnd.Tests.UI.CharacterHudInputTests.GaugeHoverCoversTheLabelAndMeterWithoutChangingCardSelection(width: 1920, height: 1080, scale: 1)" computerName="ROLEPLAY-GAMER" duration="00:00:00.0002748" startTime="2026-09-13T12:40:03.2692574+02:00" endTime="2026-09-13T12:40:03.2692575+02:00" testType="13cdc9d9-ddb5-4fa4-a97d-d965ccfc6d4b" outcome="Passed" testListId="8c84fa94-04c1-424b-9868-57a2d4851a1d" relativeResultsDirectory="e0ea7c55-5cde-4e40-ab1b-10635ef958dc" />
    <UnitTestResult executionId="e23e86ec-43b0-48a5-af9d-719a0810d47f" testId="da1b365e-c240-37bb-8075-7fb07363ed07" testName="TheEnd.Tests.Input.TimeControllerTests.IncreaseIsBoundedAtFiveAndPreservesPause" computerName="ROLEPLAY-GAMER" duration="00:00:00.0001238" startTime="2026-09-13T12:40:03.2187606+02:00" endTime="2026-09-13T12:40:03.2187606+02:00" testType="13cdc9d9-ddb5-4fa4-a97d-d965ccfc6d4b" outcome="Passed" testListId="8c84fa94-04c1-424b-9868-57a2d4851a1d" relativeResultsDirectory="e23e86ec-43b0-48a5-af9d-719a0810d47f" />
    <UnitTestResult executionId="52e59a8e-0ad7-41f9-ba49-eea84e86e270" testId="9024c899-fd44-6061-62b2-bb2f3962dc5a" testName="TheEnd.Tests.UI.HudInteractionStateTests.SynchronizeDropsCaptureButKeepsLogicalFocus" computerName="ROLEPLAY-GAMER" duration="00:00:00.0025828" startTime="2026-09-13T12:40:03.1499021+02:00" endTime="2026-09-13T12:40:03.1499021+02:00" testType="13cdc9d9-ddb5-4fa4-a97d-d965ccfc6d4b" outcome="Passed" testListId="8c84fa94-04c1-424b-9868-57a2d4851a1d" relativeResultsDirectory="52e59a8e-0ad7-41f9-ba49-eea84e86e270" />
    <UnitTestResult executionId="e8f10dde-af63-4ee4-9d3e-a1d65229ac4f" testId="2150667c-db02-bec4-160d-e881ae2ad800" testName="TheEnd.Tests.UI.GameHudLayoutPolicyTests.CriticalSurfacesNeverOverlap(width: 1920, height: 1080, scale: 1,25)" computerName="ROLEPLAY-GAMER" duration="00:00:00.0000290" startTime="2026-09-13T12:40:03.1975864+02:00" endTime="2026-09-13T12:40:03.1975865+02:00" testType="13cdc9d9-ddb5-4fa4-a97d-d965ccfc6d4b" outcome="Passed" testListId="8c84fa94-04c1-424b-9868-57a2d4851a1d" relativeResultsDirectory="e8f10dde-af63-4ee4-9d3e-a1d65229ac4f" />
    <UnitTestResult executionId="5bd156df-441b-4657-ad49-057ea6f7a29e" testId="cc664e01-6ae5-a0d2-edfe-a868882fa48e" testName="TheEnd.Tests.UI.NarrativeGameInputTests.SettingsFocusAndScaleClickSurviveResizeWithoutTransferringAHeldPress" computerName="ROLEPLAY-GAMER" duration="00:00:00.0056178" startTime="2026-09-13T12:40:03.4281031+02:00" endTime="2026-09-13T12:40:03.4281033+02:00" testType="13cdc9d9-ddb5-4fa4-a97d-d965ccfc6d4b" outcome="Passed" testListId="8c84fa94-04c1-424b-9868-57a2d4851a1d" relativeResultsDirectory="5bd156df-441b-4657-ad49-057ea6f7a29e" />
    <UnitTestResult executionId="52ab1584-02be-4741-9fe2-9b8426f01452" testId="dfb42b32-b4c9-f681-e5db-539719a42c6d" testName="TheEnd.Tests.UI.VoiceBubbleLayoutTests.OnlyARealLayoutChangePermitsANewChoice(change: 2)" computerName="ROLEPLAY-GAMER" duration="00:00:00.0000109" startTime="2026-09-13T12:40:03.1501273+02:00" endTime="2026-09-13T12:40:03.1501274+02:00" testType="13cdc9d9-ddb5-4fa4-a97d-d965ccfc6d4b" outcome="Passed" testListId="8c84fa94-04c1-424b-9868-57a2d4851a1d" relativeResultsDirectory="52ab1584-02be-4741-9fe2-9b8426f01452" />
    <UnitTestResult executionId="44ca052a-692e-4c19-9182-0b0dc00006a5" testId="98c8cc02-5978-8e68-714d-d14b72f0adc8" testName="TheEnd.Tests.Input.WallGestureInputTests.EscapeIsSwallowedUntilTheKeyIsReleased" computerName="ROLEPLAY-GAMER" duration="00:00:00.0001786" startTime="2026-09-13T12:40:03.2315952+02:00" endTime="2026-09-13T12:40:03.2315953+02:00" testType="13cdc9d9-ddb5-4fa4-a97d-d965ccfc6d4b" outcome="Passed" testListId="8c84fa94-04c1-424b-9868-57a2d4851a1d" relativeResultsDirectory="44ca052a-692e-4c19-9182-0b0dc00006a5" />
    <UnitTestResult executionId="60af8083-c17f-4bf9-9951-8e6baf619152" testId="16a14f4f-4e2c-2dee-47cd-f0fbab6e6e99" testName="TheEnd.Tests.UI.GameHudLayoutPolicyTests.NonPositiveInputsAreRejected(width: 0, height: 720, scale: 1)" computerName="ROLEPLAY-GAMER" duration="00:00:00.0000137" startTime="2026-09-13T12:40:03.2174062+02:00" endTime="2026-09-13T12:40:03.2174063+02:00" testType="13cdc9d9-ddb5-4fa4-a97d-d965ccfc6d4b" outcome="Passed" testListId="8c84fa94-04c1-424b-9868-57a2d4851a1d" relativeResultsDirectory="60af8083-c17f-4bf9-9951-8e6baf619152" />
    <UnitTestResult executionId="f9334c54-8443-4432-a96f-7e39c015d818" testId="6ced96c0-3c84-8889-c3f7-3c91520e0d70" testName="TheEnd.Tests.UI.GameHudLayoutPolicyTests.CriticalSurfacesNeverOverlap(width: 3840, height: 2160, scale: 1)" computerName="ROLEPLAY-GAMER" duration="00:00:00.0000235" startTime="2026-09-13T12:40:03.1989029+02:00" endTime="2026-09-13T12:40:03.1989030+02:00" testType="13cdc9d9-ddb5-4fa4-a97d-d965ccfc6d4b" outcome="Passed" testListId="8c84fa94-04c1-424b-9868-57a2d4851a1d" relativeResultsDirectory="f9334c54-8443-4432-a96f-7e39c015d818" />
    <UnitTestResult executionId="fe3c1f6e-ba99-445e-80eb-67c3663b2209" testId="4d80d3b4-8c2b-cc49-f918-0faba4c83139" testName="TheEnd.Tests.UI.UiLocalizationTests.FirstLaunchUsesSupportedSystemLanguageOrEnglish(culture: &quot;ja-JP&quot;, expected: &quot;en&quot;)" computerName="ROLEPLAY-GAMER" duration="00:00:00.0001747" startTime="2026-09-13T12:40:03.2222554+02:00" endTime="2026-09-13T12:40:03.2222554+02:00" testType="13cdc9d9-ddb5-4fa4-a97d-d965ccfc6d4b" outcome="Passed" testListId="8c84fa94-04c1-424b-9868-57a2d4851a1d" relativeResultsDirectory="fe3c1f6e-ba99-445e-80eb-67c3663b2209" />
    <UnitTestResult executionId="1cd271f6-5832-4a76-a9c1-121ea8aeeae4" testId="6f4f73f2-44b9-334b-9980-8d5da7676a8a" testName="TheEnd.Tests.Input.GameActionControllerTests.DirectSpeedActionsSelectTheRequestedSpeed(actionValue: 7, speed: 5)" computerName="ROLEPLAY-GAMER" duration="00:00:00.0000284" startTime="2026-09-13T12:40:03.1764301+02:00" endTime="2026-09-13T12:40:03.1764302+02:00" testType="13cdc9d9-ddb5-4fa4-a97d-d965ccfc6d4b" outcome="Passed" testListId="8c84fa94-04c1-424b-9868-57a2d4851a1d" relativeResultsDirectory="1cd271f6-5832-4a76-a9c1-121ea8aeeae4" />
    <UnitTestResult executionId="47c482af-36de-458c-aa3b-234878f2b113" testId="27b883d3-8ac7-9379-76c5-814a69f13d15" testName="TheEnd.Tests.UI.CharacterDossierContentTests.AChangedGaugeMeasuresOnlyItsParagraphAndDoesNotFormatSixtyFourFactsAgain" computerName="ROLEPLAY-GAMER" duration="00:00:00.0286361" startTime="2026-09-13T12:40:03.2715489+02:00" endTime="2026-09-13T12:40:03.2715490+02:00" testType="13cdc9d9-ddb5-4fa4-a97d-d965ccfc6d4b" outcome="Passed" testListId="8c84fa94-04c1-424b-9868-57a2d4851a1d" relativeResultsDirectory="47c482af-36de-458c-aa3b-234878f2b113" />
    <UnitTestResult executionId="bf52c73d-380c-44bb-a9a3-5ee5e36813ce" testId="73a96329-fae9-b44d-2ed9-18ecda16a740" testName="TheEnd.Tests.Input.CryopodModelInteractionTests.UnsupportedConditionKeepsItsExistingFootprint(condition: Stripped)" computerName="ROLEPLAY-GAMER" duration="00:00:00.0001743" startTime="2026-09-13T12:40:03.2178219+02:00" endTime="2026-09-13T12:40:03.2178220+02:00" testType="13cdc9d9-ddb5-4fa4-a97d-d965ccfc6d4b" outcome="Passed" testListId="8c84fa94-04c1-424b-9868-57a2d4851a1d" relativeResultsDirectory="bf52c73d-380c-44bb-a9a3-5ee5e36813ce" />
    <UnitTestResult executionId="d4abed28-7d3a-47d5-95fb-81dc0ae95615" testId="49df32fe-4a3e-ee49-1e11-fbf207d9f72b" testName="TheEnd.Tests.UI.VoiceBubbleGeometryTests.OrdinaryTokensKeepOnlyTheRequestedPaddingAtMinimumCameraZoom" computerName="ROLEPLAY-GAMER" duration="00:00:00.0001580" startTime="2026-09-13T12:40:03.1525387+02:00" endTime="2026-09-13T12:40:03.1525388+02:00" testType="13cdc9d9-ddb5-4fa4-a97d-d965ccfc6d4b" outcome="Passed" testListId="8c84fa94-04c1-424b-9868-57a2d4851a1d" relativeResultsDirectory="d4abed28-7d3a-47d5-95fb-81dc0ae95615" />
    <UnitTestResult executionId="8ea6df0e-8682-4346-a3ac-31e99c38bafd" testId="08d27a51-4eca-6037-555f-c642609b8aad" testName="TheEnd.Tests.UI.VoiceBubbleLayoutTests.SubpixelMovementDoesNotInvalidateTheAnchor" computerName="ROLEPLAY-GAMER" duration="00:00:00.0006190" startTime="2026-09-13T12:40:03.1535768+02:00" endTime="2026-09-13T12:40:03.1535768+02:00" testType="13cdc9d9-ddb5-4fa4-a97d-d965ccfc6d4b" outcome="Passed" testListId="8c84fa94-04c1-424b-9868-57a2d4851a1d" relativeResultsDirectory="8ea6df0e-8682-4346-a3ac-31e99c38bafd" />
    <UnitTestResult executionId="c433cab9-57d0-493d-8658-b09e82d44138" testId="aa028676-f751-3fbe-4ef4-a2510b6060a0" testName="TheEnd.Tests.UI.VoiceBubbleTextTests.EmptyUtterancesHaveNoBubble(source: &quot;   \t\n&quot;)" computerName="ROLEPLAY-GAMER" duration="00:00:00.0001033" startTime="2026-09-13T12:40:03.1533110+02:00" endTime="2026-09-13T12:40:03.1533111+02:00" testType="13cdc9d9-ddb5-4fa4-a97d-d965ccfc6d4b" outcome="Passed" testListId="8c84fa94-04c1-424b-9868-57a2d4851a1d" relativeResultsDirectory="c433cab9-57d0-493d-8658-b09e82d44138" />
    <UnitTestResult executionId="09a9d5e7-1a1b-4616-b773-ce166c17602e" testId="aeb753ec-b2e9-261b-af24-4559e10f2e9e" testName="TheEnd.Tests.UI.GameHudLayoutPolicyTests.SmallDesktopViewportsUseCompactReflow(width: 1280, height: 720)" computerName="ROLEPLAY-GAMER" duration="00:00:00.0000100" startTime="2026-09-13T12:40:03.2007607+02:00" endTime="2026-09-13T12:40:03.2007607+02:00" testType="13cdc9d9-ddb5-4fa4-a97d-d965ccfc6d4b" outcome="Passed" testListId="8c84fa94-04c1-424b-9868-57a2d4851a1d" relativeResultsDirectory="09a9d5e7-1a1b-4616-b773-ce166c17602e" />
    <UnitTestResult executionId="26a70e7a-4dc0-439c-bccc-3ee5813b07b6" testId="75b69421-0d54-e5fc-cd30-225a2bffe31b" testName="TheEnd.Tests.Localization.LocalizedTextTests.InvalidPackFailsWithAUsefulDiagnostic(json: &quot;{\&quot;sample.bad\&quot;:\&quot;{depth:not-a-formatter:value}\&quot;}&quot;)" computerName="ROLEPLAY-GAMER" duration="00:00:00.0057272" startTime="2026-09-13T12:40:03.2542852+02:00" endTime="2026-09-13T12:40:03.2542853+02:00" testType="13cdc9d9-ddb5-4fa4-a97d-d965ccfc6d4b" outcome="Passed" testListId="8c84fa94-04c1-424b-9868-57a2d4851a1d" relativeResultsDirectory="26a70e7a-4dc0-439c-bccc-3ee5813b07b6" />
    <UnitTestResult executionId="1fc4d4b9-3ffd-4c54-a4ce-d55e8ef28d0f" testId="a166fd26-d447-ea52-9182-314d8be5052d" testName="TheEnd.Tests.UI.VoiceBubbleLayoutTests.InsufficientSpaceRejectsWithoutClippingOrResizing(w: 120, h: 80, bw: 200, bh: 64)" computerName="ROLEPLAY-GAMER" duration="00:00:00.0005388" startTime="2026-09-13T12:40:03.1485146+02:00" endTime="2026-09-13T12:40:03.1485147+02:00" testType="13cdc9d9-ddb5-4fa4-a97d-d965ccfc6d4b" outcome="Passed" testListId="8c84fa94-04c1-424b-9868-57a2d4851a1d" relativeResultsDirectory="1fc4d4b9-3ffd-4c54-a4ce-d55e8ef28d0f" />
    <UnitTestResult executionId="9ea2cd1d-effd-4c98-aafb-08031d8c9b8b" testId="c2ee8261-1985-31fe-2128-f1abb8c75354" testName="TheEnd.Tests.UI.HudInteractionStateTests.KeyboardActivationCancelsTheSamePointersFutureRelease" computerName="ROLEPLAY-GAMER" duration="00:00:00.0001849" startTime="2026-09-13T12:40:03.1520236+02:00" endTime="2026-09-13T12:40:03.1520236+02:00" testType="13cdc9d9-ddb5-4fa4-a97d-d965ccfc6d4b" outcome="Passed" testListId="8c84fa94-04c1-424b-9868-57a2d4851a1d" relativeResultsDirectory="9ea2cd1d-effd-4c98-aafb-08031d8c9b8b" />
    <UnitTestResult executionId="18b96a0f-111e-47af-a413-2b172fd3e2a8" testId="e7692805-3902-a043-2b2b-71da8ef6c3ba" testName="TheEnd.Tests.UI.UiTypographyContentTests.ContentBuildIncludesEveryFaceAndCopiesItsLicense" computerName="ROLEPLAY-GAMER" duration="00:00:00.0010227" startTime="2026-09-13T12:40:03.2437067+02:00" endTime="2026-09-13T12:40:03.2437068+02:00" testType="13cdc9d9-ddb5-4fa4-a97d-d965ccfc6d4b" outcome="Passed" testListId="8c84fa94-04c1-424b-9868-57a2d4851a1d" relativeResultsDirectory="18b96a0f-111e-47af-a413-2b172fd3e2a8" />
    <UnitTestResult executionId="febe8a31-bae0-4b51-bbf3-207cd0dd6d45" testId="278b7805-805e-7927-48db-023b3ca238fd" testName="TheEnd.Tests.UI.OrderContextInputTests.RightClickOnlyOffersTheOrderAndOneConfirmedClickQueuesExactlyOneMove(width: 1280, height: 720, scale: 2)" computerName="ROLEPLAY-GAMER" duration="00:00:00.0058797" startTime="2026-09-13T12:40:03.3852104+02:00" endTime="2026-09-13T12:40:03.3852104+02:00" testType="13cdc9d9-ddb5-4fa4-a97d-d965ccfc6d4b" outcome="Passed" testListId="8c84fa94-04c1-424b-9868-57a2d4851a1d" relativeResultsDirectory="febe8a31-bae0-4b51-bbf3-207cd0dd6d45" />
    <UnitTestResult executionId="303028ab-2212-4840-bea2-37188d4b7e8a" testId="c52042cd-9ea2-5dc8-901a-d74bb0e1f92f" testName="TheEnd.Tests.UI.NarrativeTextTests.DossierKeepsKnownDetailsWhileJournalKeepsItsShortWording(type: &quot;corruption-stage-changed&quot;, key: &quot;stageId&quot;, value: &quot;altered&quot;, journal: &quot;La corruption de Ada Vale évolue.&quot;, dossier: &quot;Nouveau stade connu pour Ada Vale : altération.&quot;)" computerName="ROLEPLAY-GAMER" duration="00:00:00.0009428" startTime="2026-09-13T12:40:03.2174338+02:00" endTime="2026-09-13T12:40:03.2174339+02:00" testType="13cdc9d9-ddb5-4fa4-a97d-d965ccfc6d4b" outcome="Passed" testListId="8c84fa94-04c1-424b-9868-57a2d4851a1d" relativeResultsDirectory="303028ab-2212-4840-bea2-37188d4b7e8a" />
    <UnitTestResult executionId="55122d3f-e913-4c07-9375-3e3ec3074007" testId="801176c1-0261-37c9-4e71-76ea71ff9675" testName="TheEnd.Tests.Input.TimeControllerTests.AConcreteSpeedCanBeSelectedWhilePaused(speed: 3)" computerName="ROLEPLAY-GAMER" duration="00:00:00.0000017" startTime="2026-09-13T12:40:03.2143350+02:00" endTime="2026-09-13T12:40:03.2143351+02:00" testType="13cdc9d9-ddb5-4fa4-a97d-d965ccfc6d4b" outcome="Passed" testListId="8c84fa94-04c1-424b-9868-57a2d4851a1d" relativeResultsDirectory="55122d3f-e913-4c07-9375-3e3ec3074007" />
    <UnitTestResult executionId="56adffff-8cba-4dac-9bf9-38616c411d52" testId="28abf208-91d7-e9b7-c657-66ecf66f1236" testName="TheEnd.Tests.Input.DeckCameraMemoryTests.ClearMakesADeckANewVisitAgain" computerName="ROLEPLAY-GAMER" duration="00:00:00.0002861" startTime="2026-09-13T12:40:03.1492612+02:00" endTime="2026-09-13T12:40:03.1492612+02:00" testType="13cdc9d9-ddb5-4fa4-a97d-d965ccfc6d4b" outcome="Passed" testListId="8c84fa94-04c1-424b-9868-57a2d4851a1d" relativeResultsDirectory="56adffff-8cba-4dac-9bf9-38616c411d52" />
    <UnitTestResult executionId="92d9636a-198e-4e42-b6b4-af025f6e7e26" testId="90dd5751-e719-d0b9-edc8-4bd22196bc35" testName="TheEnd.Tests.UI.LocalizedPresentationTests.DossierReformatsHistoryAndNumbersWhilePausedThenRetainsItsNewLayout" computerName="ROLEPLAY-GAMER" duration="00:00:00.0034281" startTime="2026-09-13T12:40:03.2267449+02:00" endTime="2026-09-13T12:40:03.2267450+02:00" testType="13cdc9d9-ddb5-4fa4-a97d-d965ccfc6d4b" outcome="Passed" testListId="8c84fa94-04c1-424b-9868-57a2d4851a1d" relativeResultsDirectory="92d9636a-198e-4e42-b6b4-af025f6e7e26" />
    <UnitTestResult executionId="0a8832f0-a3f0-4a89-9d93-4c758928a927" testId="1ad6f10c-8f4f-8869-6a9a-e5afdfdc8cb8" testName="TheEnd.Tests.UI.OrderContextInputTests.AnUnavailableSelectionCannotOpenAMovementMenu(state: &quot;dead&quot;)" computerName="ROLEPLAY-GAMER" duration="00:00:00.0059125" startTime="2026-09-13T12:40:03.3320069+02:00" endTime="2026-09-13T12:40:03.3320071+02:00" testType="13cdc9d9-ddb5-4fa4-a97d-d965ccfc6d4b" outcome="Passed" testListId="8c84fa94-04c1-424b-9868-57a2d4851a1d" relativeResultsDirectory="0a8832f0-a3f0-4a89-9d93-4c758928a927" />
    <UnitTestResult executionId="9cf4959a-56c5-4e59-8b73-c441d0c02c97" testId="55a9c513-2bcc-8464-d53f-1c9550437945" testName="TheEnd.Tests.UI.GameHudLayoutPolicyTests.PointOverloadUsesTheSamePolicy" computerName="ROLEPLAY-GAMER" duration="00:00:00.0030587" startTime="2026-09-13T12:40:03.2192292+02:00" endTime="2026-09-13T12:40:03.2192292+02:00" testType="13cdc9d9-ddb5-4fa4-a97d-d965ccfc6d4b" outcome="Passed" testListId="8c84fa94-04c1-424b-9868-57a2d4851a1d" relativeResultsDirectory="9cf4959a-56c5-4e59-8b73-c441d0c02c97" />
    <UnitTestResult executionId="9b851fef-af96-40a4-82a5-51df45ff495f" testId="c0842a5a-0a0e-a3d9-d7d4-d60b418f1568" testName="TheEnd.Tests.UI.VoiceBubbleTextTests.ALongWordIsRejectedWholeWithoutShrinkingOrEllipsis" computerName="ROLEPLAY-GAMER" duration="00:00:00.0016210" startTime="2026-09-13T12:40:03.1539376+02:00" endTime="2026-09-13T12:40:03.1539377+02:00" testType="13cdc9d9-ddb5-4fa4-a97d-d965ccfc6d4b" outcome="Passed" testListId="8c84fa94-04c1-424b-9868-57a2d4851a1d" relativeResultsDirectory="9b851fef-af96-40a4-82a5-51df45ff495f" />
    <UnitTestResult executionId="08d6fab5-4ff9-4eae-8b99-6ed55f0e6f09" testId="7d0b3f92-2467-f4b7-a15a-c92a27a97728" testName="TheEnd.Tests.UI.CryopodContextMenuTests.OnlyASealedPodWithItsLivingDormantCanOfferTheAction(fault: &quot;dead&quot;)" computerName="ROLEPLAY-GAMER" duration="00:00:00.0011315" startTime="2026-09-13T12:40:03.2216283+02:00" endTime="2026-09-13T12:40:03.2216283+02:00" testType="13cdc9d9-ddb5-4fa4-a97d-d965ccfc6d4b" outcome="Passed" testListId="8c84fa94-04c1-424b-9868-57a2d4851a1d" relativeResultsDirectory="08d6fab5-4ff9-4eae-8b99-6ed55f0e6f09" />
    <UnitTestResult executionId="303c72e2-e3e1-4ef8-a0fb-32238c1ecd47" testId="8b6676cb-4409-b6e4-b628-794ad8adc9b2" testName="TheEnd.Tests.UI.MoveOrderContextMenuTests.GenericMenuKeepsItsMoveButtonInsideTheViewport(width: 1280, height: 720, scale: 2)" computerName="ROLEPLAY-GAMER" duration="00:00:00.0113918" startTime="2026-09-13T12:40:03.1965937+02:00" endTime="2026-09-13T12:40:03.1965937+02:00" testType="13cdc9d9-ddb5-4fa4-a97d-d965ccfc6d4b" outcome="Passed" testListId="8c84fa94-04c1-424b-9868-57a2d4851a1d" relativeResultsDirectory="303c72e2-e3e1-4ef8-a0fb-32238c1ecd47" />
    <UnitTestResult executionId="8f132e2a-096e-4d5d-bb59-ae5b0976cc93" testId="70ef15ad-911d-8bd9-bc70-a1a4272ac354" testName="TheEnd.Tests.UI.HudActionMapTests.EveryInteractiveControlMapsToADeviceIndependentAction(target: 4, expected: 3)" computerName="ROLEPLAY-GAMER" duration="00:00:00.0000038" startTime="2026-09-13T12:40:03.1475902+02:00" endTime="2026-09-13T12:40:03.1475903+02:00" testType="13cdc9d9-ddb5-4fa4-a97d-d965ccfc6d4b" outcome="Passed" testListId="8c84fa94-04c1-424b-9868-57a2d4851a1d" relativeResultsDirectory="8f132e2a-096e-4d5d-bb59-ae5b0976cc93" />
    <UnitTestResult executionId="f129c614-2ffe-4f6a-918e-f82cbd4768e0" testId="843694a5-a073-2cd9-6dfb-c4c2609bbd75" testName="TheEnd.Tests.UI.GameHudLayoutPolicyTests.HitRegionsFollowEveryArrangedPanel(width: 1280, height: 720, scale: 1,25)" computerName="ROLEPLAY-GAMER" duration="00:00:00.0139151" startTime="2026-09-13T12:40:03.1895728+02:00" endTime="2026-09-13T12:40:03.1895730+02:00" testType="13cdc9d9-ddb5-4fa4-a97d-d965ccfc6d4b" outcome="Passed" testListId="8c84fa94-04c1-424b-9868-57a2d4851a1d" relativeResultsDirectory="f129c614-2ffe-4f6a-918e-f82cbd4768e0" />
    <UnitTestResult executionId="97ce1ace-a05b-4c70-a6f9-50bdacff2887" testId="8bb70063-16da-be33-ca58-f113959867d3" testName="TheEnd.Tests.UI.VoiceBubbleLayoutTests.ScreenEdgesRetainWholeTextWhenOnlyTheSpeakersCentreIsVisible(x: 615, y: 25)" computerName="ROLEPLAY-GAMER" duration="00:00:00.0005375" startTime="2026-09-13T12:40:03.1501592+02:00" endTime="2026-09-13T12:40:03.1501593+02:00" testType="13cdc9d9-ddb5-4fa4-a97d-d965ccfc6d4b" outcome="Passed" testListId="8c84fa94-04c1-424b-9868-57a2d4851a1d" relativeResultsDirectory="97ce1ace-a05b-4c70-a6f9-50bdacff2887" />
    <UnitTestResult executionId="9f6d274a-b157-43cf-bdaa-f4c37048031a" testId="bab2a8ee-ca07-a845-fe79-908bef199841" testName="TheEnd.Tests.UI.NarrativeGameInputTests.JournalShortcutAndEscapePreserveRunningTimeAndBlockWorldOrdersInsideTheWindow" computerName="ROLEPLAY-GAMER" duration="00:00:00.0067913" startTime="2026-09-13T12:40:03.3100490+02:00" endTime="2026-09-13T12:40:03.3100491+02:00" testType="13cdc9d9-ddb5-4fa4-a97d-d965ccfc6d4b" outcome="Passed" testListId="8c84fa94-04c1-424b-9868-57a2d4851a1d" relativeResultsDirectory="9f6d274a-b157-43cf-bdaa-f4c37048031a" />
    <UnitTestResult executionId="0c11b1b1-a888-44a7-b0d7-2828a9c1aab6" testId="d7ba335a-1275-f94f-2f5e-9813b299665e" testName="TheEnd.Tests.UI.UiLocalizationTests.LanguageSwitchRetranslatesAttentionWithoutRaisingANewEmergency" computerName="ROLEPLAY-GAMER" duration="00:00:00.0004397" startTime="2026-09-13T12:40:03.2313021+02:00" endTime="2026-09-13T12:40:03.2313022+02:00" testType="13cdc9d9-ddb5-4fa4-a97d-d965ccfc6d4b" outcome="Passed" testListId="8c84fa94-04c1-424b-9868-57a2d4851a1d" relativeResultsDirectory="0c11b1b1-a888-44a7-b0d7-2828a9c1aab6" />
    <UnitTestResult executionId="453f3fe7-673b-4a4b-9693-55ace90156b6" testId="5a58c13b-5c69-798e-f06d-3b57f3c1ae84" testName="TheEnd.Tests.UI.SessionMenuStateTests.MenuFitsTheViewportWithoutMutatingTheStoredPreference(width: 1920, height: 1080, preferred: 2)" computerName="ROLEPLAY-GAMER" duration="00:00:00.0000416" startTime="2026-09-13T12:40:03.1626111+02:00" endTime="2026-09-13T12:40:03.1626112+02:00" testType="13cdc9d9-ddb5-4fa4-a97d-d965ccfc6d4b" outcome="Passed" testListId="8c84fa94-04c1-424b-9868-57a2d4851a1d" relativeResultsDirectory="453f3fe7-673b-4a4b-9693-55ace90156b6" />
    <UnitTestResult executionId="26297149-2eb0-468e-81bd-b36955e5d039" testId="86ace174-5bcf-d5fa-e4ac-3a7ac5e97da8" testName="TheEnd.Tests.UI.MoveOrderContextMenuTests.InterruptibleActivitiesPermitPreparingAMoveWithoutBeingInterruptedByOpening(kind: Sleeping)" computerName="ROLEPLAY-GAMER" duration="00:00:00.0039130" startTime="2026-09-13T12:40:03.2215387+02:00" endTime="2026-09-13T12:40:03.2215387+02:00" testType="13cdc9d9-ddb5-4fa4-a97d-d965ccfc6d4b" outcome="Passed" testListId="8c84fa94-04c1-424b-9868-57a2d4851a1d" relativeResultsDirectory="26297149-2eb0-468e-81bd-b36955e5d039" />
    <UnitTestResult executionId="f054bb8e-e037-4782-b9fc-d7a81fdf761b" testId="20af4f10-f83b-5d5a-fa1e-a5d918bf6894" testName="TheEnd.Tests.UI.CharacterHudInputTests.DossierKeepsVisibleSpeechAndNeverReplaysCoveredOrOtherDeckSpeakers(width: 1920, height: 1080, scale: 1, channel: Pensee)" computerName="ROLEPLAY-GAMER" duration="00:00:00.0003149" startTime="2026-09-13T12:40:03.2606107+02:00" endTime="2026-09-13T12:40:03.2606108+02:00" testType="13cdc9d9-ddb5-4fa4-a97d-d965ccfc6d4b" outcome="Passed" testListId="8c84fa94-04c1-424b-9868-57a2d4851a1d" relativeResultsDirectory="f054bb8e-e037-4782-b9fc-d7a81fdf761b" />
    <UnitTestResult executionId="cffb8cc8-b42e-477b-b363-1fd45c8a2f9e" testId="604d685d-546d-aec8-c845-3e1e1e16a37a" testName="TheEnd.Tests.UI.GameHudLayoutPolicyTests.CriticalSurfacesNeverOverlap(width: 3440, height: 1440, scale: 1,5)" computerName="ROLEPLAY-GAMER" duration="00:00:00.0000269" startTime="2026-09-13T12:40:03.1985782+02:00" endTime="2026-09-13T12:40:03.1985782+02:00" testType="13cdc9d9-ddb5-4fa4-a97d-d965ccfc6d4b" outcome="Passed" testListId="8c84fa94-04c1-424b-9868-57a2d4851a1d" relativeResultsDirectory="cffb8cc8-b42e-477b-b363-1fd45c8a2f9e" />
    <UnitTestResult executionId="f8a221b6-4604-493e-af99-41148bf090ad" testId="499502c8-ab92-3c0f-bcf2-b5652c3ff3ad" testName="TheEnd.Tests.UI.VoiceBubbleLayoutTests.OnlyARealLayoutChangePermitsANewChoice(change: 3)" computerName="ROLEPLAY-GAMER" duration="00:00:00.0002326" startTime="2026-09-13T12:40:03.1501116+02:00" endTime="2026-09-13T12:40:03.1501116+02:00" testType="13cdc9d9-ddb5-4fa4-a97d-d965ccfc6d4b" outcome="Passed" testListId="8c84fa94-04c1-424b-9868-57a2d4851a1d" relativeResultsDirectory="f8a221b6-4604-493e-af99-41148bf090ad" />
    <UnitTestResult executionId="1c66e5a2-7760-42f6-af06-9b62e27ad5ae" testId="213a1b5d-bbcd-c952-8961-12a4283adfb9" testName="TheEnd.Tests.UI.CriticalAttentionTests.AlertAndAcknowledgementUseDistinctContainedHitRegions(width: 3440, height: 1440, scale: 1,5)" computerName="ROLEPLAY-GAMER" duration="00:00:00.0018999" startTime="2026-09-13T12:40:03.2188684+02:00" endTime="2026-09-13T12:40:03.2188684+02:00" testType="13cdc9d9-ddb5-4fa4-a97d-d965ccfc6d4b" outcome="Passed" testListId="8c84fa94-04c1-424b-9868-57a2d4851a1d" relativeResultsDirectory="1c66e5a2-7760-42f6-af06-9b62e27ad5ae" />
    <UnitTestResult executionId="a34a0703-a3aa-4a93-8d27-576866c7ac51" testId="c485d6b4-a88c-d316-1b55-4b841206783a" testName="TheEnd.Tests.UI.VoicePresentationStateTests.PauseFreezesTheSameLineAndFiveTimesSpeedReachesItsDeadlineFiveTimesSooner" computerName="ROLEPLAY-GAMER" duration="00:00:00.0002667" startTime="2026-09-13T12:40:04.0598935+02:00" endTime="2026-09-13T12:40:04.0598936+02:00" testType="13cdc9d9-ddb5-4fa4-a97d-d965ccfc6d4b" outcome="Passed" testListId="8c84fa94-04c1-424b-9868-57a2d4851a1d" relativeResultsDirectory="a34a0703-a3aa-4a93-8d27-576866c7ac51" />
    <UnitTestResult executionId="4679095f-5fca-4419-a621-0fe5c473ac5a" testId="dacbf473-6ad0-713a-fa72-e6b8a483bf70" testName="TheEnd.Tests.UI.GameHudLayoutPolicyTests.EverySurfaceStaysInsideTheViewport(width: 1280, height: 720, scale: 1,25)" computerName="ROLEPLAY-GAMER" duration="00:00:00.0000454" startTime="2026-09-13T12:40:03.1917284+02:00" endTime="2026-09-13T12:40:03.1917285+02:00" testType="13cdc9d9-ddb5-4fa4-a97d-d965ccfc6d4b" outcome="Passed" testListId="8c84fa94-04c1-424b-9868-57a2d4851a1d" relativeResultsDirectory="4679095f-5fca-4419-a621-0fe5c473ac5a" />
    <UnitTestResult executionId="46d210ed-e85f-4fd5-8e12-325ba44b5b8e" testId="1d891df8-43ee-9fe7-60ae-87bbdf5456f1" testName="TheEnd.Tests.UI.OrderContextInputTests.PausedConfirmationRecordsTheOrderButMovementWaitsForSimulationToResume" computerName="ROLEPLAY-GAMER" duration="00:00:00.0634455" startTime="2026-09-13T12:40:03.4825174+02:00" endTime="2026-09-13T12:40:03.4825178+02:00" testType="13cdc9d9-ddb5-4fa4-a97d-d965ccfc6d4b" outcome="Passed" testListId="8c84fa94-04c1-424b-9868-57a2d4851a1d" relativeResultsDirectory="46d210ed-e85f-4fd5-8e12-325ba44b5b8e" />
    <UnitTestResult executionId="1759ee70-496f-4336-832e-42feca6f4694" testId="885c72b0-4a13-9a03-b3a0-1f54391f45b8" testName="TheEnd.Tests.UI.GameHudLayoutPolicyTests.EverySurfaceStaysInsideTheViewport(width: 1280, height: 720, scale: 2)" computerName="ROLEPLAY-GAMER" duration="00:00:00.0000494" startTime="2026-09-13T12:40:03.1925865+02:00" endTime="2026-09-13T12:40:03.1925865+02:00" testType="13cdc9d9-ddb5-4fa4-a97d-d965ccfc6d4b" outcome="Passed" testListId="8c84fa94-04c1-424b-9868-57a2d4851a1d" relativeResultsDirectory="1759ee70-496f-4336-832e-42feca6f4694" />
    <UnitTestResult executionId="cac06c09-c661-45bf-a1ac-4a568f39f594" testId="6ebba6ea-fc6b-7206-6bac-0a9869ed9245" testName="TheEnd.Tests.UI.NarrativeGameInputTests.DRemainsTheWallToolShortcutOnlyInTheF2Editor" computerName="ROLEPLAY-GAMER" duration="00:00:00.0121777" startTime="2026-09-13T12:40:03.3966599+02:00" endTime="2026-09-13T12:40:03.3966601+02:00" testType="13cdc9d9-ddb5-4fa4-a97d-d965ccfc6d4b" outcome="Passed" testListId="8c84fa94-04c1-424b-9868-57a2d4851a1d" relativeResultsDirectory="cac06c09-c661-45bf-a1ac-4a568f39f594" />
    <UnitTestResult executionId="40320220-fb14-4f97-8340-99a5227a8cc8" testId="a572f299-529b-e19f-a338-89da28c3745a" testName="TheEnd.Tests.UI.CharacterHudInputTests.InspectorBackgroundNeverShowsTheTooltipOfACoveredRosterGauge" computerName="ROLEPLAY-GAMER" duration="00:00:00.0006272" startTime="2026-09-13T12:40:03.2569750+02:00" endTime="2026-09-13T12:40:03.2569752+02:00" testType="13cdc9d9-ddb5-4fa4-a97d-d965ccfc6d4b" outcome="Passed" testListId="8c84fa94-04c1-424b-9868-57a2d4851a1d" relativeResultsDirectory="40320220-fb14-4f97-8340-99a5227a8cc8" />
    <UnitTestResult executionId="87e214c4-eac0-4f80-9a97-81e2cf3ff769" testId="cc265f25-d807-36f2-2a1f-b07b59077701" testName="TheEnd.Tests.UI.SessionMenuStateTests.MissingSaveDoesNotOfferAReplacementOrOpenAConfirmation" computerName="ROLEPLAY-GAMER" duration="00:00:00.0000910" startTime="2026-09-13T12:40:03.1646280+02:00" endTime="2026-09-13T12:40:03.1646280+02:00" testType="13cdc9d9-ddb5-4fa4-a97d-d965ccfc6d4b" outcome="Passed" testListId="8c84fa94-04c1-424b-9868-57a2d4851a1d" relativeResultsDirectory="87e214c4-eac0-4f80-9a97-81e2cf3ff769" />
    <UnitTestResult executionId="8443022a-d932-4406-8e89-1b2097b1de32" testId="b43b1e07-195d-afc8-2aae-8d4ab9496554" testName="TheEnd.Tests.UI.SessionMenuStateTests.HomeChoicesHaveNoRunningWorldToDiscard(value: 2)" computerName="ROLEPLAY-GAMER" duration="00:00:00.0001147" startTime="2026-09-13T12:40:03.1635415+02:00" endTime="2026-09-13T12:40:03.1635416+02:00" testType="13cdc9d9-ddb5-4fa4-a97d-d965ccfc6d4b" outcome="Passed" testListId="8c84fa94-04c1-424b-9868-57a2d4851a1d" relativeResultsDirectory="8443022a-d932-4406-8e89-1b2097b1de32" />
    <UnitTestResult executionId="1df3e0fc-8c16-4f2f-9b7b-754eebbc6a6d" testId="e0418cdb-58d8-c103-70a9-a264bbbe47cb" testName="TheEnd.Tests.UI.VoiceBubbleGeometryTests.ActorBoundsCoverTheFullSquareIncludingItsCentredBorder(cellSize: 24)" computerName="ROLEPLAY-GAMER" duration="00:00:00.0000835" startTime="2026-09-13T12:40:03.1497618+02:00" endTime="2026-09-13T12:40:03.1497619+02:00" testType="13cdc9d9-ddb5-4fa4-a97d-d965ccfc6d4b" outcome="Passed" testListId="8c84fa94-04c1-424b-9868-57a2d4851a1d" relativeResultsDirectory="1df3e0fc-8c16-4f2f-9b7b-754eebbc6a6d" />
    <UnitTestResult executionId="27b362e5-2c31-4e2f-ad1a-b42ba8b392d6" testId="d33cd973-c5ad-ead5-07ee-511d7c5e03c0" testName="TheEnd.Tests.UI.JournalHudTests.LayoutKeepsReadingAndControlsInsideViewport(width: 3440, height: 1440, scale: 1)" computerName="ROLEPLAY-GAMER" duration="00:00:00.0000663" startTime="2026-09-13T12:40:03.2239058+02:00" endTime="2026-09-13T12:40:03.2239059+02:00" testType="13cdc9d9-ddb5-4fa4-a97d-d965ccfc6d4b" outcome="Passed" testListId="8c84fa94-04c1-424b-9868-57a2d4851a1d" relativeResultsDirectory="27b362e5-2c31-4e2f-ad1a-b42ba8b392d6" />
    <UnitTestResult executionId="88ff2088-939f-44e5-9213-947480d3b324" testId="021e83dd-a5c8-a231-8c66-8ee3d422ab34" testName="TheEnd.Tests.UI.HudActionMapTests.PassiveChromeHasNoAction" computerName="ROLEPLAY-GAMER" duration="00:00:00.0004097" startTime="2026-09-13T12:40:03.1485870+02:00" endTime="2026-09-13T12:40:03.1485871+02:00" testType="13cdc9d9-ddb5-4fa4-a97d-d965ccfc6d4b" outcome="Passed" testListId="8c84fa94-04c1-424b-9868-57a2d4851a1d" relativeResultsDirectory="88ff2088-939f-44e5-9213-947480d3b324" />
    <UnitTestResult executionId="5472d6a7-57fe-49fb-8091-4d8d1eeb5d6a" testId="49f516d0-1099-2cec-aa41-67cf2dcec57f" testName="TheEnd.Tests.UI.VoiceBubbleLayoutTests.ThreeNearbySpeakersAvoidEarlierBubblesAtBirth" computerName="ROLEPLAY-GAMER" duration="00:00:00.0009950" startTime="2026-09-13T12:40:03.1529764+02:00" endTime="2026-09-13T12:40:03.1529765+02:00" testType="13cdc9d9-ddb5-4fa4-a97d-d965ccfc6d4b" outcome="Passed" testListId="8c84fa94-04c1-424b-9868-57a2d4851a1d" relativeResultsDirectory="5472d6a7-57fe-49fb-8091-4d8d1eeb5d6a" />
    <UnitTestResult executionId="63fa06ff-9760-471f-af48-4ecafc898b41" testId="8b86dc75-c736-feed-a4ee-69e836945681" testName="TheEnd.Tests.Input.ActorModelInteractionTests.HeadAboveTheOldSquareCanBeSelectedOnlyInModelMode(rig: &quot;theend:rig/male-v1&quot;, cellSize: 32)" computerName="ROLEPLAY-GAMER" duration="00:00:00.0003549" startTime="2026-09-13T12:40:03.7719140+02:00" endTime="2026-09-13T12:40:03.7719141+02:00" testType="13cdc9d9-ddb5-4fa4-a97d-d965ccfc6d4b" outcome="Passed" testListId="8c84fa94-04c1-424b-9868-57a2d4851a1d" relativeResultsDirectory="63fa06ff-9760-471f-af48-4ecafc898b41" />
    <UnitTestResult executionId="23e230d3-88c8-4dd5-a6d0-a734027a32b8" testId="611d4aa2-a4cd-fa24-20dc-7f1a19d85ed9" testName="TheEnd.Tests.UI.CryopodContextMenuTests.ReusedEntityIndexCannotInheritTheOldPodsContext" computerName="ROLEPLAY-GAMER" duration="00:00:00.0009427" startTime="2026-09-13T12:40:03.2534963+02:00" endTime="2026-09-13T12:40:03.2534964+02:00" testType="13cdc9d9-ddb5-4fa4-a97d-d965ccfc6d4b" outcome="Passed" testListId="8c84fa94-04c1-424b-9868-57a2d4851a1d" relativeResultsDirectory="23e230d3-88c8-4dd5-a6d0-a734027a32b8" />
    <UnitTestResult executionId="44e02de2-970c-4ac6-bc8d-4a7a9eb99736" testId="206cfbdc-ed2c-4bdf-ed51-82c6736cc1ca" testName="TheEnd.Tests.UI.CryopodContextMenuTests.InvalidSelectionCannotOfferAnOpening(state: &quot;dead&quot;)" computerName="ROLEPLAY-GAMER" duration="00:00:00.0007269" startTime="2026-09-13T12:40:03.1990968+02:00" endTime="2026-09-13T12:40:03.1990968+02:00" testType="13cdc9d9-ddb5-4fa4-a97d-d965ccfc6d4b" outcome="Passed" testListId="8c84fa94-04c1-424b-9868-57a2d4851a1d" relativeResultsDirectory="44e02de2-970c-4ac6-bc8d-4a7a9eb99736" />
    <UnitTestResult executionId="a101a928-f488-4f89-9884-6ff5043f737f" testId="3b69c944-5dc4-8c34-aa6a-f93eec7fbc71" testName="TheEnd.Tests.UI.GameHudLayoutPolicyTests.PanelWidthsStayUnderTheirAuthoredMaximum(width: 1280, height: 720, scale: 1,25)" computerName="ROLEPLAY-GAMER" duration="00:00:00.0000040" startTime="2026-09-13T12:40:03.1953659+02:00" endTime="2026-09-13T12:40:03.1953659+02:00" testType="13cdc9d9-ddb5-4fa4-a97d-d965ccfc6d4b" outcome="Passed" testListId="8c84fa94-04c1-424b-9868-57a2d4851a1d" relativeResultsDirectory="a101a928-f488-4f89-9884-6ff5043f737f" />
    <UnitTestResult executionId="11c4f9ce-7bf1-4bf6-9de8-e3dc3e373103" testId="cf08a1ca-55e4-2492-7dab-87a542d023cb" testName="TheEnd.Tests.UI.VoiceBubbleLayoutTests.NewMovingAndExpiredBubblesNeverChangeAnExistingOffset(channel: Discussion)" computerName="ROLEPLAY-GAMER" duration="00:00:00.0002276" startTime="2026-09-13T12:40:03.1526126+02:00" endTime="2026-09-13T12:40:03.1526127+02:00" testType="13cdc9d9-ddb5-4fa4-a97d-d965ccfc6d4b" outcome="Passed" testListId="8c84fa94-04c1-424b-9868-57a2d4851a1d" relativeResultsDirectory="11c4f9ce-7bf1-4bf6-9de8-e3dc3e373103" />
    <UnitTestResult executionId="b05dd923-42ef-4c55-840e-674da79ff6f8" testId="3bd4c688-35ad-d99b-2557-bfebb82ed99d" testName="TheEnd.Tests.UI.VoiceBubbleTextTests.MeasuredWrapPreservesWholeWordsAtEveryUiScale(scale: 1,5)" computerName="ROLEPLAY-GAMER" duration="00:00:00.0002221" startTime="2026-09-13T12:40:03.1539949+02:00" endTime="2026-09-13T12:40:03.1539949+02:00" testType="13cdc9d9-ddb5-4fa4-a97d-d965ccfc6d4b" outcome="Passed" testListId="8c84fa94-04c1-424b-9868-57a2d4851a1d" relativeResultsDirectory="b05dd923-42ef-4c55-840e-674da79ff6f8" />
    <UnitTestResult executionId="d0708d8f-1922-4f7f-9afe-4602cd6e8782" testId="4a9eb03f-c3e3-535c-a844-35e05b0a727d" testName="TheEnd.Tests.UI.VoiceBubbleGeometryTests.InsetThoughtDotsRejectInvalidInsets(bubbleInset: 3,40282347E+38, actorInset: 3,40282347E+38)" computerName="ROLEPLAY-GAMER" duration="00:00:00.0002692" startTime="2026-09-13T12:40:03.1514572+02:00" endTime="2026-09-13T12:40:03.1514573+02:00" testType="13cdc9d9-ddb5-4fa4-a97d-d965ccfc6d4b" outcome="Passed" testListId="8c84fa94-04c1-424b-9868-57a2d4851a1d" relativeResultsDirectory="d0708d8f-1922-4f7f-9afe-4602cd6e8782" />
    <UnitTestResult executionId="8c1352d3-17ce-47bf-bb3d-ed719dcb6f30" testId="bcdec0d7-2734-73c4-784e-c82bbf213ef8" testName="TheEnd.Tests.UI.UiTypographyContentTests.EveryDefinitionBakesTheUiPunctuationItClaimsToDisplay(definitionName: &quot;UI-Light.spritefont&quot;)" computerName="ROLEPLAY-GAMER" duration="00:00:00.0003974" startTime="2026-09-13T12:40:03.2303262+02:00" endTime="2026-09-13T12:40:03.2303263+02:00" testType="13cdc9d9-ddb5-4fa4-a97d-d965ccfc6d4b" outcome="Passed" testListId="8c84fa94-04c1-424b-9868-57a2d4851a1d" relativeResultsDirectory="8c1352d3-17ce-47bf-bb3d-ed719dcb6f30" />
    <UnitTestResult executionId="8bec41d3-f3bf-48f2-a04d-382eba542f70" testId="946b9537-afe5-eb0e-37b2-f6c4e6a42b30" testName="TheEnd.Tests.UI.CharacterHudInputTests.GameInputDossierKeysAndWheelOnlyScrollTheFocusedOrHoveredWindow" computerName="ROLEPLAY-GAMER" duration="00:00:00.0107309" startTime="2026-09-13T12:40:03.2272765+02:00" endTime="2026-09-13T12:40:03.2272766+02:00" testType="13cdc9d9-ddb5-4fa4-a97d-d965ccfc6d4b" outcome="Passed" testListId="8c84fa94-04c1-424b-9868-57a2d4851a1d" relativeResultsDirectory="8bec41d3-f3bf-48f2-a04d-382eba542f70" />
    <UnitTestResult executionId="7aac9574-07f4-4aac-a14c-81f1337a77e1" testId="bdeba2b4-2e70-468b-4be3-0244684e4420" testName="TheEnd.Tests.UI.JournalHudTests.LayoutKeepsReadingAndControlsInsideViewport(width: 1280, height: 720, scale: 1)" computerName="ROLEPLAY-GAMER" duration="00:00:00.0000648" startTime="2026-09-13T12:40:03.2239257+02:00" endTime="2026-09-13T12:40:03.2239257+02:00" testType="13cdc9d9-ddb5-4fa4-a97d-d965ccfc6d4b" outcome="Passed" testListId="8c84fa94-04c1-424b-9868-57a2d4851a1d" relativeResultsDirectory="7aac9574-07f4-4aac-a14c-81f1337a77e1" />
    <UnitTestResult executionId="5edde634-f0bd-4264-96e7-321a15722100" testId="58bfd151-5513-ba28-c7d5-b4781f66bf21" testName="TheEnd.Tests.UI.CharacterHudInputTests.DoubleClickSelectsBySoulAndRequestsCenterOnlyForAPresentBody" computerName="ROLEPLAY-GAMER" duration="00:00:00.0059233" startTime="2026-09-13T12:40:03.2129766+02:00" endTime="2026-09-13T12:40:03.2129767+02:00" testType="13cdc9d9-ddb5-4fa4-a97d-d965ccfc6d4b" outcome="Passed" testListId="8c84fa94-04c1-424b-9868-57a2d4851a1d" relativeResultsDirectory="5edde634-f0bd-4264-96e7-321a15722100" />
    <UnitTestResult executionId="8957d2d8-b02c-431b-a593-e1addf31be1f" testId="069b8b36-54a7-9c5a-c979-805d4d714013" testName="TheEnd.Tests.UI.GameHudLayoutPolicyTests.HitRegionsFollowEveryArrangedPanel(width: 1280, height: 800, scale: 2)" computerName="ROLEPLAY-GAMER" duration="00:00:00.0002887" startTime="2026-09-13T12:40:03.1647698+02:00" endTime="2026-09-13T12:40:03.1647699+02:00" testType="13cdc9d9-ddb5-4fa4-a97d-d965ccfc6d4b" outcome="Passed" testListId="8c84fa94-04c1-424b-9868-57a2d4851a1d" relativeResultsDirectory="8957d2d8-b02c-431b-a593-e1addf31be1f" />
    <UnitTestResult executionId="1efc48a6-d2c4-4f79-845a-a4358033050c" testId="fd521efd-e7c6-0f82-86d2-b2340c7df44b" testName="TheEnd.Tests.UI.GameHudLayoutPolicyTests.PanelWidthsStayUnderTheirAuthoredMaximum(width: 1920, height: 1080, scale: 2)" computerName="ROLEPLAY-GAMER" duration="00:00:00.0000040" startTime="2026-09-13T12:40:03.1955214+02:00" endTime="2026-09-13T12:40:03.1955214+02:00" testType="13cdc9d9-ddb5-4fa4-a97d-d965ccfc6d4b" outcome="Passed" testListId="8c84fa94-04c1-424b-9868-57a2d4851a1d" relativeResultsDirectory="1efc48a6-d2c4-4f79-845a-a4358033050c" />
    <UnitTestResult executionId="918033fa-4da5-448b-b372-b46c0543be5c" testId="d756b2a9-1dfe-33a0-ecda-478c4e5dcc44" testName="TheEnd.Tests.UI.EpithetHudTests.ScrollingAndClosingRemoveOldButtonHitRegions" computerName="ROLEPLAY-GAMER" duration="00:00:00.0043681" startTime="2026-09-13T12:40:03.2475403+02:00" endTime="2026-09-13T12:40:03.2475403+02:00" testType="13cdc9d9-ddb5-4fa4-a97d-d965ccfc6d4b" outcome="Passed" testListId="8c84fa94-04c1-424b-9868-57a2d4851a1d" relativeResultsDirectory="918033fa-4da5-448b-b372-b46c0543be5c" />
    <UnitTestResult executionId="a53924bb-6f8b-4f75-a7fa-ecc4367e0435" testId="36a911c4-b796-5aa5-817d-7659bb118cca" testName="TheEnd.Tests.Pathfinding.AStarTests.WalledInGoal_ReturnsEmptyPath" computerName="ROLEPLAY-GAMER" duration="00:00:00.0002251" startTime="2026-09-13T12:40:03.2004272+02:00" endTime="2026-09-13T12:40:03.2004272+02:00" testType="13cdc9d9-ddb5-4fa4-a97d-d965ccfc6d4b" outcome="Passed" testListId="8c84fa94-04c1-424b-9868-57a2d4851a1d" relativeResultsDirectory="a53924bb-6f8b-4f75-a7fa-ecc4367e0435" />
    <UnitTestResult executionId="09e28e0d-aed2-426e-af64-9ec1c3bb89ed" testId="e36f9506-3bd4-3879-1183-bebb4a9bdac5" testName="TheEnd.Tests.UI.CryopodContextMenuTests.OnlyASealedPodWithItsLivingDormantCanOfferTheAction(fault: &quot;unclaimed&quot;)" computerName="ROLEPLAY-GAMER" duration="00:00:00.0005781" startTime="2026-09-13T12:40:03.2229656+02:00" endTime="2026-09-13T12:40:03.2229656+02:00" testType="13cdc9d9-ddb5-4fa4-a97d-d965ccfc6d4b" outcome="Passed" testListId="8c84fa94-04c1-424b-9868-57a2d4851a1d" relativeResultsDirectory="09e28e0d-aed2-426e-af64-9ec1c3bb89ed" />
    <UnitTestResult executionId="0f672554-f50c-4a07-81fb-6e56a73a5483" testId="7905c39c-2903-6c92-6eb9-fe2bf7c30a82" testName="TheEnd.Tests.UI.UiDisplaySettingsTests.UiScale_AcceptsMultiplierOrPercentageInsideTheSupportedEnvelope(value: &quot;200&quot;, expected: 2)" computerName="ROLEPLAY-GAMER" duration="00:00:00.0000268" startTime="2026-09-13T12:40:03.1640709+02:00" endTime="2026-09-13T12:40:03.1640710+02:00" testType="13cdc9d9-ddb5-4fa4-a97d-d965ccfc6d4b" outcome="Passed" testListId="8c84fa94-04c1-424b-9868-57a2d4851a1d" relativeResultsDirectory="0f672554-f50c-4a07-81fb-6e56a73a5483" />
    <UnitTestResult executionId="a962e44a-ad00-4f42-829d-7fb60ced0033" testId="59a403c0-fd70-1b40-9ed5-6d9a95af2e3e" testName="TheEnd.Tests.UI.GameHudLayoutPolicyTests.EverySurfaceStaysInsideTheViewport(width: 2560, height: 1440, scale: 2)" computerName="ROLEPLAY-GAMER" duration="00:00:00.0000579" startTime="2026-09-13T12:40:03.1916119+02:00" endTime="2026-09-13T12:40:03.1916121+02:00" testType="13cdc9d9-ddb5-4fa4-a97d-d965ccfc6d4b" outcome="Passed" testListId="8c84fa94-04c1-424b-9868-57a2d4851a1d" relativeResultsDirectory="a962e44a-ad00-4f42-829d-7fb60ced0033" />
    <UnitTestResult executionId="b83c1d0f-1985-4701-b349-b36714f83637" testId="e946a049-c803-9d67-fa1c-efe43d5d678b" testName="TheEnd.Tests.UI.OrderContextInputTests.AnActorWhoBecomesUnavailableCannotReceiveThePreviouslyOfferedOrder(state: &quot;dead&quot;)" computerName="ROLEPLAY-GAMER" duration="00:00:00.0058077" startTime="2026-09-13T12:40:03.3554787+02:00" endTime="2026-09-13T12:40:03.3554792+02:00" testType="13cdc9d9-ddb5-4fa4-a97d-d965ccfc6d4b" outcome="Passed" testListId="8c84fa94-04c1-424b-9868-57a2d4851a1d" relativeResultsDirectory="b83c1d0f-1985-4701-b349-b36714f83637" />
    <UnitTestResult executionId="68788800-9702-4d68-87b4-f1218b2812d3" testId="d5d8fe90-b6ab-d5fd-da29-7b07ff20a1eb" testName="TheEnd.Tests.Input.WorldFileStorageTests.Load_ReportsMalformedFile_AndClearsTheFailureOnRecovery" computerName="ROLEPLAY-GAMER" duration="00:00:00.2275184" startTime="2026-09-13T12:40:03.3914153+02:00" endTime="2026-09-13T12:40:03.3914155+02:00" testType="13cdc9d9-ddb5-4fa4-a97d-d965ccfc6d4b" outcome="Passed" testListId="8c84fa94-04c1-424b-9868-57a2d4851a1d" relativeResultsDirectory="68788800-9702-4d68-87b4-f1218b2812d3" />
    <UnitTestResult executionId="97d73e44-1e92-4f44-adf8-987d052cf676" testId="149325ce-48bc-4ad9-a997-841f1377b633" testName="TheEnd.Tests.UI.CriticalAttentionTests.NewEpisodeConstrainsSpeedWithoutChangingPause(paused: True)" computerName="ROLEPLAY-GAMER" duration="00:00:00.0724921" startTime="2026-09-13T12:40:03.2144279+02:00" endTime="2026-09-13T12:40:03.2144279+02:00" testType="13cdc9d9-ddb5-4fa4-a97d-d965ccfc6d4b" outcome="Passed" testListId="8c84fa94-04c1-424b-9868-57a2d4851a1d" relativeResultsDirectory="97d73e44-1e92-4f44-adf8-987d052cf676" />
    <UnitTestResult executionId="01b6b213-6cad-4a22-9def-33523035d2c4" testId="41af6604-ce20-bac3-f96a-5f3724332b30" testName="TheEnd.Tests.UI.GameHudLayoutPolicyTests.CriticalSurfacesNeverOverlap(width: 1280, height: 800, scale: 1,25)" computerName="ROLEPLAY-GAMER" duration="00:00:00.0000192" startTime="2026-09-13T12:40:03.1985293+02:00" endTime="2026-09-13T12:40:03.1985294+02:00" testType="13cdc9d9-ddb5-4fa4-a97d-d965ccfc6d4b" outcome="Passed" testListId="8c84fa94-04c1-424b-9868-57a2d4851a1d" relativeResultsDirectory="01b6b213-6cad-4a22-9def-33523035d2c4" />
    <UnitTestResult executionId="4e26cfb8-f72f-4c2c-89a8-0ff3eacedac2" testId="d7556a9b-2f44-8472-cb48-761c0e9a9ef3" testName="TheEnd.Tests.UI.CharacterHudInputTests.GameInputDoubleClickChangesDeckAndCentersTheCurrentBodyWithoutWorldCommand(deckId: 3)" computerName="ROLEPLAY-GAMER" duration="00:00:00.0009637" startTime="2026-09-13T12:40:03.2712919+02:00" endTime="2026-09-13T12:40:03.2712920+02:00" testType="13cdc9d9-ddb5-4fa4-a97d-d965ccfc6d4b" outcome="Passed" testListId="8c84fa94-04c1-424b-9868-57a2d4851a1d" relativeResultsDirectory="4e26cfb8-f72f-4c2c-89a8-0ff3eacedac2" />
    <UnitTestResult executionId="6874ee20-726c-4425-ae30-59e1c9230ac1" testId="02b68116-f275-6499-d66f-5f0685cbee9f" testName="TheEnd.Tests.UI.GameHudLayoutPolicyTests.CriticalSurfacesNeverOverlap(width: 3840, height: 2160, scale: 1,25)" computerName="ROLEPLAY-GAMER" duration="00:00:00.0000227" startTime="2026-09-13T12:40:03.1985052+02:00" endTime="2026-09-13T12:40:03.1985053+02:00" testType="13cdc9d9-ddb5-4fa4-a97d-d965ccfc6d4b" outcome="Passed" testListId="8c84fa94-04c1-424b-9868-57a2d4851a1d" relativeResultsDirectory="6874ee20-726c-4425-ae30-59e1c9230ac1" />
    <UnitTestResult executionId="3fc54ac8-9823-40ca-a2ae-cc4d3eefc16b" testId="0e465282-5491-0f95-05ca-e6862136c51d" testName="TheEnd.Tests.Input.GameActionControllerTests.UnknownActionFailsWithoutChangingTimeOrDeck" computerName="ROLEPLAY-GAMER" duration="00:00:00.0457577" startTime="2026-09-13T12:40:03.1753374+02:00" endTime="2026-09-13T12:40:03.1753374+02:00" testType="13cdc9d9-ddb5-4fa4-a97d-d965ccfc6d4b" outcome="Passed" testListId="8c84fa94-04c1-424b-9868-57a2d4851a1d" relativeResultsDirectory="3fc54ac8-9823-40ca-a2ae-cc4d3eefc16b" />
    <UnitTestResult executionId="4e92911c-e9d3-4f2b-be53-34b7a69d5949" testId="2e1286d3-186c-00ff-221e-fc3615daac50" testName="TheEnd.Tests.UI.VoicePresentationStateTests.ClockRollbackClearsActiveLinesAndNeverReplaysTheLedgerWhenTimeCatchesUp" computerName="ROLEPLAY-GAMER" duration="00:00:00.0001732" startTime="2026-09-13T12:40:04.0619542+02:00" endTime="2026-09-13T12:40:04.0619543+02:00" testType="13cdc9d9-ddb5-4fa4-a97d-d965ccfc6d4b" outcome="Passed" testListId="8c84fa94-04c1-424b-9868-57a2d4851a1d" relativeResultsDirectory="4e92911c-e9d3-4f2b-be53-34b7a69d5949" />
    <UnitTestResult executionId="079640ba-566e-4de9-889e-f71c2ae2df30" testId="57cce057-523c-ae87-8249-c285e82f341e" testName="TheEnd.Tests.UI.CharacterHudInputTests.GameInputDoubleClickChangesDeckAndCentersTheCurrentBodyWithoutWorldCommand(deckId: 0)" computerName="ROLEPLAY-GAMER" duration="00:00:00.0004331" startTime="2026-09-13T12:40:03.2721046+02:00" endTime="2026-09-13T12:40:03.2721046+02:00" testType="13cdc9d9-ddb5-4fa4-a97d-d965ccfc6d4b" outcome="Passed" testListId="8c84fa94-04c1-424b-9868-57a2d4851a1d" relativeResultsDirectory="079640ba-566e-4de9-889e-f71c2ae2df30" />
    <UnitTestResult executionId="3584e440-95d2-4a58-8fe4-347d6e5e0f57" testId="02a6e8b4-748e-539b-f122-b587409cd152" testName="TheEnd.Tests.UI.CharacterHudInputTests.InspectorCloseAndDossierStayDistinctAtEverySupportedScale(width: 640, height: 480, scale: 2)" computerName="ROLEPLAY-GAMER" duration="00:00:00.0000144" startTime="2026-09-13T12:40:03.2187163+02:00" endTime="2026-09-13T12:40:03.2187164+02:00" testType="13cdc9d9-ddb5-4fa4-a97d-d965ccfc6d4b" outcome="Passed" testListId="8c84fa94-04c1-424b-9868-57a2d4851a1d" relativeResultsDirectory="3584e440-95d2-4a58-8fe4-347d6e5e0f57" />
    <UnitTestResult executionId="c12261ba-c536-460f-8b42-a5e6de668c86" testId="e087b9e2-2d0b-51bf-f6b3-120c46a91fd8" testName="TheEnd.Tests.UI.GameHudLayoutPolicyTests.HitRegionsFollowEveryArrangedPanel(width: 2560, height: 1440, scale: 1,5)" computerName="ROLEPLAY-GAMER" duration="00:00:00.0011995" startTime="2026-09-13T12:40:03.1646638+02:00" endTime="2026-09-13T12:40:03.1646638+02:00" testType="13cdc9d9-ddb5-4fa4-a97d-d965ccfc6d4b" outcome="Passed" testListId="8c84fa94-04c1-424b-9868-57a2d4851a1d" relativeResultsDirectory="c12261ba-c536-460f-8b42-a5e6de668c86" />
    <UnitTestResult executionId="feca6eec-0c3e-4997-8605-3ab696b966db" testId="861a878c-3dda-8873-5c5c-6bf0a1f30966" testName="TheEnd.Tests.UI.VoiceBubbleTextTests.ResizeScaleAndFaceChangesInvalidateMeasuredText" computerName="ROLEPLAY-GAMER" duration="00:00:00.0002315" startTime="2026-09-13T12:40:03.1544134+02:00" endTime="2026-09-13T12:40:03.1544136+02:00" testType="13cdc9d9-ddb5-4fa4-a97d-d965ccfc6d4b" outcome="Passed" testListId="8c84fa94-04c1-424b-9868-57a2d4851a1d" relativeResultsDirectory="feca6eec-0c3e-4997-8605-3ab696b966db" />
    <UnitTestResult executionId="52856504-00a3-432e-8b10-f40efa282c8b" testId="23d3afb6-0037-ff74-f825-7902ad8b98c7" testName="TheEnd.Tests.Localization.LocalizedTextTests.InvalidPackFailsWithAUsefulDiagnostic(json: &quot;{\&quot;sample.bad\&quot;:\&quot;{depth.invalid}\&quot;}&quot;)" computerName="ROLEPLAY-GAMER" duration="00:00:00.0044828" startTime="2026-09-13T12:40:03.2283353+02:00" endTime="2026-09-13T12:40:03.2283356+02:00" testType="13cdc9d9-ddb5-4fa4-a97d-d965ccfc6d4b" outcome="Passed" testListId="8c84fa94-04c1-424b-9868-57a2d4851a1d" relativeResultsDirectory="52856504-00a3-432e-8b10-f40efa282c8b" />
    <UnitTestResult executionId="77c2624a-235c-4520-b2b6-8917f6cef769" testId="26bdf109-a636-32df-9d1d-311bdb4b17b9" testName="TheEnd.Tests.UI.GameHudLayoutPolicyTests.HitRegionsFollowEveryArrangedPanel(width: 3440, height: 1440, scale: 2)" computerName="ROLEPLAY-GAMER" duration="00:00:00.0000451" startTime="2026-09-13T12:40:03.1754480+02:00" endTime="2026-09-13T12:40:03.1754481+02:00" testType="13cdc9d9-ddb5-4fa4-a97d-d965ccfc6d4b" outcome="Passed" testListId="8c84fa94-04c1-424b-9868-57a2d4851a1d" relativeResultsDirectory="77c2624a-235c-4520-b2b6-8917f6cef769" />
    <UnitTestResult executionId="8f0d9c7d-3b8f-41c8-bafb-2de0c7e07296" testId="daddea84-f206-ac8c-70a9-e74514418441" testName="TheEnd.Tests.UI.SocialPresentationStateTests.ReturningToDeckReloadAndClockRewindDoNotReplay" computerName="ROLEPLAY-GAMER" duration="00:00:00.0025449" startTime="2026-09-13T12:40:04.0472934+02:00" endTime="2026-09-13T12:40:04.0472936+02:00" testType="13cdc9d9-ddb5-4fa4-a97d-d965ccfc6d4b" outcome="Passed" testListId="8c84fa94-04c1-424b-9868-57a2d4851a1d" relativeResultsDirectory="8f0d9c7d-3b8f-41c8-bafb-2de0c7e07296" />
    <UnitTestResult executionId="24e8451f-3b67-41b7-852d-6e8ce4584b5d" testId="cbd9b010-d9c8-a460-ce52-51314fef7a24" testName="TheEnd.Tests.UI.UiDisplaySettingsTests.UiScale_AcceptsMultiplierOrPercentageInsideTheSupportedEnvelope(value: &quot;100&quot;, expected: 1)" computerName="ROLEPLAY-GAMER" duration="00:00:00.0000290" startTime="2026-09-13T12:40:03.1627360+02:00" endTime="2026-09-13T12:40:03.1627361+02:00" testType="13cdc9d9-ddb5-4fa4-a97d-d965ccfc6d4b" outcome="Passed" testListId="8c84fa94-04c1-424b-9868-57a2d4851a1d" relativeResultsDirectory="24e8451f-3b67-41b7-852d-6e8ce4584b5d" />
    <UnitTestResult executionId="3c71ae96-f64f-4846-85ac-5c52b39896ac" testId="ab3cc32c-eac6-7694-a7d5-f428fb2b0582" testName="TheEnd.Tests.UI.OrderContextInputTests.RightClickOnlyOffersTheOrderAndOneConfirmedClickQueuesExactlyOneMove(width: 1920, height: 1080, scale: 1)" computerName="ROLEPLAY-GAMER" duration="00:00:00.0059318" startTime="2026-09-13T12:40:03.3793553+02:00" endTime="2026-09-13T12:40:03.3793555+02:00" testType="13cdc9d9-ddb5-4fa4-a97d-d965ccfc6d4b" outcome="Passed" testListId="8c84fa94-04c1-424b-9868-57a2d4851a1d" relativeResultsDirectory="3c71ae96-f64f-4846-85ac-5c52b39896ac" />
    <UnitTestResult executionId="405d677b-0bc3-45c4-aed9-bea045a37c6a" testId="47c8262c-52ee-be0f-a55c-ff4232525f62" testName="TheEnd.Tests.UI.SessionMenuStateTests.SettingsReturnToTheirEntryPage(inSession: True, expectedValue: 2)" computerName="ROLEPLAY-GAMER" duration="00:00:00.0001685" startTime="2026-09-13T12:40:03.1643284+02:00" endTime="2026-09-13T12:40:03.1643285+02:00" testType="13cdc9d9-ddb5-4fa4-a97d-d965ccfc6d4b" outcome="Passed" testListId="8c84fa94-04c1-424b-9868-57a2d4851a1d" relativeResultsDirectory="405d677b-0bc3-45c4-aed9-bea045a37c6a" />
    <UnitTestResult executionId="4ddc1884-16ae-4410-996e-2b49fa6f8562" testId="7716791a-b1d5-a2c3-5ad4-0f938fe61270" testName="TheEnd.Tests.UI.MoveOrderContextMenuTests.CurrentCellAndOutOfBoundsDestinationsStayInformativeWithoutACommand(x: 1, y: 2, reason: &quot;ui.orders.move.already-here&quot;)" computerName="ROLEPLAY-GAMER" duration="00:00:00.0013131" startTime="2026-09-13T12:40:03.1995402+02:00" endTime="2026-09-13T12:40:03.1995403+02:00" testType="13cdc9d9-ddb5-4fa4-a97d-d965ccfc6d4b" outcome="Passed" testListId="8c84fa94-04c1-424b-9868-57a2d4851a1d" relativeResultsDirectory="4ddc1884-16ae-4410-996e-2b49fa6f8562" />
    <UnitTestResult executionId="7c4f1ede-2629-45e2-bbc9-fc635920dbab" testId="fadce87e-6e5e-73bc-5ae4-a5dec7b1a21d" testName="TheEnd.Tests.UI.VoicePresentationStateTests.StableUpdatesRetainAllPresentationReferencesWithoutStructuralAllocationsAfterLongHistory" computerName="ROLEPLAY-GAMER" duration="00:00:00.0044864" startTime="2026-09-13T12:40:04.0686030+02:00" endTime="2026-09-13T12:40:04.0686033+02:00" testType="13cdc9d9-ddb5-4fa4-a97d-d965ccfc6d4b" outcome="Passed" testListId="8c84fa94-04c1-424b-9868-57a2d4851a1d" relativeResultsDirectory="7c4f1ede-2629-45e2-bbc9-fc635920dbab" />
    <UnitTestResult executionId="dc11c44f-61d9-430c-8bc2-cb0d29cbd9a4" testId="24f2b1f1-7640-ef0c-d6d3-0d36c98ec6ac" testName="TheEnd.Tests.UI.EpithetHudTests.EveryEpithetActionRemainsReachableThroughTheMeasuredDossierScroll(width: 1280, height: 720, scale: 2)" computerName="ROLEPLAY-GAMER" duration="00:00:00.0012096" startTime="2026-09-13T12:40:03.2279474+02:00" endTime="2026-09-13T12:40:03.2279476+02:00" testType="13cdc9d9-ddb5-4fa4-a97d-d965ccfc6d4b" outcome="Passed" testListId="8c84fa94-04c1-424b-9868-57a2d4851a1d" relativeResultsDirectory="dc11c44f-61d9-430c-8bc2-cb0d29cbd9a4" />
    <UnitTestResult executionId="8bd0a4ac-a5f0-4ea3-9022-85288bce052b" testId="60c233b1-d41c-f1c0-5e25-a93399451683" testName="TheEnd.Tests.Input.ActorModelInteractionTests.HeadAboveTheOldSquareCanBeSelectedOnlyInModelMode(rig: &quot;theend:rig/male-v1&quot;, cellSize: 48)" computerName="ROLEPLAY-GAMER" duration="00:00:00.0013205" startTime="2026-09-13T12:40:03.7700461+02:00" endTime="2026-09-13T12:40:03.7700462+02:00" testType="13cdc9d9-ddb5-4fa4-a97d-d965ccfc6d4b" outcome="Passed" testListId="8c84fa94-04c1-424b-9868-57a2d4851a1d" relativeResultsDirectory="8bd0a4ac-a5f0-4ea3-9022-85288bce052b" />
    <UnitTestResult executionId="971cde2d-667a-4c4b-9d70-f65bfc634c1d" testId="1bb10b28-155c-62a0-1422-0d1f67fd75f2" testName="TheEnd.Tests.Input.PlayerSelectionTests.ActorTieBreakDoesNotDependOnPoolInsertionOrder" computerName="ROLEPLAY-GAMER" duration="00:00:00.0003844" startTime="2026-09-13T12:40:03.2188395+02:00" endTime="2026-09-13T12:40:03.2188396+02:00" testType="13cdc9d9-ddb5-4fa4-a97d-d965ccfc6d4b" outcome="Passed" testListId="8c84fa94-04c1-424b-9868-57a2d4851a1d" relativeResultsDirectory="971cde2d-667a-4c4b-9d70-f65bfc634c1d" />
    <UnitTestResult executionId="badba3f4-32aa-4ffa-9205-ffaaa3fff014" testId="f8fe2a5a-c618-e45a-e266-ed0187e6fda3" testName="TheEnd.Tests.UI.GameHudLayoutPolicyTests.HitRegionsFollowEveryArrangedPanel(width: 3440, height: 1440, scale: 1)" computerName="ROLEPLAY-GAMER" duration="00:00:00.0000563" startTime="2026-09-13T12:40:03.1898804+02:00" endTime="2026-09-13T12:40:03.1898804+02:00" testType="13cdc9d9-ddb5-4fa4-a97d-d965ccfc6d4b" outcome="Passed" testListId="8c84fa94-04c1-424b-9868-57a2d4851a1d" relativeResultsDirectory="badba3f4-32aa-4ffa-9205-ffaaa3fff014" />
    <UnitTestResult executionId="8548a9dd-8f2a-4f58-9cbd-4e860788b50a" testId="814ac8e4-3e1a-0b09-d677-010b1833413e" testName="TheEnd.Tests.Systems.InputSystemTests.OrderingASleeper_WakesThem_AndFreesTheirBunk" computerName="ROLEPLAY-GAMER" duration="00:00:00.0044161" startTime="2026-09-13T12:40:03.1966236+02:00" endTime="2026-09-13T12:40:03.1966237+02:00" testType="13cdc9d9-ddb5-4fa4-a97d-d965ccfc6d4b" outcome="Passed" testListId="8c84fa94-04c1-424b-9868-57a2d4851a1d" relativeResultsDirectory="8548a9dd-8f2a-4f58-9cbd-4e860788b50a" />
    <UnitTestResult executionId="cb2b2f22-b82a-4a39-b576-b0c950639654" testId="73791863-cb86-feec-64c2-fc1e2dfc8f58" testName="TheEnd.Tests.UI.VoiceBubbleGeometryTests.OutlinedThoughtTextKeepsSymmetricOpticalPadding" computerName="ROLEPLAY-GAMER" duration="00:00:00.0018826" startTime="2026-09-13T12:40:03.1501832+02:00" endTime="2026-09-13T12:40:03.1501832+02:00" testType="13cdc9d9-ddb5-4fa4-a97d-d965ccfc6d4b" outcome="Passed" testListId="8c84fa94-04c1-424b-9868-57a2d4851a1d" relativeResultsDirectory="cb2b2f22-b82a-4a39-b576-b0c950639654" />
    <UnitTestResult executionId="895ab508-8ce4-40cb-ae4f-e532bbcff19f" testId="24c79fcc-59dd-e637-c59a-57e203fa5666" testName="TheEnd.Tests.UI.GameHudLayoutPolicyTests.EverySurfaceStaysInsideTheViewport(width: 2560, height: 1440, scale: 1,25)" computerName="ROLEPLAY-GAMER" duration="00:00:00.0000225" startTime="2026-09-13T12:40:03.1934311+02:00" endTime="2026-09-13T12:40:03.1934312+02:00" testType="13cdc9d9-ddb5-4fa4-a97d-d965ccfc6d4b" outcome="Passed" testListId="8c84fa94-04c1-424b-9868-57a2d4851a1d" relativeResultsDirectory="895ab508-8ce4-40cb-ae4f-e532bbcff19f" />
    <UnitTestResult executionId="527315cb-9d62-4639-b0d9-407668a9dfef" testId="7b14ff88-37f0-df76-eb50-de0d8b66ae1c" testName="TheEnd.Tests.UI.SessionMenuStateTests.HomeWaitsForAnExplicitChoiceAndCannotContinueWithoutASave" computerName="ROLEPLAY-GAMER" duration="00:00:00.0001791" startTime="2026-09-13T12:40:03.1634969+02:00" endTime="2026-09-13T12:40:03.1634970+02:00" testType="13cdc9d9-ddb5-4fa4-a97d-d965ccfc6d4b" outcome="Passed" testListId="8c84fa94-04c1-424b-9868-57a2d4851a1d" relativeResultsDirectory="527315cb-9d62-4639-b0d9-407668a9dfef" />
    <UnitTestResult executionId="7311f87c-33cf-4c05-a8af-5cfa937f7853" testId="41d85f9c-b321-b659-84a6-fd051a28f8a8" testName="TheEnd.Tests.UI.CharacterHudInputTests.DossierReplacesInspectorUntilAnExplicitSelectionReopensIt(source: &quot;roster&quot;, nextSoul: 1)" computerName="ROLEPLAY-GAMER" duration="00:00:00.0000335" startTime="2026-09-13T12:40:03.2567270+02:00" endTime="2026-09-13T12:40:03.2567270+02:00" testType="13cdc9d9-ddb5-4fa4-a97d-d965ccfc6d4b" outcome="Passed" testListId="8c84fa94-04c1-424b-9868-57a2d4851a1d" relativeResultsDirectory="7311f87c-33cf-4c05-a8af-5cfa937f7853" />
    <UnitTestResult executionId="3d452d2f-2bcd-432b-9868-0a6e8afdf633" testId="76301402-ad38-31f6-87c4-e378dd4c8921" testName="TheEnd.Tests.UI.GameHudLayoutPolicyTests.OutputDensityAndRequestedScaleProduceABoundedEffectiveScale(height: 1440, requested: 1, expected: 1,25)" computerName="ROLEPLAY-GAMER" duration="00:00:00.0000640" startTime="2026-09-13T12:40:03.2123888+02:00" endTime="2026-09-13T12:40:03.2123889+02:00" testType="13cdc9d9-ddb5-4fa4-a97d-d965ccfc6d4b" outcome="Passed" testListId="8c84fa94-04c1-424b-9868-57a2d4851a1d" relativeResultsDirectory="3d452d2f-2bcd-432b-9868-0a6e8afdf633" />
    <UnitTestResult executionId="c6985bc1-d644-49fc-b142-da9f9412747b" testId="29696a9e-9f9f-0349-de53-e2e6ebc3c320" testName="TheEnd.Tests.Input.KeyboardCameraPanTests.HeldKeysMoveTheWorldFocusInTheRequestedDirection(key: S, x: 0, y: 1)" computerName="ROLEPLAY-GAMER" duration="00:00:00.0000059" startTime="2026-09-13T12:40:03.1510477+02:00" endTime="2026-09-13T12:40:03.1510477+02:00" testType="13cdc9d9-ddb5-4fa4-a97d-d965ccfc6d4b" outcome="Passed" testListId="8c84fa94-04c1-424b-9868-57a2d4851a1d" relativeResultsDirectory="c6985bc1-d644-49fc-b142-da9f9412747b" />
    <UnitTestResult executionId="96bc9cb2-92dd-464f-8690-ffb3d66af01f" testId="160c96de-be07-cad1-37e8-ea5656d1dedb" testName="TheEnd.Tests.UI.NarrativeGameInputTests.ClickingOutsideTheCryopodContextConsumesTheGestureWithoutSelectingOrOrdering" computerName="ROLEPLAY-GAMER" duration="00:00:00.0129146" startTime="2026-09-13T12:40:03.4224600+02:00" endTime="2026-09-13T12:40:03.4224602+02:00" testType="13cdc9d9-ddb5-4fa4-a97d-d965ccfc6d4b" outcome="Passed" testListId="8c84fa94-04c1-424b-9868-57a2d4851a1d" relativeResultsDirectory="96bc9cb2-92dd-464f-8690-ffb3d66af01f" />
    <UnitTestResult executionId="f6318738-a8e9-4337-9dad-bc47dea5d6b0" testId="1c1cacf4-c276-3d57-45a1-15362ba152f3" testName="TheEnd.Tests.UI.CryopodContextMenuTests.InvalidSelectionCannotOfferAnOpening(state: &quot;other-deck&quot;)" computerName="ROLEPLAY-GAMER" duration="00:00:00.0019602" startTime="2026-09-13T12:40:03.2008292+02:00" endTime="2026-09-13T12:40:03.2008293+02:00" testType="13cdc9d9-ddb5-4fa4-a97d-d965ccfc6d4b" outcome="Passed" testListId="8c84fa94-04c1-424b-9868-57a2d4851a1d" relativeResultsDirectory="f6318738-a8e9-4337-9dad-bc47dea5d6b0" />
    <UnitTestResult executionId="012de88e-6884-49a9-bdab-a09291f15ffb" testId="efb695d8-9ed5-16b3-2ff1-edb024242911" testName="TheEnd.Tests.Input.TimeControllerTests.InitialSpeedMustBeInTheSupportedRange(speed: -2147483648)" computerName="ROLEPLAY-GAMER" duration="00:00:00.0000060" startTime="2026-09-13T12:40:03.2167286+02:00" endTime="2026-09-13T12:40:03.2167289+02:00" testType="13cdc9d9-ddb5-4fa4-a97d-d965ccfc6d4b" outcome="Passed" testListId="8c84fa94-04c1-424b-9868-57a2d4851a1d" relativeResultsDirectory="012de88e-6884-49a9-bdab-a09291f15ffb" />
    <UnitTestResult executionId="24d37f9d-0916-4780-80bc-b930c83db6ce" testId="b13d16b7-9cbd-3dbc-62cb-9fcf4aab9e56" testName="TheEnd.Tests.UI.CharacterDossierContentTests.ResizeFontAndScaleInvalidateWrappedGeometryAndKeepEveryLineInsideItsWidth" computerName="ROLEPLAY-GAMER" duration="00:00:00.0052964" startTime="2026-09-13T12:40:03.2768489+02:00" endTime="2026-09-13T12:40:03.2768490+02:00" testType="13cdc9d9-ddb5-4fa4-a97d-d965ccfc6d4b" outcome="Passed" testListId="8c84fa94-04c1-424b-9868-57a2d4851a1d" relativeResultsDirectory="24d37f9d-0916-4780-80bc-b930c83db6ce" />
    <UnitTestResult executionId="916b2308-9cdf-42cf-923b-603ca8289b99" testId="80696d48-2f00-ced2-500c-d56718b76587" testName="TheEnd.Tests.UI.VoiceBubbleLayoutTests.OnlyARealLayoutChangePermitsANewChoice(change: 1)" computerName="ROLEPLAY-GAMER" duration="00:00:00.0000067" startTime="2026-09-13T12:40:03.1501412+02:00" endTime="2026-09-13T12:40:03.1501412+02:00" testType="13cdc9d9-ddb5-4fa4-a97d-d965ccfc6d4b" outcome="Passed" testListId="8c84fa94-04c1-424b-9868-57a2d4851a1d" relativeResultsDirectory="916b2308-9cdf-42cf-923b-603ca8289b99" />
    <UnitTestResult executionId="25390623-7e59-4fa3-ae98-0f9999c7ea0a" testId="9a7d4cce-84b9-a6c2-abb9-f2fe8f92cc8e" testName="TheEnd.Tests.UI.FixtureInspectorContentTests.StorageNeverInfersInventoryFromBerthFields" computerName="ROLEPLAY-GAMER" duration="00:00:00.0379237" startTime="2026-09-13T12:40:03.1771244+02:00" endTime="2026-09-13T12:40:03.1771246+02:00" testType="13cdc9d9-ddb5-4fa4-a97d-d965ccfc6d4b" outcome="Passed" testListId="8c84fa94-04c1-424b-9868-57a2d4851a1d" relativeResultsDirectory="25390623-7e59-4fa3-ae98-0f9999c7ea0a" />
    <UnitTestResult executionId="ca9094b4-8568-407b-888b-30b643edaf46" testId="13df891b-0477-9b14-58e5-74da1e491a32" testName="TheEnd.Tests.UI.GameHudLayoutPolicyTests.EverySurfaceStaysInsideTheViewport(width: 1366, height: 768, scale: 1,25)" computerName="ROLEPLAY-GAMER" duration="00:00:00.0000476" startTime="2026-09-13T12:40:03.1927288+02:00" endTime="2026-09-13T12:40:03.1927289+02:00" testType="13cdc9d9-ddb5-4fa4-a97d-d965ccfc6d4b" outcome="Passed" testListId="8c84fa94-04c1-424b-9868-57a2d4851a1d" relativeResultsDirectory="ca9094b4-8568-407b-888b-30b643edaf46" />
    <UnitTestResult executionId="91c0efca-e376-4097-9e74-d26f88b82b76" testId="61eb45f0-d480-62fd-9f69-c75f4fb9b3ea" testName="TheEnd.Tests.UI.DisplaySettingsHudTests.ScaleChangesReflowControlsWithoutOverlappingAndRetainKeyboardAccess(width: 3440, height: 1440, scale: 1)" computerName="ROLEPLAY-GAMER" duration="00:00:00.0001350" startTime="2026-09-13T12:40:03.2211667+02:00" endTime="2026-09-13T12:40:03.2211667+02:00" testType="13cdc9d9-ddb5-4fa4-a97d-d965ccfc6d4b" outcome="Passed" testListId="8c84fa94-04c1-424b-9868-57a2d4851a1d" relativeResultsDirectory="91c0efca-e376-4097-9e74-d26f88b82b76" />
    <UnitTestResult executionId="b8fd77d8-30b8-44e8-be41-b8e33804c1c3" testId="4610886c-8ced-5bc3-819c-47665bdf2297" testName="TheEnd.Tests.UI.GameHudLayoutPolicyTests.EverySurfaceStaysInsideTheViewport(width: 1366, height: 768, scale: 1)" computerName="ROLEPLAY-GAMER" duration="00:00:00.0000395" startTime="2026-09-13T12:40:03.1929903+02:00" endTime="2026-09-13T12:40:03.1929903+02:00" testType="13cdc9d9-ddb5-4fa4-a97d-d965ccfc6d4b" outcome="Passed" testListId="8c84fa94-04c1-424b-9868-57a2d4851a1d" relativeResultsDirectory="b8fd77d8-30b8-44e8-be41-b8e33804c1c3" />
    <UnitTestResult executionId="a7a40af7-9bbb-4553-8b46-f8bf40c4d112" testId="738145de-35dc-75df-4dc8-fb3999da3492" testName="TheEnd.Tests.UI.GameHudLayoutPolicyTests.UltrawideMovesRightChromeWithoutStretchingIt" computerName="ROLEPLAY-GAMER" duration="00:00:00.0003378" startTime="2026-09-13T12:40:03.2215982+02:00" endTime="2026-09-13T12:40:03.2215983+02:00" testType="13cdc9d9-ddb5-4fa4-a97d-d965ccfc6d4b" outcome="Passed" testListId="8c84fa94-04c1-424b-9868-57a2d4851a1d" relativeResultsDirectory="a7a40af7-9bbb-4553-8b46-f8bf40c4d112" />
    <UnitTestResult executionId="43aec5c8-edbc-4d5e-ab80-88f4b8ba90e3" testId="61c8f875-1191-9864-4633-fb11c796c23d" testName="TheEnd.Tests.UI.GameHudLayoutPolicyTests.HitRegionsFollowEveryArrangedPanel(width: 3840, height: 2160, scale: 1,5)" computerName="ROLEPLAY-GAMER" duration="00:00:00.0000500" startTime="2026-09-13T12:40:03.1905079+02:00" endTime="2026-09-13T12:40:03.1905080+02:00" testType="13cdc9d9-ddb5-4fa4-a97d-d965ccfc6d4b" outcome="Passed" testListId="8c84fa94-04c1-424b-9868-57a2d4851a1d" relativeResultsDirectory="43aec5c8-edbc-4d5e-ab80-88f4b8ba90e3" />
    <UnitTestResult executionId="1164f37f-38f8-4f3c-9e0a-8774801703cb" testId="2aead7ab-38a1-ee9f-175f-bdcc94d1a351" testName="TheEnd.Tests.UI.VoiceBubbleLayoutTests.NewMovingAndExpiredBubblesNeverChangeAnExistingOffset(channel: Pensee)" computerName="ROLEPLAY-GAMER" duration="00:00:00.0005640" startTime="2026-09-13T12:40:03.1525790+02:00" endTime="2026-09-13T12:40:03.1525791+02:00" testType="13cdc9d9-ddb5-4fa4-a97d-d965ccfc6d4b" outcome="Passed" testListId="8c84fa94-04c1-424b-9868-57a2d4851a1d" relativeResultsDirectory="1164f37f-38f8-4f3c-9e0a-8774801703cb" />
    <UnitTestResult executionId="bb959d17-3364-4e43-b3bc-67e16ec7bcb9" testId="2dff2912-91d3-b8e7-9a96-72b0eb76896c" testName="TheEnd.Tests.UI.GameHudLayoutPolicyTests.SameHeightUltrawideRepositionsDensityScaledChromeWithoutStretchingIt" computerName="ROLEPLAY-GAMER" duration="00:00:00.0003432" startTime="2026-09-13T12:40:03.2211049+02:00" endTime="2026-09-13T12:40:03.2211050+02:00" testType="13cdc9d9-ddb5-4fa4-a97d-d965ccfc6d4b" outcome="Passed" testListId="8c84fa94-04c1-424b-9868-57a2d4851a1d" relativeResultsDirectory="bb959d17-3364-4e43-b3bc-67e16ec7bcb9" />
[...]
    <TestEntry testId="9a9e74a8-acab-16b4-0744-9e5ca7c7083f" executionId="2ef01554-977e-4e29-8a82-a7ea8f61caef" testListId="8c84fa94-04c1-424b-9868-57a2d4851a1d" />
    <TestEntry testId="345e390e-e126-6ccf-b3a8-370d4d93e23d" executionId="98b5da2c-1b20-4e73-87f2-727396bc099a" testListId="8c84fa94-04c1-424b-9868-57a2d4851a1d" />
    <TestEntry testId="3b26fc95-2c2d-87d9-b8dc-299fc4abf1ed" executionId="b236e1e9-ab94-47a1-95e6-9ae6c3d91a95" testListId="8c84fa94-04c1-424b-9868-57a2d4851a1d" />
    <TestEntry testId="935b8824-01d4-2622-edaa-c673d0294ed2" executionId="7c80477e-3647-4d36-a303-33ca3e63f75c" testListId="8c84fa94-04c1-424b-9868-57a2d4851a1d" />
    <TestEntry testId="646dd87f-691c-36c2-4df8-786d6cceffdb" executionId="6d329796-7ed1-4b99-b61a-d95e66bd7f07" testListId="8c84fa94-04c1-424b-9868-57a2d4851a1d" />
    <TestEntry testId="fb6ccad4-aa32-a451-4d74-5796133cb71f" executionId="5dec4262-8556-4c92-908d-b06c0e426d08" testListId="8c84fa94-04c1-424b-9868-57a2d4851a1d" />
    <TestEntry testId="eeb89ef7-1659-775d-c622-40d44a4f32af" executionId="944829d2-8cd7-4c3b-ae59-323703fe7ba3" testListId="8c84fa94-04c1-424b-9868-57a2d4851a1d" />
    <TestEntry testId="0d0a1777-dc80-1de5-7bdc-a7322e096021" executionId="ddb44a70-164b-4bb5-af90-3df85b61a7b7" testListId="8c84fa94-04c1-424b-9868-57a2d4851a1d" />
    <TestEntry testId="17e6b3a0-7f0b-7305-924c-fb08aebb21f5" executionId="aebcbf21-aace-45d1-a907-16f9de9ffb54" testListId="8c84fa94-04c1-424b-9868-57a2d4851a1d" />
    <TestEntry testId="af01af1f-8bcd-0f06-5190-686f03d2284d" executionId="a85eeed5-e88d-4e76-820b-01f5acfa9cb5" testListId="8c84fa94-04c1-424b-9868-57a2d4851a1d" />
    <TestEntry testId="0a6e5609-f52a-fda0-e6fb-56115e57847c" executionId="089a96b2-fbb5-4ecb-a44d-d8bde073bf14" testListId="8c84fa94-04c1-424b-9868-57a2d4851a1d" />
    <TestEntry testId="1b2c7a69-ab02-36ab-5431-ed13ddf3ef2c" executionId="a6f6d851-2cc3-4073-b0dc-5ec50406dd85" testListId="8c84fa94-04c1-424b-9868-57a2d4851a1d" />
    <TestEntry testId="9c3e955c-2320-a3c0-a035-526bdaedb25f" executionId="9af48749-5389-4309-96bb-ee90ce1e8870" testListId="8c84fa94-04c1-424b-9868-57a2d4851a1d" />
    <TestEntry testId="403cc831-7f82-1525-0f01-e629edbfbd18" executionId="523ee817-bff0-4b1d-aa02-b61f31181334" testListId="8c84fa94-04c1-424b-9868-57a2d4851a1d" />
    <TestEntry testId="40cd6baf-8271-618e-7b83-66ed28e4e6b6" executionId="5ee89991-d04e-44ee-80d7-928e54509141" testListId="8c84fa94-04c1-424b-9868-57a2d4851a1d" />
    <TestEntry testId="72679191-a246-5e47-5d9d-16513b659cd9" executionId="49eb2241-9f98-40c8-9373-3d0dbf39bc50" testListId="8c84fa94-04c1-424b-9868-57a2d4851a1d" />
    <TestEntry testId="ebbb79dc-09e9-63c1-bf03-5b5cc387f38d" executionId="e307ca83-32b2-4087-b4ef-433c6d3f0051" testListId="8c84fa94-04c1-424b-9868-57a2d4851a1d" />
    <TestEntry testId="fc58a6d5-c4d7-aa61-9c9f-23b0a189022b" executionId="8e6ec0b0-8d68-4876-9bf1-ef7e573ef61a" testListId="8c84fa94-04c1-424b-9868-57a2d4851a1d" />
    <TestEntry testId="b44fe459-aebe-f30b-a2aa-1ae0094db460" executionId="79a0424a-52b4-4f2d-9a97-d9e43e62f7e3" testListId="8c84fa94-04c1-424b-9868-57a2d4851a1d" />
    <TestEntry testId="6df161f4-381a-c36b-46b6-3af813447127" executionId="0b88e7f6-e82f-4549-8455-82a5697af234" testListId="8c84fa94-04c1-424b-9868-57a2d4851a1d" />
    <TestEntry testId="1ae8f71e-40e6-dfd7-b9cf-6d3c39b0690d" executionId="e4b53857-fc16-4721-afd9-f0d3fb567cc2" testListId="8c84fa94-04c1-424b-9868-57a2d4851a1d" />
    <TestEntry testId="8908402e-ddb6-70e4-c09b-94f195275b06" executionId="45773772-17bd-4781-ab10-1d76dd5702ba" testListId="8c84fa94-04c1-424b-9868-57a2d4851a1d" />
    <TestEntry testId="21e5cf7a-1bc4-1c78-bcc3-9092c24df0d4" executionId="ae0b3800-a0df-44ad-a8cd-9f74cbfeac48" testListId="8c84fa94-04c1-424b-9868-57a2d4851a1d" />
    <TestEntry testId="9bf77b0f-faea-43b5-32ff-c241bd4d8f1c" executionId="0dc0a5d5-e855-4970-83d4-d1544ea265e5" testListId="8c84fa94-04c1-424b-9868-57a2d4851a1d" />
    <TestEntry testId="5e318cda-5066-bd84-4ca0-90ea29340eb4" executionId="c09e02f4-a002-4dab-95d5-da5a1d16dd1a" testListId="8c84fa94-04c1-424b-9868-57a2d4851a1d" />
    <TestEntry testId="46f7da66-db5d-00a5-4ea6-570339997d5c" executionId="3b47974c-4916-4e71-a237-ab4bcfe8e75e" testListId="8c84fa94-04c1-424b-9868-57a2d4851a1d" />
    <TestEntry testId="4f701556-a607-8487-3a9e-5de14d2634e0" executionId="739ec818-3356-4668-9e14-66f93e353c02" testListId="8c84fa94-04c1-424b-9868-57a2d4851a1d" />
    <TestEntry testId="8c4140a3-04f1-eb38-5782-e2b710b37621" executionId="dac0106d-e7e9-4387-9650-e7db90fb509b" testListId="8c84fa94-04c1-424b-9868-57a2d4851a1d" />
    <TestEntry testId="c6dbe79e-719a-9fbc-61f0-a9618531b2a1" executionId="ae11d94c-6447-42e5-acbe-57223f4ff8e5" testListId="8c84fa94-04c1-424b-9868-57a2d4851a1d" />
    <TestEntry testId="40ec787c-3c68-7946-e3e6-96093e588635" executionId="ef3995aa-2647-4555-a8a0-10c77850065c" testListId="8c84fa94-04c1-424b-9868-57a2d4851a1d" />
    <TestEntry testId="5a481782-4615-9978-c462-1f471b6b1c0e" executionId="593b839d-116d-464b-809b-702f926b76a2" testListId="8c84fa94-04c1-424b-9868-57a2d4851a1d" />
    <TestEntry testId="e3268208-4a49-85d9-d8d9-385ab0290f22" executionId="fdcf1d78-a87e-45b7-93e6-f296ede51c50" testListId="8c84fa94-04c1-424b-9868-57a2d4851a1d" />
    <TestEntry testId="912c339b-29a6-9eab-4af6-c8a2485295f0" executionId="e9e553bc-bdae-4524-a9b4-707b00ae6db5" testListId="8c84fa94-04c1-424b-9868-57a2d4851a1d" />
    <TestEntry testId="9da07533-0abb-c2c8-bffd-3e8c9822c434" executionId="97b6d909-34e2-4654-ab1f-a9593c3301c6" testListId="8c84fa94-04c1-424b-9868-57a2d4851a1d" />
    <TestEntry testId="2521068c-f8f6-cbf7-7d20-34b80d404577" executionId="af569fe8-ebfd-40ea-9fcc-89fd7836997e" testListId="8c84fa94-04c1-424b-9868-57a2d4851a1d" />
    <TestEntry testId="cef26e9a-b91a-39f6-8089-47156649a07f" executionId="971b1f7e-9ec1-4be5-a91f-e5301f5fcb21" testListId="8c84fa94-04c1-424b-9868-57a2d4851a1d" />
    <TestEntry testId="bfe7632d-c5e4-9226-f20e-5b1a475df243" executionId="153bb9c5-9605-43f8-91b4-13fa9e50de8d" testListId="8c84fa94-04c1-424b-9868-57a2d4851a1d" />
    <TestEntry testId="551d1dd9-3491-6cc9-75fb-1836ea8d8e67" executionId="74705c34-08cf-4187-9214-d969ce867513" testListId="8c84fa94-04c1-424b-9868-57a2d4851a1d" />
    <TestEntry testId="5cd46c86-d49a-907e-eff6-90a862ae00a2" executionId="6727ddd8-8d68-4ae5-ae2a-05d19bca8de3" testListId="8c84fa94-04c1-424b-9868-57a2d4851a1d" />
    <TestEntry testId="756ac9d7-a964-fd0e-5e67-9365c3ad9547" executionId="32cfae17-19a1-4f44-98f8-c7cccb32a113" testListId="8c84fa94-04c1-424b-9868-57a2d4851a1d" />
    <TestEntry testId="48024867-1374-d25a-592c-9253bfa5970f" executionId="368b31ea-5f60-4b40-b03e-94fe58760bf0" testListId="8c84fa94-04c1-424b-9868-57a2d4851a1d" />
    <TestEntry testId="fe150b54-955f-43c4-89f5-8b2613e7f68f" executionId="74abba7f-855f-48c8-97da-fed6bc52a7e3" testListId="8c84fa94-04c1-424b-9868-57a2d4851a1d" />
    <TestEntry testId="03459144-ae87-7de7-5bd8-ccda873c4ad5" executionId="f14ffe59-5954-4361-bd09-9169d08980ba" testListId="8c84fa94-04c1-424b-9868-57a2d4851a1d" />
    <TestEntry testId="b84b7e6d-8fe0-fbd1-fc5d-79c043708830" executionId="ac27d144-eed4-4844-8c55-8a261393ddfc" testListId="8c84fa94-04c1-424b-9868-57a2d4851a1d" />
    <TestEntry testId="c5f4cd23-2559-50a1-eb0a-f19afc2069eb" executionId="e133829c-ccab-4e9f-986b-03d99a691a08" testListId="8c84fa94-04c1-424b-9868-57a2d4851a1d" />
    <TestEntry testId="d27f5a5d-d4a5-9994-d572-d22e7411ffd6" executionId="a2233ded-02af-4fff-861a-cd31c213af00" testListId="8c84fa94-04c1-424b-9868-57a2d4851a1d" />
    <TestEntry testId="d8ba5429-09f7-b39a-8e20-cba8c1ed6422" executionId="b6ff45a4-b525-438f-95fd-6e8bfad6ae03" testListId="8c84fa94-04c1-424b-9868-57a2d4851a1d" />
    <TestEntry testId="2cae04d9-ed17-89a5-9c4c-d98da28449aa" executionId="49171b9b-b27a-4b17-a790-e917886e9fe5" testListId="8c84fa94-04c1-424b-9868-57a2d4851a1d" />
    <TestEntry testId="497971f2-305d-4be1-94a9-b876f35d7fa9" executionId="4d3e2e85-12ea-41fa-8834-7516234f0ae5" testListId="8c84fa94-04c1-424b-9868-57a2d4851a1d" />
    <TestEntry testId="257778da-e907-7ed5-43c7-0475850a4c9f" executionId="ec4ead5b-e1bf-49a6-ae44-a2a825c84ce3" testListId="8c84fa94-04c1-424b-9868-57a2d4851a1d" />
    <TestEntry testId="d20c3179-340c-6e17-09c7-c50e5ea9176d" executionId="2f3a00fa-301b-4c5c-9c26-2c9c7230a94c" testListId="8c84fa94-04c1-424b-9868-57a2d4851a1d" />
    <TestEntry testId="a9b6307b-b87f-2664-82c1-37c6645ad5f8" executionId="4cbdcc4e-f68a-43bb-a58c-0a1657aba89e" testListId="8c84fa94-04c1-424b-9868-57a2d4851a1d" />
    <TestEntry testId="9664ecaf-07dd-684d-59aa-7495ee5302f6" executionId="6a0e5501-9409-4935-8ab5-51e8cebe8b47" testListId="8c84fa94-04c1-424b-9868-57a2d4851a1d" />
    <TestEntry testId="3ea9d8ce-54c0-65a3-7b87-08f1e32c783c" executionId="23c09b7a-3700-4e46-808e-e7132e6b6bcd" testListId="8c84fa94-04c1-424b-9868-57a2d4851a1d" />
    <TestEntry testId="386ae88b-59cc-a4d8-1544-cf3eeed37bf2" executionId="a7b26a14-e3d5-47d6-92a4-990a22ca1740" testListId="8c84fa94-04c1-424b-9868-57a2d4851a1d" />
    <TestEntry testId="39538d4e-1572-035b-ab17-e5d161315c56" executionId="d986755d-8312-4350-b716-5d7712c2c402" testListId="8c84fa94-04c1-424b-9868-57a2d4851a1d" />
    <TestEntry testId="6537af54-aa40-ce26-ee58-7c09a4a608ed" executionId="1ece5597-9a3c-420e-ab14-0d825a645443" testListId="8c84fa94-04c1-424b-9868-57a2d4851a1d" />
    <TestEntry testId="ca49ee28-a911-02d7-e6f2-9ed070d016d0" executionId="664c295b-3b32-4e03-9720-ac6d05a38b9d" testListId="8c84fa94-04c1-424b-9868-57a2d4851a1d" />
    <TestEntry testId="4276a572-5ddd-822b-f9b2-93001a398412" executionId="c621079a-a7e5-450d-aead-16e6ab54b62d" testListId="8c84fa94-04c1-424b-9868-57a2d4851a1d" />
    <TestEntry testId="b129a839-b37a-10a6-3f4d-002319356e11" executionId="c48a7db8-6507-4456-930e-2f4d2e0c871a" testListId="8c84fa94-04c1-424b-9868-57a2d4851a1d" />
    <TestEntry testId="28cffe6d-7b90-add1-a41a-fce94c3e97d7" executionId="976d84ea-600e-4e97-b869-6d872e8e411b" testListId="8c84fa94-04c1-424b-9868-57a2d4851a1d" />
    <TestEntry testId="6c2fa644-6591-f1d1-9995-304707e96f3b" executionId="64bc67cd-08f7-4d2b-84f6-6c2b96706e43" testListId="8c84fa94-04c1-424b-9868-57a2d4851a1d" />
    <TestEntry testId="3b823ed3-bcd6-83a3-b623-a2e2e62def5d" executionId="9785a87c-7671-4499-bd1d-439a1d80ba47" testListId="8c84fa94-04c1-424b-9868-57a2d4851a1d" />
    <TestEntry testId="95673ee7-d014-9038-b04c-90ccb1e0ab46" executionId="2fa7e1dd-df57-4f66-b2fa-8f91088e4856" testListId="8c84fa94-04c1-424b-9868-57a2d4851a1d" />
    <TestEntry testId="f979a1ff-c9f5-4a40-b636-cd29a65489d2" executionId="b02ee58f-9bd7-475a-8a99-9f38f981df18" testListId="8c84fa94-04c1-424b-9868-57a2d4851a1d" />
    <TestEntry testId="094bd83b-b925-9a54-a34e-ea8957a3eb47" executionId="d520f4b1-8183-446b-9002-39786ede17e4" testListId="8c84fa94-04c1-424b-9868-57a2d4851a1d" />
    <TestEntry testId="270638a8-aa41-5276-996b-39333b2da54a" executionId="0dac8eb1-236c-4b4d-a48d-8a69fa7fdb9e" testListId="8c84fa94-04c1-424b-9868-57a2d4851a1d" />
    <TestEntry testId="0be602a2-f6dc-0d7e-2a39-2608ca7d4c8c" executionId="cec8de79-5db4-446e-a725-2282409d9ef1" testListId="8c84fa94-04c1-424b-9868-57a2d4851a1d" />
    <TestEntry testId="6a8f5264-a8b7-81cb-0cac-a2d1eef42575" executionId="9f5e0f31-c1d9-4272-afa3-58b0639a8a86" testListId="8c84fa94-04c1-424b-9868-57a2d4851a1d" />
    <TestEntry testId="5ef65e3b-dd4b-fe68-991b-0b0520715277" executionId="7e8bc849-84be-4bec-ae14-2ecdd75e9597" testListId="8c84fa94-04c1-424b-9868-57a2d4851a1d" />
    <TestEntry testId="a5f337a5-1e7e-24a0-372e-4fecbb2ddcba" executionId="66f81e89-0d40-4dd5-98e6-b9b78ce32ea5" testListId="8c84fa94-04c1-424b-9868-57a2d4851a1d" />
    <TestEntry testId="b07f5383-e275-a80e-7b56-ea1cb1350b00" executionId="132ec146-1c27-4a67-bd23-9f27546304d5" testListId="8c84fa94-04c1-424b-9868-57a2d4851a1d" />
    <TestEntry testId="2d8bb2f7-5fc5-ca4b-9b30-72b8554961c0" executionId="acf42dc8-4db8-42da-a673-8bf96e7724e7" testListId="8c84fa94-04c1-424b-9868-57a2d4851a1d" />
    <TestEntry testId="10832b6e-67fb-2a1d-5e7d-2eca75c6aee4" executionId="0b4b0afe-57e3-4b7f-91f2-b6d182b0820b" testListId="8c84fa94-04c1-424b-9868-57a2d4851a1d" />
    <TestEntry testId="98537e1d-89e2-1458-c616-05e2ae39c3ea" executionId="c2a8b480-1267-4eec-951c-97a394edfa39" testListId="8c84fa94-04c1-424b-9868-57a2d4851a1d" />
    <TestEntry testId="0472f1d1-7f82-a0c9-195f-437c21ed3f66" executionId="0943a0ec-7742-4360-a6ad-34fcada3f764" testListId="8c84fa94-04c1-424b-9868-57a2d4851a1d" />
    <TestEntry testId="3bf651fe-09f6-5865-2716-3b39f1871b77" executionId="8f5e10df-0760-4201-9ba5-6dbf396fa045" testListId="8c84fa94-04c1-424b-9868-57a2d4851a1d" />
    <TestEntry testId="691f9a6c-7862-7697-f442-5a3bef3d8073" executionId="7eca7df4-3c2b-4578-809c-cd20ecbe19ec" testListId="8c84fa94-04c1-424b-9868-57a2d4851a1d" />
    <TestEntry testId="b46e4295-0dbc-cd47-6426-38986ba1d3b1" executionId="091955fe-159a-4bcf-8d3e-de0fa7f1e77a" testListId="8c84fa94-04c1-424b-9868-57a2d4851a1d" />
    <TestEntry testId="0c1d437b-a4a4-cbcc-484a-c932be1532b0" executionId="3305c2ca-9813-4989-a6b1-dc247e392cca" testListId="8c84fa94-04c1-424b-9868-57a2d4851a1d" />
    <TestEntry testId="2077bc1e-fee1-5391-feaf-909d1a4fbfcd" executionId="182189c2-b7a2-4a07-bbe2-3cce0037954d" testListId="8c84fa94-04c1-424b-9868-57a2d4851a1d" />
    <TestEntry testId="1c2da721-02ba-fad1-24fe-cd38bbec1a23" executionId="34558498-ac8c-4035-9c26-58377e7e5322" testListId="8c84fa94-04c1-424b-9868-57a2d4851a1d" />
    <TestEntry testId="cb504567-26eb-2b84-9c0f-a85777a23086" executionId="3a4582ce-f858-44e4-a34f-cc41a5bb7ba9" testListId="8c84fa94-04c1-424b-9868-57a2d4851a1d" />
  </TestEntries>
  <TestLists>
    <TestList name="Les résultats ne figurent pas dans une liste" id="8c84fa94-04c1-424b-9868-57a2d4851a1d" />
    <TestList name="Tous les résultats chargés" id="19431567-8539-422a-85d7-44ee4e166bda" />
  </TestLists>
  <ResultSummary outcome="Completed">
    <Counters total="702" executed="702" passed="702" failed="0" error="0" timeout="0" aborted="0" inconclusive="0" passedButRunAborted="0" notRunnable="0" notExecuted="0" disconnected="0" warning="0" completed="0" inProgress="0" pending="0" />
    <Output>
      <StdOut>[xUnit.net 00:00:00.00] xUnit.net VSTest Adapter v2.8.2+699d445a1a (64-bit .NET 9.0.14)&#xD;
[xUnit.net 00:00:00.08]   Discovering: TheEnd.Tests&#xD;
[xUnit.net 00:00:00.43]   Discovered:  TheEnd.Tests&#xD;
[xUnit.net 00:00:00.44]   Starting:    TheEnd.Tests&#xD;
\u001b[1m[12:40:03]\u001b[0m \u001b[38;2;255;80;80m\u001b[1m[ERROR]\u001b[0m The world could not be loaded from C:\Users\anaki\AppData\Local\Temp\theend-save-683332b7f10c4c45962c1b12a717c707\world.json; the running game is unchanged.&#xD;
Newtonsoft.Json.JsonReaderException: Unexpected character encountered while parsing value: i. Path '', line 0, position 0.&#xD;
   at Newtonsoft.Json.JsonTextReader.ParseValue()&#xD;
   at Newtonsoft.Json.JsonTextReader.Read()&#xD;
   at Newtonsoft.Json.JsonReader.ReadAndMoveToContent()&#xD;
   at Newtonsoft.Json.JsonReader.ReadForType(JsonContract contract, Boolean hasConverter)&#xD;
   at Newtonsoft.Json.Serialization.JsonSerializerInternalReader.Deserialize(JsonReader reader, Type objectType, Boolean checkAdditionalContent)&#xD;
   at Newtonsoft.Json.JsonSerializer.DeserializeInternal(JsonReader reader, Type objectType)&#xD;
   at Newtonsoft.Json.JsonSerializer.Deserialize(JsonReader reader, Type objectType)&#xD;
   at Newtonsoft.Json.JsonConvert.DeserializeObject(String value, Type type, JsonSerializerSettings settings)&#xD;
   at Newtonsoft.Json.JsonConvert.DeserializeObject[T](String value, JsonSerializerSettings settings)&#xD;
   at Newtonsoft.Json.JsonConvert.DeserializeObject[T](String value)&#xD;
   at TheEnd.Core.Persistence.WorldSerializer.Prepare(String json) in C:\workspace\TheEnd\TheEnd.Core\Persistence\WorldSerializer.cs:line 100&#xD;
   at TheEnd.Core.Persistence.WorldSerializer.Load(String json) in C:\workspace\TheEnd\TheEnd.Core\Persistence\WorldSerializer.cs:line 88&#xD;
   at TheEnd.Client.Input.WorldFileStorage.LoadIfPresent() in C:\workspace\TheEnd\TheEnd.Client\Input\WorldFileStorage.cs:line 78&#xD;
\u001b[1m[12:40:03]\u001b[0m \u001b[38;2;255;200;0m\u001b[1m[WARNING]\u001b[0m Corruption stirred at (36,17), in room 0.&#xD;
\u001b[1m[12:40:03]\u001b[0m \u001b[38;2;255;200;0m\u001b[1m[WARNING]\u001b[0m Corruption stirred at (36,17), in room 0.&#xD;
\u001b[1m[12:40:03]\u001b[0m \u001b[38;2;255;80;80m\u001b[1m[ERROR]\u001b[0m The world could not be saved to C:\Users\anaki\AppData\Local\Temp\theend-save-d494f56e37d3437a8230202a1f698246\world.json.&#xD;
System.InvalidOperationException: Colonist 0:0 has no structured identity.&#xD;
   at TheEnd.Core.Persistence.WorldSerializer.ValidateColonistIdentities(ComponentManager components, AvatarCatalog avatarCatalog) in C:\workspace\TheEnd\TheEnd.Core\Persistence\WorldSerializer.cs:line 286&#xD;
   at TheEnd.Core.Persistence.WorldSerializer.Save() in C:\workspace\TheEnd\TheEnd.Core\Persistence\WorldSerializer.cs:line 47&#xD;
   at TheEnd.Client.Input.WorldFileStorage.Save() in C:\workspace\TheEnd\TheEnd.Client\Input\WorldFileStorage.cs:line 29&#xD;
\u001b[1m[12:40:03]\u001b[0m \u001b[38;2;255;80;80m\u001b[1m[ERROR]\u001b[0m The world could not be saved to C:\Users\anaki\AppData\Local\Temp\theend-save-3325bfa7d28a4000adb853b1a8769f42\world.json.&#xD;
System.IO.IOException: Publication refused&#xD;
   at TheEnd.Tests.Input.WorldFileStorageTests.&lt;&gt;c__DisplayClass4_0.&lt;Save_FailedPublicationPreservesTheOldSave_CleansTemporaryFile_AndCanRetry&gt;b__0(String temporary, String destination) in C:\workspace\TheEnd\TheEnd.Tests\Input\WorldFileStorageTests.cs:line 78&#xD;
   at TheEnd.Client.Input.WorldFileStorage.Save() in C:\workspace\TheEnd\TheEnd.Client\Input\WorldFileStorage.cs:line 39&#xD;
\u001b[1m[12:40:03]\u001b[0m \u001b[38;2;255;80;80m\u001b[1m[ERROR]\u001b[0m The world could not be saved to C:\Users\anaki\AppData\Local\Temp\theend-save-8186489fd12a4bc6a96238f1535e88d9\missing\world.json.&#xD;
System.IO.DirectoryNotFoundException: Could not find a part of the path 'C:\Users\anaki\AppData\Local\Temp\theend-save-8186489fd12a4bc6a96238f1535e88d9\missing\.world-save-3f3f73f1941b46668b387aaea1194cf8.tmp'.&#xD;
   at Microsoft.Win32.SafeHandles.SafeFileHandle.CreateFile(String fullPath, FileMode mode, FileAccess access, FileShare share, FileOptions options)&#xD;
   at Microsoft.Win32.SafeHandles.SafeFileHandle.Open(String fullPath, FileMode mode, FileAccess access, FileShare share, FileOptions options, Int64 preallocationSize, Nullable`1 unixCreateMode)&#xD;
   at System.IO.File.OpenHandle(String path, FileMode mode, FileAccess access, FileShare share, FileOptions options, Int64 preallocationSize)&#xD;
   at System.IO.File.WriteToFile(String path, FileMode mode, ReadOnlySpan`1 contents, Encoding encoding)&#xD;
   at System.IO.File.WriteAllText(String path, String contents, Encoding encoding)&#xD;
   at TheEnd.Client.Input.WorldFileStorage.Save() in C:\workspace\TheEnd\TheEnd.Client\Input\WorldFileStorage.cs:line 35&#xD;
\u001b[1m[12:40:03]\u001b[0m \u001b[38;2;255;200;0m\u001b[1m[WARNING]\u001b[0m Corruption stirred at (36,17), in room 0.&#xD;
\u001b[1m[12:40:03]\u001b[0m \u001b[38;2;255;200;0m\u001b[1m[WARNING]\u001b[0m Corruption stirred at (36,17), in room 0.&#xD;
\u001b[1m[12:40:03]\u001b[0m \u001b[38;2;255;200;0m\u001b[1m[WARNING]\u001b[0m Corruption stirred at (36,17), in room 0.&#xD;
\u001b[1m[12:40:03]\u001b[0m \u001b[38;2;255;200;0m\u001b[1m[WARNING]\u001b[0m Corruption stirred at (36,17), in room 0.&#xD;
\u001b[1m[12:40:03]\u001b[0m \u001b[38;2;255;200;0m\u001b[1m[WARNING]\u001b[0m Corruption stirred at (36,17), in room 0.&#xD;
[xUnit.net 00:00:01.41]   Finished:    TheEnd.Tests&#xD;
</StdOut>
    </Output>
  </ResultSummary>
</TestRun>